#
# There is insufficient memory for the Java Runtime Environment to continue.
# Native memory allocation (malloc) failed to allocate 524304 bytes for Chunk::new
# Possible reasons:
#   The system is out of physical RAM or swap space
#   In 32 bit mode, the process size limit was hit
# Possible solutions:
#   Reduce memory load on the system
#   Increase physical memory or swap space
#   Check if swap backing store is full
#   Use 64 bit Java on a 64 bit OS
#   Decrease Java heap size (-Xmx/-Xms)
#   Decrease number of Java threads
#   Decrease Java thread stack sizes (-Xss)
#   Set larger code cache with -XX:ReservedCodeCacheSize=
# This output file may be truncated or incomplete.
#
#  Out of Memory Error (allocation.cpp:390), pid=12692, tid=0x0000000000002c98
#
# JRE version: OpenJDK Runtime Environment (8.0_112-b06) (build 1.8.0_112-release-b06)
# Java VM: OpenJDK 64-Bit Server VM (25.112-b06 mixed mode windows-amd64 compressed oops)
# Failed to write core dump. Minidumps are not enabled by default on client versions of Windows
#

---------------  T H R E A D  ---------------

Current thread (0x00000000137c9000):  JavaThread "C2 CompilerThread0" daemon [_thread_in_native, id=11416, stack(0x00000000150c0000,0x00000000151c0000)]

Stack: [0x00000000150c0000,0x00000000151c0000]
[error occurred during error reporting (printing stack bounds), id 0xc0000005]

Native frames: (J=compiled Java code, j=interpreted, Vv=VM code, C=native code)


Current CompileTask:
C2:   9326 1456   !   4       java.net.URLClassLoader$1::run (63 bytes)


---------------  P R O C E S S  ---------------

Java Threads: ( => current thread )
  0x000000001641e000 JavaThread "Stdin handler" [_thread_blocked, id=11968, stack(0x0000000018be0000,0x0000000018ce0000)]
  0x000000001641b000 JavaThread "Asynchronous log dispatcher for DefaultDaemonConnection: socket connection from /127.0.0.1:50595 to /127.0.0.1:50596" [_thread_blocked, id=13352, stack(0x0000000018ae0000,0x0000000018be0000)]
  0x0000000016f4e800 JavaThread "Daemon worker" [_thread_in_vm, id=4832, stack(0x00000000189e0000,0x0000000018ae0000)]
  0x0000000016f4d800 JavaThread "pool-1-thread-1" [_thread_blocked, id=13732, stack(0x00000000188e0000,0x00000000189e0000)]
  0x0000000014d3e800 JavaThread "Cancel handler" [_thread_blocked, id=14000, stack(0x00000000187e0000,0x00000000188e0000)]
  0x0000000016274800 JavaThread "Handler for socket connection from /127.0.0.1:50595 to /127.0.0.1:50596" [_thread_in_native, id=7424, stack(0x00000000186e0000,0x00000000187e0000)]
  0x00000000159f4000 JavaThread "Daemon" [_thread_blocked, id=11252, stack(0x00000000185e0000,0x00000000186e0000)]
  0x000000001633c000 JavaThread "Incoming local TCP Connector on port 50595" [_thread_in_native, id=4676, stack(0x0000000017f60000,0x0000000018060000)]
  0x0000000014b3e000 JavaThread "Service Thread" daemon [_thread_blocked, id=2756, stack(0x00000000153c0000,0x00000000154c0000)]
  0x0000000014ad6800 JavaThread "C1 CompilerThread2" daemon [_thread_blocked, id=8172, stack(0x00000000152c0000,0x00000000153c0000)]
  0x00000000137cc000 JavaThread "C2 CompilerThread1" daemon [_thread_in_native, id=11528, stack(0x00000000151c0000,0x00000000152c0000)]
=>0x00000000137c9000 JavaThread "C2 CompilerThread0" daemon [_thread_in_native, id=11416, stack(0x00000000150c0000,0x00000000151c0000)]
  0x000000001377b800 JavaThread "Attach Listener" daemon [_thread_blocked, id=6312, stack(0x0000000014fc0000,0x00000000150c0000)]
  0x0000000014ac8800 JavaThread "Signal Dispatcher" daemon [_thread_blocked, id=10296, stack(0x0000000014ec0000,0x0000000014fc0000)]
  0x000000000232a000 JavaThread "Finalizer" daemon [_thread_blocked, id=11344, stack(0x00000000149c0000,0x0000000014ac0000)]
  0x0000000002321000 JavaThread "Reference Handler" daemon [_thread_blocked, id=6400, stack(0x00000000148c0000,0x00000000149c0000)]
  0x0000000002230800 JavaThread "main" [_thread_blocked, id=13080, stack(0x0000000001de0000,0x0000000001ee0000)]

Other Threads:
  0x0000000013734800 VMThread [stack: 0x00000000147c0000,0x00000000148c0000] [id=4076]
  0x0000000014b4f800 WatcherThread [stack: 0x00000000154c0000,0x00000000155c0000] [id=13504]

VM state:at safepoint (normal execution)

VM Mutex/Monitor currently owned by a thread:  ([mutex/lock_event])
[0x00000000023fc800] Threads_lock - owner thread: 0x0000000013734800
[0x00000000023fc380] Heap_lock - owner thread: 0x0000000016f4e800

Heap:
 PSYoungGen      total 38400K, used 11080K [0x00000000f5580000, 0x00000000fa080000, 0x0000000100000000)
  eden space 33280K, 17% used [0x00000000f5580000,0x00000000f5b58300,0x00000000f7600000)
  from space 5120K, 99% used [0x00000000f7600000,0x00000000f7afa040,0x00000000f7b00000)
  to   space 5120K, 0% used [0x00000000f9b80000,0x00000000f9b80000,0x00000000fa080000)
 ParOldGen       total 87552K, used 3675K [0x00000000e0000000, 0x00000000e5580000, 0x00000000f5580000)
  object space 87552K, 4% used [0x00000000e0000000,0x00000000e0396f88,0x00000000e5580000)
 Metaspace       used 17009K, capacity 17322K, committed 17536K, reserved 1064960K
  class space    used 2342K, capacity 2419K, committed 2432K, reserved 1048576K

Card table byte_map: [0x00000000117c0000,0x00000000118d0000] byte_map_base: 0x00000000110c0000

Marking Bits: (ParMarkBitMap*) 0x000000005f6218f0
 Begin Bits: [0x0000000011cd0000, 0x00000000124d0000)
 End Bits:   [0x00000000124d0000, 0x0000000012cd0000)

Polling page: 0x0000000000610000

CodeCache: size=245760Kb used=5335Kb max_used=5335Kb free=240424Kb
 bounds [0x0000000002400000, 0x0000000002940000, 0x0000000011400000]
 total_blobs=1915 nmethods=1521 adapters=307
 compilation: enabled

Compilation events (10 events):
Event: 9.224 Thread 0x0000000014ad6800 1528       3       sun.security.provider.MD5::HH (29 bytes)
Event: 9.224 Thread 0x0000000014ad6800 nmethod 1528 0x0000000002931510 code [0x0000000002931660, 0x00000000029317d0]
Event: 9.227 Thread 0x0000000014ad6800 1531       1       java.util.concurrent.locks.AbstractOwnableSynchronizer::setExclusiveOwnerThread (6 bytes)
Event: 9.227 Thread 0x0000000014ad6800 nmethod 1531 0x0000000002931850 code [0x00000000029319a0, 0x0000000002931ad0]
Event: 9.235 Thread 0x0000000014ad6800 1535       3       sun.security.provider.MD5::implCompress (1508 bytes)
Event: 9.246 Thread 0x0000000014ad6800 nmethod 1535 0x0000000002931b10 code [0x0000000002931ea0, 0x00000000029345a8]
Event: 9.296 Thread 0x0000000014ad6800 1536   !   2       java.lang.ClassLoader::loadClass (122 bytes)
Event: 9.300 Thread 0x0000000014ad6800 nmethod 1536 0x0000000002935c10 code [0x0000000002935ea0, 0x00000000029370f8]
Event: 9.300 Thread 0x0000000014ad6800 1537   !   2       sun.misc.URLClassPath$JarLoader::getResource (85 bytes)
Event: 9.302 Thread 0x0000000014ad6800 nmethod 1537 0x0000000002937f50 code [0x0000000002938120, 0x00000000029386d8]

GC Heap History (6 events):
Event: 2.372 GC heap before
{Heap before GC invocations=1 (full 0):
 PSYoungGen      total 38400K, used 33280K [0x00000000f5580000, 0x00000000f8000000, 0x0000000100000000)
  eden space 33280K, 100% used [0x00000000f5580000,0x00000000f7600000,0x00000000f7600000)
  from space 5120K, 0% used [0x00000000f7b00000,0x00000000f7b00000,0x00000000f8000000)
  to   space 5120K, 0% used [0x00000000f7600000,0x00000000f7600000,0x00000000f7b00000)
 ParOldGen       total 87552K, used 0K [0x00000000e0000000, 0x00000000e5580000, 0x00000000f5580000)
  object space 87552K, 0% used [0x00000000e0000000,0x00000000e0000000,0x00000000e5580000)
 Metaspace       used 6850K, capacity 7020K, committed 7040K, reserved 1056768K
  class space    used 836K, capacity 892K, committed 896K, reserved 1048576K
Event: 2.386 GC heap after
Heap after GC invocations=1 (full 0):
 PSYoungGen      total 38400K, used 4368K [0x00000000f5580000, 0x00000000f8000000, 0x0000000100000000)
  eden space 33280K, 0% used [0x00000000f5580000,0x00000000f5580000,0x00000000f7600000)
  from space 5120K, 85% used [0x00000000f7600000,0x00000000f7a44020,0x00000000f7b00000)
  to   space 5120K, 0% used [0x00000000f7b00000,0x00000000f7b00000,0x00000000f8000000)
 ParOldGen       total 87552K, used 8K [0x00000000e0000000, 0x00000000e5580000, 0x00000000f5580000)
  object space 87552K, 0% used [0x00000000e0000000,0x00000000e0002000,0x00000000e5580000)
 Metaspace       used 6850K, capacity 7020K, committed 7040K, reserved 1056768K
  class space    used 836K, capacity 892K, committed 896K, reserved 1048576K
}
Event: 6.678 GC heap before
{Heap before GC invocations=2 (full 0):
 PSYoungGen      total 38400K, used 37648K [0x00000000f5580000, 0x00000000f8000000, 0x0000000100000000)
  eden space 33280K, 100% used [0x00000000f5580000,0x00000000f7600000,0x00000000f7600000)
  from space 5120K, 85% used [0x00000000f7600000,0x00000000f7a44020,0x00000000f7b00000)
  to   space 5120K, 0% used [0x00000000f7b00000,0x00000000f7b00000,0x00000000f8000000)
 ParOldGen       total 87552K, used 8K [0x00000000e0000000, 0x00000000e5580000, 0x00000000f5580000)
  object space 87552K, 0% used [0x00000000e0000000,0x00000000e0002000,0x00000000e5580000)
 Metaspace       used 12957K, capacity 13292K, committed 13440K, reserved 1060864K
  class space    used 1683K, capacity 1805K, committed 1920K, reserved 1048576K
Event: 6.710 GC heap after
Heap after GC invocations=2 (full 0):
 PSYoungGen      total 38400K, used 5092K [0x00000000f5580000, 0x00000000f8000000, 0x0000000100000000)
  eden space 33280K, 0% used [0x00000000f5580000,0x00000000f5580000,0x00000000f7600000)
  from space 5120K, 99% used [0x00000000f7b00000,0x00000000f7ff92d0,0x00000000f8000000)
  to   space 5120K, 0% used [0x00000000f7600000,0x00000000f7600000,0x00000000f7b00000)
 ParOldGen       total 87552K, used 924K [0x00000000e0000000, 0x00000000e5580000, 0x00000000f5580000)
  object space 87552K, 1% used [0x00000000e0000000,0x00000000e00e73b0,0x00000000e5580000)
 Metaspace       used 12957K, capacity 13292K, committed 13440K, reserved 1060864K
  class space    used 1683K, capacity 1805K, committed 1920K, reserved 1048576K
}
Event: 8.315 GC heap before
{Heap before GC invocations=3 (full 0):
 PSYoungGen      total 38400K, used 38372K [0x00000000f5580000, 0x00000000f8000000, 0x0000000100000000)
  eden space 33280K, 100% used [0x00000000f5580000,0x00000000f7600000,0x00000000f7600000)
  from space 5120K, 99% used [0x00000000f7b00000,0x00000000f7ff92d0,0x00000000f8000000)
  to   space 5120K, 0% used [0x00000000f7600000,0x00000000f7600000,0x00000000f7b00000)
 ParOldGen       total 87552K, used 924K [0x00000000e0000000, 0x00000000e5580000, 0x00000000f5580000)
  object space 87552K, 1% used [0x00000000e0000000,0x00000000e00e73b0,0x00000000e5580000)
 Metaspace       used 16125K, capacity 16516K, committed 16768K, reserved 1062912K
  class space    used 2223K, capacity 2321K, committed 2432K, reserved 1048576K
Event: 8.365 GC heap after
Heap after GC invocations=3 (full 0):
 PSYoungGen      total 38400K, used 5096K [0x00000000f5580000, 0x00000000fa080000, 0x0000000100000000)
  eden space 33280K, 0% used [0x00000000f5580000,0x00000000f5580000,0x00000000f7600000)
  from space 5120K, 99% used [0x00000000f7600000,0x00000000f7afa040,0x00000000f7b00000)
  to   space 5120K, 0% used [0x00000000f9b80000,0x00000000f9b80000,0x00000000fa080000)
 ParOldGen       total 87552K, used 3675K [0x00000000e0000000, 0x00000000e5580000, 0x00000000f5580000)
  object space 87552K, 4% used [0x00000000e0000000,0x00000000e0396f88,0x00000000e5580000)
 Metaspace       used 16125K, capacity 16516K, committed 16768K, reserved 1062912K
  class space    used 2223K, capacity 2321K, committed 2432K, reserved 1048576K
}

Deoptimization events (10 events):
Event: 9.034 Thread 0x0000000016f4e800 Uncommon trap: reason=class_check action=maybe_recompile pc=0x00000000025eed28 method=java.lang.String.equals(Ljava/lang/Object;)Z @ 8
Event: 9.034 Thread 0x0000000016f4e800 Uncommon trap: reason=class_check action=maybe_recompile pc=0x00000000025eed28 method=java.lang.String.equals(Ljava/lang/Object;)Z @ 8
Event: 9.036 Thread 0x0000000016f4e800 Uncommon trap: reason=class_check action=maybe_recompile pc=0x00000000025eed28 method=java.lang.String.equals(Ljava/lang/Object;)Z @ 8
Event: 9.036 Thread 0x0000000016f4e800 Uncommon trap: reason=class_check action=maybe_recompile pc=0x00000000025eed28 method=java.lang.String.equals(Ljava/lang/Object;)Z @ 8
Event: 9.286 Thread 0x0000000016f4e800 Uncommon trap: reason=bimorphic action=maybe_recompile pc=0x000000000289b768 method=java.lang.ClassLoader.loadClass(Ljava/lang/String;Z)Ljava/lang/Class; @ 38
Event: 9.286 Thread 0x0000000016f4e800 Uncommon trap: reason=bimorphic action=maybe_recompile pc=0x000000000289b768 method=java.lang.ClassLoader.loadClass(Ljava/lang/String;Z)Ljava/lang/Class; @ 38
Event: 9.291 Thread 0x0000000016f4e800 Uncommon trap: reason=class_check action=maybe_recompile pc=0x00000000025f29b8 method=sun.misc.URLClassPath.getLoader(I)Lsun/misc/URLClassPath$Loader; @ 94
Event: 9.291 Thread 0x0000000016f4e800 Uncommon trap: reason=class_check action=maybe_recompile pc=0x0000000002719360 method=sun.misc.URLClassPath.getResource(Ljava/lang/String;Z)Lsun/misc/Resource; @ 62
Event: 9.296 Thread 0x0000000016f4e800 Uncommon trap: reason=bimorphic action=maybe_recompile pc=0x000000000289b768 method=java.lang.ClassLoader.loadClass(Ljava/lang/String;Z)Ljava/lang/Class; @ 38
Event: 9.296 Thread 0x0000000016f4e800 Uncommon trap: reason=bimorphic action=maybe_recompile pc=0x000000000289b768 method=java.lang.ClassLoader.loadClass(Ljava/lang/String;Z)Ljava/lang/Class; @ 38

Internal exceptions (10 events):
Event: 6.532 Thread 0x0000000016f4e800 Exception <a 'java/lang/NoSuchMethodError': <clinit>> (0x00000000f74174c0) thrown at [C:\src\android\AOSP-openjdk\external\jetbrains\jdk\hotspot\src\share\vm\prims\jni.cpp, line 1613]
Event: 6.725 Thread 0x0000000016f4e800 Exception <a 'java/lang/ArrayIndexOutOfBoundsException'> (0x00000000f55ed830) thrown at [C:\src\android\AOSP-openjdk\external\jetbrains\jdk\hotspot\src\share\vm\runtime\sharedRuntime.cpp, line 605]
Event: 6.780 Thread 0x0000000016f4e800 Exception <a 'java/lang/ArrayIndexOutOfBoundsException'> (0x00000000f56c3490) thrown at [C:\src\android\AOSP-openjdk\external\jetbrains\jdk\hotspot\src\share\vm\runtime\sharedRuntime.cpp, line 605]
Event: 6.780 Thread 0x0000000016f4e800 Exception <a 'java/lang/ArrayIndexOutOfBoundsException'> (0x00000000f56c4910) thrown at [C:\src\android\AOSP-openjdk\external\jetbrains\jdk\hotspot\src\share\vm\runtime\sharedRuntime.cpp, line 605]
Event: 8.204 Thread 0x0000000016f4e800 Exception <a 'java/lang/NoSuchMethodError': <clinit>> (0x00000000f746ec38) thrown at [C:\src\android\AOSP-openjdk\external\jetbrains\jdk\hotspot\src\share\vm\prims\jni.cpp, line 1613]
Event: 8.205 Thread 0x0000000016f4e800 Exception <a 'java/lang/NoSuchMethodError': <clinit>> (0x00000000f7471408) thrown at [C:\src\android\AOSP-openjdk\external\jetbrains\jdk\hotspot\src\share\vm\prims\jni.cpp, line 1613]
Event: 8.213 Thread 0x0000000016f4e800 Exception <a 'java/lang/NoSuchMethodError': <clinit>> (0x00000000f747d6e8) thrown at [C:\src\android\AOSP-openjdk\external\jetbrains\jdk\hotspot\src\share\vm\prims\jni.cpp, line 1613]
Event: 8.219 Thread 0x0000000016f4e800 Exception <a 'java/lang/NoSuchMethodError': <clinit>> (0x00000000f7487c88) thrown at [C:\src\android\AOSP-openjdk\external\jetbrains\jdk\hotspot\src\share\vm\prims\jni.cpp, line 1613]
Event: 8.522 Thread 0x0000000016f4e800 Implicit null exception at 0x00000000026eea56 to 0x00000000026eedf9
Event: 8.523 Thread 0x0000000016f4e800 Implicit null exception at 0x000000000262ce96 to 0x000000000262d239

Events (10 events):
Event: 9.311 loading class org/codehaus/groovy/runtime/InvokerInvocationException
Event: 9.311 loading class org/codehaus/groovy/runtime/InvokerInvocationException done
Event: 9.312 loading class org/codehaus/groovy/runtime/InvokerHelper$NullScript
Event: 9.312 loading class org/codehaus/groovy/runtime/InvokerHelper$NullScript done
Event: 9.313 loading class org/codehaus/groovy/runtime/InvokerHelper$1
Event: 9.313 loading class org/codehaus/groovy/runtime/InvokerHelper$1 done
Event: 9.315 loading class org/codehaus/groovy/runtime/metaclass/MetaClassRegistryImpl
Event: 9.315 loading class org/codehaus/groovy/runtime/metaclass/MetaClassRegistryImpl done
Event: 9.320 loading class org/codehaus/groovy/runtime/m12n/ExtensionModuleScanner$ExtensionModuleListener
Event: 9.320 loading class org/codehaus/groovy/runtime/m12n/ExtensionModuleScanner$ExtensionModuleListener done


Dynamic libraries:
0x00007ff765aa0000 - 0x00007ff765ad1000 	D:\Android Studio\jre\bin\java.exe
0x00007ffcddc40000 - 0x00007ffcddded000 	C:\windows\SYSTEM32\ntdll.dll
0x00007ffcdd7c0000 - 0x00007ffcdd8fe000 	C:\windows\system32\KERNEL32.DLL
0x00007ffcdaeb0000 - 0x00007ffcdafc5000 	C:\windows\system32\KERNELBASE.dll
0x00007ffcdbc70000 - 0x00007ffcdbd1a000 	C:\windows\system32\ADVAPI32.dll
0x00007ffcdbaf0000 - 0x00007ffcdbc67000 	C:\windows\system32\USER32.dll
0x00007ffcd85d0000 - 0x00007ffcd884b000 	C:\windows\WinSxS\amd64_microsoft.windows.common-controls_6595b64144ccf1df_6.0.9600.18006_none_623f33d3ecbe86e8\COMCTL32.dll
0x00007ffcdc020000 - 0x00007ffcdc0ca000 	C:\windows\system32\msvcrt.dll
0x00007ffcdb330000 - 0x00007ffcdb389000 	C:\windows\SYSTEM32\sechost.dll
0x00007ffcdb390000 - 0x00007ffcdb4d0000 	C:\windows\system32\RPCRT4.dll
0x00007ffcddae0000 - 0x00007ffcddc2f000 	C:\windows\system32\GDI32.dll
0x00007ffcdadd0000 - 0x00007ffcdadfe000 	C:\windows\system32\SspiCli.dll
0x00007ffcdb970000 - 0x00007ffcdb9a6000 	C:\windows\system32\IMM32.DLL
0x00007ffcdbd20000 - 0x00007ffcdbe72000 	C:\windows\system32\MSCTF.dll
0x0000000060580000 - 0x0000000060652000 	D:\Android Studio\jre\jre\bin\msvcr100.dll
0x000000005ee60000 - 0x000000005f69c000 	D:\Android Studio\jre\jre\bin\server\jvm.dll
0x00007ffcc0e90000 - 0x00007ffcc0e99000 	C:\windows\SYSTEM32\WSOCK32.dll
0x00007ffcdad40000 - 0x00007ffcdad62000 	C:\windows\system32\WINMM.dll
0x00007ffcd3210000 - 0x00007ffcd321a000 	C:\windows\SYSTEM32\VERSION.dll
0x00007ffcdb960000 - 0x00007ffcdb967000 	C:\windows\system32\PSAPI.DLL
0x00007ffcdb0d0000 - 0x00007ffcdb12a000 	C:\windows\system32\WS2_32.dll
0x00007ffcdaa60000 - 0x00007ffcdaa8a000 	C:\windows\system32\WINMMBASE.dll
0x00007ffcdc190000 - 0x00007ffcdc199000 	C:\windows\system32\NSI.dll
0x00007ffcdad70000 - 0x00007ffcdadbf000 	C:\windows\SYSTEM32\cfgmgr32.dll
0x00007ffcdaa30000 - 0x00007ffcdaa58000 	C:\windows\system32\DEVOBJ.dll
0x00007ffcd8470000 - 0x00007ffcd847f000 	D:\Android Studio\jre\jre\bin\verify.dll
0x00007ffcd78f0000 - 0x00007ffcd7919000 	D:\Android Studio\jre\jre\bin\java.dll
0x00007ffcd7a10000 - 0x00007ffcd7a26000 	D:\Android Studio\jre\jre\bin\zip.dll
0x00007ffcdc1c0000 - 0x00007ffcdd6e9000 	C:\windows\system32\SHELL32.dll
0x00007ffcdb740000 - 0x00007ffcdb951000 	C:\windows\SYSTEM32\combase.dll
0x00007ffcdb070000 - 0x00007ffcdb0c4000 	C:\windows\system32\SHLWAPI.dll
0x00007ffcd8d80000 - 0x00007ffcd8e32000 	C:\windows\SYSTEM32\SHCORE.dll
0x00007ffcda980000 - 0x00007ffcda995000 	C:\windows\SYSTEM32\profapi.dll
0x00007ffcd77b0000 - 0x00007ffcd77ca000 	D:\Android Studio\jre\jre\bin\net.dll
0x00007ffcda270000 - 0x00007ffcda2c9000 	C:\windows\system32\mswsock.dll
0x00007ffcd7740000 - 0x00007ffcd7751000 	D:\Android Studio\jre\jre\bin\nio.dll
0x00007ffcc62e0000 - 0x00007ffcc62fe000 	D:\Android Studio\gradle\gradle-3.3\native\23\windows-amd64\native-platform.dll
0x00007ffcda2d0000 - 0x00007ffcda2f0000 	C:\windows\SYSTEM32\CRYPTSP.dll
0x00007ffcd9ef0000 - 0x00007ffcd9f26000 	C:\windows\system32\rsaenh.dll
0x00007ffcda520000 - 0x00007ffcda546000 	C:\windows\SYSTEM32\bcrypt.dll
0x00007ffcda000000 - 0x00007ffcda021000 	C:\windows\SYSTEM32\USERENV.dll
0x00007ffcda850000 - 0x00007ffcda8b3000 	C:\windows\system32\bcryptprimitives.dll
0x00007ffcda8c0000 - 0x00007ffcda8cb000 	C:\windows\SYSTEM32\CRYPTBASE.dll
0x00007ffcd4e00000 - 0x00007ffcd4e2a000 	C:\windows\SYSTEM32\IPHLPAPI.DLL
0x00007ffcd4de0000 - 0x00007ffcd4dea000 	C:\windows\SYSTEM32\WINNSI.DLL
0x00007ffcd4a40000 - 0x00007ffcd4a56000 	C:\windows\SYSTEM32\dhcpcsvc6.DLL
0x00007ffcd4a20000 - 0x00007ffcd4a3a000 	C:\windows\SYSTEM32\dhcpcsvc.DLL
0x00007ffcd5760000 - 0x00007ffcd576d000 	D:\Android Studio\jre\jre\bin\management.dll

VM Arguments:
jvm_args: -Xmx512m -Dfile.encoding=GBK -Duser.country=CN -Duser.language=zh -Duser.variant 
java_command: org.gradle.launcher.daemon.bootstrap.GradleDaemon 3.3
java_class_path (initial): D:\Android Studio\gradle\gradle-3.3\wrapper\dists\gradle-3.3-all\55gk2rcmfc6p2dg9u9ohc3hw9\gradle-3.3\lib\gradle-launcher-3.3.jar
Launcher Type: SUN_STANDARD

Environment Variables:
JAVA_HOME=D:\Program Files\Java\jdk1.8.0_60
CLASSPATH=.
PATH=D:\Program Files\Java\jdk1.8.0_60\bin;C:\Program Files (x86)\Lenovo\FusionEngine;C:\Program Files (x86)\Intel\iCLS Client\;C:\Program Files\Intel\iCLS Client\;C:\windows\system32;C:\windows;C:\windows\System32\Wbem;C:\windows\System32\WindowsPowerShell\v1.0\;C:\Program Files (x86)\ATI Technologies\ATI.ACE\Core-Static;C:\Program Files\Intel\Intel(R) Management Engine Components\DAL;C:\Program Files (x86)\Intel\Intel(R) Management Engine Components\DAL;C:\Program Files\Intel\Intel(R) Management Engine Components\IPT;C:\Program Files (x86)\Intel\Intel(R) Management Engine Components\IPT;C:\Program Files (x86)\Common Files\lenovo\easyplussdk\bin;C:\Program Files (x86)\Microsoft SQL Server\100\Tools\Binn\;C:\Program Files\Microsoft SQL Server\100\Tools\Binn\;C:\Program Files\Microsoft SQL Server\100\DTS\Binn\;C:\Program Files (x86)\Microsoft SQL Server\100\Tools\Binn\VSShell\Common7\IDE\;C:\Program Files (x86)\Microsoft SQL Server\100\DTS\Binn\;C:\Program Files (x86)\Microsoft Visual Studio 9.0\Common7\IDE\PrivateAssemblies\;D:\mysql\mysql-5.7.18-winx64\bin;D:\Git\cmd;D:\Android_sdk\build-tools;D:\Android_sdk\tools;;C:\Program Files\Microsoft SQL Server\110\DTS\Binn\;C:\Program Files (x86)\Microsoft SQL Server\110\Tools\Binn\;C:\Program Files\Microsoft SQL Server\110\Tools\Binn\;C:\Program Files (x86)\Microsoft SQL Server\110\Tools\Binn\ManagementStudio\;C:\Program Files (x86)\Microsoft Visual Studio 10.0\Common7\IDE\PrivateAssemblies\;C:\Program Files (x86)\Microsoft SQL Server\110\DTS\Binn\;D:\apache-tomcat-8.0.24\lib;D:\apache-tomcat-8.0.24\bin
USERNAME=lenovo
OS=Windows_NT
PROCESSOR_IDENTIFIER=Intel64 Family 6 Model 61 Stepping 4, GenuineIntel



---------------  S Y S T E M  ---------------

OS: Windows 8.1 , 64 bit Build 9600 (6.3.9600.17415)

CPU:total 4 (2 cores per cpu, 2 threads per core) family 6 model 61 stepping 4, cmov, cx8, fxsr, mmx, sse, sse2, sse3, ssse3, sse4.1, sse4.2, popcnt, avx, avx2, aes, clmul, erms, 3dnowpref, lzcnt, ht, tsc, tscinvbit, bmi1, bmi2, adx

Memory: 4k page, physical 8301656k(1356448k free), swap 8301656k(4032k free)

vm_info: OpenJDK 64-Bit Server VM (25.112-b06) for windows-amd64 JRE (1.8.0_112-release-b06), built on Dec  8 2016 00:54:26 by "builder" with MS VC++ 10.0 (VS2010)

time: Mon Nov 06 13:37:53 2017
elapsed time: 9 seconds (0d 0h 0m 9s)

