#
# There is insufficient memory for the Java Runtime Environment to continue.
# Native memory allocation (malloc) failed to allocate 1794032 bytes for Chunk::new
# Possible reasons:
#   The system is out of physical RAM or swap space
#   In 32 bit mode, the process size limit was hit
# Possible solutions:
#   Reduce memory load on the system
#   Increase physical memory or swap space
#   Check if swap backing store is full
#   Use 64 bit Java on a 64 bit OS
#   Decrease Java heap size (-Xmx/-Xms)
#   Decrease number of Java threads
#   Decrease Java thread stack sizes (-Xss)
#   Set larger code cache with -XX:ReservedCodeCacheSize=
# This output file may be truncated or incomplete.
#
#  Out of Memory Error (allocation.cpp:390), pid=15168, tid=0x0000000000000e48
#
# JRE version: OpenJDK Runtime Environment (8.0_112-b06) (build 1.8.0_112-release-b06)
# Java VM: OpenJDK 64-Bit Server VM (25.112-b06 mixed mode windows-amd64 compressed oops)
# Failed to write core dump. Minidumps are not enabled by default on client versions of Windows
#

---------------  T H R E A D  ---------------

Current thread (0x00000000150ad800):  JavaThread "C2 CompilerThread1" daemon [_thread_in_native, id=3656, stack(0x0000000016aa0000,0x0000000016ba0000)]

Stack: [0x0000000016aa0000,0x0000000016ba0000]
[error occurred during error reporting (printing stack bounds), id 0xc0000005]

Native frames: (J=compiled Java code, j=interpreted, Vv=VM code, C=native code)


Current CompileTask:
C2:  10678 1391       4       java.net.URLClassLoader$1::run (5 bytes)


---------------  P R O C E S S  ---------------

Java Threads: ( => current thread )
  0x000000001a36f800 JavaThread "File lock request listener" [_thread_in_native, id=10224, stack(0x000000001b790000,0x000000001b890000)]
  0x00000000165f8000 JavaThread "Stdin handler" [_thread_blocked, id=14224, stack(0x00000000194f0000,0x00000000195f0000)]
  0x00000000165f7000 JavaThread "Asynchronous log dispatcher for DefaultDaemonConnection: socket connection from /127.0.0.1:53378 to /127.0.0.1:53379" [_thread_blocked, id=16108, stack(0x00000000193f0000,0x00000000194f0000)]
  0x00000000173f9800 JavaThread "Daemon worker" [_thread_in_native, id=11304, stack(0x00000000192f0000,0x00000000193f0000)]
  0x00000000173f5800 JavaThread "Cancel handler" [_thread_blocked, id=6468, stack(0x00000000191f0000,0x00000000192f0000)]
  0x0000000017f59000 JavaThread "pool-1-thread-1" [_thread_blocked, id=15072, stack(0x00000000190f0000,0x00000000191f0000)]
  0x0000000017f58000 JavaThread "Handler for socket connection from /127.0.0.1:53378 to /127.0.0.1:53379" [_thread_in_native, id=8260, stack(0x0000000018ff0000,0x00000000190f0000)]
  0x0000000017f57800 JavaThread "Daemon" [_thread_blocked, id=11284, stack(0x0000000018ef0000,0x0000000018ff0000)]
  0x0000000018164000 JavaThread "Incoming local TCP Connector on port 53378" [_thread_in_native, id=16096, stack(0x0000000018870000,0x0000000018970000)]
  0x0000000016422000 JavaThread "Service Thread" daemon [_thread_blocked, id=12772, stack(0x0000000016ca0000,0x0000000016da0000)]
  0x00000000150ae000 JavaThread "C1 CompilerThread2" daemon [_thread_blocked, id=9104, stack(0x0000000016ba0000,0x0000000016ca0000)]
=>0x00000000150ad800 JavaThread "C2 CompilerThread1" daemon [_thread_in_native, id=3656, stack(0x0000000016aa0000,0x0000000016ba0000)]
  0x00000000150aa000 JavaThread "C2 CompilerThread0" daemon [_thread_in_native, id=9488, stack(0x00000000169a0000,0x0000000016aa0000)]
  0x00000000150a8800 JavaThread "Attach Listener" daemon [_thread_blocked, id=9668, stack(0x00000000168a0000,0x00000000169a0000)]
  0x000000001505d000 JavaThread "Signal Dispatcher" daemon [_thread_blocked, id=14536, stack(0x00000000167a0000,0x00000000168a0000)]
  0x000000000297a000 JavaThread "Finalizer" daemon [_thread_blocked, id=14476, stack(0x00000000162a0000,0x00000000163a0000)]
  0x0000000002971000 JavaThread "Reference Handler" daemon [_thread_blocked, id=16328, stack(0x00000000161a0000,0x00000000162a0000)]
  0x0000000002880800 JavaThread "main" [_thread_blocked, id=10624, stack(0x0000000002780000,0x0000000002880000)]

Other Threads:
  0x0000000015014800 VMThread [stack: 0x00000000160a0000,0x00000000161a0000] [id=13684]
  0x0000000016453000 WatcherThread [stack: 0x0000000016da0000,0x0000000016ea0000] [id=12164]

VM state:not at safepoint (normal execution)

VM Mutex/Monitor currently owned by a thread: None

Heap:
 PSYoungGen      total 38400K, used 37600K [0x00000000eab00000, 0x00000000ed580000, 0x0000000100000000)
  eden space 33280K, 97% used [0x00000000eab00000,0x00000000ecabe370,0x00000000ecb80000)
  from space 5120K, 99% used [0x00000000ed080000,0x00000000ed57a040,0x00000000ed580000)
  to   space 5120K, 0% used [0x00000000ecb80000,0x00000000ecb80000,0x00000000ed080000)
 ParOldGen       total 87552K, used 1010K [0x00000000c0000000, 0x00000000c5580000, 0x00000000eab00000)
  object space 87552K, 1% used [0x00000000c0000000,0x00000000c00fc990,0x00000000c5580000)
 Metaspace       used 16150K, capacity 16422K, committed 16768K, reserved 1062912K
  class space    used 2229K, capacity 2326K, committed 2432K, reserved 1048576K

Card table byte_map: [0x0000000011d40000,0x0000000011f50000] byte_map_base: 0x0000000011740000

Marking Bits: (ParMarkBitMap*) 0x00000000515b18f0
 Begin Bits: [0x00000000124b0000, 0x00000000134b0000)
 End Bits:   [0x00000000134b0000, 0x00000000144b0000)

Polling page: 0x0000000000ac0000

CodeCache: size=245760Kb used=5106Kb max_used=5106Kb free=240653Kb
 bounds [0x0000000002980000, 0x0000000002e80000, 0x0000000011980000]
 total_blobs=1857 nmethods=1464 adapters=306
 compilation: enabled

Compilation events (10 events):
Event: 10.504 Thread 0x00000000150ae000 1470       3       java.util.concurrent.locks.AbstractQueuedSynchronizer$ConditionObject::addConditionWaiter (64 bytes)
Event: 10.505 Thread 0x00000000150ae000 nmethod 1470 0x0000000002e7a190 code [0x0000000002e7a320, 0x0000000002e7a748]
Event: 10.505 Thread 0x00000000150ae000 1471   !   3       java.util.concurrent.locks.AbstractQueuedSynchronizer::fullyRelease (54 bytes)
Event: 10.507 Thread 0x00000000150ae000 nmethod 1471 0x0000000002e7a8d0 code [0x0000000002e7aa80, 0x0000000002e7b068]
Event: 10.578 Thread 0x00000000150ae000 1472       3       java.util.concurrent.locks.ReentrantLock::lockInterruptibly (9 bytes)
Event: 10.580 Thread 0x00000000150ae000 nmethod 1472 0x0000000002e7b350 code [0x0000000002e7b500, 0x0000000002e7ba18]
Event: 10.642 Thread 0x00000000150ae000 1473       3       java.util.concurrent.TimeUnit$3::toNanos (11 bytes)
Event: 10.643 Thread 0x00000000150ae000 nmethod 1473 0x0000000002e7bc50 code [0x0000000002e7bdc0, 0x0000000002e7c030]
Event: 10.643 Thread 0x00000000150ae000 1474       3       java.util.concurrent.locks.AbstractQueuedSynchronizer$ConditionObject::awaitNanos (156 bytes)
Event: 10.649 Thread 0x00000000150ae000 nmethod 1474 0x0000000002e7c110 code [0x0000000002e7c420, 0x0000000002e7db38]

GC Heap History (4 events):
Event: 2.584 GC heap before
{Heap before GC invocations=1 (full 0):
 PSYoungGen      total 38400K, used 33280K [0x00000000eab00000, 0x00000000ed580000, 0x0000000100000000)
  eden space 33280K, 100% used [0x00000000eab00000,0x00000000ecb80000,0x00000000ecb80000)
  from space 5120K, 0% used [0x00000000ed080000,0x00000000ed080000,0x00000000ed580000)
  to   space 5120K, 0% used [0x00000000ecb80000,0x00000000ecb80000,0x00000000ed080000)
 ParOldGen       total 87552K, used 0K [0x00000000c0000000, 0x00000000c5580000, 0x00000000eab00000)
  object space 87552K, 0% used [0x00000000c0000000,0x00000000c0000000,0x00000000c5580000)
 Metaspace       used 6851K, capacity 7024K, committed 7040K, reserved 1056768K
  class space    used 836K, capacity 892K, committed 896K, reserved 1048576K
Event: 2.597 GC heap after
Heap after GC invocations=1 (full 0):
 PSYoungGen      total 38400K, used 4336K [0x00000000eab00000, 0x00000000ed580000, 0x0000000100000000)
  eden space 33280K, 0% used [0x00000000eab00000,0x00000000eab00000,0x00000000ecb80000)
  from space 5120K, 84% used [0x00000000ecb80000,0x00000000ecfbc020,0x00000000ed080000)
  to   space 5120K, 0% used [0x00000000ed080000,0x00000000ed080000,0x00000000ed580000)
 ParOldGen       total 87552K, used 8K [0x00000000c0000000, 0x00000000c5580000, 0x00000000eab00000)
  object space 87552K, 0% used [0x00000000c0000000,0x00000000c0002000,0x00000000c5580000)
 Metaspace       used 6851K, capacity 7024K, committed 7040K, reserved 1056768K
  class space    used 836K, capacity 892K, committed 896K, reserved 1048576K
}
Event: 7.807 GC heap before
{Heap before GC invocations=2 (full 0):
 PSYoungGen      total 38400K, used 37616K [0x00000000eab00000, 0x00000000ed580000, 0x0000000100000000)
  eden space 33280K, 100% used [0x00000000eab00000,0x00000000ecb80000,0x00000000ecb80000)
  from space 5120K, 84% used [0x00000000ecb80000,0x00000000ecfbc020,0x00000000ed080000)
  to   space 5120K, 0% used [0x00000000ed080000,0x00000000ed080000,0x00000000ed580000)
 ParOldGen       total 87552K, used 8K [0x00000000c0000000, 0x00000000c5580000, 0x00000000eab00000)
  object space 87552K, 0% used [0x00000000c0000000,0x00000000c0002000,0x00000000c5580000)
 Metaspace       used 12965K, capacity 13326K, committed 13440K, reserved 1060864K
  class space    used 1691K, capacity 1810K, committed 1920K, reserved 1048576K
Event: 7.829 GC heap after
Heap after GC invocations=2 (full 0):
 PSYoungGen      total 38400K, used 5096K [0x00000000eab00000, 0x00000000ed580000, 0x0000000100000000)
  eden space 33280K, 0% used [0x00000000eab00000,0x00000000eab00000,0x00000000ecb80000)
  from space 5120K, 99% used [0x00000000ed080000,0x00000000ed57a040,0x00000000ed580000)
  to   space 5120K, 0% used [0x00000000ecb80000,0x00000000ecb80000,0x00000000ed080000)
 ParOldGen       total 87552K, used 1010K [0x00000000c0000000, 0x00000000c5580000, 0x00000000eab00000)
  object space 87552K, 1% used [0x00000000c0000000,0x00000000c00fc990,0x00000000c5580000)
 Metaspace       used 12965K, capacity 13326K, committed 13440K, reserved 1060864K
  class space    used 1691K, capacity 1810K, committed 1920K, reserved 1048576K
}

Deoptimization events (10 events):
Event: 7.298 Thread 0x0000000002880800 Uncommon trap: reason=bimorphic action=maybe_recompile pc=0x0000000002d3b850 method=java.util.HashMap.putVal(ILjava/lang/Object;Ljava/lang/Object;ZZ)Ljava/lang/Object; @ 203
Event: 7.359 Thread 0x0000000002880800 Uncommon trap: reason=bimorphic action=maybe_recompile pc=0x0000000002d3b850 method=java.util.HashMap.putVal(ILjava/lang/Object;Ljava/lang/Object;ZZ)Ljava/lang/Object; @ 203
Event: 7.676 Thread 0x00000000173f9800 Uncommon trap: reason=bimorphic action=maybe_recompile pc=0x0000000002d3b248 method=java.util.HashMap.putVal(ILjava/lang/Object;Ljava/lang/Object;ZZ)Ljava/lang/Object; @ 253
Event: 7.676 Thread 0x00000000173f9800 Uncommon trap: reason=bimorphic action=maybe_recompile pc=0x0000000002d3b248 method=java.util.HashMap.putVal(ILjava/lang/Object;Ljava/lang/Object;ZZ)Ljava/lang/Object; @ 253
Event: 8.426 Thread 0x00000000173f9800 Uncommon trap: reason=class_check action=maybe_recompile pc=0x0000000002c285a0 method=java.util.regex.Matcher.match(II)Z @ 86
Event: 8.430 Thread 0x00000000173f9800 Uncommon trap: reason=class_check action=maybe_recompile pc=0x0000000002c285a0 method=java.util.regex.Matcher.match(II)Z @ 86
Event: 9.168 Thread 0x00000000173f9800 Uncommon trap: reason=class_check action=maybe_recompile pc=0x0000000002c732dc method=java.util.HashMap.putVal(ILjava/lang/Object;Ljava/lang/Object;ZZ)Ljava/lang/Object; @ 203
Event: 9.168 Thread 0x00000000173f9800 Uncommon trap: reason=class_check action=maybe_recompile pc=0x0000000002c732dc method=java.util.HashMap.putVal(ILjava/lang/Object;Ljava/lang/Object;ZZ)Ljava/lang/Object; @ 203
Event: 9.168 Thread 0x00000000173f9800 Uncommon trap: reason=class_check action=maybe_recompile pc=0x0000000002c732dc method=java.util.HashMap.putVal(ILjava/lang/Object;Ljava/lang/Object;ZZ)Ljava/lang/Object; @ 203
Event: 9.168 Thread 0x00000000173f9800 Uncommon trap: reason=class_check action=maybe_recompile pc=0x0000000002c732dc method=java.util.HashMap.putVal(ILjava/lang/Object;Ljava/lang/Object;ZZ)Ljava/lang/Object; @ 203

Internal exceptions (10 events):
Event: 7.603 Thread 0x0000000017f58000 Exception <a 'java/lang/NoSuchMethodError': <clinit>> (0x00000000ec81d538) thrown at [C:\src\android\AOSP-openjdk\external\jetbrains\jdk\hotspot\src\share\vm\prims\jni.cpp, line 1613]
Event: 7.654 Thread 0x00000000173f9800 Exception <a 'java/lang/NoSuchMethodError': <clinit>> (0x00000000ec93efe0) thrown at [C:\src\android\AOSP-openjdk\external\jetbrains\jdk\hotspot\src\share\vm\prims\jni.cpp, line 1613]
Event: 7.656 Thread 0x00000000173f9800 Exception <a 'java/lang/NoSuchMethodError': <clinit>> (0x00000000ec947268) thrown at [C:\src\android\AOSP-openjdk\external\jetbrains\jdk\hotspot\src\share\vm\prims\jni.cpp, line 1613]
Event: 7.835 Thread 0x00000000173f9800 Exception <a 'java/lang/ArrayIndexOutOfBoundsException'> (0x00000000eab1e5a8) thrown at [C:\src\android\AOSP-openjdk\external\jetbrains\jdk\hotspot\src\share\vm\runtime\sharedRuntime.cpp, line 605]
Event: 7.911 Thread 0x00000000173f9800 Exception <a 'java/lang/ArrayIndexOutOfBoundsException'> (0x00000000eabf46a8) thrown at [C:\src\android\AOSP-openjdk\external\jetbrains\jdk\hotspot\src\share\vm\runtime\sharedRuntime.cpp, line 605]
Event: 7.911 Thread 0x00000000173f9800 Exception <a 'java/lang/ArrayIndexOutOfBoundsException'> (0x00000000eabf5a18) thrown at [C:\src\android\AOSP-openjdk\external\jetbrains\jdk\hotspot\src\share\vm\runtime\sharedRuntime.cpp, line 605]
Event: 9.472 Thread 0x00000000173f9800 Exception <a 'java/lang/NoSuchMethodError': <clinit>> (0x00000000ec94cdf8) thrown at [C:\src\android\AOSP-openjdk\external\jetbrains\jdk\hotspot\src\share\vm\prims\jni.cpp, line 1613]
Event: 9.472 Thread 0x00000000173f9800 Exception <a 'java/lang/NoSuchMethodError': <clinit>> (0x00000000ec94f5c8) thrown at [C:\src\android\AOSP-openjdk\external\jetbrains\jdk\hotspot\src\share\vm\prims\jni.cpp, line 1613]
Event: 9.483 Thread 0x00000000173f9800 Exception <a 'java/lang/NoSuchMethodError': <clinit>> (0x00000000ec95b900) thrown at [C:\src\android\AOSP-openjdk\external\jetbrains\jdk\hotspot\src\share\vm\prims\jni.cpp, line 1613]
Event: 9.485 Thread 0x00000000173f9800 Exception <a 'java/lang/NoSuchMethodError': <clinit>> (0x00000000ec965d70) thrown at [C:\src\android\AOSP-openjdk\external\jetbrains\jdk\hotspot\src\share\vm\prims\jni.cpp, line 1613]

Events (10 events):
Event: 10.626 Thread 0x00000000173f9800 DEOPT PACKING pc=0x0000000002cb3cfe sp=0x00000000193ed140
Event: 10.626 Thread 0x00000000173f9800 DEOPT UNPACKING pc=0x00000000029c75bf sp=0x00000000193ece40 mode 0
Event: 10.658 Thread 0x00000000173f9800 DEOPT PACKING pc=0x0000000002cb3cfe sp=0x00000000193ed140
Event: 10.658 Thread 0x00000000173f9800 DEOPT UNPACKING pc=0x00000000029c75bf sp=0x00000000193ece40 mode 0
Event: 10.659 Thread 0x00000000173f9800 DEOPT PACKING pc=0x0000000002cb3cfe sp=0x00000000193ed140
Event: 10.659 Thread 0x00000000173f9800 DEOPT UNPACKING pc=0x00000000029c75bf sp=0x00000000193ece40 mode 0
Event: 10.659 Thread 0x00000000173f9800 DEOPT PACKING pc=0x0000000002cb3cfe sp=0x00000000193ed140
Event: 10.659 Thread 0x00000000173f9800 DEOPT UNPACKING pc=0x00000000029c75bf sp=0x00000000193ece40 mode 0
Event: 10.662 Thread 0x00000000173f9800 DEOPT PACKING pc=0x0000000002cb3cfe sp=0x00000000193ed140
Event: 10.662 Thread 0x00000000173f9800 DEOPT UNPACKING pc=0x00000000029c75bf sp=0x00000000193ece40 mode 0


Dynamic libraries:
0x00007ff6ad8f0000 - 0x00007ff6ad921000 	D:\Android Studio\jre\bin\java.exe
0x00007fff4e7e0000 - 0x00007fff4e98d000 	C:\windows\SYSTEM32\ntdll.dll
0x00007fff4c0c0000 - 0x00007fff4c1fe000 	C:\windows\system32\KERNEL32.DLL
0x00007fff4b9c0000 - 0x00007fff4bad5000 	C:\windows\system32\KERNELBASE.dll
0x00007fff4c200000 - 0x00007fff4c2aa000 	C:\windows\system32\ADVAPI32.dll
0x00007fff4c4d0000 - 0x00007fff4c647000 	C:\windows\system32\USER32.dll
0x00007fff491e0000 - 0x00007fff4945b000 	C:\windows\WinSxS\amd64_microsoft.windows.common-controls_6595b64144ccf1df_6.0.9600.18006_none_623f33d3ecbe86e8\COMCTL32.dll
0x00007fff4c010000 - 0x00007fff4c0ba000 	C:\windows\system32\msvcrt.dll
0x00007fff4bb70000 - 0x00007fff4bbc9000 	C:\windows\SYSTEM32\sechost.dll
0x00007fff4e560000 - 0x00007fff4e6a0000 	C:\windows\system32\RPCRT4.dll
0x00007fff4dd80000 - 0x00007fff4decf000 	C:\windows\system32\GDI32.dll
0x00007fff4b990000 - 0x00007fff4b9be000 	C:\windows\system32\SspiCli.dll
0x00007fff4e440000 - 0x00007fff4e476000 	C:\windows\system32\IMM32.DLL
0x00007fff4df90000 - 0x00007fff4e0e2000 	C:\windows\system32\MSCTF.dll
0x0000000052ca0000 - 0x0000000052d72000 	D:\Android Studio\jre\jre\bin\msvcr100.dll
0x0000000050df0000 - 0x000000005162c000 	D:\Android Studio\jre\jre\bin\server\jvm.dll
0x00007fff2fc90000 - 0x00007fff2fc99000 	C:\windows\SYSTEM32\WSOCK32.dll
0x00007fff4bae0000 - 0x00007fff4bb02000 	C:\windows\system32\WINMM.dll
0x00007fff46280000 - 0x00007fff4628a000 	C:\windows\SYSTEM32\VERSION.dll
0x00007fff4e320000 - 0x00007fff4e327000 	C:\windows\system32\PSAPI.DLL
0x00007fff4c2b0000 - 0x00007fff4c30a000 	C:\windows\system32\WS2_32.dll
0x00007fff4b620000 - 0x00007fff4b64a000 	C:\windows\system32\WINMMBASE.dll
0x00007fff4e430000 - 0x00007fff4e439000 	C:\windows\system32\NSI.dll
0x00007fff4b6a0000 - 0x00007fff4b6ef000 	C:\windows\SYSTEM32\cfgmgr32.dll
0x00007fff4b5d0000 - 0x00007fff4b5f8000 	C:\windows\system32\DEVOBJ.dll
0x00007fff4a0c0000 - 0x00007fff4a0cf000 	D:\Android Studio\jre\jre\bin\verify.dll
0x00007fff49080000 - 0x00007fff490a9000 	D:\Android Studio\jre\jre\bin\java.dll
0x00007fff49fc0000 - 0x00007fff49fd6000 	D:\Android Studio\jre\jre\bin\zip.dll
0x00007fff4c670000 - 0x00007fff4db99000 	C:\windows\system32\SHELL32.dll
0x00007fff4bbd0000 - 0x00007fff4bde1000 	C:\windows\SYSTEM32\combase.dll
0x00007fff4c470000 - 0x00007fff4c4c4000 	C:\windows\system32\SHLWAPI.dll
0x00007fff49ad0000 - 0x00007fff49b82000 	C:\windows\SYSTEM32\SHCORE.dll
0x00007fff4b520000 - 0x00007fff4b535000 	C:\windows\SYSTEM32\profapi.dll
0x00007fff491c0000 - 0x00007fff491da000 	D:\Android Studio\jre\jre\bin\net.dll
0x00007fff4ae10000 - 0x00007fff4ae69000 	C:\windows\system32\mswsock.dll
0x00007fff49060000 - 0x00007fff49071000 	D:\Android Studio\jre\jre\bin\nio.dll
0x00007fff46700000 - 0x00007fff4671e000 	D:\Android Studio\gradle\gradle-3.3\native\23\windows-amd64\native-platform.dll
0x00007fff4ae70000 - 0x00007fff4ae90000 	C:\windows\SYSTEM32\CRYPTSP.dll
0x00007fff4aa90000 - 0x00007fff4aac6000 	C:\windows\system32\rsaenh.dll
0x00007fff4b0c0000 - 0x00007fff4b0e6000 	C:\windows\SYSTEM32\bcrypt.dll
0x00007fff4aba0000 - 0x00007fff4abc1000 	C:\windows\SYSTEM32\USERENV.dll
0x00007fff4b3f0000 - 0x00007fff4b453000 	C:\windows\system32\bcryptprimitives.dll
0x00007fff4b460000 - 0x00007fff4b46b000 	C:\windows\SYSTEM32\CRYPTBASE.dll
0x00007fff456e0000 - 0x00007fff4570a000 	C:\windows\SYSTEM32\IPHLPAPI.DLL
0x00007fff456b0000 - 0x00007fff456ba000 	C:\windows\SYSTEM32\WINNSI.DLL
0x00007fff455c0000 - 0x00007fff455d6000 	C:\windows\SYSTEM32\dhcpcsvc6.DLL
0x00007fff455a0000 - 0x00007fff455ba000 	C:\windows\SYSTEM32\dhcpcsvc.DLL
0x00007fff4a0d0000 - 0x00007fff4a0dd000 	D:\Android Studio\jre\jre\bin\management.dll

VM Arguments:
jvm_args: -Xmx1024m -Dfile.encoding=GBK -Duser.country=CN -Duser.language=zh -Duser.variant 
java_command: org.gradle.launcher.daemon.bootstrap.GradleDaemon 3.3
java_class_path (initial): D:\Android Studio\gradle\gradle-3.3\wrapper\dists\gradle-3.3-all\55gk2rcmfc6p2dg9u9ohc3hw9\gradle-3.3\lib\gradle-launcher-3.3.jar
Launcher Type: SUN_STANDARD

Environment Variables:
JAVA_HOME=D:\Program Files\Java\jdk1.8.0_60
CLASSPATH=.
PATH=D:\Program Files\Java\jdk1.8.0_60\bin;C:\Program Files (x86)\Lenovo\FusionEngine;C:\Program Files (x86)\Intel\iCLS Client\;C:\Program Files\Intel\iCLS Client\;C:\windows\system32;C:\windows;C:\windows\System32\Wbem;C:\windows\System32\WindowsPowerShell\v1.0\;C:\Program Files (x86)\ATI Technologies\ATI.ACE\Core-Static;C:\Program Files\Intel\Intel(R) Management Engine Components\DAL;C:\Program Files (x86)\Intel\Intel(R) Management Engine Components\DAL;C:\Program Files\Intel\Intel(R) Management Engine Components\IPT;C:\Program Files (x86)\Intel\Intel(R) Management Engine Components\IPT;C:\Program Files (x86)\Common Files\lenovo\easyplussdk\bin;C:\Program Files (x86)\Microsoft SQL Server\100\Tools\Binn\;C:\Program Files\Microsoft SQL Server\100\Tools\Binn\;C:\Program Files\Microsoft SQL Server\100\DTS\Binn\;C:\Program Files (x86)\Microsoft SQL Server\100\Tools\Binn\VSShell\Common7\IDE\;C:\Program Files (x86)\Microsoft SQL Server\100\DTS\Binn\;C:\Program Files (x86)\Microsoft Visual Studio 9.0\Common7\IDE\PrivateAssemblies\;D:\mysql\mysql-5.7.18-winx64\bin;D:\Git\cmd;D:\Android_sdk\build-tools;D:\Android_sdk\tools;;C:\Program Files\Microsoft SQL Server\110\DTS\Binn\;C:\Program Files (x86)\Microsoft SQL Server\110\Tools\Binn\;C:\Program Files\Microsoft SQL Server\110\Tools\Binn\;C:\Program Files (x86)\Microsoft SQL Server\110\Tools\Binn\ManagementStudio\;C:\Program Files (x86)\Microsoft Visual Studio 10.0\Common7\IDE\PrivateAssemblies\;C:\Program Files (x86)\Microsoft SQL Server\110\DTS\Binn\;D:\apache-tomcat-8.0.24\lib;D:\apache-tomcat-8.0.24\bin
USERNAME=lenovo
OS=Windows_NT
PROCESSOR_IDENTIFIER=Intel64 Family 6 Model 61 Stepping 4, GenuineIntel



---------------  S Y S T E M  ---------------

OS: Windows 8.1 , 64 bit Build 9600 (6.3.9600.17415)

CPU:total 4 (2 cores per cpu, 2 threads per core) family 6 model 61 stepping 4, cmov, cx8, fxsr, mmx, sse, sse2, sse3, ssse3, sse4.1, sse4.2, popcnt, avx, avx2, aes, clmul, erms, 3dnowpref, lzcnt, ht, tsc, tscinvbit, bmi1, bmi2, adx

Memory: 4k page, physical 8301656k(1270360k free), swap 8301656k(6792k free)

vm_info: OpenJDK 64-Bit Server VM (25.112-b06) for windows-amd64 JRE (1.8.0_112-release-b06), built on Dec  8 2016 00:54:26 by "builder" with MS VC++ 10.0 (VS2010)

time: Thu Nov 02 02:32:52 2017
elapsed time: 10 seconds (0d 0h 0m 10s)

