#
# There is insufficient memory for the Java Runtime Environment to continue.
# Native memory allocation (malloc) failed to allocate 131088 bytes for Chunk::new
# Possible reasons:
#   The system is out of physical RAM or swap space
#   In 32 bit mode, the process size limit was hit
# Possible solutions:
#   Reduce memory load on the system
#   Increase physical memory or swap space
#   Check if swap backing store is full
#   Use 64 bit Java on a 64 bit OS
#   Decrease Java heap size (-Xmx/-Xms)
#   Decrease number of Java threads
#   Decrease Java thread stack sizes (-Xss)
#   Set larger code cache with -XX:ReservedCodeCacheSize=
# This output file may be truncated or incomplete.
#
#  Out of Memory Error (allocation.cpp:390), pid=3988, tid=0x00000000000019d0
#
# JRE version: OpenJDK Runtime Environment (8.0_112-b06) (build 1.8.0_112-release-b06)
# Java VM: OpenJDK 64-Bit Server VM (25.112-b06 mixed mode windows-amd64 compressed oops)
# Failed to write core dump. Minidumps are not enabled by default on client versions of Windows
#

---------------  T H R E A D  ---------------

Current thread (0x000000001383e800):  JavaThread "C2 CompilerThread0" daemon [_thread_in_native, id=6608, stack(0x00000000151f0000,0x00000000152f0000)]

Stack: [0x00000000151f0000,0x00000000152f0000]
[error occurred during error reporting (printing stack bounds), id 0xc0000005]

Native frames: (J=compiled Java code, j=interpreted, Vv=VM code, C=native code)


Current CompileTask:
C2:10726867 10788       4       org.apache.ivy.core.IvyPatternHelper::substituteVariables (213 bytes)


---------------  P R O C E S S  ---------------

Java Threads: ( => current thread )
  0x000000001a67e000 JavaThread "Stdin handler" [_thread_blocked, id=11808, stack(0x0000000017a20000,0x0000000017b20000)]
  0x000000001a680000 JavaThread "Asynchronous log dispatcher for DefaultDaemonConnection: socket connection from /127.0.0.1:64998 to /127.0.0.1:63526" [_thread_blocked, id=10060, stack(0x0000000017920000,0x0000000017a20000)]
  0x000000001a681000 JavaThread "Daemon worker Thread 2" [_thread_in_native, id=11432, stack(0x0000000017820000,0x0000000017920000)]
  0x000000001a679800 JavaThread "Cancel handler" [_thread_blocked, id=11804, stack(0x0000000017720000,0x0000000017820000)]
  0x000000001a67c800 JavaThread "Handler for socket connection from /127.0.0.1:64998 to /127.0.0.1:63526" [_thread_in_native, id=2812, stack(0x0000000017620000,0x0000000017720000)]
  0x000000001a67b800 JavaThread "Daemon Thread 2" [_thread_blocked, id=12016, stack(0x0000000017420000,0x0000000017520000)]
  0x000000001a67b000 JavaThread "pool-6-thread-3" [_thread_blocked, id=12180, stack(0x0000000020000000,0x0000000020100000)]
  0x000000001a677000 JavaThread "pool-6-thread-2" [_thread_blocked, id=12248, stack(0x000000001ff00000,0x0000000020000000)]
  0x000000001a67a000 JavaThread "pool-6-thread-1" [_thread_blocked, id=9032, stack(0x000000001fe00000,0x000000001ff00000)]
  0x0000000018c4d000 JavaThread "pool-2-thread-1" [_thread_blocked, id=3160, stack(0x000000001b250000,0x000000001b350000)]
  0x0000000018c49800 JavaThread "File lock request listener" [_thread_in_native, id=8760, stack(0x0000000019ec0000,0x0000000019fc0000)]
  0x0000000014c97000 JavaThread "pool-1-thread-1" [_thread_blocked, id=11456, stack(0x0000000017520000,0x0000000017620000)]
  0x0000000016819000 JavaThread "Incoming local TCP Connector on port 64998" [_thread_in_native, id=3860, stack(0x00000000170c0000,0x00000000171c0000)]
  0x0000000014c71800 JavaThread "Service Thread" daemon [_thread_blocked, id=8164, stack(0x00000000154f0000,0x00000000155f0000)]
  0x0000000014c08800 JavaThread "C1 CompilerThread2" daemon [_thread_blocked, id=8940, stack(0x00000000153f0000,0x00000000154f0000)]
  0x000000001388d000 JavaThread "C2 CompilerThread1" daemon [_thread_in_native, id=11780, stack(0x00000000152f0000,0x00000000153f0000)]
=>0x000000001383e800 JavaThread "C2 CompilerThread0" daemon [_thread_in_native, id=6608, stack(0x00000000151f0000,0x00000000152f0000)]
  0x0000000013889000 JavaThread "Attach Listener" daemon [_thread_blocked, id=10988, stack(0x00000000150f0000,0x00000000151f0000)]
  0x0000000014bf8800 JavaThread "Signal Dispatcher" daemon [_thread_blocked, id=12088, stack(0x0000000014ff0000,0x00000000150f0000)]
  0x000000000240a000 JavaThread "Finalizer" daemon [_thread_blocked, id=10816, stack(0x0000000014aa0000,0x0000000014ba0000)]
  0x0000000002401000 JavaThread "Reference Handler" daemon [_thread_blocked, id=2028, stack(0x00000000149a0000,0x0000000014aa0000)]
  0x0000000002310800 JavaThread "main" [_thread_blocked, id=9724, stack(0x0000000002180000,0x0000000002280000)]

Other Threads:
  0x00000000137f4800 VMThread [stack: 0x00000000148a0000,0x00000000149a0000] [id=11628]
  0x0000000014ca7000 WatcherThread [stack: 0x00000000155f0000,0x00000000156f0000] [id=10976]

VM state:not at safepoint (normal execution)

VM Mutex/Monitor currently owned by a thread: None

Heap:
 PSYoungGen      total 147456K, used 78174K [0x00000000f5580000, 0x00000000fff80000, 0x0000000100000000)
  eden space 121856K, 51% used [0x00000000f5580000,0x00000000f932c350,0x00000000fcc80000)
  from space 25600K, 58% used [0x00000000fe680000,0x00000000ff52b780,0x00000000fff80000)
  to   space 26112K, 0% used [0x00000000fcc80000,0x00000000fcc80000,0x00000000fe600000)
 ParOldGen       total 154112K, used 48824K [0x00000000e0000000, 0x00000000e9680000, 0x00000000f5580000)
  object space 154112K, 31% used [0x00000000e0000000,0x00000000e2fae238,0x00000000e9680000)
 Metaspace       used 62999K, capacity 64924K, committed 65280K, reserved 1105920K
  class space    used 8174K, capacity 8577K, committed 8704K, reserved 1048576K

Card table byte_map: [0x00000000117d0000,0x00000000118e0000] byte_map_base: 0x00000000110d0000

Marking Bits: (ParMarkBitMap*) 0x000000006a5d18f0
 Begin Bits: [0x0000000011d90000, 0x0000000012590000)
 End Bits:   [0x0000000012590000, 0x0000000012d90000)

Polling page: 0x0000000002280000

CodeCache: size=245760Kb used=30294Kb max_used=30294Kb free=215465Kb
 bounds [0x0000000002410000, 0x00000000041d0000, 0x0000000011410000]
 total_blobs=9662 nmethods=8877 adapters=697
 compilation: enabled

Compilation events (10 events):
Event: 10725.243 Thread 0x0000000014c08800 10808       3       org.gradle.api.internal.artifacts.ivyservice.ivyresolve.strategy.DefaultVersionSelectorScheme::renderSelector (8 bytes)
Event: 10725.244 Thread 0x0000000014c08800 nmethod 10808 0x00000000041bff90 code [0x00000000041c0100, 0x00000000041c03d0]
Event: 10725.244 Thread 0x0000000014c08800 10809       3       org.gradle.api.internal.artifacts.ivyservice.ivyresolve.parser.PomReader$PomDependencyData::isOptional (32 bytes)
Event: 10725.245 Thread 0x0000000014c08800 nmethod 10809 0x00000000041c0490 code [0x00000000041c0620, 0x00000000041c0928]
Event: 10725.251 Thread 0x0000000014c08800 10815       3       org.gradle.internal.resource.ExternalResourceName::escapeByte (45 bytes)
Event: 10725.256 Thread 0x0000000014c08800 nmethod 10815 0x00000000041c0a10 code [0x00000000041c0d00, 0x00000000041c2178]
Event: 10725.277 Thread 0x0000000014c08800 10816       3       com.sun.xml.internal.stream.util.BufferAllocator::getByteBuffer (59 bytes)
Event: 10725.278 Thread 0x0000000014c08800 nmethod 10816 0x00000000041c2fd0 code [0x00000000041c3140, 0x00000000041c33f0]
Event: 10725.298 Thread 0x0000000014c08800 10817       3       org.gradle.api.internal.artifacts.ivyservice.resolveengine.graph.DependencyGraphBuilder$ResolveState::getSelector (54 bytes)
Event: 10725.300 Thread 0x0000000014c08800 nmethod 10817 0x00000000041c3450 code [0x00000000041c3600, 0x00000000041c3bf8]

GC Heap History (10 events):
Event: 68.573 GC heap before
{Heap before GC invocations=15 (full 2):
 PSYoungGen      total 117760K, used 117744K [0x00000000f5580000, 0x00000000fe380000, 0x0000000100000000)
  eden space 104448K, 100% used [0x00000000f5580000,0x00000000fbb80000,0x00000000fbb80000)
  from space 13312K, 99% used [0x00000000fcc00000,0x00000000fd8fc008,0x00000000fd900000)
  to   space 16896K, 0% used [0x00000000fbb80000,0x00000000fbb80000,0x00000000fcc00000)
 ParOldGen       total 96768K, used 20919K [0x00000000e0000000, 0x00000000e5e80000, 0x00000000f5580000)
  object space 96768K, 21% used [0x00000000e0000000,0x00000000e146dd58,0x00000000e5e80000)
 Metaspace       used 56385K, capacity 57892K, committed 58112K, reserved 1099776K
  class space    used 7527K, capacity 7853K, committed 7936K, reserved 1048576K
Event: 68.651 GC heap after
Heap after GC invocations=15 (full 2):
 PSYoungGen      total 121344K, used 16873K [0x00000000f5580000, 0x00000000ffb00000, 0x0000000100000000)
  eden space 104448K, 0% used [0x00000000f5580000,0x00000000f5580000,0x00000000fbb80000)
  from space 16896K, 99% used [0x00000000fbb80000,0x00000000fcbfa430,0x00000000fcc00000)
  to   space 20992K, 0% used [0x00000000fe680000,0x00000000fe680000,0x00000000ffb00000)
 ParOldGen       total 96768K, used 25844K [0x00000000e0000000, 0x00000000e5e80000, 0x00000000f5580000)
  object space 96768K, 26% used [0x00000000e0000000,0x00000000e193d050,0x00000000e5e80000)
 Metaspace       used 56385K, capacity 57892K, committed 58112K, reserved 1099776K
  class space    used 7527K, capacity 7853K, committed 7936K, reserved 1048576K
}
Event: 70.720 GC heap before
{Heap before GC invocations=16 (full 2):
 PSYoungGen      total 121344K, used 56857K [0x00000000f5580000, 0x00000000ffb00000, 0x0000000100000000)
  eden space 104448K, 38% used [0x00000000f5580000,0x00000000f7c8c148,0x00000000fbb80000)
  from space 16896K, 99% used [0x00000000fbb80000,0x00000000fcbfa430,0x00000000fcc00000)
  to   space 20992K, 0% used [0x00000000fe680000,0x00000000fe680000,0x00000000ffb00000)
 ParOldGen       total 96768K, used 25844K [0x00000000e0000000, 0x00000000e5e80000, 0x00000000f5580000)
  object space 96768K, 26% used [0x00000000e0000000,0x00000000e193d050,0x00000000e5e80000)
 Metaspace       used 57423K, capacity 58980K, committed 59136K, reserved 1099776K
  class space    used 7595K, capacity 7917K, committed 7936K, reserved 1048576K
Event: 70.898 GC heap after
Heap after GC invocations=16 (full 2):
 PSYoungGen      total 142336K, used 20980K [0x00000000f5580000, 0x0000000100000000, 0x0000000100000000)
  eden space 121344K, 0% used [0x00000000f5580000,0x00000000f5580000,0x00000000fcc00000)
  from space 20992K, 99% used [0x00000000fe680000,0x00000000ffafd040,0x00000000ffb00000)
  to   space 26624K, 0% used [0x00000000fcc00000,0x00000000fcc00000,0x00000000fe600000)
 ParOldGen       total 96768K, used 32843K [0x00000000e0000000, 0x00000000e5e80000, 0x00000000f5580000)
  object space 96768K, 33% used [0x00000000e0000000,0x00000000e2012d38,0x00000000e5e80000)
 Metaspace       used 57423K, capacity 58980K, committed 59136K, reserved 1099776K
  class space    used 7595K, capacity 7917K, committed 7936K, reserved 1048576K
}
Event: 70.898 GC heap before
{Heap before GC invocations=17 (full 3):
 PSYoungGen      total 142336K, used 20980K [0x00000000f5580000, 0x0000000100000000, 0x0000000100000000)
  eden space 121344K, 0% used [0x00000000f5580000,0x00000000f5580000,0x00000000fcc00000)
  from space 20992K, 99% used [0x00000000fe680000,0x00000000ffafd040,0x00000000ffb00000)
  to   space 26624K, 0% used [0x00000000fcc00000,0x00000000fcc00000,0x00000000fe600000)
 ParOldGen       total 96768K, used 32843K [0x00000000e0000000, 0x00000000e5e80000, 0x00000000f5580000)
  object space 96768K, 33% used [0x00000000e0000000,0x00000000e2012d38,0x00000000e5e80000)
 Metaspace       used 57423K, capacity 58980K, committed 59136K, reserved 1099776K
  class space    used 7595K, capacity 7917K, committed 7936K, reserved 1048576K
Event: 71.837 GC heap after
Heap after GC invocations=17 (full 3):
 PSYoungGen      total 142336K, used 0K [0x00000000f5580000, 0x0000000100000000, 0x0000000100000000)
  eden space 121344K, 0% used [0x00000000f5580000,0x00000000f5580000,0x00000000fcc00000)
  from space 20992K, 0% used [0x00000000fe680000,0x00000000fe680000,0x00000000ffb00000)
  to   space 26624K, 0% used [0x00000000fcc00000,0x00000000fcc00000,0x00000000fe600000)
 ParOldGen       total 154112K, used 48808K [0x00000000e0000000, 0x00000000e9680000, 0x00000000f5580000)
  object space 154112K, 31% used [0x00000000e0000000,0x00000000e2faa238,0x00000000e9680000)
 Metaspace       used 57421K, capacity 58974K, committed 59136K, reserved 1099776K
  class space    used 7595K, capacity 7916K, committed 7936K, reserved 1048576K
}
Event: 92.361 GC heap before
{Heap before GC invocations=18 (full 3):
 PSYoungGen      total 142336K, used 121344K [0x00000000f5580000, 0x0000000100000000, 0x0000000100000000)
  eden space 121344K, 100% used [0x00000000f5580000,0x00000000fcc00000,0x00000000fcc00000)
  from space 20992K, 0% used [0x00000000fe680000,0x00000000fe680000,0x00000000ffb00000)
  to   space 26624K, 0% used [0x00000000fcc00000,0x00000000fcc00000,0x00000000fe600000)
 ParOldGen       total 154112K, used 48808K [0x00000000e0000000, 0x00000000e9680000, 0x00000000f5580000)
  object space 154112K, 31% used [0x00000000e0000000,0x00000000e2faa238,0x00000000e9680000)
 Metaspace       used 60010K, capacity 61898K, committed 62080K, reserved 1103872K
  class space    used 7870K, capacity 8270K, committed 8320K, reserved 1048576K
Event: 92.400 GC heap after
Heap after GC invocations=18 (full 3):
 PSYoungGen      total 147968K, used 14782K [0x00000000f5580000, 0x0000000100000000, 0x0000000100000000)
  eden space 121344K, 0% used [0x00000000f5580000,0x00000000f5580000,0x00000000fcc00000)
  from space 26624K, 55% used [0x00000000fcc00000,0x00000000fda6fbd0,0x00000000fe600000)
  to   space 26112K, 0% used [0x00000000fe680000,0x00000000fe680000,0x0000000100000000)
 ParOldGen       total 154112K, used 48816K [0x00000000e0000000, 0x00000000e9680000, 0x00000000f5580000)
  object space 154112K, 31% used [0x00000000e0000000,0x00000000e2fac238,0x00000000e9680000)
 Metaspace       used 60010K, capacity 61898K, committed 62080K, reserved 1103872K
  class space    used 7870K, capacity 8270K, committed 8320K, reserved 1048576K
}
Event: 5569.140 GC heap before
{Heap before GC invocations=19 (full 3):
 PSYoungGen      total 147968K, used 136126K [0x00000000f5580000, 0x0000000100000000, 0x0000000100000000)
  eden space 121344K, 100% used [0x00000000f5580000,0x00000000fcc00000,0x00000000fcc00000)
  from space 26624K, 55% used [0x00000000fcc00000,0x00000000fda6fbd0,0x00000000fe600000)
  to   space 26112K, 0% used [0x00000000fe680000,0x00000000fe680000,0x0000000100000000)
 ParOldGen       total 154112K, used 48816K [0x00000000e0000000, 0x00000000e9680000, 0x00000000f5580000)
  object space 154112K, 31% used [0x00000000e0000000,0x00000000e2fac238,0x00000000e9680000)
 Metaspace       used 62862K, capacity 64760K, committed 64896K, reserved 1105920K
  class space    used 8165K, capacity 8567K, committed 8576K, reserved 1048576K
Event: 5569.232 GC heap after
Heap after GC invocations=19 (full 3):
 PSYoungGen      total 147456K, used 15021K [0x00000000f5580000, 0x00000000fff80000, 0x0000000100000000)
  eden space 121856K, 0% used [0x00000000f5580000,0x00000000f5580000,0x00000000fcc80000)
  from space 25600K, 58% used [0x00000000fe680000,0x00000000ff52b780,0x00000000fff80000)
  to   space 26112K, 0% used [0x00000000fcc80000,0x00000000fcc80000,0x00000000fe600000)
 ParOldGen       total 154112K, used 48824K [0x00000000e0000000, 0x00000000e9680000, 0x00000000f5580000)
  object space 154112K, 31% used [0x00000000e0000000,0x00000000e2fae238,0x00000000e9680000)
 Metaspace       used 62862K, capacity 64760K, committed 64896K, reserved 1105920K
  class space    used 8165K, capacity 8567K, committed 8576K, reserved 1048576K
}

Deoptimization events (10 events):
Event: 10723.421 Thread 0x000000001a67b800 Uncommon trap: reason=predicate action=maybe_recompile pc=0x000000000377d094 method=java.util.concurrent.CopyOnWriteArrayList.indexOf(Ljava/lang/Object;[Ljava/lang/Object;II)I @ 41
Event: 10723.470 Thread 0x000000001a67c800 Uncommon trap: reason=class_check action=maybe_recompile pc=0x00000000026ce920 method=java.lang.reflect.Array.newInstance(Ljava/lang/Class;I)Ljava/lang/Object; @ 2
Event: 10723.492 Thread 0x000000001a67b800 Uncommon trap: reason=class_check action=maybe_recompile pc=0x00000000041191e0 method=org.gradle.internal.logging.sink.OutputEventRenderer$2.onOutput(Lorg/gradle/internal/logging/events/OutputEvent;)V @ 11
Event: 10723.492 Thread 0x000000001a67b800 Uncommon trap: reason=unstable_if action=reinterpret pc=0x00000000041154a4 method=org.gradle.internal.logging.console.StyledTextOutputBackedRenderer.onOutput(Lorg/gradle/internal/logging/events/OutputEvent;)V @ 54
Event: 10723.673 Thread 0x000000001a681000 Uncommon trap: reason=unstable_if action=reinterpret pc=0x00000000040ff264 method=java.util.GregorianCalendar.computeFields(II)I @ 223
Event: 10723.673 Thread 0x000000001a681000 Uncommon trap: reason=unstable_if action=reinterpret pc=0x0000000003fbceb8 method=sun.util.calendar.ZoneInfo.getOffsets(J[II)I @ 4
Event: 10723.697 Thread 0x000000001a681000 Uncommon trap: reason=unstable_if action=reinterpret pc=0x000000000299fdd0 method=java.io.ByteArrayInputStream.read()I @ 8
Event: 10723.960 Thread 0x000000001a681000 Uncommon trap: reason=unstable_if action=reinterpret pc=0x000000000412b494 method=java.io.WinNTFileSystem.parentOrNull(Ljava/lang/String;)Ljava/lang/String; @ 76
Event: 10723.960 Thread 0x000000001a681000 Uncommon trap: reason=unstable_if action=reinterpret pc=0x0000000004076ec4 method=java.io.WinNTFileSystem.parentOrNull(Ljava/lang/String;)Ljava/lang/String; @ 76
Event: 10724.647 Thread 0x000000001a681000 Uncommon trap: reason=unstable_if action=reinterpret pc=0x0000000002f0c6dc method=com.sun.org.apache.xerces.internal.impl.XMLScanner.scanAttributeValue(Lcom/sun/org/apache/xerces/internal/xni/XMLString;Lcom/sun/org/apache/xerces/internal/xni/XMLString;LjavÏÜŒðµñÄ@

Internal exceptions (10 events):
Event: 94.718 Thread 0x0000000014c96000 Exception <a 'java/lang/NoSuchMethodError': <clinit>> (0x00000000fa0ada98) thrown at [C:\src\android\AOSP-openjdk\external\jetbrains\jdk\hotspot\src\share\vm\prims\jni.cpp, line 1613]
Event: 94.719 Thread 0x0000000014c96000 Exception <a 'java/lang/NoSuchMethodError': <clinit>> (0x00000000fa0aedc8) thrown at [C:\src\android\AOSP-openjdk\external\jetbrains\jdk\hotspot\src\share\vm\prims\jni.cpp, line 1613]
Event: 94.721 Thread 0x0000000014c96000 Exception <a 'java/lang/NoSuchMethodError': <clinit>> (0x00000000fa0b8f60) thrown at [C:\src\android\AOSP-openjdk\external\jetbrains\jdk\hotspot\src\share\vm\prims\jni.cpp, line 1613]
Event: 94.722 Thread 0x0000000014c96000 Exception <a 'java/lang/NoSuchMethodError': <clinit>> (0x00000000fa0c2690) thrown at [C:\src\android\AOSP-openjdk\external\jetbrains\jdk\hotspot\src\share\vm\prims\jni.cpp, line 1613]
Event: 94.722 Thread 0x0000000014c96000 Exception <a 'java/lang/NoSuchMethodError': <clinit>> (0x00000000fa0c43b0) thrown at [C:\src\android\AOSP-openjdk\external\jetbrains\jdk\hotspot\src\share\vm\prims\jni.cpp, line 1613]
Event: 94.740 Thread 0x0000000014c97800 Exception <a 'java/lang/NoSuchMethodError': <clinit>> (0x00000000fa1c62a0) thrown at [C:\src\android\AOSP-openjdk\external\jetbrains\jdk\hotspot\src\share\vm\prims\jni.cpp, line 1613]
Event: 632.531 Thread 0x0000000018c4d000 Exception <a 'sun/nio/fs/WindowsException'> (0x00000000f9e34400) thrown at [C:\src\android\AOSP-openjdk\external\jetbrains\jdk\hotspot\src\share\vm\prims\jni.cpp, line 709]
Event: 10723.673 Thread 0x000000001a681000 Implicit null exception at 0x0000000003fbcb57 to 0x0000000003fbce99
Event: 10723.922 Thread 0x000000001a681000 Exception <a 'java/lang/ClassNotFoundException': asLocalRepo598_883yr7uexx7a8lggh6rlf3xkiBeanInfo> (0x00000000f8311a00) thrown at [C:\src\android\AOSP-openjdk\external\jetbrains\jdk\hotspot\src\share\vm\classfile\systemDictionary.cpp, line 210]
Event: 10723.922 Thread 0x000000001a681000 Exception <a 'java/lang/ClassNotFoundException': asLocalRepo598_883yr7uexx7a8lggh6rlf3xkiCustomizer> (0x00000000f831caf0) thrown at [C:\src\android\AOSP-openjdk\external\jetbrains\jdk\hotspot\src\share\vm\classfile\systemDictionary.cpp, line 210]

Events (10 events):
Event: 10724.142 loading class groovy/runtime/metaclass/asLocalRepo598_883yr7uexx7a8lggh6rlf3xki$_run_closure1$_closure3$_closure6MetaClass done
Event: 10724.154 Executing VM operation: RevokeBias
Event: 10724.155 Executing VM operation: RevokeBias done
Event: 10724.188 Executing VM operation: RevokeBias
Event: 10724.188 Executing VM operation: RevokeBias done
Event: 10724.210 Executing VM operation: RevokeBias
Event: 10724.211 Executing VM operation: RevokeBias done
Event: 10724.647 Thread 0x000000001a681000 Uncommon trap: trap_request=0xffffff65 fr.pc=0x0000000002f0c6dc
Event: 10724.647 Thread 0x000000001a681000 DEOPT PACKING pc=0x0000000002f0c6dc sp=0x0000000017919ed0
Event: 10724.647 Thread 0x000000001a681000 DEOPT UNPACKING pc=0x000000000245556a sp=0x0000000017919e68 mode 2


Dynamic libraries:
0x00007ff7d41b0000 - 0x00007ff7d41e1000 	D:\Android Studio\jre\bin\java.exe
0x00007ff8e6230000 - 0x00007ff8e63dd000 	C:\windows\SYSTEM32\ntdll.dll
0x00007ff8e5b30000 - 0x00007ff8e5c6e000 	C:\windows\system32\KERNEL32.DLL
0x00007ff8e30a0000 - 0x00007ff8e31b5000 	C:\windows\system32\KERNELBASE.dll
0x00007ff8e3f70000 - 0x00007ff8e401a000 	C:\windows\system32\ADVAPI32.dll
0x00007ff8e60b0000 - 0x00007ff8e6227000 	C:\windows\system32\USER32.dll
0x00007ff8e0930000 - 0x00007ff8e0bab000 	C:\windows\WinSxS\amd64_microsoft.windows.common-controls_6595b64144ccf1df_6.0.9600.18006_none_623f33d3ecbe86e8\COMCTL32.dll
0x00007ff8e3690000 - 0x00007ff8e373a000 	C:\windows\system32\msvcrt.dll
0x00007ff8e5ad0000 - 0x00007ff8e5b29000 	C:\windows\SYSTEM32\sechost.dll
0x00007ff8e39a0000 - 0x00007ff8e3ae0000 	C:\windows\system32\RPCRT4.dll
0x00007ff8e37a0000 - 0x00007ff8e38ef000 	C:\windows\system32\GDI32.dll
0x00007ff8e31c0000 - 0x00007ff8e31ee000 	C:\windows\system32\SspiCli.dll
0x00007ff8e4020000 - 0x00007ff8e4056000 	C:\windows\system32\IMM32.DLL
0x00007ff8e5840000 - 0x00007ff8e5992000 	C:\windows\system32\MSCTF.dll
0x00000000698d0000 - 0x00000000699a2000 	D:\Android Studio\jre\jre\bin\msvcr100.dll
0x0000000069e10000 - 0x000000006a64c000 	D:\Android Studio\jre\jre\bin\server\jvm.dll
0x00007ff8cbf00000 - 0x00007ff8cbf09000 	C:\windows\SYSTEM32\WSOCK32.dll
0x00007ff8e3580000 - 0x00007ff8e35a2000 	C:\windows\system32\WINMM.dll
0x00007ff8db950000 - 0x00007ff8db95a000 	C:\windows\SYSTEM32\VERSION.dll
0x00007ff8e6080000 - 0x00007ff8e6087000 	C:\windows\system32\PSAPI.DLL
0x00007ff8e59a0000 - 0x00007ff8e59fa000 	C:\windows\system32\WS2_32.dll
0x00007ff8e3070000 - 0x00007ff8e309a000 	C:\windows\system32\WINMMBASE.dll
0x00007ff8e5f70000 - 0x00007ff8e5f79000 	C:\windows\system32\NSI.dll
0x00007ff8e3350000 - 0x00007ff8e339f000 	C:\windows\SYSTEM32\cfgmgr32.dll
0x00007ff8e3020000 - 0x00007ff8e3048000 	C:\windows\system32\DEVOBJ.dll
0x00007ff8ce960000 - 0x00007ff8ce96f000 	D:\Android Studio\jre\jre\bin\verify.dll
0x00007ff8cbfd0000 - 0x00007ff8cbff9000 	D:\Android Studio\jre\jre\bin\java.dll
0x00007ff8cbfb0000 - 0x00007ff8cbfc6000 	D:\Android Studio\jre\jre\bin\zip.dll
0x00007ff8e4060000 - 0x00007ff8e5589000 	C:\windows\system32\SHELL32.dll
0x00007ff8e3ba0000 - 0x00007ff8e3db1000 	C:\windows\SYSTEM32\combase.dll
0x00007ff8e3740000 - 0x00007ff8e3794000 	C:\windows\system32\SHLWAPI.dll
0x00007ff8e1830000 - 0x00007ff8e18e2000 	C:\windows\SYSTEM32\SHCORE.dll
0x00007ff8e2f70000 - 0x00007ff8e2f85000 	C:\windows\SYSTEM32\profapi.dll
0x00007ff8cbf90000 - 0x00007ff8cbfaa000 	D:\Android Studio\jre\jre\bin\net.dll
0x00007ff8e2860000 - 0x00007ff8e28b9000 	C:\windows\system32\mswsock.dll
0x00007ff8cbf70000 - 0x00007ff8cbf81000 	D:\Android Studio\jre\jre\bin\nio.dll
0x00007ff8ceb80000 - 0x00007ff8ceb9e000 	D:\Android Studio\gradle\gradle-3.3\native\23\windows-amd64\native-platform.dll
0x00007ff8e28c0000 - 0x00007ff8e28e0000 	C:\windows\SYSTEM32\CRYPTSP.dll
0x00007ff8e24e0000 - 0x00007ff8e2516000 	C:\windows\system32\rsaenh.dll
0x00007ff8e2b10000 - 0x00007ff8e2b36000 	C:\windows\SYSTEM32\bcrypt.dll
0x00007ff8e25f0000 - 0x00007ff8e2611000 	C:\windows\SYSTEM32\USERENV.dll
0x00007ff8e2e40000 - 0x00007ff8e2ea3000 	C:\windows\system32\bcryptprimitives.dll
0x00007ff8e2eb0000 - 0x00007ff8e2ebb000 	C:\windows\SYSTEM32\CRYPTBASE.dll
0x00007ff8df5b0000 - 0x00007ff8df5da000 	C:\windows\SYSTEM32\IPHLPAPI.DLL
0x00007ff8df530000 - 0x00007ff8df53a000 	C:\windows\SYSTEM32\WINNSI.DLL
0x00007ff8df090000 - 0x00007ff8df0a6000 	C:\windows\SYSTEM32\dhcpcsvc6.DLL
0x00007ff8df230000 - 0x00007ff8df24a000 	C:\windows\SYSTEM32\dhcpcsvc.DLL
0x00007ff8c87e0000 - 0x00007ff8c87ed000 	D:\Android Studio\jre\jre\bin\management.dll
0x00007ff8e0ed0000 - 0x00007ff8e0f02000 	C:\windows\SYSTEM32\ntmarta.dll
0x00007ff8c0100000 - 0x00007ff8c0124000 	D:\Android Studio\jre\jre\bin\sunec.dll
0x00007ff8df940000 - 0x00007ff8df94b000 	D:\Android Studio\jre\jre\bin\sunmscapi.dll
0x00007ff8e33a0000 - 0x00007ff8e357f000 	C:\windows\system32\CRYPT32.dll
0x00007ff8e3050000 - 0x00007ff8e3061000 	C:\windows\system32\MSASN1.dll

VM Arguments:
jvm_args: -Xmx512m -Dfile.encoding=GBK -Duser.country=CN -Duser.language=zh -Duser.variant 
java_command: org.gradle.launcher.daemon.bootstrap.GradleDaemon 3.3
java_class_path (initial): D:\Android Studio\gradle\gradle-3.3\wrapper\dists\gradle-3.3-all\55gk2rcmfc6p2dg9u9ohc3hw9\gradle-3.3\lib\gradle-launcher-3.3.jar
Launcher Type: SUN_STANDARD

Environment Variables:
JAVA_HOME=D:\Program Files\Java\jdk1.8.0_60
CLASSPATH=.
PATH=D:\Program Files\Java\jdk1.8.0_60\bin;C:\Program Files (x86)\Lenovo\FusionEngine;C:\Program Files (x86)\Intel\iCLS Client\;C:\Program Files\Intel\iCLS Client\;C:\windows\system32;C:\windows;C:\windows\System32\Wbem;C:\windows\System32\WindowsPowerShell\v1.0\;C:\Program Files (x86)\ATI Technologies\ATI.ACE\Core-Static;C:\Program Files\Intel\Intel(R) Management Engine Components\DAL;C:\Program Files (x86)\Intel\Intel(R) Management Engine Components\DAL;C:\Program Files\Intel\Intel(R) Management Engine Components\IPT;C:\Program Files (x86)\Intel\Intel(R) Management Engine Components\IPT;C:\Program Files (x86)\Common Files\lenovo\easyplussdk\bin;C:\Program Files (x86)\Microsoft SQL Server\100\Tools\Binn\;C:\Program Files\Microsoft SQL Server\100\Tools\Binn\;C:\Program Files\Microsoft SQL Server\100\DTS\Binn\;C:\Program Files (x86)\Microsoft SQL Server\100\Tools\Binn\VSShell\Common7\IDE\;C:\Program Files (x86)\Microsoft SQL Server\100\DTS\Binn\;C:\Program Files (x86)\Microsoft Visual Studio 9.0\Common7\IDE\PrivateAssemblies\;D:\mysql\mysql-5.7.18-winx64\bin;D:\Git\cmd;D:\Android_sdk\build-tools;D:\Android_sdk\tools;;C:\Program Files\Microsoft SQL Server\110\DTS\Binn\;C:\Program Files (x86)\Microsoft SQL Server\110\Tools\Binn\;C:\Program Files\Microsoft SQL Server\110\Tools\Binn\;C:\Program Files (x86)\Microsoft SQL Server\110\Tools\Binn\ManagementStudio\;C:\Program Files (x86)\Microsoft Visual Studio 10.0\Common7\IDE\PrivateAssemblies\;C:\Program Files (x86)\Microsoft SQL Server\110\DTS\Binn\;D:\apache-tomcat-8.0.24\lib;D:\apache-tomcat-8.0.24\bin
USERNAME=lenovo
OS=Windows_NT
PROCESSOR_IDENTIFIER=Intel64 Family 6 Model 61 Stepping 4, GenuineIntel



---------------  S Y S T E M  ---------------

OS: Windows 8.1 , 64 bit Build 9600 (6.3.9600.17415)

CPU:total 4 (2 cores per cpu, 2 threads per core) family 6 model 61 stepping 4, cmov, cx8, fxsr, mmx, sse, sse2, sse3, ssse3, sse4.1, sse4.2, popcnt, avx, avx2, aes, clmul, erms, 3dnowpref, lzcnt, ht, tsc, tscinvbit, bmi1, bmi2, adx

Memory: 4k page, physical 8301656k(993464k free), swap 8301656k(5224k free)

vm_info: OpenJDK 64-Bit Server VM (25.112-b06) for windows-amd64 JRE (1.8.0_112-release-b06), built on Dec  8 2016 00:54:26 by "builder" with MS VC++ 10.0 (VS2010)

time: Tue Nov 14 22:52:50 2017
elapsed time: 10725 seconds (0d 2h 58m 45s)

