#
# There is insufficient memory for the Java Runtime Environment to continue.
# Native memory allocation (malloc) failed to allocate 32744 bytes for ChunkPool::allocate
# Possible reasons:
#   The system is out of physical RAM or swap space
#   In 32 bit mode, the process size limit was hit
# Possible solutions:
#   Reduce memory load on the system
#   Increase physical memory or swap space
#   Check if swap backing store is full
#   Use 64 bit Java on a 64 bit OS
#   Decrease Java heap size (-Xmx/-Xms)
#   Decrease number of Java threads
#   Decrease Java thread stack sizes (-Xss)
#   Set larger code cache with -XX:ReservedCodeCacheSize=
# This output file may be truncated or incomplete.
#
#  Out of Memory Error (allocation.cpp:273), pid=9520, tid=0x0000000000001a3c
#
# JRE version: OpenJDK Runtime Environment (8.0_112-b06) (build 1.8.0_112-release-b06)
# Java VM: OpenJDK 64-Bit Server VM (25.112-b06 mixed mode windows-amd64 compressed oops)
# Failed to write core dump. Minidumps are not enabled by default on client versions of Windows
#

---------------  T H R E A D  ---------------

Current thread (0x000000001438b800):  JavaThread "C2 CompilerThread0" daemon [_thread_in_native, id=6716, stack(0x0000000015c90000,0x0000000015d90000)]

Stack: [0x0000000015c90000,0x0000000015d90000]
[error occurred during error reporting (printing stack bounds), id 0xc0000005]

Native frames: (J=compiled Java code, j=interpreted, Vv=VM code, C=native code)


Current CompileTask:
C2:  41449 7312   !   4       java.net.URLClassLoader$1::run (63 bytes)


---------------  P R O C E S S  ---------------

Java Threads: ( => current thread )
  0x000000001c673800 JavaThread "Cache update executor" [_thread_blocked, id=11976, stack(0x000000001fcf0000,0x000000001fdf0000)]
  0x000000001c670800 JavaThread "pool-2-thread-1" [_thread_blocked, id=11056, stack(0x000000001d7b0000,0x000000001d8b0000)]
  0x000000001c673000 JavaThread "File lock request listener" [_thread_in_native, id=13332, stack(0x000000001d4b0000,0x000000001d5b0000)]
  0x000000001709d000 JavaThread "Stdin handler" [_thread_blocked, id=3180, stack(0x00000000187e0000,0x00000000188e0000)]
  0x0000000017291000 JavaThread "Asynchronous log dispatcher for DefaultDaemonConnection: socket connection from /127.0.0.1:57478 to /127.0.0.1:57482" [_thread_blocked, id=5792, stack(0x00000000186e0000,0x00000000187e0000)]
  0x000000001576d000 JavaThread "Daemon worker" [_thread_in_native, id=12732, stack(0x00000000185e0000,0x00000000186e0000)]
  0x0000000017487800 JavaThread "Cancel handler" [_thread_blocked, id=9800, stack(0x00000000184e0000,0x00000000185e0000)]
  0x00000000168db800 JavaThread "pool-1-thread-1" [_thread_blocked, id=11368, stack(0x00000000183e0000,0x00000000184e0000)]
  0x000000001728c800 JavaThread "Handler for socket connection from /127.0.0.1:57478 to /127.0.0.1:57482" [_thread_in_native, id=12640, stack(0x00000000182e0000,0x00000000183e0000)]
  0x00000000167ea000 JavaThread "Daemon" [_thread_blocked, id=11460, stack(0x00000000181e0000,0x00000000182e0000)]
  0x0000000017293800 JavaThread "Incoming local TCP Connector on port 57478" [_thread_in_native, id=920, stack(0x0000000017b60000,0x0000000017c60000)]
  0x00000000156c2000 JavaThread "Service Thread" daemon [_thread_blocked, id=8796, stack(0x0000000015f90000,0x0000000016090000)]
  0x000000001569f800 JavaThread "C1 CompilerThread2" daemon [_thread_in_native, id=6236, stack(0x0000000015e90000,0x0000000015f90000)]
  0x000000001438e800 JavaThread "C2 CompilerThread1" daemon [_thread_in_native, id=7048, stack(0x0000000015d90000,0x0000000015e90000)]
=>0x000000001438b800 JavaThread "C2 CompilerThread0" daemon [_thread_in_native, id=6716, stack(0x0000000015c90000,0x0000000015d90000)]
  0x000000001433b000 JavaThread "Attach Listener" daemon [_thread_blocked, id=4184, stack(0x0000000015b90000,0x0000000015c90000)]
  0x0000000015698800 JavaThread "Signal Dispatcher" daemon [_thread_blocked, id=1852, stack(0x0000000015a90000,0x0000000015b90000)]
  0x0000000002f0a000 JavaThread "Finalizer" daemon [_thread_blocked, id=10400, stack(0x0000000015590000,0x0000000015690000)]
  0x0000000002f01000 JavaThread "Reference Handler" daemon [_thread_blocked, id=8508, stack(0x0000000015490000,0x0000000015590000)]
  0x0000000002e10800 JavaThread "main" [_thread_blocked, id=12344, stack(0x0000000002a00000,0x0000000002b00000)]

Other Threads:
  0x00000000142f4800 VMThread [stack: 0x0000000015390000,0x0000000015490000] [id=10392]
  0x00000000156c3000 WatcherThread [stack: 0x0000000016090000,0x0000000016190000] [id=2824]

VM state:not at safepoint (normal execution)

VM Mutex/Monitor currently owned by a thread: None

Heap:
 PSYoungGen      total 99840K, used 42052K [0x00000000f5580000, 0x00000000fc400000, 0x0000000100000000)
  eden space 91648K, 36% used [0x00000000f5580000,0x00000000f7699068,0x00000000faf00000)
  from space 8192K, 99% used [0x00000000fbc00000,0x00000000fc3f8210,0x00000000fc400000)
  to   space 10752K, 0% used [0x00000000faf00000,0x00000000faf00000,0x00000000fb980000)
 ParOldGen       total 67584K, used 38634K [0x00000000e0000000, 0x00000000e4200000, 0x00000000f5580000)
  object space 67584K, 57% used [0x00000000e0000000,0x00000000e25babf0,0x00000000e4200000)
 Metaspace       used 55495K, capacity 57006K, committed 57216K, reserved 1099776K
  class space    used 7396K, capacity 7764K, committed 7808K, reserved 1048576K

Card table byte_map: [0x00000000122d0000,0x00000000123e0000] byte_map_base: 0x0000000011bd0000

Marking Bits: (ParMarkBitMap*) 0x000000005f6218f0
 Begin Bits: [0x0000000012890000, 0x0000000013090000)
 End Bits:   [0x0000000013090000, 0x0000000013890000)

Polling page: 0x00000000011f0000

CodeCache: size=245760Kb used=22663Kb max_used=22663Kb free=223096Kb
 bounds [0x0000000002f10000, 0x0000000004550000, 0x0000000011f10000]
 total_blobs=7539 nmethods=6771 adapters=679
 compilation: enabled

Compilation events (10 events):
Event: 41.419 Thread 0x000000001569f800 nmethod 7672 0x000000000453f0d0 code [0x000000000453f3c0, 0x000000000453ffc8]
Event: 41.420 Thread 0x000000001569f800 7673       2       com.sun.tools.javac.jvm.ClassWriter$CWSignatureGenerator::assembleSig (74 bytes)
Event: 41.421 Thread 0x000000001569f800 nmethod 7673 0x0000000004540910 code [0x0000000004540ae0, 0x0000000004540ee8]
Event: 41.423 Thread 0x000000001569f800 7674       2       com.sun.tools.javac.tree.JCTree$JCBlock::getTag (4 bytes)
Event: 41.423 Thread 0x000000001569f800 nmethod 7674 0x0000000004541310 code [0x0000000004541460, 0x00000000045415b0]
Event: 41.423 Thread 0x000000001569f800 7675   !   2       com.sun.tools.javac.jvm.Gen::genExpr (146 bytes)
Event: 41.425 Thread 0x000000001569f800 nmethod 7675 0x0000000004541650 code [0x0000000004541860, 0x0000000004541e68]
Event: 41.426 Thread 0x000000001569f800 7676       2       com.sun.tools.javac.jvm.Code::emitop (114 bytes)
Event: 41.428 Thread 0x000000001569f800 nmethod 7676 0x00000000045426d0 code [0x00000000045428e0, 0x0000000004542e68]
Event: 41.435 Thread 0x000000001569f800 7677       2       com.sun.tools.javac.code.Symbol::getRawAttributes (21 bytes)

GC Heap History (10 events):
Event: 21.313 GC heap before
{Heap before GC invocations=8 (full 1):
 PSYoungGen      total 99840K, used 77512K [0x00000000f5580000, 0x00000000fc400000, 0x0000000100000000)
  eden space 91648K, 77% used [0x00000000f5580000,0x00000000f9ac5988,0x00000000faf00000)
  from space 8192K, 80% used [0x00000000fbc00000,0x00000000fc26c688,0x00000000fc400000)
  to   space 10752K, 0% used [0x00000000faf00000,0x00000000faf00000,0x00000000fb980000)
 ParOldGen       total 67584K, used 12696K [0x00000000e0000000, 0x00000000e4200000, 0x00000000f5580000)
  object space 67584K, 18% used [0x00000000e0000000,0x00000000e0c66278,0x00000000e4200000)
 Metaspace       used 34718K, capacity 35358K, committed 35496K, reserved 1079296K
  class space    used 4630K, capacity 4819K, committed 4864K, reserved 1048576K
Event: 21.355 GC heap after
Heap after GC invocations=8 (full 1):
 PSYoungGen      total 102400K, used 10737K [0x00000000f5580000, 0x00000000fc400000, 0x0000000100000000)
  eden space 91648K, 0% used [0x00000000f5580000,0x00000000f5580000,0x00000000faf00000)
  from space 10752K, 99% used [0x00000000faf00000,0x00000000fb97c6e8,0x00000000fb980000)
  to   space 8192K, 0% used [0x00000000fbc00000,0x00000000fbc00000,0x00000000fc400000)
 ParOldGen       total 67584K, used 13295K [0x00000000e0000000, 0x00000000e4200000, 0x00000000f5580000)
  object space 67584K, 19% used [0x00000000e0000000,0x00000000e0cfbe10,0x00000000e4200000)
 Metaspace       used 34718K, capacity 35358K, committed 35496K, reserved 1079296K
  class space    used 4630K, capacity 4819K, committed 4864K, reserved 1048576K
}
Event: 21.355 GC heap before
{Heap before GC invocations=9 (full 2):
 PSYoungGen      total 102400K, used 10737K [0x00000000f5580000, 0x00000000fc400000, 0x0000000100000000)
  eden space 91648K, 0% used [0x00000000f5580000,0x00000000f5580000,0x00000000faf00000)
  from space 10752K, 99% used [0x00000000faf00000,0x00000000fb97c6e8,0x00000000fb980000)
  to   space 8192K, 0% used [0x00000000fbc00000,0x00000000fbc00000,0x00000000fc400000)
 ParOldGen       total 67584K, used 13295K [0x00000000e0000000, 0x00000000e4200000, 0x00000000f5580000)
  object space 67584K, 19% used [0x00000000e0000000,0x00000000e0cfbe10,0x00000000e4200000)
 Metaspace       used 34718K, capacity 35358K, committed 35496K, reserved 1079296K
  class space    used 4630K, capacity 4819K, committed 4864K, reserved 1048576K
Event: 21.599 GC heap after
Heap after GC invocations=9 (full 2):
 PSYoungGen      total 102400K, used 0K [0x00000000f5580000, 0x00000000fc400000, 0x0000000100000000)
  eden space 91648K, 0% used [0x00000000f5580000,0x00000000f5580000,0x00000000faf00000)
  from space 10752K, 0% used [0x00000000faf00000,0x00000000faf00000,0x00000000fb980000)
  to   space 8192K, 0% used [0x00000000fbc00000,0x00000000fbc00000,0x00000000fc400000)
 ParOldGen       total 67584K, used 17811K [0x00000000e0000000, 0x00000000e4200000, 0x00000000f5580000)
  object space 67584K, 26% used [0x00000000e0000000,0x00000000e1164e58,0x00000000e4200000)
 Metaspace       used 34718K, capacity 35358K, committed 35496K, reserved 1079296K
  class space    used 4630K, capacity 4819K, committed 4864K, reserved 1048576K
}
Event: 25.018 GC heap before
{Heap before GC invocations=10 (full 2):
 PSYoungGen      total 102400K, used 91648K [0x00000000f5580000, 0x00000000fc400000, 0x0000000100000000)
  eden space 91648K, 100% used [0x00000000f5580000,0x00000000faf00000,0x00000000faf00000)
  from space 10752K, 0% used [0x00000000faf00000,0x00000000faf00000,0x00000000fb980000)
  to   space 8192K, 0% used [0x00000000fbc00000,0x00000000fbc00000,0x00000000fc400000)
 ParOldGen       total 67584K, used 17811K [0x00000000e0000000, 0x00000000e4200000, 0x00000000f5580000)
  object space 67584K, 26% used [0x00000000e0000000,0x00000000e1164e58,0x00000000e4200000)
 Metaspace       used 42191K, capacity 42942K, committed 43264K, reserved 1087488K
  class space    used 5647K, capacity 5852K, committed 5888K, reserved 1048576K
Event: 25.050 GC heap after
Heap after GC invocations=10 (full 2):
 PSYoungGen      total 99840K, used 8183K [0x00000000f5580000, 0x00000000fc400000, 0x0000000100000000)
  eden space 91648K, 0% used [0x00000000f5580000,0x00000000f5580000,0x00000000faf00000)
  from space 8192K, 99% used [0x00000000fbc00000,0x00000000fc3fdef8,0x00000000fc400000)
  to   space 10752K, 0% used [0x00000000faf00000,0x00000000faf00000,0x00000000fb980000)
 ParOldGen       total 67584K, used 19293K [0x00000000e0000000, 0x00000000e4200000, 0x00000000f5580000)
  object space 67584K, 28% used [0x00000000e0000000,0x00000000e12d7470,0x00000000e4200000)
 Metaspace       used 42191K, capacity 42942K, committed 43264K, reserved 1087488K
  class space    used 5647K, capacity 5852K, committed 5888K, reserved 1048576K
}
Event: 29.770 GC heap before
{Heap before GC invocations=11 (full 2):
 PSYoungGen      total 99840K, used 99831K [0x00000000f5580000, 0x00000000fc400000, 0x0000000100000000)
  eden space 91648K, 100% used [0x00000000f5580000,0x00000000faf00000,0x00000000faf00000)
  from space 8192K, 99% used [0x00000000fbc00000,0x00000000fc3fdef8,0x00000000fc400000)
  to   space 10752K, 0% used [0x00000000faf00000,0x00000000faf00000,0x00000000fb980000)
 ParOldGen       total 67584K, used 19293K [0x00000000e0000000, 0x00000000e4200000, 0x00000000f5580000)
  object space 67584K, 28% used [0x00000000e0000000,0x00000000e12d7470,0x00000000e4200000)
 Metaspace       used 46302K, capacity 47588K, committed 47872K, reserved 1091584K
  class space    used 6254K, capacity 6541K, committed 6656K, reserved 1048576K
Event: 29.855 GC heap after
Heap after GC invocations=11 (full 2):
 PSYoungGen      total 102400K, used 10720K [0x00000000f5580000, 0x00000000fc400000, 0x0000000100000000)
  eden space 91648K, 0% used [0x00000000f5580000,0x00000000f5580000,0x00000000faf00000)
  from space 10752K, 99% used [0x00000000faf00000,0x00000000fb978018,0x00000000fb980000)
  to   space 8192K, 0% used [0x00000000fbc00000,0x00000000fbc00000,0x00000000fc400000)
 ParOldGen       total 67584K, used 23273K [0x00000000e0000000, 0x00000000e4200000, 0x00000000f5580000)
  object space 67584K, 34% used [0x00000000e0000000,0x00000000e16ba4a0,0x00000000e4200000)
 Metaspace       used 46302K, capacity 47588K, committed 47872K, reserved 1091584K
  class space    used 6254K, capacity 6541K, committed 6656K, reserved 1048576K
}
Event: 38.761 GC heap before
{Heap before GC invocations=12 (full 2):
 PSYoungGen      total 102400K, used 102368K [0x00000000f5580000, 0x00000000fc400000, 0x0000000100000000)
  eden space 91648K, 100% used [0x00000000f5580000,0x00000000faf00000,0x00000000faf00000)
  from space 10752K, 99% used [0x00000000faf00000,0x00000000fb978018,0x00000000fb980000)
  to   space 8192K, 0% used [0x00000000fbc00000,0x00000000fbc00000,0x00000000fc400000)
 ParOldGen       total 67584K, used 23273K [0x00000000e0000000, 0x00000000e4200000, 0x00000000f5580000)
  object space 67584K, 34% used [0x00000000e0000000,0x00000000e16ba4a0,0x00000000e4200000)
 Metaspace       used 54239K, capacity 55790K, committed 56064K, reserved 1097728K
  class space    used 7290K, capacity 7636K, committed 7680K, reserved 1048576K
Event: 38.860 GC heap after
Heap after GC invocations=12 (full 2):
 PSYoungGen      total 99840K, used 8160K [0x00000000f5580000, 0x00000000fc400000, 0x0000000100000000)
  eden space 91648K, 0% used [0x00000000f5580000,0x00000000f5580000,0x00000000faf00000)
  from space 8192K, 99% used [0x00000000fbc00000,0x00000000fc3f8210,0x00000000fc400000)
  to   space 10752K, 0% used [0x00000000faf00000,0x00000000faf00000,0x00000000fb980000)
 ParOldGen       total 67584K, used 38634K [0x00000000e0000000, 0x00000000e4200000, 0x00000000f5580000)
  object space 67584K, 57% used [0x00000000e0000000,0x00000000e25babf0,0x00000000e4200000)
 Metaspace       used 54239K, capacity 55790K, committed 56064K, reserved 1097728K
  class space    used 7290K, capacity 7636K, committed 7680K, reserved 1048576K
}

Deoptimization events (10 events):
Event: 40.293 Thread 0x000000001576d000 Uncommon trap: reason=bimorphic action=maybe_recompile pc=0x00000000043ea34c method=com.sun.tools.javac.code.Scope.lookup(Lcom/sun/tools/javac/util/Name;Lcom/sun/tools/javac/util/Filter;)Lcom/sun/tools/javac/code/Scope$Entry; @ 49
Event: 40.293 Thread 0x000000001576d000 Uncommon trap: reason=bimorphic action=maybe_recompile pc=0x00000000043ea34c method=com.sun.tools.javac.code.Scope.lookup(Lcom/sun/tools/javac/util/Name;Lcom/sun/tools/javac/util/Filter;)Lcom/sun/tools/javac/code/Scope$Entry; @ 49
Event: 40.481 Thread 0x000000001576d000 Uncommon trap: reason=class_check action=maybe_recompile pc=0x000000000440615c method=com.sun.tools.javac.code.Type.containsAny(Lcom/sun/tools/javac/util/List;)Z @ 6
Event: 40.489 Thread 0x000000001576d000 Uncommon trap: reason=class_check action=maybe_recompile pc=0x000000000440615c method=com.sun.tools.javac.code.Type.containsAny(Lcom/sun/tools/javac/util/List;)Z @ 6
Event: 40.489 Thread 0x000000001576d000 Uncommon trap: reason=class_check action=maybe_recompile pc=0x000000000440615c method=com.sun.tools.javac.code.Type.containsAny(Lcom/sun/tools/javac/util/List;)Z @ 6
Event: 40.489 Thread 0x000000001576d000 Uncommon trap: reason=class_check action=maybe_recompile pc=0x000000000440615c method=com.sun.tools.javac.code.Type.containsAny(Lcom/sun/tools/javac/util/List;)Z @ 6
Event: 40.558 Thread 0x000000001576d000 Uncommon trap: reason=unstable_if action=reinterpret pc=0x0000000004377abc method=com.sun.tools.javac.jvm.ClassReader.sigToType()Lcom/sun/tools/javac/code/Type; @ 288
Event: 40.758 Thread 0x000000001576d000 Uncommon trap: reason=unstable_if action=reinterpret pc=0x00000000043dab00 method=com.sun.tools.javac.code.Scope.enter(Lcom/sun/tools/javac/code/Symbol;Lcom/sun/tools/javac/code/Scope;Lcom/sun/tools/javac/code/Scope;Z)V @ 116
Event: 40.954 Thread 0x000000001576d000 Uncommon trap: reason=unstable_if action=reinterpret pc=0x0000000003929288 method=com.sun.tools.javac.util.Convert.chars2utf([CI[BII)I @ 35
Event: 41.339 Thread 0x000000001576d000 Uncommon trap: reason=unstable_if action=reinterpret pc=0x000000000443e85c method=com.sun.tools.javac.code.Scope.lookup(Lcom/sun/tools/javac/util/Name;Lcom/sun/tools/javac/util/Filter;)Lcom/sun/tools/javac/code/Scope$Entry; @ 19

Internal exceptions (10 events):
Event: 31.010 Thread 0x000000001576d000 Exception <a 'java/lang/ClassNotFoundException': org/gradle/model/internal/core/ModelMapGroovyViewBeanInfo> (0x00000000f6f8c598) thrown at [C:\src\android\AOSP-openjdk\external\jetbrains\jdk\hotspot\src\share\vm\classfile\systemDictionary.cpp, line 210]
Event: 31.011 Thread 0x000000001576d000 Exception <a 'java/lang/ClassNotFoundException': org/gradle/model/internal/core/ModelMapGroovyViewCustomizer> (0x00000000f6f9f078) thrown at [C:\src\android\AOSP-openjdk\external\jetbrains\jdk\hotspot\src\share\vm\classfile\systemDictionary.cpp, line 210]
Event: 31.013 Thread 0x000000001576d000 Exception <a 'java/lang/ClassNotFoundException': org/gradle/model/internal/core/NodeBackedModelMapCustomizer> (0x00000000f6fc5260) thrown at [C:\src\android\AOSP-openjdk\external\jetbrains\jdk\hotspot\src\share\vm\classfile\systemDictionary.cpp, line 210]
Event: 31.018 Thread 0x000000001576d000 Exception <a 'java/lang/ClassNotFoundException': org/gradle/platform/base/BinaryContainer_ImplCustomizer> (0x00000000f7024cb8) thrown at [C:\src\android\AOSP-openjdk\external\jetbrains\jdk\hotspot\src\share\vm\classfile\systemDictionary.cpp, line 210]
Event: 31.392 Thread 0x000000001576d000 Exception <a 'java/lang/NoSuchMethodError': <clinit>> (0x00000000f759aa80) thrown at [C:\src\android\AOSP-openjdk\external\jetbrains\jdk\hotspot\src\share\vm\prims\jni.cpp, line 1613]
Event: 31.393 Thread 0x000000001576d000 Exception <a 'java/lang/NoSuchMethodError': <clinit>> (0x00000000f75a8320) thrown at [C:\src\android\AOSP-openjdk\external\jetbrains\jdk\hotspot\src\share\vm\prims\jni.cpp, line 1613]
Event: 31.411 Thread 0x000000001576d000 Exception <a 'java/lang/NoSuchMethodError': <clinit>> (0x00000000f7623b08) thrown at [C:\src\android\AOSP-openjdk\external\jetbrains\jdk\hotspot\src\share\vm\prims\jni.cpp, line 1613]
Event: 31.413 Thread 0x000000001576d000 Exception <a 'java/lang/NoSuchMethodError': <clinit>> (0x00000000f763c860) thrown at [C:\src\android\AOSP-openjdk\external\jetbrains\jdk\hotspot\src\share\vm\prims\jni.cpp, line 1613]
Event: 31.413 Thread 0x000000001576d000 Exception <a 'java/lang/NoSuchMethodError': <clinit>> (0x00000000f763e4e0) thrown at [C:\src\android\AOSP-openjdk\external\jetbrains\jdk\hotspot\src\share\vm\prims\jni.cpp, line 1613]
Event: 35.789 Thread 0x000000001576d000 Implicit null exception at 0x000000000307c0b0 to 0x000000000307d505

Events (10 events):
Event: 41.360 loading class com/sun/tools/javac/comp/Flow$BaseAnalyzer$JumpKind$1
Event: 41.360 loading class com/sun/tools/javac/comp/Flow$BaseAnalyzer$JumpKind$1 done
Event: 41.360 loading class com/sun/tools/javac/comp/Flow$BaseAnalyzer$JumpKind$2
Event: 41.360 loading class com/sun/tools/javac/comp/Flow$BaseAnalyzer$JumpKind$2 done
Event: 41.376 loading class com/sun/tools/javac/comp/Lower$FreeVarCollector
Event: 41.377 loading class com/sun/tools/javac/comp/Lower$FreeVarCollector done
Event: 41.377 loading class com/sun/tools/javac/comp/Lower$BasicFreeVarCollector
Event: 41.377 loading class com/sun/tools/javac/comp/Lower$BasicFreeVarCollector done
Event: 41.379 Executing VM operation: ForceSafepoint
Event: 41.379 Executing VM operation: ForceSafepoint done


Dynamic libraries:
0x00007ff6dd670000 - 0x00007ff6dd6a1000 	D:\Android Studio\jre\bin\java.exe
0x00007ffcddc40000 - 0x00007ffcddded000 	C:\windows\SYSTEM32\ntdll.dll
0x00007ffcdd7c0000 - 0x00007ffcdd8fe000 	C:\windows\system32\KERNEL32.DLL
0x00007ffcdaeb0000 - 0x00007ffcdafc5000 	C:\windows\system32\KERNELBASE.dll
0x00007ffcdbc70000 - 0x00007ffcdbd1a000 	C:\windows\system32\ADVAPI32.dll
0x00007ffcdbaf0000 - 0x00007ffcdbc67000 	C:\windows\system32\USER32.dll
0x00007ffcd85d0000 - 0x00007ffcd884b000 	C:\windows\WinSxS\amd64_microsoft.windows.common-controls_6595b64144ccf1df_6.0.9600.18006_none_623f33d3ecbe86e8\COMCTL32.dll
0x00007ffcdc020000 - 0x00007ffcdc0ca000 	C:\windows\system32\msvcrt.dll
0x00007ffcdb330000 - 0x00007ffcdb389000 	C:\windows\SYSTEM32\sechost.dll
0x00007ffcdb390000 - 0x00007ffcdb4d0000 	C:\windows\system32\RPCRT4.dll
0x00007ffcddae0000 - 0x00007ffcddc2f000 	C:\windows\system32\GDI32.dll
0x00007ffcdadd0000 - 0x00007ffcdadfe000 	C:\windows\system32\SspiCli.dll
0x00007ffcdb970000 - 0x00007ffcdb9a6000 	C:\windows\system32\IMM32.DLL
0x00007ffcdbd20000 - 0x00007ffcdbe72000 	C:\windows\system32\MSCTF.dll
0x0000000060790000 - 0x0000000060862000 	D:\Android Studio\jre\jre\bin\msvcr100.dll
0x000000005ee60000 - 0x000000005f69c000 	D:\Android Studio\jre\jre\bin\server\jvm.dll
0x00007ffcc4410000 - 0x00007ffcc4419000 	C:\windows\SYSTEM32\WSOCK32.dll
0x00007ffcdad40000 - 0x00007ffcdad62000 	C:\windows\system32\WINMM.dll
0x00007ffcd3210000 - 0x00007ffcd321a000 	C:\windows\SYSTEM32\VERSION.dll
0x00007ffcdb960000 - 0x00007ffcdb967000 	C:\windows\system32\PSAPI.DLL
0x00007ffcdb0d0000 - 0x00007ffcdb12a000 	C:\windows\system32\WS2_32.dll
0x00007ffcdaa60000 - 0x00007ffcdaa8a000 	C:\windows\system32\WINMMBASE.dll
0x00007ffcdc190000 - 0x00007ffcdc199000 	C:\windows\system32\NSI.dll
0x00007ffcdad70000 - 0x00007ffcdadbf000 	C:\windows\SYSTEM32\cfgmgr32.dll
0x00007ffcdaa30000 - 0x00007ffcdaa58000 	C:\windows\system32\DEVOBJ.dll
0x00007ffcd8510000 - 0x00007ffcd851f000 	D:\Android Studio\jre\jre\bin\verify.dll
0x00007ffcc43e0000 - 0x00007ffcc4409000 	D:\Android Studio\jre\jre\bin\java.dll
0x00007ffcd84f0000 - 0x00007ffcd8506000 	D:\Android Studio\jre\jre\bin\zip.dll
0x00007ffcdc1c0000 - 0x00007ffcdd6e9000 	C:\windows\system32\SHELL32.dll
0x00007ffcdb740000 - 0x00007ffcdb951000 	C:\windows\SYSTEM32\combase.dll
0x00007ffcdb070000 - 0x00007ffcdb0c4000 	C:\windows\system32\SHLWAPI.dll
0x00007ffcd8d80000 - 0x00007ffcd8e32000 	C:\windows\SYSTEM32\SHCORE.dll
0x00007ffcda980000 - 0x00007ffcda995000 	C:\windows\SYSTEM32\profapi.dll
0x00007ffcd8410000 - 0x00007ffcd842a000 	D:\Android Studio\jre\jre\bin\net.dll
0x00007ffcda270000 - 0x00007ffcda2c9000 	C:\windows\system32\mswsock.dll
0x00007ffcc6130000 - 0x00007ffcc6141000 	D:\Android Studio\jre\jre\bin\nio.dll
0x00007ffcd8260000 - 0x00007ffcd827e000 	D:\Android Studio\gradle\gradle-3.3\native\23\windows-amd64\native-platform.dll
0x00007ffcda2d0000 - 0x00007ffcda2f0000 	C:\windows\SYSTEM32\CRYPTSP.dll
0x00007ffcd9ef0000 - 0x00007ffcd9f26000 	C:\windows\system32\rsaenh.dll
0x00007ffcda520000 - 0x00007ffcda546000 	C:\windows\SYSTEM32\bcrypt.dll
0x00007ffcda000000 - 0x00007ffcda021000 	C:\windows\SYSTEM32\USERENV.dll
0x00007ffcda850000 - 0x00007ffcda8b3000 	C:\windows\system32\bcryptprimitives.dll
0x00007ffcda8c0000 - 0x00007ffcda8cb000 	C:\windows\SYSTEM32\CRYPTBASE.dll
0x00007ffcd4e00000 - 0x00007ffcd4e2a000 	C:\windows\SYSTEM32\IPHLPAPI.DLL
0x00007ffcd4de0000 - 0x00007ffcd4dea000 	C:\windows\SYSTEM32\WINNSI.DLL
0x00007ffcd4a40000 - 0x00007ffcd4a56000 	C:\windows\SYSTEM32\dhcpcsvc6.DLL
0x00007ffcd4a20000 - 0x00007ffcd4a3a000 	C:\windows\SYSTEM32\dhcpcsvc.DLL
0x00007ffcd54f0000 - 0x00007ffcd54fd000 	D:\Android Studio\jre\jre\bin\management.dll

VM Arguments:
jvm_args: -Xmx512m -Dfile.encoding=GBK -Duser.country=CN -Duser.language=zh -Duser.variant 
java_command: org.gradle.launcher.daemon.bootstrap.GradleDaemon 3.3
java_class_path (initial): D:\Android Studio\gradle\gradle-3.3\wrapper\dists\gradle-3.3-all\55gk2rcmfc6p2dg9u9ohc3hw9\gradle-3.3\lib\gradle-launcher-3.3.jar
Launcher Type: SUN_STANDARD

Environment Variables:
JAVA_HOME=D:\Program Files\Java\jdk1.8.0_60
CLASSPATH=.
PATH=D:\Program Files\Java\jdk1.8.0_60\bin;C:\Program Files (x86)\Lenovo\FusionEngine;C:\Program Files (x86)\Intel\iCLS Client\;C:\Program Files\Intel\iCLS Client\;C:\windows\system32;C:\windows;C:\windows\System32\Wbem;C:\windows\System32\WindowsPowerShell\v1.0\;C:\Program Files (x86)\ATI Technologies\ATI.ACE\Core-Static;C:\Program Files\Intel\Intel(R) Management Engine Components\DAL;C:\Program Files (x86)\Intel\Intel(R) Management Engine Components\DAL;C:\Program Files\Intel\Intel(R) Management Engine Components\IPT;C:\Program Files (x86)\Intel\Intel(R) Management Engine Components\IPT;C:\Program Files (x86)\Common Files\lenovo\easyplussdk\bin;C:\Program Files (x86)\Microsoft SQL Server\100\Tools\Binn\;C:\Program Files\Microsoft SQL Server\100\Tools\Binn\;C:\Program Files\Microsoft SQL Server\100\DTS\Binn\;C:\Program Files (x86)\Microsoft SQL Server\100\Tools\Binn\VSShell\Common7\IDE\;C:\Program Files (x86)\Microsoft SQL Server\100\DTS\Binn\;C:\Program Files (x86)\Microsoft Visual Studio 9.0\Common7\IDE\PrivateAssemblies\;D:\mysql\mysql-5.7.18-winx64\bin;D:\Git\cmd;D:\Android_sdk\build-tools;D:\Android_sdk\tools;;C:\Program Files\Microsoft SQL Server\110\DTS\Binn\;C:\Program Files (x86)\Microsoft SQL Server\110\Tools\Binn\;C:\Program Files\Microsoft SQL Server\110\Tools\Binn\;C:\Program Files (x86)\Microsoft SQL Server\110\Tools\Binn\ManagementStudio\;C:\Program Files (x86)\Microsoft Visual Studio 10.0\Common7\IDE\PrivateAssemblies\;C:\Program Files (x86)\Microsoft SQL Server\110\DTS\Binn\;D:\apache-tomcat-8.0.24\lib;D:\apache-tomcat-8.0.24\bin
USERNAME=lenovo
OS=Windows_NT
PROCESSOR_IDENTIFIER=Intel64 Family 6 Model 61 Stepping 4, GenuineIntel



---------------  S Y S T E M  ---------------

OS: Windows 8.1 , 64 bit Build 9600 (6.3.9600.17415)

CPU:total 4 (2 cores per cpu, 2 threads per core) family 6 model 61 stepping 4, cmov, cx8, fxsr, mmx, sse, sse2, sse3, ssse3, sse4.1, sse4.2, popcnt, avx, avx2, aes, clmul, erms, 3dnowpref, lzcnt, ht, tsc, tscinvbit, bmi1, bmi2, adx

Memory: 4k page, physical 8301656k(1086496k free), swap 8301656k(5108k free)

vm_info: OpenJDK 64-Bit Server VM (25.112-b06) for windows-amd64 JRE (1.8.0_112-release-b06), built on Dec  8 2016 00:54:26 by "builder" with MS VC++ 10.0 (VS2010)

time: Mon Nov 06 21:44:58 2017
elapsed time: 41 seconds (0d 0h 0m 41s)

