JvmtiExport can_access_local_variables 0
JvmtiExport can_hotswap_or_post_breakpoint 0
JvmtiExport can_post_on_exceptions 0
# 488 ciObject found
ciMethod java/lang/Object <init> ()V 4097 1 154629 0 0
ciMethod java/lang/Object hashCode ()I 2049 1 256 0 -1
ciMethod java/lang/Object equals (Ljava/lang/Object;)Z 1697 1 2197 0 -1
ciMethod java/lang/Object clone ()Ljava/lang/Object; 2049 1 256 0 -1
ciMethod java/lang/String <init> ([CII)V 2841 1 5533 0 704
ciMethod java/lang/String <init> ([BIILjava/lang/String;)V 3169 1 953 0 -1
ciMethod java/lang/String <init> ([CZ)V 2065 1 11566 0 64
ciMethod java/lang/String length ()I 4097 1 113910 0 64
ciMethod java/lang/String charAt (I)C 4097 1 989899 0 128
ciMethod java/lang/String codePointAt (I)I 1057 1 3200 0 -1
ciMethod java/lang/String getChars ([CI)V 2065 1 5448 0 0
ciMethod java/lang/String equals (Ljava/lang/Object;)Z 2057 9105 3255 0 -1
ciMethod java/lang/String equalsIgnoreCase (Ljava/lang/String;)Z 3081 1 5536 0 1472
ciMethod java/lang/String regionMatches (ZILjava/lang/String;II)Z 1953 561 3777 0 0
ciMethod java/lang/String hashCode ()I 2905 32769 1047 0 288
ciMethod java/lang/String lastIndexOf (I)I 2105 1 13050 0 288
ciMethod java/lang/String lastIndexOf (II)I 937 49185 758 0 288
ciMethod java/lang/String lastIndexOfSupplementary (II)I 0 0 1 0 -1
ciMethod java/lang/String substring (II)Ljava/lang/String; 2057 1 5854 0 992
ciMethod java/lang/String concat (Ljava/lang/String;)Ljava/lang/String; 2057 1 5448 0 896
ciMethod java/lang/String replace (CC)Ljava/lang/String; 1017 49753 849 0 1120
ciMethod java/lang/String toUpperCase (Ljava/util/Locale;)Ljava/lang/String; 505 12489 828 0 2336
ciMethod java/lang/ClassLoader defineClass (Ljava/lang/String;[BIILjava/security/ProtectionDomain;)Ljava/lang/Class; 2177 1 2119 0 -1
ciMethod java/lang/ClassLoader definePackage (Ljava/lang/String;Ljava/lang/String;Ljava/lang/String;Ljava/lang/String;Ljava/lang/String;Ljava/lang/String;Ljava/lang/String;Ljava/net/URL;)Ljava/lang/Package; 889 1 322 0 0
ciMethod java/lang/ClassLoader getPackage (Ljava/lang/String;)Ljava/lang/Package; 2073 1 3871 0 0
ciMethod java/lang/System nanoTime ()J 2049 1 256 0 -1
ciMethod java/lang/System arraycopy (Ljava/lang/Object;ILjava/lang/Object;II)V 7169 1 896 0 -1
ciMethod java/lang/Throwable addSuppressed (Ljava/lang/Throwable;)V 0 0 1 0 0
ciMethod java/security/SecureClassLoader defineClass (Ljava/lang/String;[BIILjava/security/CodeSource;)Ljava/lang/Class; 2177 1 2108 0 0
ciMethod java/security/SecureClassLoader defineClass (Ljava/lang/String;Ljava/nio/ByteBuffer;Ljava/security/CodeSource;)Ljava/lang/Class; 0 0 1 0 -1
ciMethod java/security/SecureClassLoader getProtectionDomain (Ljava/security/CodeSource;)Ljava/security/ProtectionDomain; 2169 1 2117 0 -1
ciMethod java/lang/ref/Reference get ()Ljava/lang/Object; 2057 1 257 0 -1
ciMethod java/lang/ref/Reference <init> (Ljava/lang/Object;)V 1553 1 2428 0 0
ciMethod java/lang/ref/Reference <init> (Ljava/lang/Object;Ljava/lang/ref/ReferenceQueue;)V 2065 1 11085 0 0
ciMethod java/lang/ref/SoftReference <init> (Ljava/lang/Object;)V 1409 1 837 0 0
ciMethod java/lang/ref/SoftReference get ()Ljava/lang/Object; 2073 1 5513 0 0
ciMethod java/lang/Thread currentThread ()Ljava/lang/Thread; 3073 1 384 0 -1
ciMethod java/lang/Thread interrupt ()V 0 0 1 0 -1
ciMethod java/lang/Thread interrupted ()Z 3193 1 2635 0 -1
ciMethod java/util/Map get (Ljava/lang/Object;)Ljava/lang/Object; 0 0 1 0 -1
ciMethod java/util/Map put (Ljava/lang/Object;Ljava/lang/Object;)Ljava/lang/Object; 0 0 1 0 -1
ciMethod java/util/Hashtable <init> (IF)V 2073 1 509 0 0
ciMethod java/util/Hashtable <init> (I)V 1017 1 125 0 0
ciMethod java/util/Hashtable <init> ()V 2049 1 384 0 0
ciMethod java/util/Dictionary <init> ()V 2073 1 509 0 0
ciMethod java/lang/StringBuilder <init> ()V 1065 1 9773 0 -1
ciMethod java/lang/StringBuilder append (Ljava/lang/String;)Ljava/lang/StringBuilder; 2089 1 13353 0 -1
ciMethod java/lang/StringBuilder toString ()Ljava/lang/String; 1193 1 10907 0 -1
ciMethod java/io/ByteArrayInputStream <init> ([B)V 169 1 126 0 0
ciMethod java/io/InputStream <init> ()V 3073 1 5538 0 0
ciMethod java/io/InputStream read ([BII)I 9 1633 1 0 -1
ciMethod java/io/InputStream close ()V 0 0 1 0 -1
ciMethod java/net/URLClassLoader getAndVerifyPackage (Ljava/lang/String;Ljava/util/jar/Manifest;Ljava/net/URL;)Ljava/lang/Package; 3225 1 2107 0 0
ciMethod java/net/URLClassLoader definePackageInternal (Ljava/lang/String;Ljava/util/jar/Manifest;Ljava/net/URL;)V 2169 1 2107 0 0
ciMethod java/net/URLClassLoader defineClass (Ljava/lang/String;Lsun/misc/Resource;)Ljava/lang/Class; 1145 1 2107 0 0
ciMethod java/net/URLClassLoader definePackage (Ljava/lang/String;Ljava/util/jar/Manifest;Ljava/net/URL;)Ljava/lang/Package; 889 1 321 0 0
ciMethod java/net/URLClassLoader isSealed (Ljava/lang/String;Ljava/util/jar/Manifest;)Z 2049 1 1785 0 0
ciMethod java/net/URLClassLoader access$000 (Ljava/net/URLClassLoader;)Lsun/misc/URLClassPath; 1065 1 133 0 0
ciMethod java/net/URLClassLoader access$100 (Ljava/net/URLClassLoader;Ljava/lang/String;Lsun/misc/Resource;)Ljava/lang/Class; 1145 1 2107 0 0
ciMethod java/util/jar/Manifest <init> (Ljava/io/InputStream;)V 161 1 121 0 0
ciMethod java/util/jar/Manifest getMainAttributes ()Ljava/util/jar/Attributes; 1025 1 128 0 0
ciMethod java/util/jar/Manifest getEntries ()Ljava/util/Map; 1033 1 129 0 0
ciMethod java/util/jar/Manifest getAttributes (Ljava/lang/String;)Ljava/util/jar/Attributes; 2753 1 2206 0 0
ciMethod java/util/jar/Manifest read (Ljava/io/InputStream;)V 161 1 123 0 -1
ciMethod java/util/jar/Manifest parseName ([BI)Ljava/lang/String; 305 1 38 0 -1
ciMethod java/security/CodeSource <init> (Ljava/net/URL;[Ljava/security/CodeSigner;)V 2169 1 2107 0 0
ciMethod java/lang/Character charCount (I)I 1337 1 5531 0 -1
ciMethod java/lang/Character toChars (I[CI)I 0 0 1 0 -1
ciMethod java/lang/Character toChars (I)[C 0 0 1 0 -1
ciMethod java/lang/Character toLowerCase (C)C 2073 1 16675 0 0
ciMethod java/lang/Character toLowerCase (I)I 4097 1 160451 0 160
ciMethod java/lang/Character toUpperCase (C)C 2049 1 15846 0 192
ciMethod java/lang/Character toUpperCase (I)I 2049 1 15846 0 0
ciMethod java/lang/Character toUpperCaseEx (I)I 3073 1 26768 0 -1
ciMethod java/lang/Character toUpperCaseCharArray (I)[C 0 0 1 0 -1
ciMethod java/lang/Float isNaN (F)Z 2049 1 2007 0 0
ciMethod java/lang/Float floatToRawIntBits (F)I 9 1 1 0 -1
ciMethod java/util/Comparator compare (Ljava/lang/Object;Ljava/lang/Object;)I 0 0 1 0 -1
ciMethod java/security/AccessController doPrivileged (Ljava/security/PrivilegedAction;)Ljava/lang/Object; 2049 1 256 0 -1
ciMethod java/util/List add (Ljava/lang/Object;)Z 0 0 1 0 -1
ciMethod java/util/AbstractList <init> ()V 2049 1 10382 0 32
ciMethod java/util/AbstractCollection <init> ()V 425 1 13823 0 0
ciMethod java/util/Stack pop ()Ljava/lang/Object; 121 1 219 0 -1
ciMethod java/util/Stack empty ()Z 257 1 568 0 -1
ciMethod java/util/ArrayList <init> (I)V 2065 1 406 0 -1
ciMethod java/util/ArrayList <init> ()V 1305 1 5759 0 0
ciMethod java/util/ArrayList size ()I 1105 1 138 0 -1
ciMethod java/util/ArrayList get (I)Ljava/lang/Object; 17433 1 8756 0 -1
ciMethod java/util/ArrayList add (Ljava/lang/Object;)Z 369 1 6947 0 -1
ciMethod java/util/AbstractMap <init> ()V 505 1 3880 0 0
ciMethod java/util/HashMap hash (Ljava/lang/Object;)I 2065 1 22944 0 160
ciMethod java/util/HashMap tableSizeFor (I)I 2049 1 1104 0 0
ciMethod java/util/HashMap <init> (IF)V 1961 1 1094 0 0
ciMethod java/util/HashMap <init> (I)V 561 1 384 0 0
ciMethod java/util/HashMap <init> ()V 185 1 1736 0 0
ciMethod java/util/HashMap get (Ljava/lang/Object;)Ljava/lang/Object; 2161 1 10516 0 544
ciMethod java/util/HashMap getNode (ILjava/lang/Object;)Ljava/util/HashMap$Node; 2049 1 10477 0 0
ciMethod java/util/HashMap containsKey (Ljava/lang/Object;)Z 113 1 1369 0 -1
ciMethod java/util/HashMap put (Ljava/lang/Object;Ljava/lang/Object;)Ljava/lang/Object; 913 1 11380 0 1216
ciMethod java/util/HashMap putVal (ILjava/lang/Object;Ljava/lang/Object;ZZ)Ljava/lang/Object; 913 9 11766 0 -1
ciMethod java/lang/Math max (II)I 369 1 24810 0 -1
ciMethod java/lang/Math min (II)I 3049 1 55410 0 -1
ciMethod java/lang/Math min (FF)F 2193 1 548 0 0
ciMethod java/util/Arrays copyOf ([BI)[B 2065 1 12932 0 -1
ciMethod java/util/Arrays copyOf ([CI)[C 913 1 17895 0 0
ciMethod java/util/Arrays copyOfRange ([CII)[C 3113 1 5542 0 512
ciMethod sun/misc/ASCIICaseInsensitiveComparator compare (Ljava/lang/String;Ljava/lang/String;)I 4097 6513 12928 0 -1
ciMethod sun/misc/ASCIICaseInsensitiveComparator lowerCaseHashCode (Ljava/lang/String;)I 505 8561 922 0 0
ciMethod sun/misc/ASCIICaseInsensitiveComparator isUpper (I)Z 4097 1 39973 0 -1
ciMethod sun/misc/ASCIICaseInsensitiveComparator toLower (I)I 4097 1 39973 0 64
ciMethod sun/misc/ASCIICaseInsensitiveComparator compare (Ljava/lang/Object;Ljava/lang/Object;)I 4097 1 13363 0 928
ciMethodData java/lang/String charAt (I)C 2 990428 orig 264 8 110 64 95 0 0 0 0 176 61 221 18 0 0 0 0 120 1 0 0 32 0 0 0 0 0 0 0 0 0 0 0 0 0 0 0 0 0 0 0 0 0 0 0 0 0 0 0 0 0 0 0 0 0 0 0 0 0 0 0 0 0 0 0 0 0 0 0 0 0 0 0 0 0 0 0 0 0 0 0 77 68 79 32 101 120 116 114 97 32 100 97 116 97 32 108 111 99 107 0 0 0 0 0 0 0 0 0 0 0 0 0 0 0 0 0 0 0 0 0 0 0 0 0 0 0 0 0 0 0 0 0 0 0 0 0 0 0 0 0 0 0 0 0 0 0 0 0 0 0 0 0 0 0 0 0 0 0 0 0 0 0 0 0 0 0 0 0 0 0 0 0 0 0 0 0 0 0 0 0 0 0 0 0 25 0 0 0 0 0 0 0 0 0 0 0 0 0 0 0 1 0 0 0 0 0 0 0 0 0 0 0 0 0 0 0 0 2 0 0 225 214 120 0 1 0 0 0 0 0 0 0 0 0 0 0 2 0 0 0 0 0 0 0 0 0 0 0 80 0 0 0 255 255 255 255 7 0 1 0 0 0 0 0 data 10 0x10007 0x0 0x40 0xf1ae2 0xa0007 0xf1b03 0x30 0x0 0x120002 0x0 oops 0
ciMethodData java/lang/String length ()I 2 113910 orig 264 8 110 64 95 0 0 0 0 96 60 221 18 0 0 0 0 32 1 0 0 0 0 0 0 0 0 0 0 0 0 0 0 0 0 0 0 0 0 0 0 0 0 0 0 0 0 0 0 0 0 0 0 0 0 0 0 0 0 0 0 0 0 0 0 0 0 0 0 0 0 0 0 0 0 0 0 0 0 0 0 77 68 79 32 101 120 116 114 97 32 100 97 116 97 32 108 111 99 107 0 0 0 0 0 0 0 0 0 0 0 0 0 0 0 0 0 0 0 0 0 0 0 0 0 0 0 0 0 0 0 0 0 0 0 0 0 0 0 0 0 0 0 0 0 0 0 0 0 0 0 0 0 0 0 0 0 0 0 0 0 0 0 0 0 0 0 0 0 0 0 0 0 0 0 0 0 0 0 0 0 0 0 0 0 1 0 0 0 0 0 0 0 0 0 0 0 0 0 0 0 1 0 0 0 0 0 0 0 0 0 0 0 0 0 0 0 0 2 0 0 177 215 13 0 1 0 0 0 0 0 0 0 0 0 0 0 2 0 0 0 0 0 0 0 0 0 0 0 0 0 0 0 255 255 255 255 0 0 0 0 0 0 0 0 data 0 oops 0
ciMethodData sun/misc/ASCIICaseInsensitiveComparator toLower (I)I 2 39973 orig 264 8 110 64 95 0 0 0 0 216 18 240 18 0 0 0 0 144 1 0 0 0 0 0 0 0 0 0 0 0 0 0 0 0 0 0 0 0 0 0 0 0 0 0 0 0 0 0 0 0 0 0 0 0 0 0 0 0 0 0 0 0 0 0 0 0 0 0 0 0 0 0 0 0 0 0 0 0 0 0 0 77 68 79 32 101 120 116 114 97 32 100 97 116 97 32 108 111 99 107 0 0 0 0 0 0 0 0 0 0 0 0 0 0 0 0 0 0 0 0 0 0 0 0 0 0 0 0 0 0 0 0 0 0 0 0 0 0 0 0 0 0 0 0 0 0 0 0 0 0 0 0 0 0 0 0 0 0 0 0 0 0 0 0 0 0 0 0 0 0 0 0 0 0 0 0 0 0 0 0 0 0 0 0 0 0 0 0 0 0 0 0 0 0 0 0 0 0 0 0 0 0 0 0 0 0 0 0 0 0 0 0 0 0 0 0 0 0 2 0 0 41 209 4 0 1 0 0 0 0 0 0 0 0 0 0 0 2 0 0 0 0 0 0 0 0 0 0 0 72 0 0 0 255 255 255 255 2 0 1 0 0 0 0 0 data 9 0x10002 0x9a25 0x40007 0x7cfd 0x38 0x1d28 0xb0003 0x1d28 0x18 oops 0
ciMethodData sun/misc/ASCIICaseInsensitiveComparator compare (Ljava/lang/Object;Ljava/lang/Object;)I 2 13363 orig 264 8 110 64 95 0 0 0 0 24 20 240 18 0 0 0 0 232 1 0 0 0 0 0 0 0 0 0 0 0 0 0 0 0 0 0 0 0 0 0 0 0 0 0 0 0 0 0 0 0 0 0 0 0 0 0 0 0 0 0 0 0 0 0 0 0 0 0 0 0 0 0 0 0 0 0 0 0 0 0 0 77 68 79 32 101 120 116 114 97 32 100 97 116 97 32 108 111 99 107 0 0 0 0 0 0 0 0 0 0 0 0 0 0 0 0 0 0 0 0 0 0 0 0 0 0 0 0 0 0 0 0 0 0 0 0 0 0 0 0 0 0 0 0 0 0 0 0 0 0 0 0 0 0 0 0 0 0 0 0 0 0 0 0 0 0 0 0 0 0 0 0 0 0 0 0 0 0 0 0 0 0 0 0 0 0 0 0 0 0 0 0 0 0 0 0 0 0 0 0 0 0 0 0 0 0 0 0 0 0 0 0 0 0 0 0 0 0 2 0 0 153 145 1 0 1 0 0 0 0 0 0 0 0 0 0 0 2 0 0 0 0 0 0 0 0 0 0 0 144 0 0 0 255 255 255 255 4 0 2 0 0 0 0 0 data 18 0x20004 0x0 0x137c45b0 0x3080 0x0 0x0 0x60004 0x0 0x137c45b0 0x3080 0x0 0x0 0x90005 0x0 0x17509cd0 0x3233 0x0 0x0 oops 3