#
# There is insufficient memory for the Java Runtime Environment to continue.
# Native memory allocation (malloc) failed to allocate 32744 bytes for ChunkPool::allocate
# Possible reasons:
#   The system is out of physical RAM or swap space
#   In 32 bit mode, the process size limit was hit
# Possible solutions:
#   Reduce memory load on the system
#   Increase physical memory or swap space
#   Check if swap backing store is full
#   Use 64 bit Java on a 64 bit OS
#   Decrease Java heap size (-Xmx/-Xms)
#   Decrease number of Java threads
#   Decrease Java thread stack sizes (-Xss)
#   Set larger code cache with -XX:ReservedCodeCacheSize=
# This output file may be truncated or incomplete.
#
#  Out of Memory Error (allocation.cpp:273), pid=7056, tid=0x0000000000000c08
#
# JRE version: OpenJDK Runtime Environment (8.0_112-b06) (build 1.8.0_112-release-b06)
# Java VM: OpenJDK 64-Bit Server VM (25.112-b06 mixed mode windows-amd64 compressed oops)
# Failed to write core dump. Minidumps are not enabled by default on client versions of Windows
#

---------------  T H R E A D  ---------------

Current thread (0x0000000016e6a800):  JavaThread "C2 CompilerThread0" daemon [_thread_in_native, id=3080, stack(0x0000000018780000,0x0000000018880000)]

Stack: [0x0000000018780000,0x0000000018880000]
[error occurred during error reporting (printing stack bounds), id 0xc0000005]

Native frames: (J=compiled Java code, j=interpreted, Vv=VM code, C=native code)


Current CompileTask:
C2:   1420  364   !   4       com.android.dx.cf.cst.ConstantPoolParser::parse0 (731 bytes)


---------------  P R O C E S S  ---------------

Java Threads: ( => current thread )
  0x0000000018203000 JavaThread "Service Thread" daemon [_thread_blocked, id=9816, stack(0x0000000018a80000,0x0000000018b80000)]
  0x00000000181c1000 JavaThread "C1 CompilerThread2" daemon [_thread_in_native, id=6908, stack(0x0000000018980000,0x0000000018a80000)]
  0x0000000016e6e000 JavaThread "C2 CompilerThread1" daemon [_thread_in_native, id=6104, stack(0x0000000018880000,0x0000000018980000)]
=>0x0000000016e6a800 JavaThread "C2 CompilerThread0" daemon [_thread_in_native, id=3080, stack(0x0000000018780000,0x0000000018880000)]
  0x0000000016e69000 JavaThread "Attach Listener" daemon [_thread_blocked, id=8228, stack(0x0000000018680000,0x0000000018780000)]
  0x0000000016e1e800 JavaThread "Signal Dispatcher" daemon [_thread_blocked, id=2676, stack(0x0000000018580000,0x0000000018680000)]
  0x000000000229a000 JavaThread "Finalizer" daemon [_thread_blocked, id=8388, stack(0x0000000018080000,0x0000000018180000)]
  0x0000000002291000 JavaThread "Reference Handler" daemon [_thread_blocked, id=10220, stack(0x0000000017f80000,0x0000000018080000)]
  0x00000000021a2800 JavaThread "main" [_thread_in_native, id=2900, stack(0x00000000020a0000,0x00000000021a0000)]

Other Threads:
  0x0000000016dd4800 VMThread [stack: 0x0000000017e80000,0x0000000017f80000] [id=8500]
  0x000000001822d000 WatcherThread [stack: 0x0000000018b80000,0x0000000018c80000] [id=4724]

VM state:not at safepoint (normal execution)

VM Mutex/Monitor currently owned by a thread: None

Heap:
 PSYoungGen      total 71680K, used 39475K [0x00000000d5c00000, 0x00000000da700000, 0x0000000100000000)
  eden space 66560K, 51% used [0x00000000d5c00000,0x00000000d7d94430,0x00000000d9d00000)
  from space 5120K, 99% used [0x00000000da200000,0x00000000da6f89c0,0x00000000da700000)
  to   space 5120K, 0% used [0x00000000d9d00000,0x00000000d9d00000,0x00000000da200000)
 ParOldGen       total 87552K, used 1666K [0x0000000081400000, 0x0000000086980000, 0x00000000d5c00000)
  object space 87552K, 1% used [0x0000000081400000,0x00000000815a0960,0x0000000086980000)
 Metaspace       used 3721K, capacity 5144K, committed 5376K, reserved 1056768K
  class space    used 385K, capacity 456K, committed 512K, reserved 1048576K

Card table byte_map: [0x0000000011660000,0x0000000011a60000] byte_map_base: 0x0000000011256000

Marking Bits: (ParMarkBitMap*) 0x00000000673b18f0
 Begin Bits: [0x0000000012110000, 0x00000000140c0000)
 End Bits:   [0x00000000140c0000, 0x0000000016070000)

Polling page: 0x0000000000450000

CodeCache: size=245760Kb used=3051Kb max_used=3061Kb free=242708Kb
 bounds [0x00000000022a0000, 0x00000000025b0000, 0x00000000112a0000]
 total_blobs=750 nmethods=501 adapters=163
 compilation: enabled

Compilation events (10 events):
Event: 1.089 Thread 0x0000000016e6e000 nmethod 494 0x0000000002594550 code [0x0000000002594680, 0x0000000002594738]
Event: 1.089 Thread 0x0000000016e6e000  454       4       com.android.dx.cf.code.LocalVariableList$Item::<init> (115 bytes)
Event: 1.090 Thread 0x0000000016e6e000 nmethod 454 0x0000000002593310 code [0x0000000002593460, 0x00000000025935f8]
Event: 1.091 Thread 0x0000000016e6e000  412       4       com.android.dx.cf.direct.AttributeListParser::<init> (83 bytes)
Event: 1.097 Thread 0x0000000016e6e000 nmethod 412 0x0000000002592910 code [0x0000000002592a80, 0x0000000002592e58]
Event: 1.098 Thread 0x0000000016e6e000  497       4       java.lang.String::endsWith (17 bytes)
Event: 1.102 Thread 0x0000000016e6e000 nmethod 497 0x0000000002595790 code [0x00000000025958e0, 0x0000000002595ab8]
Event: 1.102 Thread 0x0000000016e6e000  418       4       com.android.multidex.ClassReferenceListBuilder::checkDescriptor (92 bytes)
Event: 1.114 Thread 0x00000000181c1000  508       1       com.android.dx.rop.cst.CstLiteral64::isCategory2 (2 bytes)
Event: 1.114 Thread 0x00000000181c1000 nmethod 508 0x00000000025954d0 code [0x0000000002595620, 0x0000000002595730]

GC Heap History (2 events):
Event: 0.844 GC heap before
{Heap before GC invocations=1 (full 0):
 PSYoungGen      total 38400K, used 33280K [0x00000000d5c00000, 0x00000000d8680000, 0x0000000100000000)
  eden space 33280K, 100% used [0x00000000d5c00000,0x00000000d7c80000,0x00000000d7c80000)
  from space 5120K, 0% used [0x00000000d8180000,0x00000000d8180000,0x00000000d8680000)
  to   space 5120K, 0% used [0x00000000d7c80000,0x00000000d7c80000,0x00000000d8180000)
 ParOldGen       total 87552K, used 0K [0x0000000081400000, 0x0000000086980000, 0x00000000d5c00000)
  object space 87552K, 0% used [0x0000000081400000,0x0000000081400000,0x0000000086980000)
 Metaspace       used 3670K, capacity 5080K, committed 5376K, reserved 1056768K
  class space    used 381K, capacity 456K, committed 512K, reserved 1048576K
Event: 0.855 GC heap after
Heap after GC invocations=1 (full 0):
 PSYoungGen      total 38400K, used 4274K [0x00000000d5c00000, 0x00000000da700000, 0x0000000100000000)
  eden space 33280K, 0% used [0x00000000d5c00000,0x00000000d5c00000,0x00000000d7c80000)
  from space 5120K, 83% used [0x00000000d7c80000,0x00000000d80aca18,0x00000000d8180000)
  to   space 5120K, 0% used [0x00000000da200000,0x00000000da200000,0x00000000da700000)
 ParOldGen       total 87552K, used 8K [0x0000000081400000, 0x0000000086980000, 0x00000000d5c00000)
  object space 87552K, 0% used [0x0000000081400000,0x0000000081402000,0x0000000086980000)
 Metaspace       used 3670K, capacity 5080K, committed 5376K, reserved 1056768K
  class space    used 381K, capacity 456K, committed 512K, reserved 1048576K
}

Deoptimization events (3 events):
Event: 0.405 Thread 0x00000000021a2800 Uncommon trap: reason=unstable_if action=reinterpret pc=0x000000000241d210 method=java.lang.String.<init>([CII)V @ 18
Event: 0.582 Thread 0x00000000021a2800 Uncommon trap: reason=unloaded action=reinterpret pc=0x00000000024b8a58 method=com.android.dx.cf.cst.ConstantPoolParser.parse0(ILjava/util/BitSet;)Lcom/android/dx/rop/cst/Constant; @ 198
Event: 0.874 Thread 0x00000000021a2800 Uncommon trap: reason=unstable_if action=reinterpret pc=0x0000000002540d80 method=com.android.dx.cf.direct.StdAttributeFactory.parse0(Lcom/android/dx/cf/direct/DirectClassFile;ILjava/lang/String;IILcom/android/dx/cf/iface/ParseObserver;)Lcom/android/dx/cf/

Internal exceptions (2 events):
Event: 0.068 Thread 0x00000000021a2800 Exception <a 'java/lang/NoSuchMethodError': Method sun.misc.Unsafe.defineClass(Ljava/lang/String;[BII)Ljava/lang/Class; name or signature does not match> (0x00000000d5c07c78) thrown at [C:\src\android\AOSP-openjdk\external\jetbrains\jdk\hotspot\src\share\vàò^t±?
Event: 0.068 Thread 0x00000000021a2800 Exception <a 'java/lang/NoSuchMethodError': Method sun.misc.Unsafe.prefetchRead(Ljava/lang/Object;J)V name or signature does not match> (0x00000000d5c07f60) thrown at [C:\src\android\AOSP-openjdk\external\jetbrains\jdk\hotspot\src\share\vm\prims\jni.cpp, l

Events (10 events):
Event: 0.945 loading class java/util/HashMap$KeyIterator
Event: 0.945 loading class java/util/HashMap$HashIterator
Event: 0.945 loading class java/util/HashMap$HashIterator done
Event: 0.945 loading class java/util/HashMap$KeyIterator done
Event: 0.950 loading class com/android/multidex/ArchivePathElement$1
Event: 0.950 loading class com/android/multidex/ArchivePathElement$1 done
Event: 0.951 loading class com/android/multidex/ArchivePathElement$1$1
Event: 0.951 loading class com/android/multidex/ArchivePathElement$1$1 done
Event: 0.951 loading class java/util/NoSuchElementException
Event: 0.952 loading class java/util/NoSuchElementException done


Dynamic libraries:
0x00007ff741d40000 - 0x00007ff741d71000 	D:\Android Studio\jre\bin\java.exe
0x00007ff967b40000 - 0x00007ff967ced000 	C:\windows\SYSTEM32\ntdll.dll
0x00007ff967690000 - 0x00007ff9677ce000 	C:\windows\system32\KERNEL32.DLL
0x00007ff964da0000 - 0x00007ff964eb5000 	C:\windows\system32\KERNELBASE.dll
0x00007ff965e20000 - 0x00007ff965eca000 	C:\windows\system32\ADVAPI32.dll
0x00007ff9654c0000 - 0x00007ff965637000 	C:\windows\system32\USER32.dll
0x00007ff9629e0000 - 0x00007ff962c5b000 	C:\windows\WinSxS\amd64_microsoft.windows.common-controls_6595b64144ccf1df_6.0.9600.18006_none_623f33d3ecbe86e8\COMCTL32.dll
0x00007ff9653f0000 - 0x00007ff96549a000 	C:\windows\system32\msvcrt.dll
0x00007ff964ed0000 - 0x00007ff964f29000 	C:\windows\SYSTEM32\sechost.dll
0x00007ff965640000 - 0x00007ff965780000 	C:\windows\system32\RPCRT4.dll
0x00007ff965960000 - 0x00007ff965aaf000 	C:\windows\system32\GDI32.dll
0x00007ff964cc0000 - 0x00007ff964cee000 	C:\windows\system32\SspiCli.dll
0x00007ff964f40000 - 0x00007ff964f76000 	C:\windows\system32\IMM32.DLL
0x00007ff965cb0000 - 0x00007ff965e02000 	C:\windows\system32\MSCTF.dll
0x0000000066b10000 - 0x0000000066be2000 	D:\Android Studio\jre\jre\bin\msvcr100.dll
0x0000000066bf0000 - 0x000000006742c000 	D:\Android Studio\jre\jre\bin\server\jvm.dll
0x00007ff95ee90000 - 0x00007ff95ee99000 	C:\windows\SYSTEM32\WSOCK32.dll
0x00007ff964a50000 - 0x00007ff964a72000 	C:\windows\system32\WINMM.dll
0x00007ff95d230000 - 0x00007ff95d23a000 	C:\windows\SYSTEM32\VERSION.dll
0x00007ff965780000 - 0x00007ff965787000 	C:\windows\system32\PSAPI.DLL
0x00007ff965120000 - 0x00007ff96517a000 	C:\windows\system32\WS2_32.dll
0x00007ff964980000 - 0x00007ff9649aa000 	C:\windows\system32\WINMMBASE.dll
0x00007ff965e10000 - 0x00007ff965e19000 	C:\windows\system32\NSI.dll
0x00007ff9649b0000 - 0x00007ff9649ff000 	C:\windows\SYSTEM32\cfgmgr32.dll
0x00007ff964930000 - 0x00007ff964958000 	C:\windows\system32\DEVOBJ.dll
0x00007ff946470000 - 0x00007ff94647f000 	D:\Android Studio\jre\jre\bin\verify.dll
0x00007ff93cd50000 - 0x00007ff93cd79000 	D:\Android Studio\jre\jre\bin\java.dll
0x00007ff93cd30000 - 0x00007ff93cd46000 	D:\Android Studio\jre\jre\bin\zip.dll
0x00007ff966100000 - 0x00007ff967629000 	C:\windows\system32\SHELL32.dll
0x00007ff965ee0000 - 0x00007ff9660f1000 	C:\windows\SYSTEM32\combase.dll
0x00007ff965180000 - 0x00007ff9651d4000 	C:\windows\system32\SHLWAPI.dll
0x00007ff962e30000 - 0x00007ff962ee2000 	C:\windows\SYSTEM32\SHCORE.dll
0x00007ff964880000 - 0x00007ff964895000 	C:\windows\SYSTEM32\profapi.dll

VM Arguments:
jvm_args: -Djava.awt.headless=true -Dfile.encoding=GBK -Duser.country=CN -Duser.language=zh -Duser.variant 
java_command: com.android.multidex.ClassReferenceListBuilder D:\android_wokespace\Park1\app\build\intermediates\multi-dex\debug\componentClasses.jar D:\android_wokespace\Park1\app\build\intermediates\transforms\jarMerging\debug\jars\1\1f\combined.jar
java_class_path (initial): D:\AndroidSDK\build-tools\25.0.0\lib\dx.jar
Launcher Type: SUN_STANDARD

Environment Variables:
JAVA_HOME=D:\Program Files\Java\jdk1.8.0_60
CLASSPATH=.
PATH=D:\Program Files\Java\jdk1.8.0_60\bin;C:\Program Files (x86)\Lenovo\FusionEngine;C:\Program Files (x86)\Intel\iCLS Client\;C:\Program Files\Intel\iCLS Client\;C:\windows\system32;C:\windows;C:\windows\System32\Wbem;C:\windows\System32\WindowsPowerShell\v1.0\;C:\Program Files (x86)\ATI Technologies\ATI.ACE\Core-Static;C:\Program Files\Intel\Intel(R) Management Engine Components\DAL;C:\Program Files (x86)\Intel\Intel(R) Management Engine Components\DAL;C:\Program Files\Intel\Intel(R) Management Engine Components\IPT;C:\Program Files (x86)\Intel\Intel(R) Management Engine Components\IPT;C:\Program Files (x86)\Common Files\lenovo\easyplussdk\bin;C:\Program Files (x86)\Microsoft SQL Server\100\Tools\Binn\;C:\Program Files\Microsoft SQL Server\100\Tools\Binn\;C:\Program Files\Microsoft SQL Server\100\DTS\Binn\;C:\Program Files (x86)\Microsoft SQL Server\100\Tools\Binn\VSShell\Common7\IDE\;C:\Program Files (x86)\Microsoft SQL Server\100\DTS\Binn\;C:\Program Files (x86)\Microsoft Visual Studio 9.0\Common7\IDE\PrivateAssemblies\;D:\mysql\mysql-5.7.18-winx64\bin;D:\Git\cmd;D:\Android_sdk\build-tools;D:\Android_sdk\tools;;C:\Program Files\Microsoft SQL Server\110\DTS\Binn\;C:\Program Files (x86)\Microsoft SQL Server\110\Tools\Binn\;C:\Program Files\Microsoft SQL Server\110\Tools\Binn\;C:\Program Files (x86)\Microsoft SQL Server\110\Tools\Binn\ManagementStudio\;C:\Program Files (x86)\Microsoft Visual Studio 10.0\Common7\IDE\PrivateAssemblies\;C:\Program Files (x86)\Microsoft SQL Server\110\DTS\Binn\;D:\apache-tomcat-8.0.24\lib;D:\apache-tomcat-8.0.24\bin
USERNAME=lenovo
OS=Windows_NT
PROCESSOR_IDENTIFIER=Intel64 Family 6 Model 61 Stepping 4, GenuineIntel



---------------  S Y S T E M  ---------------

OS: Windows 8.1 , 64 bit Build 9600 (6.3.9600.17415)

CPU:total 4 (2 cores per cpu, 2 threads per core) family 6 model 61 stepping 4, cmov, cx8, fxsr, mmx, sse, sse2, sse3, ssse3, sse4.1, sse4.2, popcnt, avx, avx2, aes, clmul, erms, 3dnowpref, lzcnt, ht, tsc, tscinvbit, bmi1, bmi2, adx

Memory: 4k page, physical 8301656k(1734736k free), swap 8301656k(3768k free)

vm_info: OpenJDK 64-Bit Server VM (25.112-b06) for windows-amd64 JRE (1.8.0_112-release-b06), built on Dec  8 2016 00:54:26 by "builder" with MS VC++ 10.0 (VS2010)

time: Wed Nov 08 19:24:38 2017
elapsed time: 1 seconds (0d 0h 0m 1s)

