#
# There is insufficient memory for the Java Runtime Environment to continue.
# Native memory allocation (malloc) failed to allocate 32744 bytes for ChunkPool::allocate
# Possible reasons:
#   The system is out of physical RAM or swap space
#   In 32 bit mode, the process size limit was hit
# Possible solutions:
#   Reduce memory load on the system
#   Increase physical memory or swap space
#   Check if swap backing store is full
#   Use 64 bit Java on a 64 bit OS
#   Decrease Java heap size (-Xmx/-Xms)
#   Decrease number of Java threads
#   Decrease Java thread stack sizes (-Xss)
#   Set larger code cache with -XX:ReservedCodeCacheSize=
# This output file may be truncated or incomplete.
#
#  Out of Memory Error (allocation.cpp:273), pid=10156, tid=0x0000000000000ed4
#
# JRE version: OpenJDK Runtime Environment (8.0_112-b06) (build 1.8.0_112-release-b06)
# Java VM: OpenJDK 64-Bit Server VM (25.112-b06 mixed mode windows-amd64 compressed oops)
# Failed to write core dump. Minidumps are not enabled by default on client versions of Windows
#

---------------  T H R E A D  ---------------

Current thread (0x0000000016304000):  JavaThread "C1 CompilerThread2" daemon [_thread_in_native, id=3796, stack(0x0000000016af0000,0x0000000016bf0000)]

Stack: [0x0000000016af0000,0x0000000016bf0000]
[error occurred during error reporting (printing stack bounds), id 0xc0000005]

Native frames: (J=compiled Java code, j=interpreted, Vv=VM code, C=native code)


Current CompileTask:
C1:   1395  445   !   3       com.android.dx.cf.code.BytecodeArray::parseInstruction (2764 bytes)


---------------  P R O C E S S  ---------------

Java Threads: ( => current thread )
  0x000000001647d000 JavaThread "pool-1-thread-4" [_thread_in_Java, id=5740, stack(0x00000000171f0000,0x00000000172f0000)]
  0x000000001647c800 JavaThread "pool-1-thread-3" [_thread_in_Java, id=10728, stack(0x00000000170f0000,0x00000000171f0000)]
  0x0000000016466000 JavaThread "pool-1-thread-2" [_thread_in_vm, id=5104, stack(0x0000000016ff0000,0x00000000170f0000)]
  0x0000000016465800 JavaThread "pool-2-thread-1" [_thread_blocked, id=6164, stack(0x0000000016ef0000,0x0000000016ff0000)]
  0x0000000016464800 JavaThread "pool-1-thread-1" [_thread_in_Java, id=80, stack(0x0000000016df0000,0x0000000016ef0000)]
  0x0000000016374800 JavaThread "Service Thread" daemon [_thread_blocked, id=404, stack(0x0000000016bf0000,0x0000000016cf0000)]
=>0x0000000016304000 JavaThread "C1 CompilerThread2" daemon [_thread_in_native, id=3796, stack(0x0000000016af0000,0x0000000016bf0000)]
  0x0000000014fee000 JavaThread "C2 CompilerThread1" daemon [_thread_blocked, id=7096, stack(0x00000000169f0000,0x0000000016af0000)]
  0x0000000014fea000 JavaThread "C2 CompilerThread0" daemon [_thread_in_native, id=10120, stack(0x00000000168f0000,0x00000000169f0000)]
  0x0000000014fe9800 JavaThread "Attach Listener" daemon [_thread_blocked, id=3652, stack(0x00000000167f0000,0x00000000168f0000)]
  0x00000000162f8800 JavaThread "Signal Dispatcher" daemon [_thread_blocked, id=4896, stack(0x00000000166f0000,0x00000000167f0000)]
  0x00000000028ba000 JavaThread "Finalizer" daemon [_thread_blocked, id=6800, stack(0x00000000161f0000,0x00000000162f0000)]
  0x00000000028b1000 JavaThread "Reference Handler" daemon [_thread_blocked, id=8656, stack(0x00000000160f0000,0x00000000161f0000)]
  0x00000000027c2800 JavaThread "main" [_thread_in_Java, id=4468, stack(0x00000000026c0000,0x00000000027c0000)]

Other Threads:
  0x0000000014f54800 VMThread [stack: 0x0000000015ff0000,0x00000000160f0000] [id=9116]
  0x0000000016331000 WatcherThread [stack: 0x0000000016cf0000,0x0000000016df0000] [id=7552]

VM state:not at safepoint (normal execution)

VM Mutex/Monitor currently owned by a thread: None

Heap:
 PSYoungGen      total 38400K, used 13319K [0x00000000eab00000, 0x00000000ed580000, 0x0000000100000000)
  eden space 33280K, 40% used [0x00000000eab00000,0x00000000eb801e58,0x00000000ecb80000)
  from space 5120K, 0% used [0x00000000ed080000,0x00000000ed080000,0x00000000ed580000)
  to   space 5120K, 0% used [0x00000000ecb80000,0x00000000ecb80000,0x00000000ed080000)
 ParOldGen       total 87552K, used 0K [0x00000000c0000000, 0x00000000c5580000, 0x00000000eab00000)
  object space 87552K, 0% used [0x00000000c0000000,0x00000000c0000000,0x00000000c5580000)
 Metaspace       used 5247K, capacity 6448K, committed 6528K, reserved 1056768K
  class space    used 551K, capacity 616K, committed 640K, reserved 1048576K

Card table byte_map: [0x0000000011c80000,0x0000000011e90000] byte_map_base: 0x0000000011680000

Marking Bits: (ParMarkBitMap*) 0x00000000671d18f0
 Begin Bits: [0x00000000123f0000, 0x00000000133f0000)
 End Bits:   [0x00000000133f0000, 0x00000000143f0000)

Polling page: 0x0000000000a60000

CodeCache: size=245760Kb used=2017Kb max_used=2029Kb free=243742Kb
 bounds [0x00000000028c0000, 0x0000000002b30000, 0x00000000118c0000]
 total_blobs=684 nmethods=422 adapters=176
 compilation: enabled

Compilation events (10 events):
Event: 1.339 Thread 0x0000000016304000 nmethod 443 0x0000000002ab26d0 code [0x0000000002ab29e0, 0x0000000002ab4748]
Event: 1.339 Thread 0x0000000016304000  432       3       com.android.dx.dex.file.ClassDataItem::addStaticField (51 bytes)
Event: 1.343 Thread 0x0000000016304000 nmethod 432 0x0000000002ab5110 code [0x0000000002ab5380, 0x0000000002ab65e8]
Event: 1.343 Thread 0x0000000016304000  433       3       com.android.dx.rop.cst.CstMemberRef::hashCode (19 bytes)
Event: 1.345 Thread 0x0000000016304000 nmethod 433 0x0000000002ab7350 code [0x0000000002ab7500, 0x0000000002ab7d28]
Event: 1.345 Thread 0x0000000016304000  445   !   3       com.android.dx.cf.code.BytecodeArray::parseInstruction (2764 bytes)
Event: 1.367 Thread 0x0000000014fee000 nmethod 441 0x0000000002abb350 code [0x0000000002abb4c0, 0x0000000002abbb38]
Event: 1.368 Thread 0x0000000014fee000  444       4       com.android.dx.cf.iface.StdAttributeList::findFirst (44 bytes)
Event: 1.379 Thread 0x0000000014fee000 nmethod 444 0x0000000002abc010 code [0x0000000002abc160, 0x0000000002abc458]
Event: 1.379 Thread 0x0000000014fee000  451       4       java.util.HashMap::getNode (148 bytes)

GC Heap History (0 events):
No events

Deoptimization events (1 events):
Event: 0.896 Thread 0x0000000016466000 Uncommon trap: reason=unstable_if action=reinterpret pc=0x0000000002a04b94 method=java.lang.String.indexOf(II)I @ 49

Internal exceptions (2 events):
Event: 0.099 Thread 0x00000000027c2800 Exception <a 'java/lang/NoSuchMethodError': Method sun.misc.Unsafe.defineClass(Ljava/lang/String;[BII)Ljava/lang/Class; name or signature does not match> (0x00000000eab07c78) thrown at [C:\src\android\AOSP-openjdk\external\jetbrains\jdk\hotspot\src\share\võZL¨]‚¹?
Event: 0.100 Thread 0x00000000027c2800 Exception <a 'java/lang/NoSuchMethodError': Method sun.misc.Unsafe.prefetchRead(Ljava/lang/Object;J)V name or signature does not match> (0x00000000eab07f60) thrown at [C:\src\android\AOSP-openjdk\external\jetbrains\jdk\hotspot\src\share\vm\prims\jni.cpp, l

Events (10 events):
Event: 1.253 Thread 0x0000000016466000 DEOPT PACKING pc=0x0000000002a2c415 sp=0x00000000170ee480
Event: 1.253 Thread 0x0000000016466000 DEOPT UNPACKING pc=0x00000000029075bf sp=0x00000000170ee180 mode 0
Event: 1.261 Thread 0x0000000016464800 DEOPT PACKING pc=0x0000000002a2c415 sp=0x0000000016eeed60
Event: 1.261 Thread 0x0000000016464800 DEOPT UNPACKING pc=0x00000000029075bf sp=0x0000000016eeea50 mode 0
Event: 1.262 Thread 0x0000000016464800 DEOPT PACKING pc=0x0000000002a2c415 sp=0x0000000016eeed60
Event: 1.262 Thread 0x0000000016464800 DEOPT UNPACKING pc=0x00000000029075bf sp=0x0000000016eeea50 mode 0
Event: 1.264 Thread 0x0000000016464800 DEOPT PACKING pc=0x0000000002a2c415 sp=0x0000000016eeed60
Event: 1.264 Thread 0x0000000016464800 DEOPT UNPACKING pc=0x00000000029075bf sp=0x0000000016eeea50 mode 0
Event: 1.296 loading class com/android/dx/cf/code/BytecodeArray$ConstantParserVisitor
Event: 1.296 loading class com/android/dx/cf/code/BytecodeArray$ConstantParserVisitor done


Dynamic libraries:
0x00007ff60b260000 - 0x00007ff60b291000 	D:\Android Studio\jre\bin\java.exe
0x00007ff967b40000 - 0x00007ff967ced000 	C:\windows\SYSTEM32\ntdll.dll
0x00007ff967690000 - 0x00007ff9677ce000 	C:\windows\system32\KERNEL32.DLL
0x00007ff964da0000 - 0x00007ff964eb5000 	C:\windows\system32\KERNELBASE.dll
0x00007ff965e20000 - 0x00007ff965eca000 	C:\windows\system32\ADVAPI32.dll
0x00007ff9654c0000 - 0x00007ff965637000 	C:\windows\system32\USER32.dll
0x00007ff9629e0000 - 0x00007ff962c5b000 	C:\windows\WinSxS\amd64_microsoft.windows.common-controls_6595b64144ccf1df_6.0.9600.18006_none_623f33d3ecbe86e8\COMCTL32.dll
0x00007ff9653f0000 - 0x00007ff96549a000 	C:\windows\system32\msvcrt.dll
0x00007ff964ed0000 - 0x00007ff964f29000 	C:\windows\SYSTEM32\sechost.dll
0x00007ff965640000 - 0x00007ff965780000 	C:\windows\system32\RPCRT4.dll
0x00007ff965960000 - 0x00007ff965aaf000 	C:\windows\system32\GDI32.dll
0x00007ff964cc0000 - 0x00007ff964cee000 	C:\windows\system32\SspiCli.dll
0x00007ff964f40000 - 0x00007ff964f76000 	C:\windows\system32\IMM32.DLL
0x00007ff965cb0000 - 0x00007ff965e02000 	C:\windows\system32\MSCTF.dll
0x0000000068090000 - 0x0000000068162000 	D:\Android Studio\jre\jre\bin\msvcr100.dll
0x0000000066a10000 - 0x000000006724c000 	D:\Android Studio\jre\jre\bin\server\jvm.dll
0x00007ff961700000 - 0x00007ff961709000 	C:\windows\SYSTEM32\WSOCK32.dll
0x00007ff964a50000 - 0x00007ff964a72000 	C:\windows\system32\WINMM.dll
0x00007ff95d230000 - 0x00007ff95d23a000 	C:\windows\SYSTEM32\VERSION.dll
0x00007ff965780000 - 0x00007ff965787000 	C:\windows\system32\PSAPI.DLL
0x00007ff965120000 - 0x00007ff96517a000 	C:\windows\system32\WS2_32.dll
0x00007ff964980000 - 0x00007ff9649aa000 	C:\windows\system32\WINMMBASE.dll
0x00007ff965e10000 - 0x00007ff965e19000 	C:\windows\system32\NSI.dll
0x00007ff9649b0000 - 0x00007ff9649ff000 	C:\windows\SYSTEM32\cfgmgr32.dll
0x00007ff964930000 - 0x00007ff964958000 	C:\windows\system32\DEVOBJ.dll
0x00007ff961480000 - 0x00007ff96148f000 	D:\Android Studio\jre\jre\bin\verify.dll
0x00007ff94a050000 - 0x00007ff94a079000 	D:\Android Studio\jre\jre\bin\java.dll
0x00007ff94a030000 - 0x00007ff94a046000 	D:\Android Studio\jre\jre\bin\zip.dll
0x00007ff966100000 - 0x00007ff967629000 	C:\windows\system32\SHELL32.dll
0x00007ff965ee0000 - 0x00007ff9660f1000 	C:\windows\SYSTEM32\combase.dll
0x00007ff965180000 - 0x00007ff9651d4000 	C:\windows\system32\SHLWAPI.dll
0x00007ff962e30000 - 0x00007ff962ee2000 	C:\windows\SYSTEM32\SHCORE.dll
0x00007ff964880000 - 0x00007ff964895000 	C:\windows\SYSTEM32\profapi.dll

VM Arguments:
jvm_args: -Djava.awt.headless=true -Xmx1024M -Dfile.encoding=GBK -Duser.country=CN -Duser.language=zh -Duser.variant 
java_command: com.android.dx.command.Main --dex --num-threads=4 --output D:\android_wokespace\Park1\app\build\intermediates\pre-dexed\debug\debug_fbb0f697c35f25aa22a53c8b0c1de775393e180f.jar D:\android_wokespace\Park1\app\build\intermediates\classes\debug
java_class_path (initial): D:\AndroidSDK\build-tools\25.0.0\lib\dx.jar
Launcher Type: SUN_STANDARD

Environment Variables:
JAVA_HOME=D:\Program Files\Java\jdk1.8.0_60
CLASSPATH=.
PATH=D:\Program Files\Java\jdk1.8.0_60\bin;C:\Program Files (x86)\Lenovo\FusionEngine;C:\Program Files (x86)\Intel\iCLS Client\;C:\Program Files\Intel\iCLS Client\;C:\windows\system32;C:\windows;C:\windows\System32\Wbem;C:\windows\System32\WindowsPowerShell\v1.0\;C:\Program Files (x86)\ATI Technologies\ATI.ACE\Core-Static;C:\Program Files\Intel\Intel(R) Management Engine Components\DAL;C:\Program Files (x86)\Intel\Intel(R) Management Engine Components\DAL;C:\Program Files\Intel\Intel(R) Management Engine Components\IPT;C:\Program Files (x86)\Intel\Intel(R) Management Engine Components\IPT;C:\Program Files (x86)\Common Files\lenovo\easyplussdk\bin;C:\Program Files (x86)\Microsoft SQL Server\100\Tools\Binn\;C:\Program Files\Microsoft SQL Server\100\Tools\Binn\;C:\Program Files\Microsoft SQL Server\100\DTS\Binn\;C:\Program Files (x86)\Microsoft SQL Server\100\Tools\Binn\VSShell\Common7\IDE\;C:\Program Files (x86)\Microsoft SQL Server\100\DTS\Binn\;C:\Program Files (x86)\Microsoft Visual Studio 9.0\Common7\IDE\PrivateAssemblies\;D:\mysql\mysql-5.7.18-winx64\bin;D:\Git\cmd;D:\Android_sdk\build-tools;D:\Android_sdk\tools;;C:\Program Files\Microsoft SQL Server\110\DTS\Binn\;C:\Program Files (x86)\Microsoft SQL Server\110\Tools\Binn\;C:\Program Files\Microsoft SQL Server\110\Tools\Binn\;C:\Program Files (x86)\Microsoft SQL Server\110\Tools\Binn\ManagementStudio\;C:\Program Files (x86)\Microsoft Visual Studio 10.0\Common7\IDE\PrivateAssemblies\;C:\Program Files (x86)\Microsoft SQL Server\110\DTS\Binn\;D:\apache-tomcat-8.0.24\lib;D:\apache-tomcat-8.0.24\bin
USERNAME=lenovo
OS=Windows_NT
PROCESSOR_IDENTIFIER=Intel64 Family 6 Model 61 Stepping 4, GenuineIntel



---------------  S Y S T E M  ---------------

OS: Windows 8.1 , 64 bit Build 9600 (6.3.9600.17415)

CPU:total 4 (2 cores per cpu, 2 threads per core) family 6 model 61 stepping 4, cmov, cx8, fxsr, mmx, sse, sse2, sse3, ssse3, sse4.1, sse4.2, popcnt, avx, avx2, aes, clmul, erms, 3dnowpref, lzcnt, ht, tsc, tscinvbit, bmi1, bmi2, adx

Memory: 4k page, physical 8301656k(1188688k free), swap 8301656k(9184k free)

vm_info: OpenJDK 64-Bit Server VM (25.112-b06) for windows-amd64 JRE (1.8.0_112-release-b06), built on Dec  8 2016 00:54:26 by "builder" with MS VC++ 10.0 (VS2010)

time: Thu Nov 09 12:06:23 2017
elapsed time: 1 seconds (0d 0h 0m 1s)

