#
# There is insufficient memory for the Java Runtime Environment to continue.
# Native memory allocation (malloc) failed to allocate 480104 bytes for AllocateHeap
# Possible reasons:
#   The system is out of physical RAM or swap space
#   In 32 bit mode, the process size limit was hit
# Possible solutions:
#   Reduce memory load on the system
#   Increase physical memory or swap space
#   Check if swap backing store is full
#   Use 64 bit Java on a 64 bit OS
#   Decrease Java heap size (-Xmx/-Xms)
#   Decrease number of Java threads
#   Decrease Java thread stack sizes (-Xss)
#   Set larger code cache with -XX:ReservedCodeCacheSize=
# This output file may be truncated or incomplete.
#
#  Out of Memory Error (memory/allocation.inline.hpp:61), pid=3384, tid=0x00000000000026f8
#
# JRE version:  (8.0_112-b06) (build )
# Java VM: OpenJDK 64-Bit Server VM (25.112-b06 mixed mode windows-amd64 compressed oops)
# Failed to write core dump. Minidumps are not enabled by default on client versions of Windows
#

---------------  T H R E A D  ---------------

Current thread (0x00000000030fd800):  JavaThread "Unknown thread" [_thread_in_vm, id=9976, stack(0x0000000002a50000,0x0000000002b50000)]

Stack: [0x0000000002a50000,0x0000000002b50000]
[error occurred during error reporting (printing stack bounds), id 0xc0000005]

Native frames: (J=compiled Java code, j=interpreted, Vv=VM code, C=native code)


---------------  P R O C E S S  ---------------

Java Threads: ( => current thread )

Other Threads:

=>0x00000000030fd800 (exited) JavaThread "Unknown thread" [_thread_in_vm, id=9976, stack(0x0000000002a50000,0x0000000002b50000)]

VM state:not at safepoint (not fully initialized)

VM Mutex/Monitor currently owned by a thread: None

GC Heap History (0 events):
No events

Deoptimization events (0 events):
No events

Internal exceptions (0 events):
No events

Events (0 events):
No events


Dynamic libraries:
0x00007ff6f3650000 - 0x00007ff6f3681000 	D:\Android Studio\jre\bin\java.exe
0x00007ffd36550000 - 0x00007ffd366fd000 	C:\windows\SYSTEM32\ntdll.dll
0x00007ffd33c20000 - 0x00007ffd33d5e000 	C:\windows\system32\KERNEL32.DLL
0x00007ffd33740000 - 0x00007ffd33855000 	C:\windows\system32\KERNELBASE.dll
0x00007ffd338e0000 - 0x00007ffd3398a000 	C:\windows\system32\ADVAPI32.dll
0x00007ffd33f10000 - 0x00007ffd34087000 	C:\windows\system32\USER32.dll
0x00007ffd30e20000 - 0x00007ffd3109b000 	C:\windows\WinSxS\amd64_microsoft.windows.common-controls_6595b64144ccf1df_6.0.9600.18006_none_623f33d3ecbe86e8\COMCTL32.dll
0x00007ffd35f10000 - 0x00007ffd35fba000 	C:\windows\system32\msvcrt.dll
0x00007ffd34230000 - 0x00007ffd34289000 	C:\windows\SYSTEM32\sechost.dll
0x00007ffd35dd0000 - 0x00007ffd35f10000 	C:\windows\system32\RPCRT4.dll
0x00007ffd33d60000 - 0x00007ffd33eaf000 	C:\windows\system32\GDI32.dll
0x00007ffd33860000 - 0x00007ffd3388e000 	C:\windows\system32\SspiCli.dll
0x00007ffd34320000 - 0x00007ffd34356000 	C:\windows\system32\IMM32.DLL
0x00007ffd34380000 - 0x00007ffd344d2000 	C:\windows\system32\MSCTF.dll
0x000000006be10000 - 0x000000006bee2000 	D:\Android Studio\jre\jre\bin\msvcr100.dll
0x000000006c380000 - 0x000000006cbbc000 	D:\Android Studio\jre\jre\bin\server\jvm.dll
0x00007ffd2c3b0000 - 0x00007ffd2c3b9000 	C:\windows\SYSTEM32\WSOCK32.dll
0x00007ffd33660000 - 0x00007ffd33682000 	C:\windows\system32\WINMM.dll
0x00007ffd2c0d0000 - 0x00007ffd2c0da000 	C:\windows\SYSTEM32\VERSION.dll
0x00007ffd35a10000 - 0x00007ffd35a17000 	C:\windows\system32\PSAPI.DLL
0x00007ffd342c0000 - 0x00007ffd3431a000 	C:\windows\system32\WS2_32.dll
0x00007ffd33390000 - 0x00007ffd333ba000 	C:\windows\system32\WINMMBASE.dll
0x00007ffd33b70000 - 0x00007ffd33b79000 	C:\windows\system32\NSI.dll
0x00007ffd33890000 - 0x00007ffd338df000 	C:\windows\SYSTEM32\cfgmgr32.dll
0x00007ffd33340000 - 0x00007ffd33368000 	C:\windows\system32\DEVOBJ.dll
0x00007ffd31e00000 - 0x00007ffd31e0f000 	D:\Android Studio\jre\jre\bin\verify.dll
0x00007ffd13ad0000 - 0x00007ffd13af9000 	D:\Android Studio\jre\jre\bin\java.dll
0x00007ffd31d70000 - 0x00007ffd31d86000 	D:\Android Studio\jre\jre\bin\zip.dll

VM Arguments:
jvm_args: -Djava.awt.headless=true -Xmx4g -Dfile.encoding=GBK -Duser.country=CN -Duser.language=zh -Duser.variant 
java_command: com.android.dx.command.Main --dex --num-threads=4 --multi-dex --output D:\android_wokespace\Park1\app\build\intermediates\transforms\dex\debug\folders\1000\1\debug_fbb0f697c35f25aa22a53c8b0c1de775393e180f D:\android_wokespace\Park1\app\build\intermediates\classes\debug
java_class_path (initial): D:\AndroidSDK\build-tools\25.0.0\lib\dx.jar
Launcher Type: SUN_STANDARD

Environment Variables:
JAVA_HOME=D:\Program Files\Java\jdk1.8.0_60
CLASSPATH=.
PATH=D:\Program Files\Java\jdk1.8.0_60\bin;C:\Program Files (x86)\Lenovo\FusionEngine;C:\Program Files (x86)\Intel\iCLS Client\;C:\Program Files\Intel\iCLS Client\;C:\windows\system32;C:\windows;C:\windows\System32\Wbem;C:\windows\System32\WindowsPowerShell\v1.0\;C:\Program Files (x86)\ATI Technologies\ATI.ACE\Core-Static;C:\Program Files\Intel\Intel(R) Management Engine Components\DAL;C:\Program Files (x86)\Intel\Intel(R) Management Engine Components\DAL;C:\Program Files\Intel\Intel(R) Management Engine Components\IPT;C:\Program Files (x86)\Intel\Intel(R) Management Engine Components\IPT;C:\Program Files (x86)\Common Files\lenovo\easyplussdk\bin;C:\Program Files (x86)\Microsoft SQL Server\100\Tools\Binn\;C:\Program Files\Microsoft SQL Server\100\Tools\Binn\;C:\Program Files\Microsoft SQL Server\100\DTS\Binn\;C:\Program Files (x86)\Microsoft SQL Server\100\Tools\Binn\VSShell\Common7\IDE\;C:\Program Files (x86)\Microsoft SQL Server\100\DTS\Binn\;C:\Program Files (x86)\Microsoft Visual Studio 9.0\Common7\IDE\PrivateAssemblies\;D:\mysql\mysql-5.7.18-winx64\bin;D:\Git\cmd;D:\Android_sdk\build-tools;D:\Android_sdk\tools;;C:\Program Files\Microsoft SQL Server\110\DTS\Binn\;C:\Program Files (x86)\Microsoft SQL Server\110\Tools\Binn\;C:\Program Files\Microsoft SQL Server\110\Tools\Binn\;C:\Program Files (x86)\Microsoft SQL Server\110\Tools\Binn\ManagementStudio\;C:\Program Files (x86)\Microsoft Visual Studio 10.0\Common7\IDE\PrivateAssemblies\;C:\Program Files (x86)\Microsoft SQL Server\110\DTS\Binn\;D:\apache-tomcat-8.0.24\lib;D:\apache-tomcat-8.0.24\bin
USERNAME=lenovo
OS=Windows_NT
PROCESSOR_IDENTIFIER=Intel64 Family 6 Model 61 Stepping 4, GenuineIntel



---------------  S Y S T E M  ---------------

OS: Windows 8.1 , 64 bit Build 9600 (6.3.9600.17415)

CPU:total 4 (2 cores per cpu, 2 threads per core) family 6 model 61 stepping 4, cmov, cx8, fxsr, mmx, sse, sse2, sse3, ssse3, sse4.1, sse4.2, popcnt, avx, avx2, aes, clmul, erms, 3dnowpref, lzcnt, ht, tsc, tscinvbit, bmi1, bmi2, adx

Memory: 4k page, physical 8301656k(1394800k free), swap 8301656k(6452k free)

vm_info: OpenJDK 64-Bit Server VM (25.112-b06) for windows-amd64 JRE (1.8.0_112-release-b06), built on Dec  8 2016 00:54:26 by "builder" with MS VC++ 10.0 (VS2010)

time: Wed Nov 15 19:03:33 2017
elapsed time: 0 seconds (0d 0h 0m 0s)

