#
# There is insufficient memory for the Java Runtime Environment to continue.
# Native memory allocation (malloc) failed to allocate 32744 bytes for ChunkPool::allocate
# Possible reasons:
#   The system is out of physical RAM or swap space
#   In 32 bit mode, the process size limit was hit
# Possible solutions:
#   Reduce memory load on the system
#   Increase physical memory or swap space
#   Check if swap backing store is full
#   Use 64 bit Java on a 64 bit OS
#   Decrease Java heap size (-Xmx/-Xms)
#   Decrease number of Java threads
#   Decrease Java thread stack sizes (-Xss)
#   Set larger code cache with -XX:ReservedCodeCacheSize=
# This output file may be truncated or incomplete.
#
#  Out of Memory Error (allocation.cpp:273), pid=9400, tid=0x0000000000003178
#
# JRE version: OpenJDK Runtime Environment (8.0_112-b06) (build 1.8.0_112-release-b06)
# Java VM: OpenJDK 64-Bit Server VM (25.112-b06 mixed mode windows-amd64 compressed oops)
# Failed to write core dump. Minidumps are not enabled by default on client versions of Windows
#

---------------  T H R E A D  ---------------

Current thread (0x00000000163ad800):  JavaThread "C2 CompilerThread1" daemon [_thread_in_native, id=12664, stack(0x0000000016a60000,0x0000000016b60000)]

Stack: [0x0000000016a60000,0x0000000016b60000]
[error occurred during error reporting (printing stack bounds), id 0xc0000005]

Native frames: (J=compiled Java code, j=interpreted, Vv=VM code, C=native code)


Current CompileTask:
C2:   2363  701       4       com.android.dx.rop.cst.CstString::utf8BytesToString (391 bytes)


---------------  P R O C E S S  ---------------

Java Threads: ( => current thread )
  0x0000000016672000 JavaThread "pool-1-thread-4" [_thread_blocked, id=13340, stack(0x0000000017a60000,0x0000000017b60000)]
  0x0000000016671800 JavaThread "pool-1-thread-3" [_thread_in_vm, id=5384, stack(0x0000000017960000,0x0000000017a60000)]
  0x0000000016671000 JavaThread "pool-1-thread-2" [_thread_in_Java, id=8920, stack(0x0000000017860000,0x0000000017960000)]
  0x000000001666e000 JavaThread "pool-2-thread-1" [_thread_blocked, id=13544, stack(0x0000000017760000,0x0000000017860000)]
  0x000000001666d800 JavaThread "pool-1-thread-1" [_thread_blocked, id=13960, stack(0x0000000017660000,0x0000000017760000)]
  0x00000000163c1000 JavaThread "Service Thread" daemon [_thread_blocked, id=8516, stack(0x0000000016c60000,0x0000000016d60000)]
  0x00000000163b8800 JavaThread "C1 CompilerThread2" daemon [_thread_in_native, id=13112, stack(0x0000000016b60000,0x0000000016c60000)]
=>0x00000000163ad800 JavaThread "C2 CompilerThread1" daemon [_thread_in_native, id=12664, stack(0x0000000016a60000,0x0000000016b60000)]
  0x000000001504a000 JavaThread "C2 CompilerThread0" daemon [_thread_in_native, id=12660, stack(0x0000000016960000,0x0000000016a60000)]
  0x0000000015049800 JavaThread "Attach Listener" daemon [_thread_blocked, id=12768, stack(0x0000000016860000,0x0000000016960000)]
  0x0000000016368800 JavaThread "Signal Dispatcher" daemon [_thread_blocked, id=13524, stack(0x0000000016760000,0x0000000016860000)]
  0x000000000291a000 JavaThread "Finalizer" daemon [_thread_blocked, id=11756, stack(0x0000000016260000,0x0000000016360000)]
  0x0000000002911000 JavaThread "Reference Handler" daemon [_thread_blocked, id=7032, stack(0x0000000016160000,0x0000000016260000)]
  0x000000000281d800 JavaThread "main" [_thread_in_vm, id=12720, stack(0x0000000002620000,0x0000000002720000)]

Other Threads:
  0x0000000014fb4800 VMThread [stack: 0x0000000016060000,0x0000000016160000] [id=6544]
  0x00000000163c2000 WatcherThread [stack: 0x0000000016d60000,0x0000000016e60000] [id=12752]

VM state:not at safepoint (normal execution)

VM Mutex/Monitor currently owned by a thread: None

Heap:
 PSYoungGen      total 38400K, used 19974K [0x00000000eab00000, 0x00000000ed580000, 0x0000000100000000)
  eden space 33280K, 60% used [0x00000000eab00000,0x00000000ebe81b20,0x00000000ecb80000)
  from space 5120K, 0% used [0x00000000ed080000,0x00000000ed080000,0x00000000ed580000)
  to   space 5120K, 0% used [0x00000000ecb80000,0x00000000ecb80000,0x00000000ed080000)
 ParOldGen       total 87552K, used 0K [0x00000000c0000000, 0x00000000c5580000, 0x00000000eab00000)
  object space 87552K, 0% used [0x00000000c0000000,0x00000000c0000000,0x00000000c5580000)
 Metaspace       used 5519K, capacity 6640K, committed 6784K, reserved 1056768K
  class space    used 563K, capacity 616K, committed 640K, reserved 1048576K

Card table byte_map: [0x0000000011ce0000,0x0000000011ef0000] byte_map_base: 0x00000000116e0000

Marking Bits: (ParMarkBitMap*) 0x000000005f5818f0
 Begin Bits: [0x0000000012450000, 0x0000000013450000)
 End Bits:   [0x0000000013450000, 0x0000000014450000)

Polling page: 0x0000000002290000

CodeCache: size=245760Kb used=2519Kb max_used=2530Kb free=243240Kb
 bounds [0x0000000002920000, 0x0000000002ba0000, 0x0000000011920000]
 total_blobs=943 nmethods=679 adapters=178
 compilation: enabled

Compilation events (10 events):
Event: 2.348 Thread 0x00000000163b8800  689       3       java.util.ArrayList::subListRangeCheck (110 bytes)
Event: 2.349 Thread 0x00000000163b8800 nmethod 689 0x0000000002b94750 code [0x0000000002b94a80, 0x0000000002b963c8]
Event: 2.349 Thread 0x00000000163b8800  690       3       java.util.ArrayList$SubList::<init> (46 bytes)
Event: 2.349 Thread 0x00000000163b8800 nmethod 690 0x0000000002b96f90 code [0x0000000002b97100, 0x0000000002b973d0]
Event: 2.349 Thread 0x00000000163b8800  695   !   3       com.android.dx.cf.code.BytecodeArray::parseInstruction (2764 bytes)
Event: 2.350 Thread 0x000000001504a000 nmethod 684 0x0000000002b9a450 code [0x0000000002b9a5c0, 0x0000000002b9a888]
Event: 2.350 Thread 0x00000000163ad800  701       4       com.android.dx.rop.cst.CstString::utf8BytesToString (391 bytes)
Event: 2.351 Thread 0x000000001504a000  702       4       com.android.dx.ssa.SsaBasicBlock::isReachable (29 bytes)
Event: 2.351 Thread 0x000000001504a000 nmethod 702 0x0000000002b97550 code [0x0000000002b97680, 0x0000000002b97718]
Event: 2.354 Thread 0x000000001504a000  703       4       com.android.dx.rop.type.Type::hashCode (8 bytes)

GC Heap History (0 events):
No events

Deoptimization events (1 events):
Event: 1.732 Thread 0x000000000281d800 Uncommon trap: reason=unstable_if action=reinterpret pc=0x0000000002a71b14 method=java.lang.String.compareTo(Ljava/lang/String;)I @ 38

Internal exceptions (2 events):
Event: 0.702 Thread 0x000000000281d800 Exception <a 'java/lang/NoSuchMethodError': Method sun.misc.Unsafe.defineClass(Ljava/lang/String;[BII)Ljava/lang/Class; name or signature does not match> (0x00000000eab07c78) thrown at [C:\src\android\AOSP-openjdk\external\jetbrains\jdk\hotspot\src\share\v¯h7¸©sæ?
Event: 0.702 Thread 0x000000000281d800 Exception <a 'java/lang/NoSuchMethodError': Method sun.misc.Unsafe.prefetchRead(Ljava/lang/Object;J)V name or signature does not match> (0x00000000eab07f60) thrown at [C:\src\android\AOSP-openjdk\external\jetbrains\jdk\hotspot\src\share\vm\prims\jni.cpp, l

Events (10 events):
Event: 2.191 loading class java/util/TreeMap$EntrySet
Event: 2.192 loading class java/util/TreeMap$EntrySet done
Event: 2.192 loading class java/util/TreeMap$EntryIterator
Event: 2.192 loading class java/util/TreeMap$EntryIterator done
Event: 2.207 loading class com/android/dx/ssa/PhiInsn$Operand
Event: 2.207 loading class com/android/dx/ssa/PhiInsn$Operand done
Event: 2.266 loading class com/android/dx/ssa/back/FirstFitLocalCombiningAllocator$Multiset
Event: 2.266 loading class com/android/dx/ssa/back/FirstFitLocalCombiningAllocator$Multiset done
Event: 2.311 loading class java/util/ArrayList$1
Event: 2.311 loading class java/util/ArrayList$1 done


Dynamic libraries:
0x00007ff785640000 - 0x00007ff785671000 	D:\Android Studio\jre\bin\java.exe
0x00007ffcddc40000 - 0x00007ffcddded000 	C:\windows\SYSTEM32\ntdll.dll
0x00007ffcdd7c0000 - 0x00007ffcdd8fe000 	C:\windows\system32\KERNEL32.DLL
0x00007ffcdaeb0000 - 0x00007ffcdafc5000 	C:\windows\system32\KERNELBASE.dll
0x00007ffcdbc70000 - 0x00007ffcdbd1a000 	C:\windows\system32\ADVAPI32.dll
0x00007ffcdbaf0000 - 0x00007ffcdbc67000 	C:\windows\system32\USER32.dll
0x00007ffcd85d0000 - 0x00007ffcd884b000 	C:\windows\WinSxS\amd64_microsoft.windows.common-controls_6595b64144ccf1df_6.0.9600.18006_none_623f33d3ecbe86e8\COMCTL32.dll
0x00007ffcdc020000 - 0x00007ffcdc0ca000 	C:\windows\system32\msvcrt.dll
0x00007ffcdb330000 - 0x00007ffcdb389000 	C:\windows\SYSTEM32\sechost.dll
0x00007ffcdb390000 - 0x00007ffcdb4d0000 	C:\windows\system32\RPCRT4.dll
0x00007ffcddae0000 - 0x00007ffcddc2f000 	C:\windows\system32\GDI32.dll
0x00007ffcdadd0000 - 0x00007ffcdadfe000 	C:\windows\system32\SspiCli.dll
0x00007ffcdb970000 - 0x00007ffcdb9a6000 	C:\windows\system32\IMM32.DLL
0x00007ffcdbd20000 - 0x00007ffcdbe72000 	C:\windows\system32\MSCTF.dll
0x0000000060870000 - 0x0000000060942000 	D:\Android Studio\jre\jre\bin\msvcr100.dll
0x000000005edc0000 - 0x000000005f5fc000 	D:\Android Studio\jre\jre\bin\server\jvm.dll
0x00007ffcc0e90000 - 0x00007ffcc0e99000 	C:\windows\SYSTEM32\WSOCK32.dll
0x00007ffcdad40000 - 0x00007ffcdad62000 	C:\windows\system32\WINMM.dll
0x00007ffcd3210000 - 0x00007ffcd321a000 	C:\windows\SYSTEM32\VERSION.dll
0x00007ffcdb960000 - 0x00007ffcdb967000 	C:\windows\system32\PSAPI.DLL
0x00007ffcdb0d0000 - 0x00007ffcdb12a000 	C:\windows\system32\WS2_32.dll
0x00007ffcdaa60000 - 0x00007ffcdaa8a000 	C:\windows\system32\WINMMBASE.dll
0x00007ffcdc190000 - 0x00007ffcdc199000 	C:\windows\system32\NSI.dll
0x00007ffcdad70000 - 0x00007ffcdadbf000 	C:\windows\SYSTEM32\cfgmgr32.dll
0x00007ffcdaa30000 - 0x00007ffcdaa58000 	C:\windows\system32\DEVOBJ.dll
0x00007ffcd84e0000 - 0x00007ffcd84ef000 	D:\Android Studio\jre\jre\bin\verify.dll
0x00007ffcd78f0000 - 0x00007ffcd7919000 	D:\Android Studio\jre\jre\bin\java.dll
0x00007ffcd7a10000 - 0x00007ffcd7a26000 	D:\Android Studio\jre\jre\bin\zip.dll
0x00007ffcdc1c0000 - 0x00007ffcdd6e9000 	C:\windows\system32\SHELL32.dll
0x00007ffcdb740000 - 0x00007ffcdb951000 	C:\windows\SYSTEM32\combase.dll
0x00007ffcdb070000 - 0x00007ffcdb0c4000 	C:\windows\system32\SHLWAPI.dll
0x00007ffcd8d80000 - 0x00007ffcd8e32000 	C:\windows\SYSTEM32\SHCORE.dll
0x00007ffcda980000 - 0x00007ffcda995000 	C:\windows\SYSTEM32\profapi.dll

VM Arguments:
jvm_args: -Djava.awt.headless=true -Xmx1024M -Dfile.encoding=GBK -Duser.country=CN -Duser.language=zh -Duser.variant 
java_command: com.android.dx.command.Main --dex --num-threads=4 --output D:\android_wokespace\Park1\app\build\intermediates\pre-dexed\debug\classes_8934339446a1842133aec7f665dbd1f94e138920.jar C:\Users\lenovo\.android\build-cache\e4bd2242538b0ca1b334c719f87c8e38068de958\output\jars\classes.jar
java_class_path (initial): D:\AndroidSDK\build-tools\25.0.0\lib\dx.jar
Launcher Type: SUN_STANDARD

Environment Variables:
JAVA_HOME=D:\Program Files\Java\jdk1.8.0_60
CLASSPATH=.
PATH=D:\Program Files\Java\jdk1.8.0_60\bin;C:\Program Files (x86)\Lenovo\FusionEngine;C:\Program Files (x86)\Intel\iCLS Client\;C:\Program Files\Intel\iCLS Client\;C:\windows\system32;C:\windows;C:\windows\System32\Wbem;C:\windows\System32\WindowsPowerShell\v1.0\;C:\Program Files (x86)\ATI Technologies\ATI.ACE\Core-Static;C:\Program Files\Intel\Intel(R) Management Engine Components\DAL;C:\Program Files (x86)\Intel\Intel(R) Management Engine Components\DAL;C:\Program Files\Intel\Intel(R) Management Engine Components\IPT;C:\Program Files (x86)\Intel\Intel(R) Management Engine Components\IPT;C:\Program Files (x86)\Common Files\lenovo\easyplussdk\bin;C:\Program Files (x86)\Microsoft SQL Server\100\Tools\Binn\;C:\Program Files\Microsoft SQL Server\100\Tools\Binn\;C:\Program Files\Microsoft SQL Server\100\DTS\Binn\;C:\Program Files (x86)\Microsoft SQL Server\100\Tools\Binn\VSShell\Common7\IDE\;C:\Program Files (x86)\Microsoft SQL Server\100\DTS\Binn\;C:\Program Files (x86)\Microsoft Visual Studio 9.0\Common7\IDE\PrivateAssemblies\;D:\mysql\mysql-5.7.18-winx64\bin;D:\Git\cmd;D:\Android_sdk\build-tools;D:\Android_sdk\tools;;C:\Program Files\Microsoft SQL Server\110\DTS\Binn\;C:\Program Files (x86)\Microsoft SQL Server\110\Tools\Binn\;C:\Program Files\Microsoft SQL Server\110\Tools\Binn\;C:\Program Files (x86)\Microsoft SQL Server\110\Tools\Binn\ManagementStudio\;C:\Program Files (x86)\Microsoft Visual Studio 10.0\Common7\IDE\PrivateAssemblies\;C:\Program Files (x86)\Microsoft SQL Server\110\DTS\Binn\;D:\apache-tomcat-8.0.24\lib;D:\apache-tomcat-8.0.24\bin
USERNAME=lenovo
OS=Windows_NT
PROCESSOR_IDENTIFIER=Intel64 Family 6 Model 61 Stepping 4, GenuineIntel



---------------  S Y S T E M  ---------------

OS: Windows 8.1 , 64 bit Build 9600 (6.3.9600.17415)

CPU:total 4 (2 cores per cpu, 2 threads per core) family 6 model 61 stepping 4, cmov, cx8, fxsr, mmx, sse, sse2, sse3, ssse3, sse4.1, sse4.2, popcnt, avx, avx2, aes, clmul, erms, 3dnowpref, lzcnt, ht, tsc, tscinvbit, bmi1, bmi2, adx

Memory: 4k page, physical 8301656k(1874704k free), swap 8301656k(139124k free)

vm_info: OpenJDK 64-Bit Server VM (25.112-b06) for windows-amd64 JRE (1.8.0_112-release-b06), built on Dec  8 2016 00:54:26 by "builder" with MS VC++ 10.0 (VS2010)

time: Mon Nov 06 02:36:32 2017
elapsed time: 2 seconds (0d 0h 0m 2s)

