#
# There is insufficient memory for the Java Runtime Environment to continue.
# Native memory allocation (malloc) failed to allocate 1048576 bytes for AllocateHeap
# Possible reasons:
#   The system is out of physical RAM or swap space
#   In 32 bit mode, the process size limit was hit
# Possible solutions:
#   Reduce memory load on the system
#   Increase physical memory or swap space
#   Check if swap backing store is full
#   Use 64 bit Java on a 64 bit OS
#   Decrease Java heap size (-Xmx/-Xms)
#   Decrease number of Java threads
#   Decrease Java thread stack sizes (-Xss)
#   Set larger code cache with -XX:ReservedCodeCacheSize=
# This output file may be truncated or incomplete.
#
#  Out of Memory Error (memory/allocation.inline.hpp:61), pid=6124, tid=0x0000000000000394
#
# JRE version:  (8.0_112-b06) (build )
# Java VM: OpenJDK 64-Bit Server VM (25.112-b06 mixed mode windows-amd64 compressed oops)
# Failed to write core dump. Minidumps are not enabled by default on client versions of Windows
#

---------------  T H R E A D  ---------------

Current thread (0x00000000026b2800):  JavaThread "Unknown thread" [_thread_in_vm, id=916, stack(0x00000000025b0000,0x00000000026b0000)]

Stack: [0x00000000025b0000,0x00000000026b0000]
[error occurred during error reporting (printing stack bounds), id 0xc0000005]

Native frames: (J=compiled Java code, j=interpreted, Vv=VM code, C=native code)


---------------  P R O C E S S  ---------------

Java Threads: ( => current thread )

Other Threads:

=>0x00000000026b2800 (exited) JavaThread "Unknown thread" [_thread_in_vm, id=916, stack(0x00000000025b0000,0x00000000026b0000)]

VM state:not at safepoint (normal execution)

VM Mutex/Monitor currently owned by a thread: None

Heap:
 PSYoungGen      total 38400K, used 665K [0x00000000eab00000, 0x00000000ed580000, 0x0000000100000000)
  eden space 33280K, 2% used [0x00000000eab00000,0x00000000eaba6670,0x00000000ecb80000)
  from space 5120K, 0% used [0x00000000ed080000,0x00000000ed080000,0x00000000ed580000)
  to   space 5120K, 0% used [0x00000000ecb80000,0x00000000ecb80000,0x00000000ed080000)
 ParOldGen       total 87552K, used 0K [0x00000000c0000000, 0x00000000c5580000, 0x00000000eab00000)
  object space 87552K, 0% used [0x00000000c0000000,0x00000000c0000000,0x00000000c5580000)
 Metaspace       used 772K, capacity 4480K, committed 4480K, reserved 1056768K
  class space    used 73K, capacity 384K, committed 384K, reserved 1048576K

Card table byte_map: [0x0000000011b70000,0x0000000011d80000] byte_map_base: 0x0000000011570000

Marking Bits: (ParMarkBitMap*) 0x000000006a5a18f0
 Begin Bits: [0x00000000122e0000, 0x00000000132e0000)
 End Bits:   [0x00000000132e0000, 0x00000000142e0000)

Polling page: 0x0000000000a90000

CodeCache: size=245760Kb used=328Kb max_used=328Kb free=245431Kb
 bounds [0x00000000027b0000, 0x0000000002a20000, 0x00000000117b0000]
 total_blobs=57 nmethods=0 adapters=38
 compilation: enabled

Compilation events (0 events):
No events

GC Heap History (0 events):
No events

Deoptimization events (0 events):
No events

Internal exceptions (0 events):
No events

Events (10 events):
Event: 0.130 loading class java/lang/Short
Event: 0.131 loading class java/lang/Short done
Event: 0.131 loading class java/lang/Integer
Event: 0.131 loading class java/lang/Integer done
Event: 0.131 loading class java/lang/Long
Event: 0.131 loading class java/lang/Long done
Event: 0.133 loading class java/lang/NullPointerException
Event: 0.133 loading class java/lang/NullPointerException done
Event: 0.133 loading class java/lang/ArithmeticException
Event: 0.133 loading class java/lang/ArithmeticException done


Dynamic libraries:
0x00007ff6ae820000 - 0x00007ff6ae851000 	D:\Android Studio\jre\bin\java.exe
0x00007ff8e6230000 - 0x00007ff8e63dd000 	C:\windows\SYSTEM32\ntdll.dll
0x00007ff8e5b30000 - 0x00007ff8e5c6e000 	C:\windows\system32\KERNEL32.DLL
0x00007ff8e30a0000 - 0x00007ff8e31b5000 	C:\windows\system32\KERNELBASE.dll
0x00007ff8e3f70000 - 0x00007ff8e401a000 	C:\windows\system32\ADVAPI32.dll
0x00007ff8e60b0000 - 0x00007ff8e6227000 	C:\windows\system32\USER32.dll
0x00007ff8e0930000 - 0x00007ff8e0bab000 	C:\windows\WinSxS\amd64_microsoft.windows.common-controls_6595b64144ccf1df_6.0.9600.18006_none_623f33d3ecbe86e8\COMCTL32.dll
0x00007ff8e3690000 - 0x00007ff8e373a000 	C:\windows\system32\msvcrt.dll
0x00007ff8e5ad0000 - 0x00007ff8e5b29000 	C:\windows\SYSTEM32\sechost.dll
0x00007ff8e39a0000 - 0x00007ff8e3ae0000 	C:\windows\system32\RPCRT4.dll
0x00007ff8e37a0000 - 0x00007ff8e38ef000 	C:\windows\system32\GDI32.dll
0x00007ff8e31c0000 - 0x00007ff8e31ee000 	C:\windows\system32\SspiCli.dll
0x00007ff8e4020000 - 0x00007ff8e4056000 	C:\windows\system32\IMM32.DLL
0x00007ff8e5840000 - 0x00007ff8e5992000 	C:\windows\system32\MSCTF.dll
0x00000000696c0000 - 0x0000000069792000 	D:\Android Studio\jre\jre\bin\msvcr100.dll
0x0000000069de0000 - 0x000000006a61c000 	D:\Android Studio\jre\jre\bin\server\jvm.dll
0x00007ff8c3c90000 - 0x00007ff8c3c99000 	C:\windows\SYSTEM32\WSOCK32.dll
0x00007ff8e3580000 - 0x00007ff8e35a2000 	C:\windows\system32\WINMM.dll
0x00007ff8db950000 - 0x00007ff8db95a000 	C:\windows\SYSTEM32\VERSION.dll
0x00007ff8e6080000 - 0x00007ff8e6087000 	C:\windows\system32\PSAPI.DLL
0x00007ff8e59a0000 - 0x00007ff8e59fa000 	C:\windows\system32\WS2_32.dll
0x00007ff8e3070000 - 0x00007ff8e309a000 	C:\windows\system32\WINMMBASE.dll
0x00007ff8e5f70000 - 0x00007ff8e5f79000 	C:\windows\system32\NSI.dll
0x00007ff8e3350000 - 0x00007ff8e339f000 	C:\windows\SYSTEM32\cfgmgr32.dll
0x00007ff8e3020000 - 0x00007ff8e3048000 	C:\windows\system32\DEVOBJ.dll
0x00007ff8bb1c0000 - 0x00007ff8bb1cf000 	D:\Android Studio\jre\jre\bin\verify.dll
0x00007ff8bb190000 - 0x00007ff8bb1b9000 	D:\Android Studio\jre\jre\bin\java.dll
0x00007ff8bb140000 - 0x00007ff8bb156000 	D:\Android Studio\jre\jre\bin\zip.dll

VM Arguments:
jvm_args: -Djava.awt.headless=true -Xmx1024M -Dfile.encoding=GBK -Duser.country=CN -Duser.language=zh -Duser.variant 
java_command: com.android.dx.command.Main --dex --num-threads=4 --output D:\android_wokespace\Park1\app\build\intermediates\pre-dexed\debug\debug_fbb0f697c35f25aa22a53c8b0c1de775393e180f.jar D:\android_wokespace\Park1\app\build\intermediates\classes\debug
java_class_path (initial): D:\AndroidSDK\build-tools\25.0.0\lib\dx.jar
Launcher Type: SUN_STANDARD

Environment Variables:
JAVA_HOME=D:\Program Files\Java\jdk1.8.0_60
CLASSPATH=.
PATH=D:\Program Files\Java\jdk1.8.0_60\bin;C:\Program Files (x86)\Lenovo\FusionEngine;C:\Program Files (x86)\Intel\iCLS Client\;C:\Program Files\Intel\iCLS Client\;C:\windows\system32;C:\windows;C:\windows\System32\Wbem;C:\windows\System32\WindowsPowerShell\v1.0\;C:\Program Files (x86)\ATI Technologies\ATI.ACE\Core-Static;C:\Program Files\Intel\Intel(R) Management Engine Components\DAL;C:\Program Files (x86)\Intel\Intel(R) Management Engine Components\DAL;C:\Program Files\Intel\Intel(R) Management Engine Components\IPT;C:\Program Files (x86)\Intel\Intel(R) Management Engine Components\IPT;C:\Program Files (x86)\Common Files\lenovo\easyplussdk\bin;C:\Program Files (x86)\Microsoft SQL Server\100\Tools\Binn\;C:\Program Files\Microsoft SQL Server\100\Tools\Binn\;C:\Program Files\Microsoft SQL Server\100\DTS\Binn\;C:\Program Files (x86)\Microsoft SQL Server\100\Tools\Binn\VSShell\Common7\IDE\;C:\Program Files (x86)\Microsoft SQL Server\100\DTS\Binn\;C:\Program Files (x86)\Microsoft Visual Studio 9.0\Common7\IDE\PrivateAssemblies\;D:\mysql\mysql-5.7.18-winx64\bin;D:\Git\cmd;D:\Android_sdk\build-tools;D:\Android_sdk\tools;;C:\Program Files\Microsoft SQL Server\110\DTS\Binn\;C:\Program Files (x86)\Microsoft SQL Server\110\Tools\Binn\;C:\Program Files\Microsoft SQL Server\110\Tools\Binn\;C:\Program Files (x86)\Microsoft SQL Server\110\Tools\Binn\ManagementStudio\;C:\Program Files (x86)\Microsoft Visual Studio 10.0\Common7\IDE\PrivateAssemblies\;C:\Program Files (x86)\Microsoft SQL Server\110\DTS\Binn\;D:\apache-tomcat-8.0.24\lib;D:\apache-tomcat-8.0.24\bin
USERNAME=lenovo
OS=Windows_NT
PROCESSOR_IDENTIFIER=Intel64 Family 6 Model 61 Stepping 4, GenuineIntel



---------------  S Y S T E M  ---------------

OS: Windows 8.1 , 64 bit Build 9600 (6.3.9600.17415)

CPU:total 4 (2 cores per cpu, 2 threads per core) family 6 model 61 stepping 4, cmov, cx8, fxsr, mmx, sse, sse2, sse3, ssse3, sse4.1, sse4.2, popcnt, avx, avx2, aes, clmul, erms, 3dnowpref, lzcnt, ht, tsc, tscinvbit, bmi1, bmi2, adx

Memory: 4k page, physical 8301656k(1499600k free), swap 8301656k(5872k free)

vm_info: OpenJDK 64-Bit Server VM (25.112-b06) for windows-amd64 JRE (1.8.0_112-release-b06), built on Dec  8 2016 00:54:26 by "builder" with MS VC++ 10.0 (VS2010)

time: Mon Nov 13 23:29:29 2017
elapsed time: 0 seconds (0d 0h 0m 0s)

