#
# There is insufficient memory for the Java Runtime Environment to continue.
# Native memory allocation (malloc) failed to allocate 16384 bytes for AllocateHeap
# Possible reasons:
#   The system is out of physical RAM or swap space
#   In 32 bit mode, the process size limit was hit
# Possible solutions:
#   Reduce memory load on the system
#   Increase physical memory or swap space
#   Check if swap backing store is full
#   Use 64 bit Java on a 64 bit OS
#   Decrease Java heap size (-Xmx/-Xms)
#   Decrease number of Java threads
#   Decrease Java thread stack sizes (-Xss)
#   Set larger code cache with -XX:ReservedCodeCacheSize=
# This output file may be truncated or incomplete.
#
#  Out of Memory Error (memory/allocation.inline.hpp:61), pid=12736, tid=0x000000000000306c
#
# JRE version: OpenJDK Runtime Environment (8.0_112-b06) (build 1.8.0_112-release-b06)
# Java VM: OpenJDK 64-Bit Server VM (25.112-b06 mixed mode windows-amd64 compressed oops)
# Failed to write core dump. Minidumps are not enabled by default on client versions of Windows
#

---------------  T H R E A D  ---------------

Current thread (0x000000001685a000):  JavaThread "pool-1-thread-2" [_thread_in_vm, id=12396, stack(0x00000000173e0000,0x00000000174e0000)]

Stack: [0x00000000173e0000,0x00000000174e0000]
[error occurred during error reporting (printing stack bounds), id 0xc0000005]

Native frames: (J=compiled Java code, j=interpreted, Vv=VM code, C=native code)

Java frames: (J=compiled Java code, j=interpreted, Vv=VM code)
j  java.lang.Class.getEnumConstantsShared()[Ljava/lang/Object;+28
j  java.lang.System$2.getEnumConstantsShared(Ljava/lang/Class;)[Ljava/lang/Enum;+1
j  java.util.EnumSet.getUniverse(Ljava/lang/Class;)[Ljava/lang/Enum;+4
j  java.util.EnumSet.noneOf(Ljava/lang/Class;)Ljava/util/EnumSet;+1
j  java.util.EnumSet.allOf(Ljava/lang/Class;)Ljava/util/EnumSet;+1
j  com.android.dx.ssa.Optimizer.optimize(Lcom/android/dx/rop/code/RopMethod;IZZLcom/android/dx/rop/code/TranslationAdvice;)Lcom/android/dx/rop/code/RopMethod;+8
j  com.android.dx.dex.cf.CfTranslator.processMethods(Lcom/android/dx/cf/direct/DirectClassFile;Lcom/android/dx/dex/cf/CfOptions;Lcom/android/dx/dex/DexOptions;Lcom/android/dx/dex/file/ClassDefItem;Lcom/android/dx/dex/file/DexFile;)V+265
j  com.android.dx.dex.cf.CfTranslator.translate0(Lcom/android/dx/cf/direct/DirectClassFile;[BLcom/android/dx/dex/cf/CfOptions;Lcom/android/dx/dex/DexOptions;Lcom/android/dx/dex/file/DexFile;)Lcom/android/dx/dex/file/ClassDefItem;+120
j  com.android.dx.dex.cf.CfTranslator.translate(Lcom/android/dx/cf/direct/DirectClassFile;[BLcom/android/dx/dex/cf/CfOptions;Lcom/android/dx/dex/DexOptions;Lcom/android/dx/dex/file/DexFile;)Lcom/android/dx/dex/file/ClassDefItem;+6
j  com.android.dx.command.dexer.Main.translateClass([BLcom/android/dx/cf/direct/DirectClassFile;)Lcom/android/dx/dex/file/ClassDefItem;+17
j  com.android.dx.command.dexer.Main.access$2700([BLcom/android/dx/cf/direct/DirectClassFile;)Lcom/android/dx/dex/file/ClassDefItem;+2
j  com.android.dx.command.dexer.Main$ClassTranslatorTask.call()Lcom/android/dx/dex/file/ClassDefItem;+8
j  com.android.dx.command.dexer.Main$ClassTranslatorTask.call()Ljava/lang/Object;+1
j  java.util.concurrent.FutureTask.run()V+42
j  java.util.concurrent.ThreadPoolExecutor.runWorker(Ljava/util/concurrent/ThreadPoolExecutor$Worker;)V+95
j  java.util.concurrent.ThreadPoolExecutor$Worker.run()V+5
j  java.lang.Thread.run()V+11
v  ~StubRoutines::call_stub

---------------  P R O C E S S  ---------------

Java Threads: ( => current thread )
  0x000000001685e000 JavaThread "pool-1-thread-4" [_thread_blocked, id=5648, stack(0x00000000175e0000,0x00000000176e0000)]
  0x0000000016859800 JavaThread "pool-1-thread-3" [_thread_blocked, id=2892, stack(0x00000000174e0000,0x00000000175e0000)]
=>0x000000001685a000 JavaThread "pool-1-thread-2" [_thread_in_vm, id=12396, stack(0x00000000173e0000,0x00000000174e0000)]
  0x000000001685b800 JavaThread "pool-2-thread-1" [_thread_blocked, id=12540, stack(0x00000000172e0000,0x00000000173e0000)]
  0x0000000016856800 JavaThread "pool-1-thread-1" [_thread_blocked, id=13576, stack(0x00000000171e0000,0x00000000172e0000)]
  0x0000000016741000 JavaThread "Service Thread" daemon [_thread_blocked, id=8532, stack(0x0000000016fe0000,0x00000000170e0000)]
  0x000000001673b800 JavaThread "C1 CompilerThread2" daemon [_thread_blocked, id=11936, stack(0x0000000016ee0000,0x0000000016fe0000)]
  0x0000000016735800 JavaThread "C2 CompilerThread1" daemon [_thread_blocked, id=2692, stack(0x0000000016de0000,0x0000000016ee0000)]
  0x00000000153ca000 JavaThread "C2 CompilerThread0" daemon [_thread_blocked, id=8588, stack(0x0000000016ce0000,0x0000000016de0000)]
  0x00000000153c9800 JavaThread "Attach Listener" daemon [_thread_blocked, id=10480, stack(0x0000000016be0000,0x0000000016ce0000)]
  0x00000000166e8800 JavaThread "Signal Dispatcher" daemon [_thread_blocked, id=13420, stack(0x0000000016ae0000,0x0000000016be0000)]
  0x0000000002c9a000 JavaThread "Finalizer" daemon [_thread_blocked, id=6600, stack(0x00000000165e0000,0x00000000166e0000)]
  0x0000000002c91000 JavaThread "Reference Handler" daemon [_thread_blocked, id=7896, stack(0x00000000164e0000,0x00000000165e0000)]
  0x0000000002b9d800 JavaThread "main" [_thread_blocked, id=8848, stack(0x0000000002a40000,0x0000000002b40000)]

Other Threads:
  0x0000000015334800 VMThread [stack: 0x00000000163e0000,0x00000000164e0000] [id=10472]
  0x0000000016742000 WatcherThread [stack: 0x00000000170e0000,0x00000000171e0000] [id=11324]

VM state:synchronizing (normal execution)

VM Mutex/Monitor currently owned by a thread:  ([mutex/lock_event])
[0x0000000002b9cb80] SystemDictionary_lock - owner thread: 0x000000001685a000
[0x0000000002b9ca00] Threads_lock - owner thread: 0x0000000015334800
[0x0000000002ba1ad0] Compile_lock - owner thread: 0x000000001685a000

Heap:
 PSYoungGen      total 38400K, used 9323K [0x00000000eab00000, 0x00000000ed580000, 0x0000000100000000)
  eden space 33280K, 28% used [0x00000000eab00000,0x00000000eb41ac68,0x00000000ecb80000)
  from space 5120K, 0% used [0x00000000ed080000,0x00000000ed080000,0x00000000ed580000)
  to   space 5120K, 0% used [0x00000000ecb80000,0x00000000ecb80000,0x00000000ed080000)
 ParOldGen       total 87552K, used 0K [0x00000000c0000000, 0x00000000c5580000, 0x00000000eab00000)
  object space 87552K, 0% used [0x00000000c0000000,0x00000000c0000000,0x00000000c5580000)
 Metaspace       used 4479K, capacity 5744K, committed 6016K, reserved 1056768K
  class space    used 480K, capacity 552K, committed 640K, reserved 1048576K

Card table byte_map: [0x0000000012060000,0x0000000012270000] byte_map_base: 0x0000000011a60000

Marking Bits: (ParMarkBitMap*) 0x000000005f5818f0
 Begin Bits: [0x00000000127d0000, 0x00000000137d0000)
 End Bits:   [0x00000000137d0000, 0x00000000147d0000)

Polling page: 0x0000000000e80000

CodeCache: size=245760Kb used=1594Kb max_used=1596Kb free=244165Kb
 bounds [0x0000000002ca0000, 0x0000000002f10000, 0x0000000011ca0000]
 total_blobs=497 nmethods=237 adapters=174
 compilation: enabled

Compilation events (10 events):
Event: 2.373 Thread 0x000000001673b800  233   !   3       java.lang.ClassLoader::getPackage (118 bytes)
Event: 2.374 Thread 0x000000001673b800 nmethod 233 0x0000000002e2acd0 code [0x0000000002e2aee0, 0x0000000002e2bc18]
Event: 2.377 Thread 0x00000000153ca000  234       4       java.lang.String::indexOf (70 bytes)
Event: 2.380 Thread 0x00000000153ca000 nmethod 234 0x0000000002e2ef50 code [0x0000000002e2f0a0, 0x0000000002e2f258]
Event: 2.384 Thread 0x000000001673b800  235       3       java.util.BitSet::get (69 bytes)
Event: 2.385 Thread 0x000000001673b800 nmethod 235 0x0000000002e2ded0 code [0x0000000002e2e0c0, 0x0000000002e2ea88]
Event: 2.418 Thread 0x000000001673b800  236       3       java.lang.StringBuffer::<init> (6 bytes)
Event: 2.418 Thread 0x000000001673b800 nmethod 236 0x0000000002e2d110 code [0x0000000002e2d280, 0x0000000002e2d530]
Event: 2.419 Thread 0x000000001673b800  237  s    3       java.lang.StringBuffer::toString (36 bytes)
Event: 2.419 Thread 0x000000001673b800 nmethod 237 0x0000000002e2c990 code [0x0000000002e2cb20, 0x0000000002e2cfc8]

GC Heap History (0 events):
No events

Deoptimization events (1 events):
Event: 1.633 Thread 0x0000000002b9d800 Uncommon trap: reason=unstable_if action=reinterpret pc=0x0000000002dd8e94 method=java.lang.String.indexOf(II)I @ 49

Internal exceptions (2 events):
Event: 0.458 Thread 0x0000000002b9d800 Exception <a 'java/lang/NoSuchMethodError': Method sun.misc.Unsafe.defineClass(Ljava/lang/String;[BII)Ljava/lang/Class; name or signature does not match> (0x00000000eab07c78) thrown at [C:\src\android\AOSP-openjdk\external\jetbrains\jdk\hotspot\src\share\vAÉ:´;NÝ?
Event: 0.458 Thread 0x0000000002b9d800 Exception <a 'java/lang/NoSuchMethodError': Method sun.misc.Unsafe.prefetchRead(Ljava/lang/Object;J)V name or signature does not match> (0x00000000eab07f60) thrown at [C:\src\android\AOSP-openjdk\external\jetbrains\jdk\hotspot\src\share\vm\prims\jni.cpp, l

Events (10 events):
Event: 2.418 loading class com/android/dx/rop/code/RopMethod
Event: 2.418 loading class com/android/dx/rop/code/RopMethod done
Event: 2.419 loading class com/android/dx/ssa/Optimizer
Event: 2.419 loading class com/android/dx/ssa/Optimizer done
Event: 2.419 loading class com/android/dx/ssa/Optimizer$OptionalStep
Event: 2.419 loading class com/android/dx/ssa/Optimizer$OptionalStep done
Event: 2.420 loading class java/util/EnumSet
Event: 2.420 loading class java/util/EnumSet done
Event: 2.420 loading class java/lang/Class$4
Event: 2.420 loading class java/lang/Class$4 done


Dynamic libraries:
0x00007ff785640000 - 0x00007ff785671000 	D:\Android Studio\jre\bin\java.exe
0x00007ffcddc40000 - 0x00007ffcddded000 	C:\windows\SYSTEM32\ntdll.dll
0x00007ffcdd7c0000 - 0x00007ffcdd8fe000 	C:\windows\system32\KERNEL32.DLL
0x00007ffcdaeb0000 - 0x00007ffcdafc5000 	C:\windows\system32\KERNELBASE.dll
0x00007ffcdbc70000 - 0x00007ffcdbd1a000 	C:\windows\system32\ADVAPI32.dll
0x00007ffcdbaf0000 - 0x00007ffcdbc67000 	C:\windows\system32\USER32.dll
0x00007ffcd85d0000 - 0x00007ffcd884b000 	C:\windows\WinSxS\amd64_microsoft.windows.common-controls_6595b64144ccf1df_6.0.9600.18006_none_623f33d3ecbe86e8\COMCTL32.dll
0x00007ffcdc020000 - 0x00007ffcdc0ca000 	C:\windows\system32\msvcrt.dll
0x00007ffcdb330000 - 0x00007ffcdb389000 	C:\windows\SYSTEM32\sechost.dll
0x00007ffcdb390000 - 0x00007ffcdb4d0000 	C:\windows\system32\RPCRT4.dll
0x00007ffcddae0000 - 0x00007ffcddc2f000 	C:\windows\system32\GDI32.dll
0x00007ffcdadd0000 - 0x00007ffcdadfe000 	C:\windows\system32\SspiCli.dll
0x00007ffcdb970000 - 0x00007ffcdb9a6000 	C:\windows\system32\IMM32.DLL
0x00007ffcdbd20000 - 0x00007ffcdbe72000 	C:\windows\system32\MSCTF.dll
0x0000000060870000 - 0x0000000060942000 	D:\Android Studio\jre\jre\bin\msvcr100.dll
0x000000005edc0000 - 0x000000005f5fc000 	D:\Android Studio\jre\jre\bin\server\jvm.dll
0x00007ffcc0e90000 - 0x00007ffcc0e99000 	C:\windows\SYSTEM32\WSOCK32.dll
0x00007ffcdad40000 - 0x00007ffcdad62000 	C:\windows\system32\WINMM.dll
0x00007ffcd3210000 - 0x00007ffcd321a000 	C:\windows\SYSTEM32\VERSION.dll
0x00007ffcdb960000 - 0x00007ffcdb967000 	C:\windows\system32\PSAPI.DLL
0x00007ffcdb0d0000 - 0x00007ffcdb12a000 	C:\windows\system32\WS2_32.dll
0x00007ffcdaa60000 - 0x00007ffcdaa8a000 	C:\windows\system32\WINMMBASE.dll
0x00007ffcdc190000 - 0x00007ffcdc199000 	C:\windows\system32\NSI.dll
0x00007ffcdad70000 - 0x00007ffcdadbf000 	C:\windows\SYSTEM32\cfgmgr32.dll
0x00007ffcdaa30000 - 0x00007ffcdaa58000 	C:\windows\system32\DEVOBJ.dll
0x00007ffcd84e0000 - 0x00007ffcd84ef000 	D:\Android Studio\jre\jre\bin\verify.dll
0x00007ffcd78f0000 - 0x00007ffcd7919000 	D:\Android Studio\jre\jre\bin\java.dll
0x00007ffcd7a10000 - 0x00007ffcd7a26000 	D:\Android Studio\jre\jre\bin\zip.dll
0x00007ffcdc1c0000 - 0x00007ffcdd6e9000 	C:\windows\system32\SHELL32.dll
0x00007ffcdb740000 - 0x00007ffcdb951000 	C:\windows\SYSTEM32\combase.dll
0x00007ffcdb070000 - 0x00007ffcdb0c4000 	C:\windows\system32\SHLWAPI.dll
0x00007ffcd8d80000 - 0x00007ffcd8e32000 	C:\windows\SYSTEM32\SHCORE.dll
0x00007ffcda980000 - 0x00007ffcda995000 	C:\windows\SYSTEM32\profapi.dll

VM Arguments:
jvm_args: -Djava.awt.headless=true -Xmx1024M -Dfile.encoding=GBK -Duser.country=CN -Duser.language=zh -Duser.variant 
java_command: com.android.dx.command.Main --dex --num-threads=4 --output D:\android_wokespace\Park1\app\build\intermediates\pre-dexed\debug\classes_3696b9cb05e506a4076bf2bd7e729d88308eb2f9.jar C:\Users\lenovo\.android\build-cache\a2f748784a8e4e00c493dcb7a014903166998da6\output\jars\classes.jar
java_class_path (initial): D:\AndroidSDK\build-tools\25.0.0\lib\dx.jar
Launcher Type: SUN_STANDARD

Environment Variables:
JAVA_HOME=D:\Program Files\Java\jdk1.8.0_60
CLASSPATH=.
PATH=D:\Program Files\Java\jdk1.8.0_60\bin;C:\Program Files (x86)\Lenovo\FusionEngine;C:\Program Files (x86)\Intel\iCLS Client\;C:\Program Files\Intel\iCLS Client\;C:\windows\system32;C:\windows;C:\windows\System32\Wbem;C:\windows\System32\WindowsPowerShell\v1.0\;C:\Program Files (x86)\ATI Technologies\ATI.ACE\Core-Static;C:\Program Files\Intel\Intel(R) Management Engine Components\DAL;C:\Program Files (x86)\Intel\Intel(R) Management Engine Components\DAL;C:\Program Files\Intel\Intel(R) Management Engine Components\IPT;C:\Program Files (x86)\Intel\Intel(R) Management Engine Components\IPT;C:\Program Files (x86)\Common Files\lenovo\easyplussdk\bin;C:\Program Files (x86)\Microsoft SQL Server\100\Tools\Binn\;C:\Program Files\Microsoft SQL Server\100\Tools\Binn\;C:\Program Files\Microsoft SQL Server\100\DTS\Binn\;C:\Program Files (x86)\Microsoft SQL Server\100\Tools\Binn\VSShell\Common7\IDE\;C:\Program Files (x86)\Microsoft SQL Server\100\DTS\Binn\;C:\Program Files (x86)\Microsoft Visual Studio 9.0\Common7\IDE\PrivateAssemblies\;D:\mysql\mysql-5.7.18-winx64\bin;D:\Git\cmd;D:\Android_sdk\build-tools;D:\Android_sdk\tools;;C:\Program Files\Microsoft SQL Server\110\DTS\Binn\;C:\Program Files (x86)\Microsoft SQL Server\110\Tools\Binn\;C:\Program Files\Microsoft SQL Server\110\Tools\Binn\;C:\Program Files (x86)\Microsoft SQL Server\110\Tools\Binn\ManagementStudio\;C:\Program Files (x86)\Microsoft Visual Studio 10.0\Common7\IDE\PrivateAssemblies\;C:\Program Files (x86)\Microsoft SQL Server\110\DTS\Binn\;D:\apache-tomcat-8.0.24\lib;D:\apache-tomcat-8.0.24\bin
USERNAME=lenovo
OS=Windows_NT
PROCESSOR_IDENTIFIER=Intel64 Family 6 Model 61 Stepping 4, GenuineIntel



---------------  S Y S T E M  ---------------

OS: Windows 8.1 , 64 bit Build 9600 (6.3.9600.17415)

CPU:total 4 (2 cores per cpu, 2 threads per core) family 6 model 61 stepping 4, cmov, cx8, fxsr, mmx, sse, sse2, sse3, ssse3, sse4.1, sse4.2, popcnt, avx, avx2, aes, clmul, erms, 3dnowpref, lzcnt, ht, tsc, tscinvbit, bmi1, bmi2, adx

Memory: 4k page, physical 8301656k(1792220k free), swap 8301656k(5580k free)

vm_info: OpenJDK 64-Bit Server VM (25.112-b06) for windows-amd64 JRE (1.8.0_112-release-b06), built on Dec  8 2016 00:54:26 by "builder" with MS VC++ 10.0 (VS2010)

time: Mon Nov 06 02:39:44 2017
elapsed time: 2 seconds (0d 0h 0m 2s)

