#
# There is insufficient memory for the Java Runtime Environment to continue.
# Native memory allocation (malloc) failed to allocate 32744 bytes for ChunkPool::allocate
# Possible reasons:
#   The system is out of physical RAM or swap space
#   In 32 bit mode, the process size limit was hit
# Possible solutions:
#   Reduce memory load on the system
#   Increase physical memory or swap space
#   Check if swap backing store is full
#   Use 64 bit Java on a 64 bit OS
#   Decrease Java heap size (-Xmx/-Xms)
#   Decrease number of Java threads
#   Decrease Java thread stack sizes (-Xss)
#   Set larger code cache with -XX:ReservedCodeCacheSize=
# This output file may be truncated or incomplete.
#
#  Out of Memory Error (allocation.cpp:273), pid=12084, tid=0x0000000000000d48
#
# JRE version: OpenJDK Runtime Environment (8.0_112-b06) (build 1.8.0_112-release-b06)
# Java VM: OpenJDK 64-Bit Server VM (25.112-b06 mixed mode windows-amd64 compressed oops)
# Failed to write core dump. Minidumps are not enabled by default on client versions of Windows
#

---------------  T H R E A D  ---------------

Current thread (0x00000000168c5000):  JavaThread "C1 CompilerThread2" daemon [_thread_in_native, id=3400, stack(0x00000000170b0000,0x00000000171b0000)]

Stack: [0x00000000170b0000,0x00000000171b0000]
[error occurred during error reporting (printing stack bounds), id 0xc0000005]

Native frames: (J=compiled Java code, j=interpreted, Vv=VM code, C=native code)


Current CompileTask:
C1:   4378 1264       3       com.android.dx.cf.direct.StdAttributeFactory::code (613 bytes)


---------------  P R O C E S S  ---------------

Java Threads: ( => current thread )
  0x0000000016b45800 JavaThread "pool-1-thread-4" [_thread_blocked, id=12468, stack(0x00000000177b0000,0x00000000178b0000)]
  0x0000000016b44800 JavaThread "pool-1-thread-3" [_thread_in_Java, id=4544, stack(0x00000000176b0000,0x00000000177b0000)]
  0x0000000016b3c000 JavaThread "pool-1-thread-2" [_thread_in_Java, id=13928, stack(0x00000000175b0000,0x00000000176b0000)]
  0x0000000016b2f000 JavaThread "pool-2-thread-1" [_thread_blocked, id=6300, stack(0x00000000174b0000,0x00000000175b0000)]
  0x0000000016b26000 JavaThread "pool-1-thread-1" [_thread_in_Java, id=13692, stack(0x00000000173b0000,0x00000000174b0000)]
  0x0000000016927000 JavaThread "Service Thread" daemon [_thread_blocked, id=12372, stack(0x00000000171b0000,0x00000000172b0000)]
=>0x00000000168c5000 JavaThread "C1 CompilerThread2" daemon [_thread_in_native, id=3400, stack(0x00000000170b0000,0x00000000171b0000)]
  0x00000000168c2000 JavaThread "C2 CompilerThread1" daemon [_thread_in_native, id=9204, stack(0x0000000016fb0000,0x00000000170b0000)]
  0x000000001556b000 JavaThread "C2 CompilerThread0" daemon [_thread_in_native, id=7460, stack(0x0000000016eb0000,0x0000000016fb0000)]
  0x0000000015569000 JavaThread "Attach Listener" daemon [_thread_blocked, id=12732, stack(0x0000000016db0000,0x0000000016eb0000)]
  0x000000001551e800 JavaThread "Signal Dispatcher" daemon [_thread_blocked, id=14108, stack(0x0000000016cb0000,0x0000000016db0000)]
  0x0000000002e3a000 JavaThread "Finalizer" daemon [_thread_blocked, id=9676, stack(0x0000000016760000,0x0000000016860000)]
  0x0000000002e31000 JavaThread "Reference Handler" daemon [_thread_blocked, id=13648, stack(0x0000000016660000,0x0000000016760000)]
  0x0000000002d3d800 JavaThread "main" [_thread_in_Java, id=13996, stack(0x0000000002bc0000,0x0000000002cc0000)]

Other Threads:
  0x00000000154d4800 VMThread [stack: 0x0000000016560000,0x0000000016660000] [id=13468]
  0x0000000016928800 WatcherThread [stack: 0x00000000172b0000,0x00000000173b0000] [id=8816]

VM state:not at safepoint (normal execution)

VM Mutex/Monitor currently owned by a thread: None

Heap:
 PSYoungGen      total 38400K, used 30878K [0x00000000eab00000, 0x00000000ed580000, 0x0000000100000000)
  eden space 33280K, 92% used [0x00000000eab00000,0x00000000ec927bf8,0x00000000ecb80000)
  from space 5120K, 0% used [0x00000000ed080000,0x00000000ed080000,0x00000000ed580000)
  to   space 5120K, 0% used [0x00000000ecb80000,0x00000000ecb80000,0x00000000ed080000)
 ParOldGen       total 87552K, used 0K [0x00000000c0000000, 0x00000000c5580000, 0x00000000eab00000)
  object space 87552K, 0% used [0x00000000c0000000,0x00000000c0000000,0x00000000c5580000)
 Metaspace       used 5923K, capacity 6960K, committed 7040K, reserved 1056768K
  class space    used 569K, capacity 616K, committed 640K, reserved 1048576K

Card table byte_map: [0x0000000012200000,0x0000000012410000] byte_map_base: 0x0000000011c00000

Marking Bits: (ParMarkBitMap*) 0x000000005f5818f0
 Begin Bits: [0x0000000012970000, 0x0000000013970000)
 End Bits:   [0x0000000013970000, 0x0000000014970000)

Polling page: 0x0000000002cc0000

CodeCache: size=245760Kb used=5201Kb max_used=5201Kb free=240558Kb
 bounds [0x0000000002e40000, 0x0000000003360000, 0x0000000011e40000]
 total_blobs=1524 nmethods=1258 adapters=178
 compilation: enabled

Compilation events (10 events):
Event: 4.359 Thread 0x00000000168c5000 nmethod 1259 0x000000000334bf10 code [0x000000000334c060, 0x000000000334c1d0]
Event: 4.359 Thread 0x00000000168c5000 1260       3       java.util.concurrent.locks.AbstractQueuedSynchronizer::release (33 bytes)
Event: 4.360 Thread 0x00000000168c5000 nmethod 1260 0x000000000334c250 code [0x000000000334c3c0, 0x000000000334c6d8]
Event: 4.361 Thread 0x00000000168c5000 1261       3       com.android.dx.ssa.SCCP::<init> (142 bytes)
Event: 4.362 Thread 0x00000000168c5000 nmethod 1261 0x000000000334c7d0 code [0x000000000334ca40, 0x000000000334db68]
Event: 4.364 Thread 0x00000000168c5000 1262       3       com.android.dx.cf.direct.StdAttributeFactory::lineNumberTable (204 bytes)
Event: 4.367 Thread 0x00000000168c5000 nmethod 1262 0x000000000334e450 code [0x000000000334e900, 0x00000000033515f8]
Event: 4.368 Thread 0x00000000168c5000 1263       3       com.android.dx.cf.direct.FieldListParser::set (30 bytes)
Event: 4.369 Thread 0x00000000168c5000 nmethod 1263 0x0000000003353b50 code [0x0000000003353d40, 0x00000000033547d8]
Event: 4.369 Thread 0x00000000168c5000 1264       3       com.android.dx.cf.direct.StdAttributeFactory::code (613 bytes)

GC Heap History (0 events):
No events

Deoptimization events (10 events):
Event: 3.856 Thread 0x0000000016b44800 Uncommon trap: reason=bimorphic action=maybe_recompile pc=0x00000000030bece8 method=java.util.HashMap.getNode(ILjava/lang/Object;)Ljava/util/HashMap$Node; @ 126
Event: 4.319 Thread 0x0000000016b3c000 Uncommon trap: reason=unstable_if action=reinterpret pc=0x00000000031902dc method=com.android.dx.rop.cst.Constant.compareTo(Lcom/android/dx/rop/cst/Constant;)I @ 12
Event: 4.371 Thread 0x0000000002d3d800 Uncommon trap: reason=bimorphic action=maybe_recompile pc=0x000000000311e0a0 method=java.util.HashMap.getNode(ILjava/lang/Object;)Ljava/util/HashMap$Node; @ 126
Event: 4.371 Thread 0x0000000002d3d800 Uncommon trap: reason=bimorphic action=maybe_recompile pc=0x00000000032ebffc method=java.util.HashMap.putVal(ILjava/lang/Object;Ljava/lang/Object;ZZ)Ljava/lang/Object; @ 203
Event: 4.371 Thread 0x0000000002d3d800 Uncommon trap: reason=bimorphic action=maybe_recompile pc=0x000000000311e0a0 method=java.util.HashMap.getNode(ILjava/lang/Object;)Ljava/util/HashMap$Node; @ 126
Event: 4.371 Thread 0x0000000002d3d800 Uncommon trap: reason=bimorphic action=maybe_recompile pc=0x00000000032ebffc method=java.util.HashMap.putVal(ILjava/lang/Object;Ljava/lang/Object;ZZ)Ljava/lang/Object; @ 203
Event: 4.371 Thread 0x0000000002d3d800 Uncommon trap: reason=bimorphic action=maybe_recompile pc=0x000000000311e0a0 method=java.util.HashMap.getNode(ILjava/lang/Object;)Ljava/util/HashMap$Node; @ 126
Event: 4.371 Thread 0x0000000002d3d800 Uncommon trap: reason=bimorphic action=maybe_recompile pc=0x00000000032ebffc method=java.util.HashMap.putVal(ILjava/lang/Object;Ljava/lang/Object;ZZ)Ljava/lang/Object; @ 203
Event: 4.375 Thread 0x0000000002d3d800 Uncommon trap: reason=unstable_if action=reinterpret pc=0x00000000031c06ac method=com.android.dx.rop.code.RegisterSpecSet.put(Lcom/android/dx/rop/code/RegisterSpec;)V @ 77
Event: 4.375 Thread 0x0000000002d3d800 Uncommon trap: reason=unstable_if action=reinterpret pc=0x00000000031fcf2c method=com.android.dx.rop.code.RegisterSpecSet.put(Lcom/android/dx/rop/code/RegisterSpec;)V @ 77

Internal exceptions (2 events):
Event: 0.277 Thread 0x0000000002d3d800 Exception <a 'java/lang/NoSuchMethodError': Method sun.misc.Unsafe.defineClass(Ljava/lang/String;[BII)Ljava/lang/Class; name or signature does not match> (0x00000000eab07c78) thrown at [C:\src\android\AOSP-openjdk\external\jetbrains\jdk\hotspot\src\share\vC–EyHÁÑ?
Event: 0.277 Thread 0x0000000002d3d800 Exception <a 'java/lang/NoSuchMethodError': Method sun.misc.Unsafe.prefetchRead(Ljava/lang/Object;J)V name or signature does not match> (0x00000000eab07f60) thrown at [C:\src\android\AOSP-openjdk\external\jetbrains\jdk\hotspot\src\share\vm\prims\jni.cpp, l

Events (10 events):
Event: 4.371 Thread 0x0000000002d3d800 DEOPT UNPACKING pc=0x0000000002e8556a sp=0x0000000002cbe590 mode 2
Event: 4.371 Thread 0x0000000002d3d800 Uncommon trap: trap_request=0xffffffc6 fr.pc=0x00000000032ebffc
Event: 4.371 Thread 0x0000000002d3d800 DEOPT PACKING pc=0x00000000032ebffc sp=0x0000000002cbe5e0
Event: 4.371 Thread 0x0000000002d3d800 DEOPT UNPACKING pc=0x0000000002e8556a sp=0x0000000002cbe568 mode 2
Event: 4.375 Thread 0x0000000002d3d800 Uncommon trap: trap_request=0xffffff65 fr.pc=0x00000000031c06ac
Event: 4.375 Thread 0x0000000002d3d800 DEOPT PACKING pc=0x00000000031c06ac sp=0x0000000002cbe680
Event: 4.375 Thread 0x0000000002d3d800 DEOPT UNPACKING pc=0x0000000002e8556a sp=0x0000000002cbe608 mode 2
Event: 4.375 Thread 0x0000000002d3d800 Uncommon trap: trap_request=0xffffff65 fr.pc=0x00000000031fcf2c
Event: 4.375 Thread 0x0000000002d3d800 DEOPT PACKING pc=0x00000000031fcf2c sp=0x0000000002cbe670
Event: 4.375 Thread 0x0000000002d3d800 DEOPT UNPACKING pc=0x0000000002e8556a sp=0x0000000002cbe590 mode 2


Dynamic libraries:
0x00007ff785640000 - 0x00007ff785671000 	D:\Android Studio\jre\bin\java.exe
0x00007ffcddc40000 - 0x00007ffcddded000 	C:\windows\SYSTEM32\ntdll.dll
0x00007ffcdd7c0000 - 0x00007ffcdd8fe000 	C:\windows\system32\KERNEL32.DLL
0x00007ffcdaeb0000 - 0x00007ffcdafc5000 	C:\windows\system32\KERNELBASE.dll
0x00007ffcdbc70000 - 0x00007ffcdbd1a000 	C:\windows\system32\ADVAPI32.dll
0x00007ffcdbaf0000 - 0x00007ffcdbc67000 	C:\windows\system32\USER32.dll
0x00007ffcd85d0000 - 0x00007ffcd884b000 	C:\windows\WinSxS\amd64_microsoft.windows.common-controls_6595b64144ccf1df_6.0.9600.18006_none_623f33d3ecbe86e8\COMCTL32.dll
0x00007ffcdc020000 - 0x00007ffcdc0ca000 	C:\windows\system32\msvcrt.dll
0x00007ffcdb330000 - 0x00007ffcdb389000 	C:\windows\SYSTEM32\sechost.dll
0x00007ffcdb390000 - 0x00007ffcdb4d0000 	C:\windows\system32\RPCRT4.dll
0x00007ffcddae0000 - 0x00007ffcddc2f000 	C:\windows\system32\GDI32.dll
0x00007ffcdadd0000 - 0x00007ffcdadfe000 	C:\windows\system32\SspiCli.dll
0x00007ffcdb970000 - 0x00007ffcdb9a6000 	C:\windows\system32\IMM32.DLL
0x00007ffcdbd20000 - 0x00007ffcdbe72000 	C:\windows\system32\MSCTF.dll
0x0000000060870000 - 0x0000000060942000 	D:\Android Studio\jre\jre\bin\msvcr100.dll
0x000000005edc0000 - 0x000000005f5fc000 	D:\Android Studio\jre\jre\bin\server\jvm.dll
0x00007ffcc0e90000 - 0x00007ffcc0e99000 	C:\windows\SYSTEM32\WSOCK32.dll
0x00007ffcdad40000 - 0x00007ffcdad62000 	C:\windows\system32\WINMM.dll
0x00007ffcd3210000 - 0x00007ffcd321a000 	C:\windows\SYSTEM32\VERSION.dll
0x00007ffcdb960000 - 0x00007ffcdb967000 	C:\windows\system32\PSAPI.DLL
0x00007ffcdb0d0000 - 0x00007ffcdb12a000 	C:\windows\system32\WS2_32.dll
0x00007ffcdaa60000 - 0x00007ffcdaa8a000 	C:\windows\system32\WINMMBASE.dll
0x00007ffcdc190000 - 0x00007ffcdc199000 	C:\windows\system32\NSI.dll
0x00007ffcdad70000 - 0x00007ffcdadbf000 	C:\windows\SYSTEM32\cfgmgr32.dll
0x00007ffcdaa30000 - 0x00007ffcdaa58000 	C:\windows\system32\DEVOBJ.dll
0x00007ffcd84e0000 - 0x00007ffcd84ef000 	D:\Android Studio\jre\jre\bin\verify.dll
0x00007ffcd78f0000 - 0x00007ffcd7919000 	D:\Android Studio\jre\jre\bin\java.dll
0x00007ffcd7a10000 - 0x00007ffcd7a26000 	D:\Android Studio\jre\jre\bin\zip.dll
0x00007ffcdc1c0000 - 0x00007ffcdd6e9000 	C:\windows\system32\SHELL32.dll
0x00007ffcdb740000 - 0x00007ffcdb951000 	C:\windows\SYSTEM32\combase.dll
0x00007ffcdb070000 - 0x00007ffcdb0c4000 	C:\windows\system32\SHLWAPI.dll
0x00007ffcd8d80000 - 0x00007ffcd8e32000 	C:\windows\SYSTEM32\SHCORE.dll
0x00007ffcda980000 - 0x00007ffcda995000 	C:\windows\SYSTEM32\profapi.dll

VM Arguments:
jvm_args: -Djava.awt.headless=true -Xmx1024M -Dfile.encoding=GBK -Duser.country=CN -Duser.language=zh -Duser.variant 
java_command: com.android.dx.command.Main --dex --num-threads=4 --output D:\android_wokespace\Park1\app\build\intermediates\pre-dexed\debug\classes_5ac6563c8294fb43fd193b6392f4f7cb4b82cc10.jar C:\Users\lenovo\.android\build-cache\f267ad6934f16a132e69347ea9df2a4116ea777d\output\jars\classes.jar
java_class_path (initial): D:\AndroidSDK\build-tools\25.0.0\lib\dx.jar
Launcher Type: SUN_STANDARD

Environment Variables:
JAVA_HOME=D:\Program Files\Java\jdk1.8.0_60
CLASSPATH=.
PATH=D:\Program Files\Java\jdk1.8.0_60\bin;C:\Program Files (x86)\Lenovo\FusionEngine;C:\Program Files (x86)\Intel\iCLS Client\;C:\Program Files\Intel\iCLS Client\;C:\windows\system32;C:\windows;C:\windows\System32\Wbem;C:\windows\System32\WindowsPowerShell\v1.0\;C:\Program Files (x86)\ATI Technologies\ATI.ACE\Core-Static;C:\Program Files\Intel\Intel(R) Management Engine Components\DAL;C:\Program Files (x86)\Intel\Intel(R) Management Engine Components\DAL;C:\Program Files\Intel\Intel(R) Management Engine Components\IPT;C:\Program Files (x86)\Intel\Intel(R) Management Engine Components\IPT;C:\Program Files (x86)\Common Files\lenovo\easyplussdk\bin;C:\Program Files (x86)\Microsoft SQL Server\100\Tools\Binn\;C:\Program Files\Microsoft SQL Server\100\Tools\Binn\;C:\Program Files\Microsoft SQL Server\100\DTS\Binn\;C:\Program Files (x86)\Microsoft SQL Server\100\Tools\Binn\VSShell\Common7\IDE\;C:\Program Files (x86)\Microsoft SQL Server\100\DTS\Binn\;C:\Program Files (x86)\Microsoft Visual Studio 9.0\Common7\IDE\PrivateAssemblies\;D:\mysql\mysql-5.7.18-winx64\bin;D:\Git\cmd;D:\Android_sdk\build-tools;D:\Android_sdk\tools;;C:\Program Files\Microsoft SQL Server\110\DTS\Binn\;C:\Program Files (x86)\Microsoft SQL Server\110\Tools\Binn\;C:\Program Files\Microsoft SQL Server\110\Tools\Binn\;C:\Program Files (x86)\Microsoft SQL Server\110\Tools\Binn\ManagementStudio\;C:\Program Files (x86)\Microsoft Visual Studio 10.0\Common7\IDE\PrivateAssemblies\;C:\Program Files (x86)\Microsoft SQL Server\110\DTS\Binn\;D:\apache-tomcat-8.0.24\lib;D:\apache-tomcat-8.0.24\bin
USERNAME=lenovo
OS=Windows_NT
PROCESSOR_IDENTIFIER=Intel64 Family 6 Model 61 Stepping 4, GenuineIntel



---------------  S Y S T E M  ---------------

OS: Windows 8.1 , 64 bit Build 9600 (6.3.9600.17415)

CPU:total 4 (2 cores per cpu, 2 threads per core) family 6 model 61 stepping 4, cmov, cx8, fxsr, mmx, sse, sse2, sse3, ssse3, sse4.1, sse4.2, popcnt, avx, avx2, aes, clmul, erms, 3dnowpref, lzcnt, ht, tsc, tscinvbit, bmi1, bmi2, adx

Memory: 4k page, physical 8301656k(1867712k free), swap 8301656k(4108k free)

vm_info: OpenJDK 64-Bit Server VM (25.112-b06) for windows-amd64 JRE (1.8.0_112-release-b06), built on Dec  8 2016 00:54:26 by "builder" with MS VC++ 10.0 (VS2010)

time: Mon Nov 06 02:36:27 2017
elapsed time: 4 seconds (0d 0h 0m 4s)

