#
# There is insufficient memory for the Java Runtime Environment to continue.
# Native memory allocation (malloc) failed to allocate 228336 bytes for Chunk::new
# Possible reasons:
#   The system is out of physical RAM or swap space
#   In 32 bit mode, the process size limit was hit
# Possible solutions:
#   Reduce memory load on the system
#   Increase physical memory or swap space
#   Check if swap backing store is full
#   Use 64 bit Java on a 64 bit OS
#   Decrease Java heap size (-Xmx/-Xms)
#   Decrease number of Java threads
#   Decrease Java thread stack sizes (-Xss)
#   Set larger code cache with -XX:ReservedCodeCacheSize=
# This output file may be truncated or incomplete.
#
#  Out of Memory Error (allocation.cpp:390), pid=11292, tid=0x000000000000301c
#
# JRE version: OpenJDK Runtime Environment (8.0_112-b06) (build 1.8.0_112-release-b06)
# Java VM: OpenJDK 64-Bit Server VM (25.112-b06 mixed mode windows-amd64 compressed oops)
# Failed to write core dump. Minidumps are not enabled by default on client versions of Windows
#

---------------  T H R E A D  ---------------

Current thread (0x00000000156ca000):  JavaThread "C2 CompilerThread0" daemon [_thread_in_native, id=12316, stack(0x0000000017030000,0x0000000017130000)]

Stack: [0x0000000017030000,0x0000000017130000]
[error occurred during error reporting (printing stack bounds), id 0xc0000005]

Native frames: (J=compiled Java code, j=interpreted, Vv=VM code, C=native code)


Current CompileTask:
C2:   4207 1195   !   4       com.android.dx.rop.code.RegisterSpec::intern (70 bytes)


---------------  P R O C E S S  ---------------

Java Threads: ( => current thread )
  0x0000000016d0c800 JavaThread "pool-1-thread-4" [_thread_blocked, id=14304, stack(0x0000000017930000,0x0000000017a30000)]
  0x0000000016d0b800 JavaThread "pool-1-thread-3" [_thread_blocked, id=11808, stack(0x0000000017830000,0x0000000017930000)]
  0x0000000016d09800 JavaThread "pool-1-thread-2" [_thread_blocked, id=11776, stack(0x0000000017730000,0x0000000017830000)]
  0x0000000016d05800 JavaThread "pool-2-thread-1" [_thread_blocked, id=8656, stack(0x0000000017630000,0x0000000017730000)]
  0x0000000016d03000 JavaThread "pool-1-thread-1" [_thread_in_Java, id=8348, stack(0x0000000017530000,0x0000000017630000)]
  0x0000000016a99000 JavaThread "Service Thread" daemon [_thread_blocked, id=8988, stack(0x0000000017330000,0x0000000017430000)]
  0x0000000016a84000 JavaThread "C1 CompilerThread2" daemon [_thread_blocked, id=12804, stack(0x0000000017230000,0x0000000017330000)]
  0x0000000016a7d800 JavaThread "C2 CompilerThread1" daemon [_thread_in_native, id=12896, stack(0x0000000017130000,0x0000000017230000)]
=>0x00000000156ca000 JavaThread "C2 CompilerThread0" daemon [_thread_in_native, id=12316, stack(0x0000000017030000,0x0000000017130000)]
  0x00000000156c8000 JavaThread "Attach Listener" daemon [_thread_blocked, id=12880, stack(0x0000000016f30000,0x0000000017030000)]
  0x000000001567d800 JavaThread "Signal Dispatcher" daemon [_thread_blocked, id=11124, stack(0x0000000016e30000,0x0000000016f30000)]
  0x0000000002f94800 JavaThread "Finalizer" daemon [_thread_blocked, id=12996, stack(0x00000000168e0000,0x00000000169e0000)]
  0x0000000002f91000 JavaThread "Reference Handler" daemon [_thread_blocked, id=12052, stack(0x00000000167e0000,0x00000000168e0000)]
  0x000000000130d800 JavaThread "main" [_thread_blocked, id=12220, stack(0x0000000002da0000,0x0000000002ea0000)]

Other Threads:
  0x0000000015634800 VMThread [stack: 0x00000000166e0000,0x00000000167e0000] [id=10984]
  0x0000000016a9a000 WatcherThread [stack: 0x0000000017430000,0x0000000017530000] [id=13232]

VM state:not at safepoint (normal execution)

VM Mutex/Monitor currently owned by a thread: None

Heap:
 PSYoungGen      total 38400K, used 7447K [0x00000000eab00000, 0x00000000ed580000, 0x0000000100000000)
  eden space 33280K, 7% used [0x00000000eab00000,0x00000000ead49b70,0x00000000ecb80000)
  from space 5120K, 99% used [0x00000000ecb80000,0x00000000ed07c470,0x00000000ed080000)
  to   space 5120K, 0% used [0x00000000ed080000,0x00000000ed080000,0x00000000ed580000)
 ParOldGen       total 87552K, used 1138K [0x00000000c0000000, 0x00000000c5580000, 0x00000000eab00000)
  object space 87552K, 1% used [0x00000000c0000000,0x00000000c011cb80,0x00000000c5580000)
 Metaspace       used 5894K, capacity 6960K, committed 7040K, reserved 1056768K
  class space    used 569K, capacity 616K, committed 640K, reserved 1048576K

Card table byte_map: [0x0000000012360000,0x0000000012570000] byte_map_base: 0x0000000011d60000

Marking Bits: (ParMarkBitMap*) 0x000000005f6218f0
 Begin Bits: [0x0000000012ad0000, 0x0000000013ad0000)
 End Bits:   [0x0000000013ad0000, 0x0000000014ad0000)

Polling page: 0x0000000001270000

CodeCache: size=245760Kb used=4851Kb max_used=4864Kb free=240908Kb
 bounds [0x0000000002fa0000, 0x0000000003470000, 0x0000000011fa0000]
 total_blobs=1451 nmethods=1187 adapters=178
 compilation: enabled

Compilation events (10 events):
Event: 4.012 Thread 0x0000000016a84000 1188       3       com.android.dx.ssa.back.FirstFitLocalCombiningAllocator::canMapRegs (60 bytes)
Event: 4.012 Thread 0x0000000016a7d800 nmethod 1184 0x000000000344c650 code [0x000000000344c7a0, 0x000000000344c9c8]
Event: 4.012 Thread 0x0000000016a7d800 1116       4       java.lang.Long::numberOfTrailingZeros (116 bytes)
Event: 4.014 Thread 0x0000000016a84000 nmethod 1188 0x000000000345c850 code [0x000000000345cac0, 0x000000000345dac8]
Event: 4.014 Thread 0x0000000016a84000 1189       3       com.android.dx.ssa.DomFront::buildDomTree (72 bytes)
Event: 4.014 Thread 0x0000000016a7d800 nmethod 1116 0x000000000344c3d0 code [0x000000000344c500, 0x000000000344c5d8]
Event: 4.014 Thread 0x0000000016a7d800 1163       4       com.android.dx.ssa.back.LivenessAnalyzer::liveOutAtBlock (68 bytes)
Event: 4.196 Thread 0x0000000016a84000 nmethod 1189 0x0000000003462a90 code [0x0000000003462d00, 0x0000000003463b88]
Event: 4.196 Thread 0x00000000156ca000 nmethod 1168 0x000000000345bf90 code [0x000000000345c100, 0x000000000345c3b8]
Event: 4.196 Thread 0x00000000156ca000 1195   !   4       com.android.dx.rop.code.RegisterSpec::intern (70 bytes)

GC Heap History (2 events):
Event: 4.076 GC heap before
{Heap before GC invocations=1 (full 0):
 PSYoungGen      total 38400K, used 33280K [0x00000000eab00000, 0x00000000ed580000, 0x0000000100000000)
  eden space 33280K, 100% used [0x00000000eab00000,0x00000000ecb80000,0x00000000ecb80000)
  from space 5120K, 0% used [0x00000000ed080000,0x00000000ed080000,0x00000000ed580000)
  to   space 5120K, 0% used [0x00000000ecb80000,0x00000000ecb80000,0x00000000ed080000)
 ParOldGen       total 87552K, used 0K [0x00000000c0000000, 0x00000000c5580000, 0x00000000eab00000)
  object space 87552K, 0% used [0x00000000c0000000,0x00000000c0000000,0x00000000c5580000)
 Metaspace       used 5892K, capacity 6960K, committed 7040K, reserved 1056768K
  class space    used 569K, capacity 616K, committed 640K, reserved 1048576K
Event: 4.191 GC heap after
Heap after GC invocations=1 (full 0):
 PSYoungGen      total 38400K, used 5105K [0x00000000eab00000, 0x00000000ed580000, 0x0000000100000000)
  eden space 33280K, 0% used [0x00000000eab00000,0x00000000eab00000,0x00000000ecb80000)
  from space 5120K, 99% used [0x00000000ecb80000,0x00000000ed07c470,0x00000000ed080000)
  to   space 5120K, 0% used [0x00000000ed080000,0x00000000ed080000,0x00000000ed580000)
 ParOldGen       total 87552K, used 1138K [0x00000000c0000000, 0x00000000c5580000, 0x00000000eab00000)
  object space 87552K, 1% used [0x00000000c0000000,0x00000000c011cb80,0x00000000c5580000)
 Metaspace       used 5892K, capacity 6960K, committed 7040K, reserved 1056768K
  class space    used 569K, capacity 616K, committed 640K, reserved 1048576K
}

Deoptimization events (10 events):
Event: 3.201 Thread 0x0000000016d0c800 Uncommon trap: reason=class_check action=maybe_recompile pc=0x00000000031ffcf0 method=com.android.dx.ssa.NormalSsaInsn.accept(Lcom/android/dx/ssa/SsaInsn$Visitor;)V @ 9
Event: 3.372 Thread 0x0000000016d0c800 Uncommon trap: reason=class_check action=maybe_recompile pc=0x00000000031ffcf0 method=com.android.dx.ssa.NormalSsaInsn.accept(Lcom/android/dx/ssa/SsaInsn$Visitor;)V @ 9
Event: 3.382 Thread 0x0000000016d0c800 Uncommon trap: reason=class_check action=maybe_recompile pc=0x00000000031ffcf0 method=com.android.dx.ssa.NormalSsaInsn.accept(Lcom/android/dx/ssa/SsaInsn$Visitor;)V @ 9
Event: 3.395 Thread 0x0000000016d0c800 Uncommon trap: reason=class_check action=maybe_recompile pc=0x00000000031ffcf0 method=com.android.dx.ssa.NormalSsaInsn.accept(Lcom/android/dx/ssa/SsaInsn$Visitor;)V @ 9
Event: 3.472 Thread 0x0000000016d0b800 Uncommon trap: reason=unstable_if action=reinterpret pc=0x00000000031b2900 method=java.util.HashMap.getNode(ILjava/lang/Object;)Ljava/util/HashMap$Node; @ 62
Event: 3.499 Thread 0x0000000016d09800 Uncommon trap: reason=class_check action=maybe_recompile pc=0x0000000003298b0c method=com.android.dx.rop.type.Type.equals(Ljava/lang/Object;)Z @ 8
Event: 3.499 Thread 0x0000000016d09800 Uncommon trap: reason=unstable_if action=reinterpret pc=0x0000000003298af0 method=com.android.dx.rop.code.RegisterSpec.equals(ILcom/android/dx/rop/type/TypeBearer;Lcom/android/dx/rop/code/LocalItem;)Z @ 16
Event: 3.617 Thread 0x000000000130d800 Uncommon trap: reason=unstable_if action=reinterpret pc=0x0000000003315b38 method=java.util.HashMap.getNode(ILjava/lang/Object;)Ljava/util/HashMap$Node; @ 62
Event: 3.617 Thread 0x000000000130d800 Uncommon trap: reason=unstable_if action=reinterpret pc=0x00000000031ec6f0 method=java.util.HashMap.getNode(ILjava/lang/Object;)Ljava/util/HashMap$Node; @ 62
Event: 3.658 Thread 0x0000000016d0b800 Uncommon trap: reason=unstable_if action=reinterpret pc=0x00000000031cae70 method=java.util.BitSet.nextSetBit(I)I @ 87

Internal exceptions (2 events):
Event: 0.370 Thread 0x000000000130d800 Exception <a 'java/lang/NoSuchMethodError': Method sun.misc.Unsafe.defineClass(Ljava/lang/String;[BII)Ljava/lang/Class; name or signature does not match> (0x00000000eab07c78) thrown at [C:\src\android\AOSP-openjdk\external\jetbrains\jdk\hotspot\src\share\vh&}EU¬×?
Event: 0.370 Thread 0x000000000130d800 Exception <a 'java/lang/NoSuchMethodError': Method sun.misc.Unsafe.prefetchRead(Ljava/lang/Object;J)V name or signature does not match> (0x00000000eab07f60) thrown at [C:\src\android\AOSP-openjdk\external\jetbrains\jdk\hotspot\src\share\vm\prims\jni.cpp, l

Events (10 events):
Event: 3.658 Thread 0x0000000016d0b800 DEOPT PACKING pc=0x00000000031cae70 sp=0x000000001792e670
Event: 3.658 Thread 0x0000000016d0b800 DEOPT UNPACKING pc=0x0000000002fe556a sp=0x000000001792e5f8 mode 2
Event: 3.659 loading class java/util/TreeMap$EntrySet
Event: 3.659 loading class java/util/TreeMap$EntrySet done
Event: 3.659 loading class java/util/TreeMap$EntryIterator
Event: 3.659 loading class java/util/TreeMap$EntryIterator done
Event: 3.660 Executing VM operation: Deoptimize
Event: 3.705 Executing VM operation: Deoptimize done
Event: 4.014 Executing VM operation: ParallelGCFailedAllocation
Event: 4.191 Executing VM operation: ParallelGCFailedAllocation done


Dynamic libraries:
0x00007ff765aa0000 - 0x00007ff765ad1000 	D:\Android Studio\jre\bin\java.exe
0x00007ffcddc40000 - 0x00007ffcddded000 	C:\windows\SYSTEM32\ntdll.dll
0x00007ffcdd7c0000 - 0x00007ffcdd8fe000 	C:\windows\system32\KERNEL32.DLL
0x00007ffcdaeb0000 - 0x00007ffcdafc5000 	C:\windows\system32\KERNELBASE.dll
0x00007ffcdbc70000 - 0x00007ffcdbd1a000 	C:\windows\system32\ADVAPI32.dll
0x00007ffcdbaf0000 - 0x00007ffcdbc67000 	C:\windows\system32\USER32.dll
0x00007ffcd85d0000 - 0x00007ffcd884b000 	C:\windows\WinSxS\amd64_microsoft.windows.common-controls_6595b64144ccf1df_6.0.9600.18006_none_623f33d3ecbe86e8\COMCTL32.dll
0x00007ffcdc020000 - 0x00007ffcdc0ca000 	C:\windows\system32\msvcrt.dll
0x00007ffcdb330000 - 0x00007ffcdb389000 	C:\windows\SYSTEM32\sechost.dll
0x00007ffcdb390000 - 0x00007ffcdb4d0000 	C:\windows\system32\RPCRT4.dll
0x00007ffcddae0000 - 0x00007ffcddc2f000 	C:\windows\system32\GDI32.dll
0x00007ffcdadd0000 - 0x00007ffcdadfe000 	C:\windows\system32\SspiCli.dll
0x00007ffcdb970000 - 0x00007ffcdb9a6000 	C:\windows\system32\IMM32.DLL
0x00007ffcdbd20000 - 0x00007ffcdbe72000 	C:\windows\system32\MSCTF.dll
0x0000000060580000 - 0x0000000060652000 	D:\Android Studio\jre\jre\bin\msvcr100.dll
0x000000005ee60000 - 0x000000005f69c000 	D:\Android Studio\jre\jre\bin\server\jvm.dll
0x00007ffcc0e90000 - 0x00007ffcc0e99000 	C:\windows\SYSTEM32\WSOCK32.dll
0x00007ffcdad40000 - 0x00007ffcdad62000 	C:\windows\system32\WINMM.dll
0x00007ffcd3210000 - 0x00007ffcd321a000 	C:\windows\SYSTEM32\VERSION.dll
0x00007ffcdb960000 - 0x00007ffcdb967000 	C:\windows\system32\PSAPI.DLL
0x00007ffcdb0d0000 - 0x00007ffcdb12a000 	C:\windows\system32\WS2_32.dll
0x00007ffcdaa60000 - 0x00007ffcdaa8a000 	C:\windows\system32\WINMMBASE.dll
0x00007ffcdc190000 - 0x00007ffcdc199000 	C:\windows\system32\NSI.dll
0x00007ffcdad70000 - 0x00007ffcdadbf000 	C:\windows\SYSTEM32\cfgmgr32.dll
0x00007ffcdaa30000 - 0x00007ffcdaa58000 	C:\windows\system32\DEVOBJ.dll
0x00007ffcd8470000 - 0x00007ffcd847f000 	D:\Android Studio\jre\jre\bin\verify.dll
0x00007ffcd78f0000 - 0x00007ffcd7919000 	D:\Android Studio\jre\jre\bin\java.dll
0x00007ffcd7a10000 - 0x00007ffcd7a26000 	D:\Android Studio\jre\jre\bin\zip.dll
0x00007ffcdc1c0000 - 0x00007ffcdd6e9000 	C:\windows\system32\SHELL32.dll
0x00007ffcdb740000 - 0x00007ffcdb951000 	C:\windows\SYSTEM32\combase.dll
0x00007ffcdb070000 - 0x00007ffcdb0c4000 	C:\windows\system32\SHLWAPI.dll
0x00007ffcd8d80000 - 0x00007ffcd8e32000 	C:\windows\SYSTEM32\SHCORE.dll
0x00007ffcda980000 - 0x00007ffcda995000 	C:\windows\SYSTEM32\profapi.dll

VM Arguments:
jvm_args: -Djava.awt.headless=true -Xmx1024M -Dfile.encoding=GBK -Duser.country=CN -Duser.language=zh -Duser.variant 
java_command: com.android.dx.command.Main --dex --num-threads=4 --output D:\android_wokespace\Park1\app\build\intermediates\pre-dexed\debug\classes_94e80db183abc9cfd8de4af5afcd39d8ff1f753c.jar C:\Users\lenovo\.android\build-cache\737bc2d193d8d8d007b34db26003442f5b6d634e\output\jars\classes.jar
java_class_path (initial): D:\AndroidSDK\build-tools\25.0.0\lib\dx.jar
Launcher Type: SUN_STANDARD

Environment Variables:
JAVA_HOME=D:\Program Files\Java\jdk1.8.0_60
CLASSPATH=.
PATH=D:\Program Files\Java\jdk1.8.0_60\bin;C:\Program Files (x86)\Lenovo\FusionEngine;C:\Program Files (x86)\Intel\iCLS Client\;C:\Program Files\Intel\iCLS Client\;C:\windows\system32;C:\windows;C:\windows\System32\Wbem;C:\windows\System32\WindowsPowerShell\v1.0\;C:\Program Files (x86)\ATI Technologies\ATI.ACE\Core-Static;C:\Program Files\Intel\Intel(R) Management Engine Components\DAL;C:\Program Files (x86)\Intel\Intel(R) Management Engine Components\DAL;C:\Program Files\Intel\Intel(R) Management Engine Components\IPT;C:\Program Files (x86)\Intel\Intel(R) Management Engine Components\IPT;C:\Program Files (x86)\Common Files\lenovo\easyplussdk\bin;C:\Program Files (x86)\Microsoft SQL Server\100\Tools\Binn\;C:\Program Files\Microsoft SQL Server\100\Tools\Binn\;C:\Program Files\Microsoft SQL Server\100\DTS\Binn\;C:\Program Files (x86)\Microsoft SQL Server\100\Tools\Binn\VSShell\Common7\IDE\;C:\Program Files (x86)\Microsoft SQL Server\100\DTS\Binn\;C:\Program Files (x86)\Microsoft Visual Studio 9.0\Common7\IDE\PrivateAssemblies\;D:\mysql\mysql-5.7.18-winx64\bin;D:\Git\cmd;D:\Android_sdk\build-tools;D:\Android_sdk\tools;;C:\Program Files\Microsoft SQL Server\110\DTS\Binn\;C:\Program Files (x86)\Microsoft SQL Server\110\Tools\Binn\;C:\Program Files\Microsoft SQL Server\110\Tools\Binn\;C:\Program Files (x86)\Microsoft SQL Server\110\Tools\Binn\ManagementStudio\;C:\Program Files (x86)\Microsoft Visual Studio 10.0\Common7\IDE\PrivateAssemblies\;C:\Program Files (x86)\Microsoft SQL Server\110\DTS\Binn\;D:\apache-tomcat-8.0.24\lib;D:\apache-tomcat-8.0.24\bin
USERNAME=lenovo
OS=Windows_NT
PROCESSOR_IDENTIFIER=Intel64 Family 6 Model 61 Stepping 4, GenuineIntel



---------------  S Y S T E M  ---------------

OS: Windows 8.1 , 64 bit Build 9600 (6.3.9600.17415)

CPU:total 4 (2 cores per cpu, 2 threads per core) family 6 model 61 stepping 4, cmov, cx8, fxsr, mmx, sse, sse2, sse3, ssse3, sse4.1, sse4.2, popcnt, avx, avx2, aes, clmul, erms, 3dnowpref, lzcnt, ht, tsc, tscinvbit, bmi1, bmi2, adx

Memory: 4k page, physical 8301656k(1713088k free), swap 8301656k(4216k free)

vm_info: OpenJDK 64-Bit Server VM (25.112-b06) for windows-amd64 JRE (1.8.0_112-release-b06), built on Dec  8 2016 00:54:26 by "builder" with MS VC++ 10.0 (VS2010)

time: Mon Nov 06 13:32:32 2017
elapsed time: 4 seconds (0d 0h 0m 4s)

