#
# There is insufficient memory for the Java Runtime Environment to continue.
# Native memory allocation (malloc) failed to allocate 831296 bytes for Chunk::new
# Possible reasons:
#   The system is out of physical RAM or swap space
#   In 32 bit mode, the process size limit was hit
# Possible solutions:
#   Reduce memory load on the system
#   Increase physical memory or swap space
#   Check if swap backing store is full
#   Use 64 bit Java on a 64 bit OS
#   Decrease Java heap size (-Xmx/-Xms)
#   Decrease number of Java threads
#   Decrease Java thread stack sizes (-Xss)
#   Set larger code cache with -XX:ReservedCodeCacheSize=
# This output file may be truncated or incomplete.
#
#  Out of Memory Error (allocation.cpp:390), pid=11968, tid=0x0000000000001998
#
# JRE version: OpenJDK Runtime Environment (8.0_112-b06) (build 1.8.0_112-release-b06)
# Java VM: OpenJDK 64-Bit Server VM (25.112-b06 mixed mode windows-amd64 compressed oops)
# Failed to write core dump. Minidumps are not enabled by default on client versions of Windows
#

---------------  T H R E A D  ---------------

Current thread (0x000000001bfd9800):  JavaThread "C2 CompilerThread0" daemon [_thread_in_native, id=6552, stack(0x000000001d920000,0x000000001da20000)]

Stack: [0x000000001d920000,0x000000001da20000]
[error occurred during error reporting (printing stack bounds), id 0xc0000005]

Native frames: (J=compiled Java code, j=interpreted, Vv=VM code, C=native code)


Current CompileTask:
C2:   1656 1440   !   4       com.android.dx.cf.cst.ConstantPoolParser::parse0 (731 bytes)


---------------  P R O C E S S  ---------------

Java Threads: ( => current thread )
  0x000000001d4ae000 JavaThread "pool-1-thread-1" [_thread_in_Java, id=11300, stack(0x000000001de20000,0x000000001df20000)]
  0x000000001d3ab800 JavaThread "Service Thread" daemon [_thread_blocked, id=10740, stack(0x000000001dc20000,0x000000001dd20000)]
  0x000000001d338000 JavaThread "C1 CompilerThread2" daemon [_thread_in_vm, id=9264, stack(0x000000001db20000,0x000000001dc20000)]
  0x000000001bfdd800 JavaThread "C2 CompilerThread1" daemon [_thread_in_native, id=10664, stack(0x000000001da20000,0x000000001db20000)]
=>0x000000001bfd9800 JavaThread "C2 CompilerThread0" daemon [_thread_in_native, id=6552, stack(0x000000001d920000,0x000000001da20000)]
  0x000000001bf8d800 JavaThread "Attach Listener" daemon [_thread_blocked, id=10772, stack(0x000000001d820000,0x000000001d920000)]
  0x000000001d328800 JavaThread "Signal Dispatcher" daemon [_thread_blocked, id=6136, stack(0x000000001d720000,0x000000001d820000)]
  0x000000000285b000 JavaThread "Finalizer" daemon [_thread_blocked, id=8060, stack(0x000000001d1d0000,0x000000001d2d0000)]
  0x0000000002851000 JavaThread "Reference Handler" daemon [_thread_blocked, id=9992, stack(0x000000001d0d0000,0x000000001d1d0000)]
  0x0000000000aed800 JavaThread "main" [_thread_blocked, id=8556, stack(0x0000000002660000,0x0000000002760000)]

Other Threads:
  0x000000001bf44800 VMThread [stack: 0x000000001cfd0000,0x000000001d0d0000] [id=7548]
  0x000000001bfde800 WatcherThread [stack: 0x000000001dd20000,0x000000001de20000] [id=12088]

VM state:not at safepoint (normal execution)

VM Mutex/Monitor currently owned by a thread: None

Heap:
 PSYoungGen      total 38400K, used 32832K [0x000000076ab00000, 0x000000076d580000, 0x00000007c0000000)
  eden space 33280K, 83% used [0x000000076ab00000,0x000000076c613de0,0x000000076cb80000)
  from space 5120K, 99% used [0x000000076cb80000,0x000000076d07c578,0x000000076d080000)
  to   space 5120K, 0% used [0x000000076d080000,0x000000076d080000,0x000000076d580000)
 ParOldGen       total 87552K, used 2593K [0x00000006c0000000, 0x00000006c5580000, 0x000000076ab00000)
  object space 87552K, 2% used [0x00000006c0000000,0x00000006c0288588,0x00000006c5580000)
 Metaspace       used 6118K, capacity 7152K, committed 7296K, reserved 1056768K
  class space    used 572K, capacity 616K, committed 640K, reserved 1048576K

Card table byte_map: [0x0000000011c20000,0x0000000012430000] byte_map_base: 0x000000000e620000

Marking Bits: (ParMarkBitMap*) 0x00000000658318f0
 Begin Bits: [0x0000000012d90000, 0x0000000016d90000)
 End Bits:   [0x0000000016d90000, 0x000000001ad90000)

Polling page: 0x0000000000ad0000

CodeCache: size=245760Kb used=6558Kb max_used=6561Kb free=239201Kb
 bounds [0x0000000002860000, 0x0000000002ed0000, 0x0000000011860000]
 total_blobs=1851 nmethods=1587 adapters=177
 compilation: enabled

Compilation events (10 events):
Event: 1.581 Thread 0x000000001d338000 nmethod 1521 0x0000000002e94350 code [0x0000000002e944e0, 0x0000000002e94910]
Event: 1.581 Thread 0x000000001d338000 1522   !   3       com.android.dx.cf.attrib.BaseLocalVariables::<init> (42 bytes)
Event: 1.581 Thread 0x000000001d338000 nmethod 1522 0x0000000002e94b10 code [0x0000000002e94cc0, 0x0000000002e952a8]
Event: 1.582 Thread 0x000000001d338000 1523       3       com.android.dx.util.IntList::equals (82 bytes)
Event: 1.582 Thread 0x000000001d338000 nmethod 1523 0x0000000002e955d0 code [0x0000000002e95760, 0x0000000002e95d10]
Event: 1.582 Thread 0x000000001d338000 1524       3       com.android.dx.cf.code.ExecutionStack::clear (40 bytes)
Event: 1.582 Thread 0x000000001d338000 nmethod 1524 0x0000000002e95f10 code [0x0000000002e960c0, 0x0000000002e96648]
Event: 1.582 Thread 0x000000001d338000 1526   !   3       com.android.dx.cf.code.Merger::mergeStack (192 bytes)
Event: 1.584 Thread 0x000000001d338000 nmethod 1526 0x0000000002e968d0 code [0x0000000002e96c60, 0x0000000002e98c78]
Event: 1.584 Thread 0x000000001d338000 1525       3       com.android.dx.cf.code.Ropper$CatchInfo::getSetup (53 bytes)

GC Heap History (2 events):
Event: 1.167 GC heap before
{Heap before GC invocations=1 (full 0):
 PSYoungGen      total 38400K, used 33280K [0x000000076ab00000, 0x000000076d580000, 0x00000007c0000000)
  eden space 33280K, 100% used [0x000000076ab00000,0x000000076cb80000,0x000000076cb80000)
  from space 5120K, 0% used [0x000000076d080000,0x000000076d080000,0x000000076d580000)
  to   space 5120K, 0% used [0x000000076cb80000,0x000000076cb80000,0x000000076d080000)
 ParOldGen       total 87552K, used 0K [0x00000006c0000000, 0x00000006c5580000, 0x000000076ab00000)
  object space 87552K, 0% used [0x00000006c0000000,0x00000006c0000000,0x00000006c5580000)
 Metaspace       used 5840K, capacity 6960K, committed 7040K, reserved 1056768K
  class space    used 565K, capacity 616K, committed 640K, reserved 1048576K
Event: 1.185 GC heap after
Heap after GC invocations=1 (full 0):
 PSYoungGen      total 38400K, used 5105K [0x000000076ab00000, 0x000000076d580000, 0x00000007c0000000)
  eden space 33280K, 0% used [0x000000076ab00000,0x000000076ab00000,0x000000076cb80000)
  from space 5120K, 99% used [0x000000076cb80000,0x000000076d07c578,0x000000076d080000)
  to   space 5120K, 0% used [0x000000076d080000,0x000000076d080000,0x000000076d580000)
 ParOldGen       total 87552K, used 2593K [0x00000006c0000000, 0x00000006c5580000, 0x000000076ab00000)
  object space 87552K, 2% used [0x00000006c0000000,0x00000006c0288588,0x00000006c5580000)
 Metaspace       used 5840K, capacity 6960K, committed 7040K, reserved 1056768K
  class space    used 565K, capacity 616K, committed 640K, reserved 1048576K
}

Deoptimization events (10 events):
Event: 1.244 Thread 0x000000001d4b6800 Uncommon trap: reason=unstable_if action=reinterpret pc=0x0000000002c63a58 method=com.android.dx.rop.code.RegisterSpecSet.put(Lcom/android/dx/rop/code/RegisterSpec;)V @ 77
Event: 1.417 Thread 0x000000001d4ac800 Uncommon trap: reason=bimorphic action=maybe_recompile pc=0x0000000002d10b68 method=com.android.dx.ssa.NormalSsaInsn.accept(Lcom/android/dx/ssa/SsaInsn$Visitor;)V @ 9
Event: 1.418 Thread 0x000000001d4ac800 Uncommon trap: reason=bimorphic action=maybe_recompile pc=0x0000000002d10b68 method=com.android.dx.ssa.NormalSsaInsn.accept(Lcom/android/dx/ssa/SsaInsn$Visitor;)V @ 9
Event: 1.418 Thread 0x000000001d4ac800 Uncommon trap: reason=bimorphic action=maybe_recompile pc=0x0000000002d10b68 method=com.android.dx.ssa.NormalSsaInsn.accept(Lcom/android/dx/ssa/SsaInsn$Visitor;)V @ 9
Event: 1.418 Thread 0x000000001d4ac800 Uncommon trap: reason=bimorphic action=maybe_recompile pc=0x0000000002d10b68 method=com.android.dx.ssa.NormalSsaInsn.accept(Lcom/android/dx/ssa/SsaInsn$Visitor;)V @ 9
Event: 1.418 Thread 0x000000001d4ac800 Uncommon trap: reason=bimorphic action=maybe_recompile pc=0x0000000002cf8dc0 method=com.android.dx.ssa.NormalSsaInsn.accept(Lcom/android/dx/ssa/SsaInsn$Visitor;)V @ 9
Event: 1.508 Thread 0x000000001d4ae000 Uncommon trap: reason=bimorphic action=maybe_recompile pc=0x0000000002ad1adc method=java.util.HashMap.getNode(ILjava/lang/Object;)Ljava/util/HashMap$Node; @ 126
Event: 1.508 Thread 0x000000001d4ae000 Uncommon trap: reason=bimorphic action=maybe_recompile pc=0x0000000002ad1adc method=java.util.HashMap.getNode(ILjava/lang/Object;)Ljava/util/HashMap$Node; @ 126
Event: 1.508 Thread 0x000000001d4ae000 Uncommon trap: reason=bimorphic action=maybe_recompile pc=0x0000000002ad1adc method=java.util.HashMap.getNode(ILjava/lang/Object;)Ljava/util/HashMap$Node; @ 126
Event: 1.508 Thread 0x000000001d4ae000 Uncommon trap: reason=bimorphic action=maybe_recompile pc=0x0000000002ad1adc method=java.util.HashMap.getNode(ILjava/lang/Object;)Ljava/util/HashMap$Node; @ 126

Internal exceptions (2 events):
Event: 0.083 Thread 0x0000000000aed800 Exception <a 'java/lang/NoSuchMethodError': Method sun.misc.Unsafe.defineClass(Ljava/lang/String;[BII)Ljava/lang/Class; name or signature does not match> (0x000000076ab07c78) thrown at [C:\src\android\AOSP-openjdk\external\jetbrains\jdk\hotspot\src\share\vÌâ
Event: 0.083 Thread 0x0000000000aed800 Exception <a 'java/lang/NoSuchMethodError': Method sun.misc.Unsafe.prefetchRead(Ljava/lang/Object;J)V name or signature does not match> (0x000000076ab07f60) thrown at [C:\src\android\AOSP-openjdk\external\jetbrains\jdk\hotspot\src\share\vm\prims\jni.cpp, l

Events (10 events):
Event: 1.521 Thread 0x000000001d4ae000 DEOPT PACKING pc=0x0000000002bfa550 sp=0x000000001e21e660
Event: 1.521 Thread 0x000000001d4ae000 DEOPT UNPACKING pc=0x00000000028a75bf sp=0x000000001e21e3f8 mode 0
Event: 1.551 Thread 0x000000001d4ac800 DEOPT PACKING pc=0x0000000002b5885c sp=0x000000001e11e5d0
Event: 1.551 Thread 0x000000001d4ac800 DEOPT UNPACKING pc=0x00000000028a75bf sp=0x000000001e11e398 mode 0
Event: 1.554 Thread 0x000000001d4ac800 DEOPT PACKING pc=0x0000000002bfa5ed sp=0x000000001e11e680
Event: 1.554 Thread 0x000000001d4ac800 DEOPT UNPACKING pc=0x00000000028a75bf sp=0x000000001e11e418 mode 0
Event: 1.581 loading class java/util/HashMap$KeySet
Event: 1.581 loading class java/util/HashMap$KeySet done
Event: 1.581 loading class java/util/HashMap$KeyIterator
Event: 1.581 loading class java/util/HashMap$KeyIterator done


Dynamic libraries:
0x00007ff777ce0000 - 0x00007ff777d11000 	D:\Android Studio\jre\bin\java.exe
0x00007ffa678b0000 - 0x00007ffa67a5d000 	C:\windows\SYSTEM32\ntdll.dll
0x00007ffa65f70000 - 0x00007ffa660ae000 	C:\windows\system32\KERNEL32.DLL
0x00007ffa64720000 - 0x00007ffa64835000 	C:\windows\system32\KERNELBASE.dll
0x00007ffa65350000 - 0x00007ffa653fa000 	C:\windows\system32\ADVAPI32.dll
0x00007ffa64ec0000 - 0x00007ffa65037000 	C:\windows\system32\USER32.dll
0x00007ffa61c50000 - 0x00007ffa61ecb000 	C:\windows\WinSxS\amd64_microsoft.windows.common-controls_6595b64144ccf1df_6.0.9600.18006_none_623f33d3ecbe86e8\COMCTL32.dll
0x00007ffa65400000 - 0x00007ffa654aa000 	C:\windows\system32\msvcrt.dll
0x00007ffa65d00000 - 0x00007ffa65d59000 	C:\windows\SYSTEM32\sechost.dll
0x00007ffa65a40000 - 0x00007ffa65b80000 	C:\windows\system32\RPCRT4.dll
0x00007ffa65040000 - 0x00007ffa6518f000 	C:\windows\system32\GDI32.dll
0x00007ffa64a50000 - 0x00007ffa64a7e000 	C:\windows\system32\SspiCli.dll
0x00007ffa64e80000 - 0x00007ffa64eb6000 	C:\windows\system32\IMM32.DLL
0x00007ffa65b90000 - 0x00007ffa65ce2000 	C:\windows\system32\MSCTF.dll
0x0000000066a00000 - 0x0000000066ad2000 	D:\Android Studio\jre\jre\bin\msvcr100.dll
0x0000000065070000 - 0x00000000658ac000 	D:\Android Studio\jre\jre\bin\server\jvm.dll
0x00007ffa3cc70000 - 0x00007ffa3cc79000 	C:\windows\SYSTEM32\WSOCK32.dll
0x00007ffa64840000 - 0x00007ffa64862000 	C:\windows\system32\WINMM.dll
0x00007ffa60aa0000 - 0x00007ffa60aaa000 	C:\windows\SYSTEM32\VERSION.dll
0x00007ffa65f60000 - 0x00007ffa65f67000 	C:\windows\system32\PSAPI.DLL
0x00007ffa65f00000 - 0x00007ffa65f5a000 	C:\windows\system32\WS2_32.dll
0x00007ffa646f0000 - 0x00007ffa6471a000 	C:\windows\system32\WINMMBASE.dll
0x00007ffa65890000 - 0x00007ffa65899000 	C:\windows\system32\NSI.dll
0x00007ffa64ad0000 - 0x00007ffa64b1f000 	C:\windows\SYSTEM32\cfgmgr32.dll
0x00007ffa646a0000 - 0x00007ffa646c8000 	C:\windows\system32\DEVOBJ.dll
0x00007ffa61560000 - 0x00007ffa6156f000 	D:\Android Studio\jre\jre\bin\verify.dll
0x00007ffa61060000 - 0x00007ffa61089000 	D:\Android Studio\jre\jre\bin\java.dll
0x00007ffa4bdc0000 - 0x00007ffa4bdd6000 	D:\Android Studio\jre\jre\bin\zip.dll
0x00007ffa660b0000 - 0x00007ffa675d9000 	C:\windows\system32\SHELL32.dll
0x00007ffa64c60000 - 0x00007ffa64e71000 	C:\windows\SYSTEM32\combase.dll
0x00007ffa658a0000 - 0x00007ffa658f4000 	C:\windows\system32\SHLWAPI.dll
0x00007ffa620e0000 - 0x00007ffa62192000 	C:\windows\SYSTEM32\SHCORE.dll
0x00007ffa645f0000 - 0x00007ffa64605000 	C:\windows\SYSTEM32\profapi.dll

VM Arguments:
jvm_args: -Djava.awt.headless=true -Xmx4g -Dfile.encoding=GBK -Duser.country=CN -Duser.language=zh -Duser.variant 
java_command: com.android.dx.command.Main --dex --num-threads=4 --multi-dex --output D:\android_wokespace\Park1\app\build\intermediates\transforms\dex\debug\folders\1000\1\debug_fbb0f697c35f25aa22a53c8b0c1de775393e180f D:\android_wokespace\Park1\app\build\intermediates\classes\debug
java_class_path (initial): D:\AndroidSDK\build-tools\25.0.0\lib\dx.jar
Launcher Type: SUN_STANDARD

Environment Variables:
JAVA_HOME=D:\Program Files\Java\jdk1.8.0_60
CLASSPATH=.
PATH=D:\Program Files\Java\jdk1.8.0_60\bin;C:\Program Files (x86)\Lenovo\FusionEngine;C:\Program Files (x86)\Intel\iCLS Client\;C:\Program Files\Intel\iCLS Client\;C:\windows\system32;C:\windows;C:\windows\System32\Wbem;C:\windows\System32\WindowsPowerShell\v1.0\;C:\Program Files (x86)\ATI Technologies\ATI.ACE\Core-Static;C:\Program Files\Intel\Intel(R) Management Engine Components\DAL;C:\Program Files (x86)\Intel\Intel(R) Management Engine Components\DAL;C:\Program Files\Intel\Intel(R) Management Engine Components\IPT;C:\Program Files (x86)\Intel\Intel(R) Management Engine Components\IPT;C:\Program Files (x86)\Common Files\lenovo\easyplussdk\bin;C:\Program Files (x86)\Microsoft SQL Server\100\Tools\Binn\;C:\Program Files\Microsoft SQL Server\100\Tools\Binn\;C:\Program Files\Microsoft SQL Server\100\DTS\Binn\;C:\Program Files (x86)\Microsoft SQL Server\100\Tools\Binn\VSShell\Common7\IDE\;C:\Program Files (x86)\Microsoft SQL Server\100\DTS\Binn\;C:\Program Files (x86)\Microsoft Visual Studio 9.0\Common7\IDE\PrivateAssemblies\;D:\mysql\mysql-5.7.18-winx64\bin;D:\Git\cmd;D:\Android_sdk\build-tools;D:\Android_sdk\tools;;C:\Program Files\Microsoft SQL Server\110\DTS\Binn\;C:\Program Files (x86)\Microsoft SQL Server\110\Tools\Binn\;C:\Program Files\Microsoft SQL Server\110\Tools\Binn\;C:\Program Files (x86)\Microsoft SQL Server\110\Tools\Binn\ManagementStudio\;C:\Program Files (x86)\Microsoft Visual Studio 10.0\Common7\IDE\PrivateAssemblies\;C:\Program Files (x86)\Microsoft SQL Server\110\DTS\Binn\;D:\apache-tomcat-8.0.24\lib;D:\apache-tomcat-8.0.24\bin;D:\AndroidSDK\platform-tools
USERNAME=lenovo
OS=Windows_NT
PROCESSOR_IDENTIFIER=Intel64 Family 6 Model 61 Stepping 4, GenuineIntel



---------------  S Y S T E M  ---------------

OS: Windows 8.1 , 64 bit Build 9600 (6.3.9600.17415)

CPU:total 4 (2 cores per cpu, 2 threads per core) family 6 model 61 stepping 4, cmov, cx8, fxsr, mmx, sse, sse2, sse3, ssse3, sse4.1, sse4.2, popcnt, avx, avx2, aes, clmul, erms, 3dnowpref, lzcnt, ht, tsc, tscinvbit, bmi1, bmi2, adx

Memory: 4k page, physical 8301656k(1902692k free), swap 8301656k(12340k free)

vm_info: OpenJDK 64-Bit Server VM (25.112-b06) for windows-amd64 JRE (1.8.0_112-release-b06), built on Dec  8 2016 00:54:26 by "builder" with MS VC++ 10.0 (VS2010)

time: Mon Nov 20 00:50:59 2017
elapsed time: 1 seconds (0d 0h 0m 1s)

