#
# There is insufficient memory for the Java Runtime Environment to continue.
# Native memory allocation (malloc) failed to allocate 717056 bytes for Chunk::new
# Possible reasons:
#   The system is out of physical RAM or swap space
#   In 32 bit mode, the process size limit was hit
# Possible solutions:
#   Reduce memory load on the system
#   Increase physical memory or swap space
#   Check if swap backing store is full
#   Use 64 bit Java on a 64 bit OS
#   Decrease Java heap size (-Xmx/-Xms)
#   Decrease number of Java threads
#   Decrease Java thread stack sizes (-Xss)
#   Set larger code cache with -XX:ReservedCodeCacheSize=
# This output file may be truncated or incomplete.
#
#  Out of Memory Error (allocation.cpp:390), pid=8352, tid=0x00000000000012e0
#
# JRE version: OpenJDK Runtime Environment (8.0_112-b06) (build 1.8.0_112-release-b06)
# Java VM: OpenJDK 64-Bit Server VM (25.112-b06 mixed mode windows-amd64 compressed oops)
# Failed to write core dump. Minidumps are not enabled by default on client versions of Windows
#

---------------  T H R E A D  ---------------

Current thread (0x0000000016729000):  JavaThread "C2 CompilerThread1" daemon [_thread_in_native, id=4832, stack(0x0000000016e20000,0x0000000016f20000)]

Stack: [0x0000000016e20000,0x0000000016f20000]
[error occurred during error reporting (printing stack bounds), id 0xc0000005]

Native frames: (J=compiled Java code, j=interpreted, Vv=VM code, C=native code)


Current CompileTask:
C2:   4019 1398       4       com.android.dx.dex.code.OutputFinisher::addConstants (93 bytes)


---------------  P R O C E S S  ---------------

Java Threads: ( => current thread )
  0x0000000016883800 JavaThread "pool-1-thread-1" [_thread_in_Java, id=8700, stack(0x0000000017220000,0x0000000017320000)]
  0x0000000016764000 JavaThread "Service Thread" daemon [_thread_blocked, id=4276, stack(0x0000000017020000,0x0000000017120000)]
  0x000000001672f800 JavaThread "C1 CompilerThread2" daemon [_thread_in_vm, id=10568, stack(0x0000000016f20000,0x0000000017020000)]
=>0x0000000016729000 JavaThread "C2 CompilerThread1" daemon [_thread_in_native, id=4832, stack(0x0000000016e20000,0x0000000016f20000)]
  0x000000001542c000 JavaThread "C2 CompilerThread0" daemon [_thread_blocked, id=9464, stack(0x0000000016d20000,0x0000000016e20000)]
  0x00000000153dc800 JavaThread "Attach Listener" daemon [_thread_blocked, id=7920, stack(0x0000000016c20000,0x0000000016d20000)]
  0x0000000016728800 JavaThread "Signal Dispatcher" daemon [_thread_blocked, id=1744, stack(0x0000000016b20000,0x0000000016c20000)]
  0x0000000002cfa000 JavaThread "Finalizer" daemon [_thread_blocked, id=8756, stack(0x0000000016620000,0x0000000016720000)]
  0x0000000002cf1000 JavaThread "Reference Handler" daemon [_thread_blocked, id=2832, stack(0x0000000016520000,0x0000000016620000)]
  0x00000000028ed800 JavaThread "main" [_thread_blocked, id=10944, stack(0x0000000002760000,0x0000000002860000)]

Other Threads:
  0x0000000015394800 VMThread [stack: 0x0000000016420000,0x0000000016520000] [id=5804]
  0x0000000016766000 WatcherThread [stack: 0x0000000017120000,0x0000000017220000] [id=7520]

VM state:not at safepoint (normal execution)

VM Mutex/Monitor currently owned by a thread: None

Heap:
 PSYoungGen      total 38400K, used 10592K [0x00000000eab00000, 0x00000000ed580000, 0x0000000100000000)
  eden space 33280K, 16% used [0x00000000eab00000,0x00000000eb05e4d8,0x00000000ecb80000)
  from space 5120K, 99% used [0x00000000ecb80000,0x00000000ed079d38,0x00000000ed080000)
  to   space 5120K, 0% used [0x00000000ed080000,0x00000000ed080000,0x00000000ed580000)
 ParOldGen       total 87552K, used 2798K [0x00000000c0000000, 0x00000000c5580000, 0x00000000eab00000)
  object space 87552K, 3% used [0x00000000c0000000,0x00000000c02bb8c0,0x00000000c5580000)
 Metaspace       used 6092K, capacity 7152K, committed 7296K, reserved 1056768K
  class space    used 581K, capacity 616K, committed 640K, reserved 1048576K

Card table byte_map: [0x00000000120c0000,0x00000000122d0000] byte_map_base: 0x0000000011ac0000

Marking Bits: (ParMarkBitMap*) 0x00000000670018f0
 Begin Bits: [0x0000000012830000, 0x0000000013830000)
 End Bits:   [0x0000000013830000, 0x0000000014830000)

Polling page: 0x0000000000ff0000

CodeCache: size=245760Kb used=5969Kb max_used=5969Kb free=239790Kb
 bounds [0x0000000002d00000, 0x00000000032e0000, 0x0000000011d00000]
 total_blobs=1768 nmethods=1504 adapters=177
 compilation: enabled

Compilation events (10 events):
Event: 3.995 Thread 0x000000001672f800 1485       3       com.android.dx.dex.code.CstInsn::setClassIndex (37 bytes)
Event: 3.995 Thread 0x000000001672f800 nmethod 1485 0x00000000032c7910 code [0x00000000032c7aa0, 0x00000000032c7dd8]
Event: 3.995 Thread 0x000000001672f800 1482       1       com.android.dx.dex.code.form.Form21c::codeSize (2 bytes)
Event: 3.995 Thread 0x000000001672f800 nmethod 1482 0x00000000032c7f10 code [0x00000000032c8060, 0x00000000032c8170]
Event: 3.996 Thread 0x000000001542c000 nmethod 1488 0x00000000032caf10 code [0x00000000032cb060, 0x00000000032cb1a8]
Event: 3.996 Thread 0x000000001542c000 1489       4       com.android.dx.dex.code.DalvInsn::setAddress (20 bytes)
Event: 3.997 Thread 0x000000001542c000 nmethod 1489 0x00000000032cb310 code [0x00000000032cb440, 0x00000000032cb4b8]
Event: 3.999 Thread 0x000000001672f800 1490       1       com.android.dx.dex.code.form.Form11x::codeSize (2 bytes)
Event: 3.999 Thread 0x000000001672f800 nmethod 1490 0x00000000032cac50 code [0x00000000032cada0, 0x00000000032caeb0]
Event: 4.002 Thread 0x000000001672f800 1491       3       java.net.URLStreamHandler::toExternalForm (219 bytes)

GC Heap History (2 events):
Event: 3.635 GC heap before
{Heap before GC invocations=1 (full 0):
 PSYoungGen      total 38400K, used 33280K [0x00000000eab00000, 0x00000000ed580000, 0x0000000100000000)
  eden space 33280K, 100% used [0x00000000eab00000,0x00000000ecb80000,0x00000000ecb80000)
  from space 5120K, 0% used [0x00000000ed080000,0x00000000ed080000,0x00000000ed580000)
  to   space 5120K, 0% used [0x00000000ecb80000,0x00000000ecb80000,0x00000000ed080000)
 ParOldGen       total 87552K, used 0K [0x00000000c0000000, 0x00000000c5580000, 0x00000000eab00000)
  object space 87552K, 0% used [0x00000000c0000000,0x00000000c0000000,0x00000000c5580000)
 Metaspace       used 5838K, capacity 6960K, committed 7040K, reserved 1056768K
  class space    used 565K, capacity 616K, committed 640K, reserved 1048576K
Event: 3.673 GC heap after
Heap after GC invocations=1 (full 0):
 PSYoungGen      total 38400K, used 5095K [0x00000000eab00000, 0x00000000ed580000, 0x0000000100000000)
  eden space 33280K, 0% used [0x00000000eab00000,0x00000000eab00000,0x00000000ecb80000)
  from space 5120K, 99% used [0x00000000ecb80000,0x00000000ed079d38,0x00000000ed080000)
  to   space 5120K, 0% used [0x00000000ed080000,0x00000000ed080000,0x00000000ed580000)
 ParOldGen       total 87552K, used 2798K [0x00000000c0000000, 0x00000000c5580000, 0x00000000eab00000)
  object space 87552K, 3% used [0x00000000c0000000,0x00000000c02bb8c0,0x00000000c5580000)
 Metaspace       used 5838K, capacity 6960K, committed 7040K, reserved 1056768K
  class space    used 565K, capacity 616K, committed 640K, reserved 1048576K
}

Deoptimization events (10 events):
Event: 3.819 Thread 0x0000000016883800 Uncommon trap: reason=bimorphic action=maybe_recompile pc=0x00000000030fd8f4 method=java.util.HashMap.putVal(ILjava/lang/Object;Ljava/lang/Object;ZZ)Ljava/lang/Object; @ 91
Event: 3.819 Thread 0x0000000016883800 Uncommon trap: reason=bimorphic action=maybe_recompile pc=0x000000000304d1d8 method=java.util.HashMap.putVal(ILjava/lang/Object;Ljava/lang/Object;ZZ)Ljava/lang/Object; @ 91
Event: 3.819 Thread 0x0000000016883800 Uncommon trap: reason=bimorphic action=maybe_recompile pc=0x0000000002fe722c method=java.util.HashMap.getNode(ILjava/lang/Object;)Ljava/util/HashMap$Node; @ 126
Event: 3.819 Thread 0x0000000016883800 Uncommon trap: reason=bimorphic action=maybe_recompile pc=0x0000000002fe722c method=java.util.HashMap.getNode(ILjava/lang/Object;)Ljava/util/HashMap$Node; @ 126
Event: 3.819 Thread 0x0000000016883800 Uncommon trap: reason=bimorphic action=maybe_recompile pc=0x0000000002fe722c method=java.util.HashMap.getNode(ILjava/lang/Object;)Ljava/util/HashMap$Node; @ 126
Event: 3.819 Thread 0x0000000016883800 Uncommon trap: reason=bimorphic action=maybe_recompile pc=0x0000000002fa44f0 method=java.util.HashMap.getNode(ILjava/lang/Object;)Ljava/util/HashMap$Node; @ 126
Event: 4.000 Thread 0x0000000016883800 Uncommon trap: reason=speculate_class_check action=maybe_recompile pc=0x0000000003146180 method=com.android.dx.util.FixedSizeList.equals(Ljava/lang/Object;)Z @ 25
Event: 4.001 Thread 0x0000000016883800 Uncommon trap: reason=speculate_class_check action=maybe_recompile pc=0x0000000003146180 method=com.android.dx.util.FixedSizeList.equals(Ljava/lang/Object;)Z @ 25
Event: 4.001 Thread 0x0000000016883800 Uncommon trap: reason=speculate_class_check action=maybe_recompile pc=0x0000000003146180 method=com.android.dx.util.FixedSizeList.equals(Ljava/lang/Object;)Z @ 25
Event: 4.001 Thread 0x0000000016883800 Uncommon trap: reason=speculate_class_check action=maybe_recompile pc=0x0000000003146180 method=com.android.dx.util.FixedSizeList.equals(Ljava/lang/Object;)Z @ 25

Internal exceptions (3 events):
Event: 0.117 Thread 0x00000000028ed800 Exception <a 'java/lang/NoSuchMethodError': Method sun.misc.Unsafe.defineClass(Ljava/lang/String;[BII)Ljava/lang/Class; name or signature does not match> (0x00000000eab07c78) thrown at [C:\src\android\AOSP-openjdk\external\jetbrains\jdk\hotspot\src\share\vëû'ß7ç½?
Event: 0.117 Thread 0x00000000028ed800 Exception <a 'java/lang/NoSuchMethodError': Method sun.misc.Unsafe.prefetchRead(Ljava/lang/Object;J)V name or signature does not match> (0x00000000eab07f60) thrown at [C:\src\android\AOSP-openjdk\external\jetbrains\jdk\hotspot\src\share\vm\prims\jni.cpp, l3²›Å@
Event: 3.596 Thread 0x0000000016875000 Implicit null exception at 0x0000000003143422 to 0x000000000314351a

Events (10 events):
Event: 4.001 Thread 0x0000000016883800 Uncommon trap: trap_request=0xffffff76 fr.pc=0x0000000003146180
Event: 4.001 Thread 0x0000000016883800 DEOPT PACKING pc=0x0000000003146180 sp=0x000000001731e910
Event: 4.001 Thread 0x0000000016883800 DEOPT UNPACKING pc=0x0000000002d4556a sp=0x000000001731e8d0 mode 2
Event: 4.001 Thread 0x0000000016883800 Uncommon trap: trap_request=0xffffff76 fr.pc=0x0000000003146180
Event: 4.001 Thread 0x0000000016883800 DEOPT PACKING pc=0x0000000003146180 sp=0x000000001731e910
Event: 4.001 Thread 0x0000000016883800 DEOPT UNPACKING pc=0x0000000002d4556a sp=0x000000001731e8d0 mode 2
Event: 4.001 loading class com/android/dx/dex/code/CatchTable$Entry
Event: 4.001 loading class com/android/dx/dex/code/CatchTable$Entry done
Event: 4.001 loading class com/android/dx/util/ByteArrayAnnotatedOutput
Event: 4.001 loading class com/android/dx/util/ByteArrayAnnotatedOutput done


Dynamic libraries:
0x00007ff6b1e90000 - 0x00007ff6b1ec1000 	D:\Android Studio\jre\bin\java.exe
0x00007ff967b40000 - 0x00007ff967ced000 	C:\windows\SYSTEM32\ntdll.dll
0x00007ff967690000 - 0x00007ff9677ce000 	C:\windows\system32\KERNEL32.DLL
0x00007ff964da0000 - 0x00007ff964eb5000 	C:\windows\system32\KERNELBASE.dll
0x00007ff965e20000 - 0x00007ff965eca000 	C:\windows\system32\ADVAPI32.dll
0x00007ff9654c0000 - 0x00007ff965637000 	C:\windows\system32\USER32.dll
0x00007ff9629e0000 - 0x00007ff962c5b000 	C:\windows\WinSxS\amd64_microsoft.windows.common-controls_6595b64144ccf1df_6.0.9600.18006_none_623f33d3ecbe86e8\COMCTL32.dll
0x00007ff9653f0000 - 0x00007ff96549a000 	C:\windows\system32\msvcrt.dll
0x00007ff964ed0000 - 0x00007ff964f29000 	C:\windows\SYSTEM32\sechost.dll
0x00007ff965640000 - 0x00007ff965780000 	C:\windows\system32\RPCRT4.dll
0x00007ff965960000 - 0x00007ff965aaf000 	C:\windows\system32\GDI32.dll
0x00007ff964cc0000 - 0x00007ff964cee000 	C:\windows\system32\SspiCli.dll
0x00007ff964f40000 - 0x00007ff964f76000 	C:\windows\system32\IMM32.DLL
0x00007ff965cb0000 - 0x00007ff965e02000 	C:\windows\system32\MSCTF.dll
0x00000000665e0000 - 0x00000000666b2000 	D:\Android Studio\jre\jre\bin\msvcr100.dll
0x0000000066840000 - 0x000000006707c000 	D:\Android Studio\jre\jre\bin\server\jvm.dll
0x00007ff94e7a0000 - 0x00007ff94e7a9000 	C:\windows\SYSTEM32\WSOCK32.dll
0x00007ff964a50000 - 0x00007ff964a72000 	C:\windows\system32\WINMM.dll
0x00007ff95d230000 - 0x00007ff95d23a000 	C:\windows\SYSTEM32\VERSION.dll
0x00007ff965780000 - 0x00007ff965787000 	C:\windows\system32\PSAPI.DLL
0x00007ff965120000 - 0x00007ff96517a000 	C:\windows\system32\WS2_32.dll
0x00007ff964980000 - 0x00007ff9649aa000 	C:\windows\system32\WINMMBASE.dll
0x00007ff965e10000 - 0x00007ff965e19000 	C:\windows\system32\NSI.dll
0x00007ff9649b0000 - 0x00007ff9649ff000 	C:\windows\SYSTEM32\cfgmgr32.dll
0x00007ff964930000 - 0x00007ff964958000 	C:\windows\system32\DEVOBJ.dll
0x00007ff962370000 - 0x00007ff96237f000 	D:\Android Studio\jre\jre\bin\verify.dll
0x00007ff962340000 - 0x00007ff962369000 	D:\Android Studio\jre\jre\bin\java.dll
0x00007ff962320000 - 0x00007ff962336000 	D:\Android Studio\jre\jre\bin\zip.dll
0x00007ff966100000 - 0x00007ff967629000 	C:\windows\system32\SHELL32.dll
0x00007ff965ee0000 - 0x00007ff9660f1000 	C:\windows\SYSTEM32\combase.dll
0x00007ff965180000 - 0x00007ff9651d4000 	C:\windows\system32\SHLWAPI.dll
0x00007ff962e30000 - 0x00007ff962ee2000 	C:\windows\SYSTEM32\SHCORE.dll
0x00007ff964880000 - 0x00007ff964895000 	C:\windows\SYSTEM32\profapi.dll

VM Arguments:
jvm_args: -Djava.awt.headless=true -Xmx1024M -Dfile.encoding=GBK -Duser.country=CN -Duser.language=zh -Duser.variant 
java_command: com.android.dx.command.Main --dex --num-threads=4 --multi-dex --output D:\android_wokespace\Park1\app\build\intermediates\transforms\dex\debug\folders\1000\1\debug_fbb0f697c35f25aa22a53c8b0c1de775393e180f D:\android_wokespace\Park1\app\build\intermediates\classes\debug
java_class_path (initial): D:\AndroidSDK\build-tools\25.0.0\lib\dx.jar
Launcher Type: SUN_STANDARD

Environment Variables:
JAVA_HOME=D:\Program Files\Java\jdk1.8.0_60
CLASSPATH=.
PATH=D:\Program Files\Java\jdk1.8.0_60\bin;C:\Program Files (x86)\Lenovo\FusionEngine;C:\Program Files (x86)\Intel\iCLS Client\;C:\Program Files\Intel\iCLS Client\;C:\windows\system32;C:\windows;C:\windows\System32\Wbem;C:\windows\System32\WindowsPowerShell\v1.0\;C:\Program Files (x86)\ATI Technologies\ATI.ACE\Core-Static;C:\Program Files\Intel\Intel(R) Management Engine Components\DAL;C:\Program Files (x86)\Intel\Intel(R) Management Engine Components\DAL;C:\Program Files\Intel\Intel(R) Management Engine Components\IPT;C:\Program Files (x86)\Intel\Intel(R) Management Engine Components\IPT;C:\Program Files (x86)\Common Files\lenovo\easyplussdk\bin;C:\Program Files (x86)\Microsoft SQL Server\100\Tools\Binn\;C:\Program Files\Microsoft SQL Server\100\Tools\Binn\;C:\Program Files\Microsoft SQL Server\100\DTS\Binn\;C:\Program Files (x86)\Microsoft SQL Server\100\Tools\Binn\VSShell\Common7\IDE\;C:\Program Files (x86)\Microsoft SQL Server\100\DTS\Binn\;C:\Program Files (x86)\Microsoft Visual Studio 9.0\Common7\IDE\PrivateAssemblies\;D:\mysql\mysql-5.7.18-winx64\bin;D:\Git\cmd;D:\Android_sdk\build-tools;D:\Android_sdk\tools;;C:\Program Files\Microsoft SQL Server\110\DTS\Binn\;C:\Program Files (x86)\Microsoft SQL Server\110\Tools\Binn\;C:\Program Files\Microsoft SQL Server\110\Tools\Binn\;C:\Program Files (x86)\Microsoft SQL Server\110\Tools\Binn\ManagementStudio\;C:\Program Files (x86)\Microsoft Visual Studio 10.0\Common7\IDE\PrivateAssemblies\;C:\Program Files (x86)\Microsoft SQL Server\110\DTS\Binn\;D:\apache-tomcat-8.0.24\lib;D:\apache-tomcat-8.0.24\bin
USERNAME=lenovo
OS=Windows_NT
PROCESSOR_IDENTIFIER=Intel64 Family 6 Model 61 Stepping 4, GenuineIntel



---------------  S Y S T E M  ---------------

OS: Windows 8.1 , 64 bit Build 9600 (6.3.9600.17415)

CPU:total 4 (2 cores per cpu, 2 threads per core) family 6 model 61 stepping 4, cmov, cx8, fxsr, mmx, sse, sse2, sse3, ssse3, sse4.1, sse4.2, popcnt, avx, avx2, aes, clmul, erms, 3dnowpref, lzcnt, ht, tsc, tscinvbit, bmi1, bmi2, adx

Memory: 4k page, physical 8301656k(1538328k free), swap 8301656k(5436k free)

vm_info: OpenJDK 64-Bit Server VM (25.112-b06) for windows-amd64 JRE (1.8.0_112-release-b06), built on Dec  8 2016 00:54:26 by "builder" with MS VC++ 10.0 (VS2010)

time: Wed Nov 08 22:48:08 2017
elapsed time: 4 seconds (0d 0h 0m 4s)

