#
# There is insufficient memory for the Java Runtime Environment to continue.
# Native memory allocation (malloc) failed to allocate 131088 bytes for Chunk::new
# Possible reasons:
#   The system is out of physical RAM or swap space
#   In 32 bit mode, the process size limit was hit
# Possible solutions:
#   Reduce memory load on the system
#   Increase physical memory or swap space
#   Check if swap backing store is full
#   Use 64 bit Java on a 64 bit OS
#   Decrease Java heap size (-Xmx/-Xms)
#   Decrease number of Java threads
#   Decrease Java thread stack sizes (-Xss)
#   Set larger code cache with -XX:ReservedCodeCacheSize=
# This output file may be truncated or incomplete.
#
#  Out of Memory Error (allocation.cpp:390), pid=3456, tid=0x000000000000336c
#
# JRE version: OpenJDK Runtime Environment (8.0_112-b06) (build 1.8.0_112-release-b06)
# Java VM: OpenJDK 64-Bit Server VM (25.112-b06 mixed mode windows-amd64 compressed oops)
# Failed to write core dump. Minidumps are not enabled by default on client versions of Windows
#

---------------  T H R E A D  ---------------

Current thread (0x0000000016721800):  JavaThread "C2 CompilerThread1" daemon [_thread_in_native, id=13164, stack(0x0000000016e10000,0x0000000016f10000)]

Stack: [0x0000000016e10000,0x0000000016f10000]
[error occurred during error reporting (printing stack bounds), id 0xc0000005]

Native frames: (J=compiled Java code, j=interpreted, Vv=VM code, C=native code)


Current CompileTask:
C2:   2844 1170       4       com.android.dx.dex.code.OutputFinisher::addConstants (93 bytes)


---------------  P R O C E S S  ---------------

Java Threads: ( => current thread )
  0x0000000016798800 JavaThread "Service Thread" daemon [_thread_blocked, id=5504, stack(0x0000000017010000,0x0000000017110000)]
  0x00000000153ce800 JavaThread "C1 CompilerThread2" daemon [_thread_blocked, id=12904, stack(0x0000000016f10000,0x0000000017010000)]
=>0x0000000016721800 JavaThread "C2 CompilerThread1" daemon [_thread_in_native, id=13164, stack(0x0000000016e10000,0x0000000016f10000)]
  0x00000000153ca000 JavaThread "C2 CompilerThread0" daemon [_thread_in_vm, id=12104, stack(0x0000000016d10000,0x0000000016e10000)]
  0x00000000153c9800 JavaThread "Attach Listener" daemon [_thread_blocked, id=13372, stack(0x0000000016c10000,0x0000000016d10000)]
  0x0000000016718800 JavaThread "Signal Dispatcher" daemon [_thread_blocked, id=9468, stack(0x0000000016b10000,0x0000000016c10000)]
  0x0000000002c7a000 JavaThread "Finalizer" daemon [_thread_blocked, id=14328, stack(0x00000000165c0000,0x00000000166c0000)]
  0x0000000002c71000 JavaThread "Reference Handler" daemon [_thread_blocked, id=14004, stack(0x00000000164c0000,0x00000000165c0000)]
  0x0000000002b82800 JavaThread "main" [_thread_in_Java, id=13048, stack(0x0000000002a80000,0x0000000002b80000)]

Other Threads:
  0x0000000015334800 VMThread [stack: 0x00000000163c0000,0x00000000164c0000] [id=11936]
  0x0000000016748800 WatcherThread [stack: 0x0000000017110000,0x0000000017210000] [id=12428]

VM state:not at safepoint (normal execution)

VM Mutex/Monitor currently owned by a thread: None

Heap:
 PSYoungGen      total 38400K, used 25973K [0x00000000eab00000, 0x00000000ed580000, 0x0000000100000000)
  eden space 33280K, 78% used [0x00000000eab00000,0x00000000ec45d6c8,0x00000000ecb80000)
  from space 5120K, 0% used [0x00000000ed080000,0x00000000ed080000,0x00000000ed580000)
  to   space 5120K, 0% used [0x00000000ecb80000,0x00000000ecb80000,0x00000000ed080000)
 ParOldGen       total 87552K, used 0K [0x00000000c0000000, 0x00000000c5580000, 0x00000000eab00000)
  object space 87552K, 0% used [0x00000000c0000000,0x00000000c0000000,0x00000000c5580000)
 Metaspace       used 5847K, capacity 6896K, committed 7040K, reserved 1056768K
  class space    used 570K, capacity 616K, committed 640K, reserved 1048576K

Card table byte_map: [0x0000000012040000,0x0000000012250000] byte_map_base: 0x0000000011a40000

Marking Bits: (ParMarkBitMap*) 0x000000005f6218f0
 Begin Bits: [0x00000000127b0000, 0x00000000137b0000)
 End Bits:   [0x00000000137b0000, 0x00000000147b0000)

Polling page: 0x0000000000f40000

CodeCache: size=245760Kb used=4669Kb max_used=4681Kb free=241090Kb
 bounds [0x0000000002c80000, 0x0000000003120000, 0x0000000011c80000]
 total_blobs=1458 nmethods=1192 adapters=180
 compilation: enabled

Compilation events (10 events):
Event: 2.832 Thread 0x00000000153ca000 nmethod 1188 0x000000000310cfd0 code [0x000000000310d120, 0x000000000310d258]
Event: 2.833 Thread 0x00000000153ce800 1190  s    3       com.android.dx.dex.file.TypeIdsSection::intern (62 bytes)
Event: 2.835 Thread 0x00000000153ce800 nmethod 1190 0x000000000310bc10 code [0x000000000310be20, 0x000000000310ca28]
Event: 2.835 Thread 0x00000000153ce800 1191       3       com.android.dx.dex.file.FieldIdItem::addContents (23 bytes)
Event: 2.836 Thread 0x00000000153ce800 nmethod 1191 0x0000000003112990 code [0x0000000003112b80, 0x0000000003113a68]
Event: 2.836 Thread 0x00000000153ce800 1192       3       com.android.dx.dex.file.FieldIdItem::getFieldRef (8 bytes)
Event: 2.836 Thread 0x00000000153ce800 nmethod 1192 0x000000000310e410 code [0x000000000310e580, 0x000000000310e850]
Event: 2.839 Thread 0x00000000153ca000 1193       4       java.util.TreeMap$ValueIterator::next (8 bytes)
Event: 2.839 Thread 0x00000000153ce800 1194       3       java.util.TreeMap::rotateRight (96 bytes)
Event: 2.840 Thread 0x00000000153ce800 nmethod 1194 0x000000000310de50 code [0x000000000310dfc0, 0x000000000310e310]

GC Heap History (0 events):
No events

Deoptimization events (10 events):
Event: 2.558 Thread 0x0000000002b82800 Uncommon trap: reason=class_check action=maybe_recompile pc=0x00000000030e36d8 method=java.util.Arrays.hashCode([Ljava/lang/Object;)I @ 43
Event: 2.558 Thread 0x0000000002b82800 Uncommon trap: reason=class_check action=maybe_recompile pc=0x00000000030e36d8 method=java.util.Arrays.hashCode([Ljava/lang/Object;)I @ 43
Event: 2.558 Thread 0x0000000002b82800 Uncommon trap: reason=class_check action=maybe_recompile pc=0x00000000030e36d8 method=java.util.Arrays.hashCode([Ljava/lang/Object;)I @ 43
Event: 2.560 Thread 0x0000000002b82800 Uncommon trap: reason=class_check action=maybe_recompile pc=0x00000000030e56b8 method=java.util.Arrays.hashCode([Ljava/lang/Object;)I @ 43
Event: 2.566 Thread 0x0000000002b82800 Uncommon trap: reason=bimorphic action=maybe_recompile pc=0x0000000002ed4e2c method=java.util.HashMap.getNode(ILjava/lang/Object;)Ljava/util/HashMap$Node; @ 126
Event: 2.577 Thread 0x0000000002b82800 Uncommon trap: reason=unstable_if action=reinterpret pc=0x0000000002ed4df0 method=java.util.HashMap.getNode(ILjava/lang/Object;)Ljava/util/HashMap$Node; @ 62
Event: 2.577 Thread 0x0000000002b82800 Uncommon trap: reason=bimorphic action=maybe_recompile pc=0x000000000306ebcc method=java.util.HashMap.putVal(ILjava/lang/Object;Ljava/lang/Object;ZZ)Ljava/lang/Object; @ 91
Event: 2.578 Thread 0x0000000002b82800 Uncommon trap: reason=bimorphic action=maybe_recompile pc=0x000000000306ebcc method=java.util.HashMap.putVal(ILjava/lang/Object;Ljava/lang/Object;ZZ)Ljava/lang/Object; @ 91
Event: 2.578 Thread 0x0000000002b82800 Uncommon trap: reason=bimorphic action=maybe_recompile pc=0x000000000306ebcc method=java.util.HashMap.putVal(ILjava/lang/Object;Ljava/lang/Object;ZZ)Ljava/lang/Object; @ 91
Event: 2.578 Thread 0x0000000002b82800 Uncommon trap: reason=bimorphic action=maybe_recompile pc=0x000000000306ebcc method=java.util.HashMap.putVal(ILjava/lang/Object;Ljava/lang/Object;ZZ)Ljava/lang/Object; @ 91

Internal exceptions (3 events):
Event: 0.097 Thread 0x0000000002b82800 Exception <a 'java/lang/NoSuchMethodError': Method sun.misc.Unsafe.defineClass(Ljava/lang/String;[BII)Ljava/lang/Class; name or signature does not match> (0x00000000eab07c78) thrown at [C:\src\android\AOSP-openjdk\external\jetbrains\jdk\hotspot\src\share\v™K­·ã¸?
Event: 0.097 Thread 0x0000000002b82800 Exception <a 'java/lang/NoSuchMethodError': Method sun.misc.Unsafe.prefetchRead(Ljava/lang/Object;J)V name or signature does not match> (0x00000000eab07f60) thrown at [C:\src\android\AOSP-openjdk\external\jetbrains\jdk\hotspot\src\share\vm\prims\jni.cpp, lo 6C@
Event: 2.408 Thread 0x0000000016887800 Implicit null exception at 0x0000000002fd5c22 to 0x0000000002fd5d1a

Events (10 events):
Event: 2.578 Thread 0x0000000002b82800 Uncommon trap: trap_request=0xffffffc6 fr.pc=0x000000000306ebcc
Event: 2.578 Thread 0x0000000002b82800 DEOPT PACKING pc=0x000000000306ebcc sp=0x0000000002b7eee0
Event: 2.578 Thread 0x0000000002b82800 DEOPT UNPACKING pc=0x0000000002cc556a sp=0x0000000002b7ee68 mode 2
Event: 2.578 Thread 0x0000000002b82800 Uncommon trap: trap_request=0xffffffc6 fr.pc=0x000000000306ebcc
Event: 2.578 Thread 0x0000000002b82800 DEOPT PACKING pc=0x000000000306ebcc sp=0x0000000002b7eee0
Event: 2.578 Thread 0x0000000002b82800 DEOPT UNPACKING pc=0x0000000002cc556a sp=0x0000000002b7ee68 mode 2
Event: 2.585 loading class com/android/dx/dex/file/CatchStructs
Event: 2.585 loading class com/android/dx/dex/file/CatchStructs done
Event: 2.676 loading class com/android/dx/dex/file/ProtoIdItem
Event: 2.676 loading class com/android/dx/dex/file/ProtoIdItem done


Dynamic libraries:
0x00007ff765aa0000 - 0x00007ff765ad1000 	D:\Android Studio\jre\bin\java.exe
0x00007ffcddc40000 - 0x00007ffcddded000 	C:\windows\SYSTEM32\ntdll.dll
0x00007ffcdd7c0000 - 0x00007ffcdd8fe000 	C:\windows\system32\KERNEL32.DLL
0x00007ffcdaeb0000 - 0x00007ffcdafc5000 	C:\windows\system32\KERNELBASE.dll
0x00007ffcdbc70000 - 0x00007ffcdbd1a000 	C:\windows\system32\ADVAPI32.dll
0x00007ffcdbaf0000 - 0x00007ffcdbc67000 	C:\windows\system32\USER32.dll
0x00007ffcd85d0000 - 0x00007ffcd884b000 	C:\windows\WinSxS\amd64_microsoft.windows.common-controls_6595b64144ccf1df_6.0.9600.18006_none_623f33d3ecbe86e8\COMCTL32.dll
0x00007ffcdc020000 - 0x00007ffcdc0ca000 	C:\windows\system32\msvcrt.dll
0x00007ffcdb330000 - 0x00007ffcdb389000 	C:\windows\SYSTEM32\sechost.dll
0x00007ffcdb390000 - 0x00007ffcdb4d0000 	C:\windows\system32\RPCRT4.dll
0x00007ffcddae0000 - 0x00007ffcddc2f000 	C:\windows\system32\GDI32.dll
0x00007ffcdadd0000 - 0x00007ffcdadfe000 	C:\windows\system32\SspiCli.dll
0x00007ffcdb970000 - 0x00007ffcdb9a6000 	C:\windows\system32\IMM32.DLL
0x00007ffcdbd20000 - 0x00007ffcdbe72000 	C:\windows\system32\MSCTF.dll
0x0000000060580000 - 0x0000000060652000 	D:\Android Studio\jre\jre\bin\msvcr100.dll
0x000000005ee60000 - 0x000000005f69c000 	D:\Android Studio\jre\jre\bin\server\jvm.dll
0x00007ffcc0e90000 - 0x00007ffcc0e99000 	C:\windows\SYSTEM32\WSOCK32.dll
0x00007ffcdad40000 - 0x00007ffcdad62000 	C:\windows\system32\WINMM.dll
0x00007ffcd3210000 - 0x00007ffcd321a000 	C:\windows\SYSTEM32\VERSION.dll
0x00007ffcdb960000 - 0x00007ffcdb967000 	C:\windows\system32\PSAPI.DLL
0x00007ffcdb0d0000 - 0x00007ffcdb12a000 	C:\windows\system32\WS2_32.dll
0x00007ffcdaa60000 - 0x00007ffcdaa8a000 	C:\windows\system32\WINMMBASE.dll
0x00007ffcdc190000 - 0x00007ffcdc199000 	C:\windows\system32\NSI.dll
0x00007ffcdad70000 - 0x00007ffcdadbf000 	C:\windows\SYSTEM32\cfgmgr32.dll
0x00007ffcdaa30000 - 0x00007ffcdaa58000 	C:\windows\system32\DEVOBJ.dll
0x00007ffcd8470000 - 0x00007ffcd847f000 	D:\Android Studio\jre\jre\bin\verify.dll
0x00007ffcd78f0000 - 0x00007ffcd7919000 	D:\Android Studio\jre\jre\bin\java.dll
0x00007ffcd7a10000 - 0x00007ffcd7a26000 	D:\Android Studio\jre\jre\bin\zip.dll
0x00007ffcdc1c0000 - 0x00007ffcdd6e9000 	C:\windows\system32\SHELL32.dll
0x00007ffcdb740000 - 0x00007ffcdb951000 	C:\windows\SYSTEM32\combase.dll
0x00007ffcdb070000 - 0x00007ffcdb0c4000 	C:\windows\system32\SHLWAPI.dll
0x00007ffcd8d80000 - 0x00007ffcd8e32000 	C:\windows\SYSTEM32\SHCORE.dll
0x00007ffcda980000 - 0x00007ffcda995000 	C:\windows\SYSTEM32\profapi.dll

VM Arguments:
jvm_args: -Djava.awt.headless=true -Xmx1024M -Dfile.encoding=GBK -Duser.country=CN -Duser.language=zh -Duser.variant 
java_command: com.android.dx.command.Main --dex --num-threads=4 --output D:\android_wokespace\Park1\app\build\intermediates\pre-dexed\debug\debug_fbb0f697c35f25aa22a53c8b0c1de775393e180f.jar D:\android_wokespace\Park1\app\build\intermediates\classes\debug
java_class_path (initial): D:\AndroidSDK\build-tools\25.0.0\lib\dx.jar
Launcher Type: SUN_STANDARD

Environment Variables:
JAVA_HOME=D:\Program Files\Java\jdk1.8.0_60
CLASSPATH=.
PATH=D:\Program Files\Java\jdk1.8.0_60\bin;C:\Program Files (x86)\Lenovo\FusionEngine;C:\Program Files (x86)\Intel\iCLS Client\;C:\Program Files\Intel\iCLS Client\;C:\windows\system32;C:\windows;C:\windows\System32\Wbem;C:\windows\System32\WindowsPowerShell\v1.0\;C:\Program Files (x86)\ATI Technologies\ATI.ACE\Core-Static;C:\Program Files\Intel\Intel(R) Management Engine Components\DAL;C:\Program Files (x86)\Intel\Intel(R) Management Engine Components\DAL;C:\Program Files\Intel\Intel(R) Management Engine Components\IPT;C:\Program Files (x86)\Intel\Intel(R) Management Engine Components\IPT;C:\Program Files (x86)\Common Files\lenovo\easyplussdk\bin;C:\Program Files (x86)\Microsoft SQL Server\100\Tools\Binn\;C:\Program Files\Microsoft SQL Server\100\Tools\Binn\;C:\Program Files\Microsoft SQL Server\100\DTS\Binn\;C:\Program Files (x86)\Microsoft SQL Server\100\Tools\Binn\VSShell\Common7\IDE\;C:\Program Files (x86)\Microsoft SQL Server\100\DTS\Binn\;C:\Program Files (x86)\Microsoft Visual Studio 9.0\Common7\IDE\PrivateAssemblies\;D:\mysql\mysql-5.7.18-winx64\bin;D:\Git\cmd;D:\Android_sdk\build-tools;D:\Android_sdk\tools;;C:\Program Files\Microsoft SQL Server\110\DTS\Binn\;C:\Program Files (x86)\Microsoft SQL Server\110\Tools\Binn\;C:\Program Files\Microsoft SQL Server\110\Tools\Binn\;C:\Program Files (x86)\Microsoft SQL Server\110\Tools\Binn\ManagementStudio\;C:\Program Files (x86)\Microsoft Visual Studio 10.0\Common7\IDE\PrivateAssemblies\;C:\Program Files (x86)\Microsoft SQL Server\110\DTS\Binn\;D:\apache-tomcat-8.0.24\lib;D:\apache-tomcat-8.0.24\bin
USERNAME=lenovo
OS=Windows_NT
PROCESSOR_IDENTIFIER=Intel64 Family 6 Model 61 Stepping 4, GenuineIntel



---------------  S Y S T E M  ---------------

OS: Windows 8.1 , 64 bit Build 9600 (6.3.9600.17415)

CPU:total 4 (2 cores per cpu, 2 threads per core) family 6 model 61 stepping 4, cmov, cx8, fxsr, mmx, sse, sse2, sse3, ssse3, sse4.1, sse4.2, popcnt, avx, avx2, aes, clmul, erms, 3dnowpref, lzcnt, ht, tsc, tscinvbit, bmi1, bmi2, adx

Memory: 4k page, physical 8301656k(1574152k free), swap 8301656k(4696k free)

vm_info: OpenJDK 64-Bit Server VM (25.112-b06) for windows-amd64 JRE (1.8.0_112-release-b06), built on Dec  8 2016 00:54:26 by "builder" with MS VC++ 10.0 (VS2010)

time: Mon Nov 06 13:41:36 2017
elapsed time: 2 seconds (0d 0h 0m 2s)

