#
# There is insufficient memory for the Java Runtime Environment to continue.
# Native memory allocation (malloc) failed to allocate 353712 bytes for Chunk::new
# Possible reasons:
#   The system is out of physical RAM or swap space
#   In 32 bit mode, the process size limit was hit
# Possible solutions:
#   Reduce memory load on the system
#   Increase physical memory or swap space
#   Check if swap backing store is full
#   Use 64 bit Java on a 64 bit OS
#   Decrease Java heap size (-Xmx/-Xms)
#   Decrease number of Java threads
#   Decrease Java thread stack sizes (-Xss)
#   Set larger code cache with -XX:ReservedCodeCacheSize=
# This output file may be truncated or incomplete.
#
#  Out of Memory Error (allocation.cpp:390), pid=828, tid=0x000000000000165c
#
# JRE version: OpenJDK Runtime Environment (8.0_112-b06) (build 1.8.0_112-release-b06)
# Java VM: OpenJDK 64-Bit Server VM (25.112-b06 mixed mode windows-amd64 compressed oops)
# Failed to write core dump. Minidumps are not enabled by default on client versions of Windows
#

---------------  T H R E A D  ---------------

Current thread (0x000000001bf0d800):  JavaThread "C2 CompilerThread1" daemon [_thread_in_native, id=5724, stack(0x000000001d910000,0x000000001da10000)]

Stack: [0x000000001d910000,0x000000001da10000]
[error occurred during error reporting (printing stack bounds), id 0xc0000005]

Native frames: (J=compiled Java code, j=interpreted, Vv=VM code, C=native code)


Current CompileTask:
C2:   3907  982   !   4       com.android.dx.cf.code.BytecodeArray::parseInstruction (2764 bytes)


---------------  P R O C E S S  ---------------

Java Threads: ( => current thread )
  0x000000001d38f800 JavaThread "pool-2-thread-4" [_thread_blocked, id=12240, stack(0x000000001e110000,0x000000001e210000)]
  0x000000001d38f000 JavaThread "pool-2-thread-3" [_thread_in_Java, id=10516, stack(0x000000001e010000,0x000000001e110000)]
  0x000000001d37f000 JavaThread "pool-2-thread-2" [_thread_blocked, id=6848, stack(0x000000001df10000,0x000000001e010000)]
  0x000000001d37c000 JavaThread "pool-3-thread-1" [_thread_blocked, id=7828, stack(0x000000001de10000,0x000000001df10000)]
  0x000000001d379800 JavaThread "pool-2-thread-1" [_thread_blocked, id=1788, stack(0x000000001dd10000,0x000000001de10000)]
  0x000000001d291000 JavaThread "Service Thread" daemon [_thread_blocked, id=9876, stack(0x000000001db10000,0x000000001dc10000)]
  0x000000001d26b800 JavaThread "C1 CompilerThread2" daemon [_thread_blocked, id=9576, stack(0x000000001da10000,0x000000001db10000)]
=>0x000000001bf0d800 JavaThread "C2 CompilerThread1" daemon [_thread_in_native, id=5724, stack(0x000000001d910000,0x000000001da10000)]
  0x000000001bebd000 JavaThread "C2 CompilerThread0" daemon [_thread_in_native, id=8124, stack(0x000000001d810000,0x000000001d910000)]
  0x000000001bf09800 JavaThread "Attach Listener" daemon [_thread_blocked, id=3252, stack(0x000000001d710000,0x000000001d810000)]
  0x000000001d218800 JavaThread "Signal Dispatcher" daemon [_thread_blocked, id=11684, stack(0x000000001d610000,0x000000001d710000)]
  0x00000000027da000 JavaThread "Finalizer" daemon [_thread_blocked, id=10100, stack(0x000000001d110000,0x000000001d210000)]
  0x00000000027d1000 JavaThread "Reference Handler" daemon [_thread_blocked, id=3008, stack(0x000000001d010000,0x000000001d110000)]
  0x0000000000b6d800 JavaThread "main" [_thread_in_native, id=7968, stack(0x00000000025e0000,0x00000000026e0000)]

Other Threads:
  0x000000001be74800 VMThread [stack: 0x000000001cf10000,0x000000001d010000] [id=8364]
  0x000000001d292800 WatcherThread [stack: 0x000000001dc10000,0x000000001dd10000] [id=8796]

VM state:not at safepoint (normal execution)

VM Mutex/Monitor currently owned by a thread: None

Heap:
 PSYoungGen      total 38400K, used 13981K [0x000000076ab00000, 0x000000076d580000, 0x00000007c0000000)
  eden space 33280K, 42% used [0x000000076ab00000,0x000000076b8a75d0,0x000000076cb80000)
  from space 5120K, 0% used [0x000000076cb80000,0x000000076cb80000,0x000000076d080000)
  to   space 5120K, 0% used [0x000000076d080000,0x000000076d080000,0x000000076d580000)
 ParOldGen       total 61952K, used 2460K [0x00000006c0000000, 0x00000006c3c80000, 0x000000076ab00000)
  object space 61952K, 3% used [0x00000006c0000000,0x00000006c0267268,0x00000006c3c80000)
 Metaspace       used 5681K, capacity 6832K, committed 7040K, reserved 1062912K
  class space    used 558K, capacity 616K, committed 640K, reserved 1048576K

Card table byte_map: [0x0000000011ba0000,0x00000000123b0000] byte_map_base: 0x000000000e5a0000

Marking Bits: (ParMarkBitMap*) 0x00000000657218f0
 Begin Bits: [0x0000000012d10000, 0x0000000016d10000)
 End Bits:   [0x0000000016d10000, 0x000000001ad10000)

Polling page: 0x0000000000a90000

CodeCache: size=245760Kb used=4206Kb max_used=4218Kb free=241553Kb
 bounds [0x00000000027e0000, 0x0000000002c10000, 0x00000000117e0000]
 total_blobs=1296 nmethods=1033 adapters=177
 compilation: enabled

Compilation events (10 events):
Event: 3.845 Thread 0x000000001d26b800 nmethod 1029 0x0000000002bf0650 code [0x0000000002bf0860, 0x0000000002bf1358]
Event: 3.853 Thread 0x000000001d26b800 1031       3       com.android.dx.rop.code.Insn::equalsHandleNulls (23 bytes)
Event: 3.853 Thread 0x000000001d26b800 nmethod 1031 0x0000000002bf1910 code [0x0000000002bf1a80, 0x0000000002bf1d48]
Event: 3.855 Thread 0x000000001d26b800 1032       3       com.android.dx.rop.code.RegisterSpec::intersect (169 bytes)
Event: 3.858 Thread 0x000000001d26b800 nmethod 1032 0x0000000002bf1e10 code [0x0000000002bf2060, 0x0000000002bf3048]
Event: 3.891 Thread 0x000000001d26b800 1033       3       java.util.concurrent.locks.ReentrantLock::unlock (10 bytes)
Event: 3.892 Thread 0x000000001d26b800 nmethod 1033 0x0000000002bf3510 code [0x0000000002bf36a0, 0x0000000002bf3ab8]
Event: 3.893 Thread 0x000000001d26b800 1034       3       com.android.dx.ssa.SsaMethod::forEachBlockDepthFirst (194 bytes)
Event: 3.901 Thread 0x000000001d26b800 nmethod 1034 0x0000000002bf3c10 code [0x0000000002bf40a0, 0x0000000002bf7528]
Event: 3.901 Thread 0x000000001d26b800 1035       3       com.android.dx.cf.code.ByteCatchList::listFor (120 bytes)

GC Heap History (4 events):
Event: 2.325 GC heap before
{Heap before GC invocations=1 (full 0):
 PSYoungGen      total 38400K, used 9345K [0x000000076ab00000, 0x000000076d580000, 0x00000007c0000000)
  eden space 33280K, 28% used [0x000000076ab00000,0x000000076b420618,0x000000076cb80000)
  from space 5120K, 0% used [0x000000076d080000,0x000000076d080000,0x000000076d580000)
  to   space 5120K, 0% used [0x000000076cb80000,0x000000076cb80000,0x000000076d080000)
 ParOldGen       total 87552K, used 0K [0x00000006c0000000, 0x00000006c5580000, 0x000000076ab00000)
  object space 87552K, 0% used [0x00000006c0000000,0x00000006c0000000,0x00000006c5580000)
 Metaspace       used 4971K, capacity 6160K, committed 6272K, reserved 1064960K
  class space    used 532K, capacity 584K, committed 640K, reserved 1048576K
Event: 2.339 GC heap after
Heap after GC invocations=1 (full 0):
 PSYoungGen      total 38400K, used 2638K [0x000000076ab00000, 0x000000076d580000, 0x00000007c0000000)
  eden space 33280K, 0% used [0x000000076ab00000,0x000000076ab00000,0x000000076cb80000)
  from space 5120K, 51% used [0x000000076cb80000,0x000000076ce13a58,0x000000076d080000)
  to   space 5120K, 0% used [0x000000076d080000,0x000000076d080000,0x000000076d580000)
 ParOldGen       total 87552K, used 8K [0x00000006c0000000, 0x00000006c5580000, 0x000000076ab00000)
  object space 87552K, 0% used [0x00000006c0000000,0x00000006c0002000,0x00000006c5580000)
 Metaspace       used 4971K, capacity 6160K, committed 6272K, reserved 1064960K
  class space    used 532K, capacity 584K, committed 640K, reserved 1048576K
}
Event: 2.339 GC heap before
{Heap before GC invocations=2 (full 1):
 PSYoungGen      total 38400K, used 2638K [0x000000076ab00000, 0x000000076d580000, 0x00000007c0000000)
  eden space 33280K, 0% used [0x000000076ab00000,0x000000076ab00000,0x000000076cb80000)
  from space 5120K, 51% used [0x000000076cb80000,0x000000076ce13a58,0x000000076d080000)
  to   space 5120K, 0% used [0x000000076d080000,0x000000076d080000,0x000000076d580000)
 ParOldGen       total 87552K, used 8K [0x00000006c0000000, 0x00000006c5580000, 0x000000076ab00000)
  object space 87552K, 0% used [0x00000006c0000000,0x00000006c0002000,0x00000006c5580000)
 Metaspace       used 4971K, capacity 6160K, committed 6272K, reserved 1064960K
  class space    used 532K, capacity 584K, committed 640K, reserved 1048576K
Event: 2.387 GC heap after
Heap after GC invocations=2 (full 1):
 PSYoungGen      total 38400K, used 0K [0x000000076ab00000, 0x000000076d580000, 0x00000007c0000000)
  eden space 33280K, 0% used [0x000000076ab00000,0x000000076ab00000,0x000000076cb80000)
  from space 5120K, 0% used [0x000000076cb80000,0x000000076cb80000,0x000000076d080000)
  to   space 5120K, 0% used [0x000000076d080000,0x000000076d080000,0x000000076d580000)
 ParOldGen       total 61952K, used 2460K [0x00000006c0000000, 0x00000006c3c80000, 0x000000076ab00000)
  object space 61952K, 3% used [0x00000006c0000000,0x00000006c0267268,0x00000006c3c80000)
 Metaspace       used 4971K, capacity 6160K, committed 6272K, reserved 1062912K
  class space    used 532K, capacity 584K, committed 640K, reserved 1048576K
}

Deoptimization events (10 events):
Event: 3.445 Thread 0x000000001d37f000 Uncommon trap: reason=bimorphic action=maybe_recompile pc=0x0000000002acb638 method=com.android.dx.rop.code.RegisterSpec.equals(ILcom/android/dx/rop/type/TypeBearer;Lcom/android/dx/rop/code/LocalItem;)Z @ 13
Event: 3.445 Thread 0x000000001d37f000 Uncommon trap: reason=bimorphic action=maybe_recompile pc=0x0000000002acb638 method=com.android.dx.rop.code.RegisterSpec.equals(ILcom/android/dx/rop/type/TypeBearer;Lcom/android/dx/rop/code/LocalItem;)Z @ 13
Event: 3.468 Thread 0x000000001d38f000 Uncommon trap: reason=bimorphic action=maybe_recompile pc=0x0000000002acb638 method=com.android.dx.rop.code.RegisterSpec.equals(ILcom/android/dx/rop/type/TypeBearer;Lcom/android/dx/rop/code/LocalItem;)Z @ 13
Event: 3.621 Thread 0x000000001d38f000 Uncommon trap: reason=null_check action=make_not_entrant pc=0x0000000002b36a40 method=com.android.dx.rop.type.Type.equals(Ljava/lang/Object;)Z @ 8
Event: 3.706 Thread 0x000000001d37f000 Uncommon trap: reason=class_check action=maybe_recompile pc=0x0000000002b32568 method=com.android.dx.ssa.NormalSsaInsn.accept(Lcom/android/dx/ssa/SsaInsn$Visitor;)V @ 9
Event: 3.706 Thread 0x000000001d37f000 Uncommon trap: reason=class_check action=maybe_recompile pc=0x0000000002b32568 method=com.android.dx.ssa.NormalSsaInsn.accept(Lcom/android/dx/ssa/SsaInsn$Visitor;)V @ 9
Event: 3.706 Thread 0x000000001d37f000 Uncommon trap: reason=class_check action=maybe_recompile pc=0x0000000002b32568 method=com.android.dx.ssa.NormalSsaInsn.accept(Lcom/android/dx/ssa/SsaInsn$Visitor;)V @ 9
Event: 3.707 Thread 0x000000001d37f000 Uncommon trap: reason=class_check action=maybe_recompile pc=0x0000000002b32568 method=com.android.dx.ssa.NormalSsaInsn.accept(Lcom/android/dx/ssa/SsaInsn$Visitor;)V @ 9
Event: 3.707 Thread 0x000000001d37f000 Uncommon trap: reason=class_check action=maybe_recompile pc=0x0000000002a94170 method=com.android.dx.ssa.NormalSsaInsn.accept(Lcom/android/dx/ssa/SsaInsn$Visitor;)V @ 9
Event: 3.824 Thread 0x000000001d38f800 Uncommon trap: reason=unstable_if action=reinterpret pc=0x0000000002b37114 method=com.android.dx.rop.code.RegisterSpec.equals(ILcom/android/dx/rop/type/TypeBearer;Lcom/android/dx/rop/code/LocalItem;)Z @ 16

Internal exceptions (3 events):
Event: 0.197 Thread 0x0000000000b6d800 Exception <a 'java/lang/NoSuchMethodError': Method sun.misc.Unsafe.defineClass(Ljava/lang/String;[BII)Ljava/lang/Class; name or signature does not match> (0x000000076ab07c78) thrown at [C:\src\android\AOSP-openjdk\external\jetbrains\jdk\hotspot\src\share\vµZœJ?NÉ?
Event: 0.198 Thread 0x0000000000b6d800 Exception <a 'java/lang/NoSuchMethodError': Method sun.misc.Unsafe.prefetchRead(Ljava/lang/Object;J)V name or signature does not match> (0x000000076ab07f60) thrown at [C:\src\android\AOSP-openjdk\external\jetbrains\jdk\hotspot\src\share\vm\prims\jni.cpp, læˆ‹›!÷@
Event: 3.621 Thread 0x000000001d38f000 Implicit null exception at 0x0000000002b36922 to 0x0000000002b36a31

Events (10 events):
Event: 3.706 Thread 0x000000001d37f000 DEOPT UNPACKING pc=0x000000000282556a sp=0x000000001e00e850 mode 2
Event: 3.707 Thread 0x000000001d37f000 Uncommon trap: trap_request=0xffffffde fr.pc=0x0000000002b32568
Event: 3.707 Thread 0x000000001d37f000 DEOPT PACKING pc=0x0000000002b32568 sp=0x000000001e00e910
Event: 3.707 Thread 0x000000001d37f000 DEOPT UNPACKING pc=0x000000000282556a sp=0x000000001e00e850 mode 2
Event: 3.707 Thread 0x000000001d37f000 Uncommon trap: trap_request=0xffffffde fr.pc=0x0000000002a94170
Event: 3.707 Thread 0x000000001d37f000 DEOPT PACKING pc=0x0000000002a94170 sp=0x000000001e00e8a0
Event: 3.707 Thread 0x000000001d37f000 DEOPT UNPACKING pc=0x000000000282556a sp=0x000000001e00e840 mode 2
Event: 3.824 Thread 0x000000001d38f800 Uncommon trap: trap_request=0xffffff65 fr.pc=0x0000000002b37114
Event: 3.824 Thread 0x000000001d38f800 DEOPT PACKING pc=0x0000000002b37114 sp=0x000000001e20e0d0
Event: 3.824 Thread 0x000000001d38f800 DEOPT UNPACKING pc=0x000000000282556a sp=0x000000001e20df10 mode 2


Dynamic libraries:
0x00007ff7baf30000 - 0x00007ff7baf61000 	D:\Android Studio\jre\bin\java.exe
0x00007ffa678b0000 - 0x00007ffa67a5d000 	C:\windows\SYSTEM32\ntdll.dll
0x00007ffa65f70000 - 0x00007ffa660ae000 	C:\windows\system32\KERNEL32.DLL
0x00007ffa64720000 - 0x00007ffa64835000 	C:\windows\system32\KERNELBASE.dll
0x00007ffa65350000 - 0x00007ffa653fa000 	C:\windows\system32\ADVAPI32.dll
0x00007ffa64ec0000 - 0x00007ffa65037000 	C:\windows\system32\USER32.dll
0x00007ffa61c50000 - 0x00007ffa61ecb000 	C:\windows\WinSxS\amd64_microsoft.windows.common-controls_6595b64144ccf1df_6.0.9600.18006_none_623f33d3ecbe86e8\COMCTL32.dll
0x00007ffa65400000 - 0x00007ffa654aa000 	C:\windows\system32\msvcrt.dll
0x00007ffa65d00000 - 0x00007ffa65d59000 	C:\windows\SYSTEM32\sechost.dll
0x00007ffa65a40000 - 0x00007ffa65b80000 	C:\windows\system32\RPCRT4.dll
0x00007ffa65040000 - 0x00007ffa6518f000 	C:\windows\system32\GDI32.dll
0x00007ffa64a50000 - 0x00007ffa64a7e000 	C:\windows\system32\SspiCli.dll
0x00007ffa64e80000 - 0x00007ffa64eb6000 	C:\windows\system32\IMM32.DLL
0x00007ffa65b90000 - 0x00007ffa65ce2000 	C:\windows\system32\MSCTF.dll
0x00000000669b0000 - 0x0000000066a82000 	D:\Android Studio\jre\jre\bin\msvcr100.dll
0x0000000064f60000 - 0x000000006579c000 	D:\Android Studio\jre\jre\bin\server\jvm.dll
0x00007ffa47bb0000 - 0x00007ffa47bb9000 	C:\windows\SYSTEM32\WSOCK32.dll
0x00007ffa64840000 - 0x00007ffa64862000 	C:\windows\system32\WINMM.dll
0x00007ffa60aa0000 - 0x00007ffa60aaa000 	C:\windows\SYSTEM32\VERSION.dll
0x00007ffa65f60000 - 0x00007ffa65f67000 	C:\windows\system32\PSAPI.DLL
0x00007ffa65f00000 - 0x00007ffa65f5a000 	C:\windows\system32\WS2_32.dll
0x00007ffa646f0000 - 0x00007ffa6471a000 	C:\windows\system32\WINMMBASE.dll
0x00007ffa65890000 - 0x00007ffa65899000 	C:\windows\system32\NSI.dll
0x00007ffa64ad0000 - 0x00007ffa64b1f000 	C:\windows\SYSTEM32\cfgmgr32.dll
0x00007ffa646a0000 - 0x00007ffa646c8000 	C:\windows\system32\DEVOBJ.dll
0x00007ffa5d960000 - 0x00007ffa5d96f000 	D:\Android Studio\jre\jre\bin\verify.dll
0x00007ffa503d0000 - 0x00007ffa503f9000 	D:\Android Studio\jre\jre\bin\java.dll
0x00007ffa503b0000 - 0x00007ffa503c6000 	D:\Android Studio\jre\jre\bin\zip.dll
0x00007ffa660b0000 - 0x00007ffa675d9000 	C:\windows\system32\SHELL32.dll
0x00007ffa64c60000 - 0x00007ffa64e71000 	C:\windows\SYSTEM32\combase.dll
0x00007ffa658a0000 - 0x00007ffa658f4000 	C:\windows\system32\SHLWAPI.dll
0x00007ffa620e0000 - 0x00007ffa62192000 	C:\windows\SYSTEM32\SHCORE.dll
0x00007ffa645f0000 - 0x00007ffa64605000 	C:\windows\SYSTEM32\profapi.dll

VM Arguments:
jvm_args: -Djava.awt.headless=true -Xmx4g -Dfile.encoding=GBK -Duser.country=CN -Duser.language=zh -Duser.variant 
java_command: com.android.dx.command.Main --dex --num-threads=4 --multi-dex --output D:\android_wokespace\Park1\app\build\intermediates\transforms\dex\debug\folders\1000\1\debug_fbb0f697c35f25aa22a53c8b0c1de775393e180f D:\android_wokespace\Park1\app\build\intermediates\classes\debug
java_class_path (initial): D:\AndroidSDK\build-tools\25.0.0\lib\dx.jar
Launcher Type: SUN_STANDARD

Environment Variables:
JAVA_HOME=D:\Program Files\Java\jdk1.8.0_60
CLASSPATH=.
PATH=D:\Program Files\Java\jdk1.8.0_60\bin;C:\Program Files (x86)\Lenovo\FusionEngine;C:\Program Files (x86)\Intel\iCLS Client\;C:\Program Files\Intel\iCLS Client\;C:\windows\system32;C:\windows;C:\windows\System32\Wbem;C:\windows\System32\WindowsPowerShell\v1.0\;C:\Program Files (x86)\ATI Technologies\ATI.ACE\Core-Static;C:\Program Files\Intel\Intel(R) Management Engine Components\DAL;C:\Program Files (x86)\Intel\Intel(R) Management Engine Components\DAL;C:\Program Files\Intel\Intel(R) Management Engine Components\IPT;C:\Program Files (x86)\Intel\Intel(R) Management Engine Components\IPT;C:\Program Files (x86)\Common Files\lenovo\easyplussdk\bin;C:\Program Files (x86)\Microsoft SQL Server\100\Tools\Binn\;C:\Program Files\Microsoft SQL Server\100\Tools\Binn\;C:\Program Files\Microsoft SQL Server\100\DTS\Binn\;C:\Program Files (x86)\Microsoft SQL Server\100\Tools\Binn\VSShell\Common7\IDE\;C:\Program Files (x86)\Microsoft SQL Server\100\DTS\Binn\;C:\Program Files (x86)\Microsoft Visual Studio 9.0\Common7\IDE\PrivateAssemblies\;D:\mysql\mysql-5.7.18-winx64\bin;D:\Git\cmd;D:\Android_sdk\build-tools;D:\Android_sdk\tools;;C:\Program Files\Microsoft SQL Server\110\DTS\Binn\;C:\Program Files (x86)\Microsoft SQL Server\110\Tools\Binn\;C:\Program Files\Microsoft SQL Server\110\Tools\Binn\;C:\Program Files (x86)\Microsoft SQL Server\110\Tools\Binn\ManagementStudio\;C:\Program Files (x86)\Microsoft Visual Studio 10.0\Common7\IDE\PrivateAssemblies\;C:\Program Files (x86)\Microsoft SQL Server\110\DTS\Binn\;D:\apache-tomcat-8.0.24\lib;D:\apache-tomcat-8.0.24\bin;D:\AndroidSDK\platform-tools
USERNAME=lenovo
OS=Windows_NT
PROCESSOR_IDENTIFIER=Intel64 Family 6 Model 61 Stepping 4, GenuineIntel



---------------  S Y S T E M  ---------------

OS: Windows 8.1 , 64 bit Build 9600 (6.3.9600.17415)

CPU:total 4 (2 cores per cpu, 2 threads per core) family 6 model 61 stepping 4, cmov, cx8, fxsr, mmx, sse, sse2, sse3, ssse3, sse4.1, sse4.2, popcnt, avx, avx2, aes, clmul, erms, 3dnowpref, lzcnt, ht, tsc, tscinvbit, bmi1, bmi2, adx

Memory: 4k page, physical 8301656k(1665824k free), swap 8301656k(5348k free)

vm_info: OpenJDK 64-Bit Server VM (25.112-b06) for windows-amd64 JRE (1.8.0_112-release-b06), built on Dec  8 2016 00:54:26 by "builder" with MS VC++ 10.0 (VS2010)

time: Mon Nov 20 13:19:45 2017
elapsed time: 3 seconds (0d 0h 0m 3s)

