#
# There is insufficient memory for the Java Runtime Environment to continue.
# Native memory allocation (malloc) failed to allocate 711216 bytes for Chunk::new
# Possible reasons:
#   The system is out of physical RAM or swap space
#   In 32 bit mode, the process size limit was hit
# Possible solutions:
#   Reduce memory load on the system
#   Increase physical memory or swap space
#   Check if swap backing store is full
#   Use 64 bit Java on a 64 bit OS
#   Decrease Java heap size (-Xmx/-Xms)
#   Decrease number of Java threads
#   Decrease Java thread stack sizes (-Xss)
#   Set larger code cache with -XX:ReservedCodeCacheSize=
# This output file may be truncated or incomplete.
#
#  Out of Memory Error (allocation.cpp:390), pid=3124, tid=0x00000000000007b4
#
# JRE version: OpenJDK Runtime Environment (8.0_112-b06) (build 1.8.0_112-release-b06)
# Java VM: OpenJDK 64-Bit Server VM (25.112-b06 mixed mode windows-amd64 compressed oops)
# Failed to write core dump. Minidumps are not enabled by default on client versions of Windows
#

---------------  T H R E A D  ---------------

Current thread (0x0000000015e2b800):  JavaThread "C2 CompilerThread1" daemon [_thread_in_native, id=1972, stack(0x0000000016520000,0x0000000016620000)]

Stack: [0x0000000016520000,0x0000000016620000]
[error occurred during error reporting (printing stack bounds), id 0xc0000005]

Native frames: (J=compiled Java code, j=interpreted, Vv=VM code, C=native code)


Current CompileTask:
C2:   2447  596       4       com.android.dx.merge.IndexMap$EncodedValueTransformer::transform (495 bytes)


---------------  P R O C E S S  ---------------

Java Threads: ( => current thread )
  0x0000000015eae800 JavaThread "Service Thread" daemon [_thread_blocked, id=7052, stack(0x0000000016720000,0x0000000016820000)]
  0x0000000015e2b000 JavaThread "C1 CompilerThread2" daemon [_thread_in_native, id=4960, stack(0x0000000016620000,0x0000000016720000)]
=>0x0000000015e2b800 JavaThread "C2 CompilerThread1" daemon [_thread_in_native, id=1972, stack(0x0000000016520000,0x0000000016620000)]
  0x0000000014b2c800 JavaThread "C2 CompilerThread0" daemon [_thread_in_native, id=8416, stack(0x0000000016420000,0x0000000016520000)]
  0x0000000014b2a800 JavaThread "Attach Listener" daemon [_thread_blocked, id=2756, stack(0x0000000016320000,0x0000000016420000)]
  0x0000000014adf000 JavaThread "Signal Dispatcher" daemon [_thread_blocked, id=9768, stack(0x0000000016220000,0x0000000016320000)]
  0x00000000023fc000 JavaThread "Finalizer" daemon [_thread_blocked, id=5852, stack(0x0000000015d20000,0x0000000015e20000)]
  0x00000000023f3000 JavaThread "Reference Handler" daemon [_thread_blocked, id=4588, stack(0x0000000015c20000,0x0000000015d20000)]
  0x0000000002302800 JavaThread "main" [_thread_in_Java, id=3216, stack(0x0000000002200000,0x0000000002300000)]

Other Threads:
  0x0000000014a94000 VMThread [stack: 0x0000000015b20000,0x0000000015c20000] [id=5412]
  0x0000000015ebf800 WatcherThread [stack: 0x0000000016820000,0x0000000016920000] [id=9868]

VM state:not at safepoint (normal execution)

VM Mutex/Monitor currently owned by a thread: None

Heap:
 PSYoungGen      total 38400K, used 31393K [0x00000000eab00000, 0x00000000ef600000, 0x0000000100000000)
  eden space 33280K, 78% used [0x00000000eab00000,0x00000000ec4ab5c0,0x00000000ecb80000)
  from space 5120K, 99% used [0x00000000ecb80000,0x00000000ed07d210,0x00000000ed080000)
  to   space 5120K, 0% used [0x00000000ef100000,0x00000000ef100000,0x00000000ef600000)
 ParOldGen       total 87552K, used 15442K [0x00000000c0000000, 0x00000000c5580000, 0x00000000eab00000)
  object space 87552K, 17% used [0x00000000c0000000,0x00000000c0f14b48,0x00000000c5580000)
 Metaspace       used 4327K, capacity 5360K, committed 5632K, reserved 1056768K
  class space    used 452K, capacity 488K, committed 512K, reserved 1048576K

Card table byte_map: [0x00000000117c0000,0x00000000119d0000] byte_map_base: 0x00000000111c0000

Marking Bits: (ParMarkBitMap*) 0x00000000671d18f0
 Begin Bits: [0x0000000011f30000, 0x0000000012f30000)
 End Bits:   [0x0000000012f30000, 0x0000000013f30000)

Polling page: 0x0000000000490000

CodeCache: size=245760Kb used=2688Kb max_used=2688Kb free=243071Kb
 bounds [0x0000000002400000, 0x00000000026b0000, 0x0000000011400000]
 total_blobs=956 nmethods=695 adapters=175
 compilation: enabled

Compilation events (10 events):
Event: 2.442 Thread 0x0000000015e2b000 nmethod 709 0x000000000269de50 code [0x000000000269dfa0, 0x000000000269e0d0]
Event: 2.442 Thread 0x0000000015e2b000  707       2       com.android.dx.io.instructions.InstructionCodec::access$600 (6 bytes)
Event: 2.442 Thread 0x0000000015e2b000 nmethod 707 0x000000000269e150 code [0x000000000269e2a0, 0x000000000269e3e8]
Event: 2.442 Thread 0x0000000015e2b000  694       1       com.android.dx.io.instructions.DecodedInstruction::getIndex (5 bytes)
Event: 2.442 Thread 0x0000000015e2b000 nmethod 694 0x000000000269e490 code [0x000000000269e5e0, 0x000000000269e6f0]
Event: 2.442 Thread 0x0000000015e2b000  695       1       com.android.dx.merge.InstructionTransformer::access$700 (5 bytes)
Event: 2.443 Thread 0x0000000015e2b000 nmethod 695 0x000000000269e750 code [0x000000000269e8a0, 0x000000000269e990]
Event: 2.443 Thread 0x0000000015e2b000  696       1       com.android.dx.io.instructions.DecodedInstruction::getFormat (5 bytes)
Event: 2.443 Thread 0x0000000015e2b000 nmethod 696 0x000000000269ea10 code [0x000000000269eb60, 0x000000000269ec70]
Event: 2.443 Thread 0x0000000015e2b000  697       1       com.android.dx.io.instructions.DecodedInstruction::getIndexType (5 bytes)

GC Heap History (2 events):
Event: 1.217 GC heap before
{Heap before GC invocations=1 (full 0):
 PSYoungGen      total 38400K, used 33280K [0x00000000eab00000, 0x00000000ed580000, 0x0000000100000000)
  eden space 33280K, 100% used [0x00000000eab00000,0x00000000ecb80000,0x00000000ecb80000)
  from space 5120K, 0% used [0x00000000ed080000,0x00000000ed080000,0x00000000ed580000)
  to   space 5120K, 0% used [0x00000000ecb80000,0x00000000ecb80000,0x00000000ed080000)
 ParOldGen       total 87552K, used 0K [0x00000000c0000000, 0x00000000c5580000, 0x00000000eab00000)
  object space 87552K, 0% used [0x00000000c0000000,0x00000000c0000000,0x00000000c5580000)
 Metaspace       used 3818K, capacity 4944K, committed 5120K, reserved 1056768K
  class space    used 400K, capacity 456K, committed 512K, reserved 1048576K
Event: 1.245 GC heap after
Heap after GC invocations=1 (full 0):
 PSYoungGen      total 38400K, used 5108K [0x00000000eab00000, 0x00000000ef600000, 0x0000000100000000)
  eden space 33280K, 0% used [0x00000000eab00000,0x00000000eab00000,0x00000000ecb80000)
  from space 5120K, 99% used [0x00000000ecb80000,0x00000000ed07d210,0x00000000ed080000)
  to   space 5120K, 0% used [0x00000000ef100000,0x00000000ef100000,0x00000000ef600000)
 ParOldGen       total 87552K, used 15442K [0x00000000c0000000, 0x00000000c5580000, 0x00000000eab00000)
  object space 87552K, 17% used [0x00000000c0000000,0x00000000c0f14b48,0x00000000c5580000)
 Metaspace       used 3818K, capacity 4944K, committed 5120K, reserved 1056768K
  class space    used 400K, capacity 456K, committed 512K, reserved 1048576K
}

Deoptimization events (10 events):
Event: 1.957 Thread 0x0000000002302800 Uncommon trap: reason=predicate action=maybe_recompile pc=0x00000000025ae148 method=com.android.dex.Leb128.writeUnsignedLeb128(Lcom/android/dex/util/ByteOutput;I)V @ 9
Event: 1.957 Thread 0x0000000002302800 Uncommon trap: reason=class_check action=maybe_recompile pc=0x00000000025aa5ec method=com.android.dex.Leb128.readUnsignedLeb128(Lcom/android/dex/util/ByteInput;)I @ 5
Event: 1.958 Thread 0x0000000002302800 Uncommon trap: reason=class_check action=maybe_recompile pc=0x00000000025aa5ec method=com.android.dex.Leb128.readUnsignedLeb128(Lcom/android/dex/util/ByteInput;)I @ 5
Event: 2.060 Thread 0x0000000002302800 Uncommon trap: reason=class_check action=maybe_recompile pc=0x00000000025d691c method=com.android.dx.merge.DexMerger$IdMerger$UnsortedValue.compareTo(Lcom/android/dx/merge/DexMerger$IdMerger$UnsortedValue;)I @ 8
Event: 2.060 Thread 0x0000000002302800 Uncommon trap: reason=class_check action=maybe_recompile pc=0x00000000025d691c method=com.android.dx.merge.DexMerger$IdMerger$UnsortedValue.compareTo(Lcom/android/dx/merge/DexMerger$IdMerger$UnsortedValue;)I @ 8
Event: 2.060 Thread 0x0000000002302800 Uncommon trap: reason=class_check action=maybe_recompile pc=0x00000000025d691c method=com.android.dx.merge.DexMerger$IdMerger$UnsortedValue.compareTo(Lcom/android/dx/merge/DexMerger$IdMerger$UnsortedValue;)I @ 8
Event: 2.061 Thread 0x0000000002302800 Uncommon trap: reason=class_check action=maybe_recompile pc=0x00000000025d691c method=com.android.dx.merge.DexMerger$IdMerger$UnsortedValue.compareTo(Lcom/android/dx/merge/DexMerger$IdMerger$UnsortedValue;)I @ 8
Event: 2.061 Thread 0x0000000002302800 Uncommon trap: reason=class_check action=maybe_recompile pc=0x00000000025e7d78 method=com.android.dx.merge.DexMerger$IdMerger$UnsortedValue.compareTo(Lcom/android/dx/merge/DexMerger$IdMerger$UnsortedValue;)I @ 8
Event: 2.139 Thread 0x0000000002302800 Uncommon trap: reason=unstable_if action=reinterpret pc=0x00000000025f2068 method=java.util.HashMap.putVal(ILjava/lang/Object;Ljava/lang/Object;ZZ)Ljava/lang/Object; @ 162
Event: 2.179 Thread 0x0000000002302800 Uncommon trap: reason=unstable_if action=reinterpret pc=0x0000000002642f9c method=com.android.dex.EncodedValueCodec.readUnsignedInt(Lcom/android/dex/util/ByteInput;IZ)I @ 3

Internal exceptions (2 events):
Event: 0.093 Thread 0x0000000002302800 Exception <a 'java/lang/NoSuchMethodError': Method sun.misc.Unsafe.defineClass(Ljava/lang/String;[BII)Ljava/lang/Class; name or signature does not match> (0x00000000eab07c78) thrown at [C:\src\android\AOSP-openjdk\external\jetbrains\jdk\hotspot\src\share\v°ùpFLÁ∑?
Event: 0.093 Thread 0x0000000002302800 Exception <a 'java/lang/NoSuchMethodError': Method sun.misc.Unsafe.prefetchRead(Ljava/lang/Object;J)V name or signature does not match> (0x00000000eab07f60) thrown at [C:\src\android\AOSP-openjdk\external\jetbrains\jdk\hotspot\src\share\vm\prims\jni.cpp, l

Events (10 events):
Event: 2.413 loading class com/android/dx/io/instructions/FillArrayDataPayloadDecodedInstruction
Event: 2.413 loading class com/android/dx/io/instructions/FillArrayDataPayloadDecodedInstruction done
Event: 2.414 loading class com/android/dx/io/IndexType
Event: 2.414 loading class com/android/dx/io/IndexType done
Event: 2.420 loading class com/android/dx/io/CodeReader$1
Event: 2.420 loading class com/android/dx/io/CodeReader$1 done
Event: 2.421 loading class java/lang/NoSuchFieldError
Event: 2.421 loading class java/lang/NoSuchFieldError done
Event: 2.422 loading class com/android/dx/io/instructions/ShortArrayCodeOutput
Event: 2.422 loading class com/android/dx/io/instructions/ShortArrayCodeOutput done


Dynamic libraries:
0x00007ff60b260000 - 0x00007ff60b291000 	D:\Android Studio\jre\bin\java.exe
0x00007ff967b40000 - 0x00007ff967ced000 	C:\windows\SYSTEM32\ntdll.dll
0x00007ff967690000 - 0x00007ff9677ce000 	C:\windows\system32\KERNEL32.DLL
0x00007ff964da0000 - 0x00007ff964eb5000 	C:\windows\system32\KERNELBASE.dll
0x00007ff965e20000 - 0x00007ff965eca000 	C:\windows\system32\ADVAPI32.dll
0x00007ff9654c0000 - 0x00007ff965637000 	C:\windows\system32\USER32.dll
0x00007ff9629e0000 - 0x00007ff962c5b000 	C:\windows\WinSxS\amd64_microsoft.windows.common-controls_6595b64144ccf1df_6.0.9600.18006_none_623f33d3ecbe86e8\COMCTL32.dll
0x00007ff9653f0000 - 0x00007ff96549a000 	C:\windows\system32\msvcrt.dll
0x00007ff964ed0000 - 0x00007ff964f29000 	C:\windows\SYSTEM32\sechost.dll
0x00007ff965640000 - 0x00007ff965780000 	C:\windows\system32\RPCRT4.dll
0x00007ff965960000 - 0x00007ff965aaf000 	C:\windows\system32\GDI32.dll
0x00007ff964cc0000 - 0x00007ff964cee000 	C:\windows\system32\SspiCli.dll
0x00007ff964f40000 - 0x00007ff964f76000 	C:\windows\system32\IMM32.DLL
0x00007ff965cb0000 - 0x00007ff965e02000 	C:\windows\system32\MSCTF.dll
0x0000000068090000 - 0x0000000068162000 	D:\Android Studio\jre\jre\bin\msvcr100.dll
0x0000000066a10000 - 0x000000006724c000 	D:\Android Studio\jre\jre\bin\server\jvm.dll
0x00007ff961700000 - 0x00007ff961709000 	C:\windows\SYSTEM32\WSOCK32.dll
0x00007ff964a50000 - 0x00007ff964a72000 	C:\windows\system32\WINMM.dll
0x00007ff95d230000 - 0x00007ff95d23a000 	C:\windows\SYSTEM32\VERSION.dll
0x00007ff965780000 - 0x00007ff965787000 	C:\windows\system32\PSAPI.DLL
0x00007ff965120000 - 0x00007ff96517a000 	C:\windows\system32\WS2_32.dll
0x00007ff964980000 - 0x00007ff9649aa000 	C:\windows\system32\WINMMBASE.dll
0x00007ff965e10000 - 0x00007ff965e19000 	C:\windows\system32\NSI.dll
0x00007ff9649b0000 - 0x00007ff9649ff000 	C:\windows\SYSTEM32\cfgmgr32.dll
0x00007ff964930000 - 0x00007ff964958000 	C:\windows\system32\DEVOBJ.dll
0x00007ff961480000 - 0x00007ff96148f000 	D:\Android Studio\jre\jre\bin\verify.dll
0x00007ff94a050000 - 0x00007ff94a079000 	D:\Android Studio\jre\jre\bin\java.dll
0x00007ff94a030000 - 0x00007ff94a046000 	D:\Android Studio\jre\jre\bin\zip.dll
0x00007ff966100000 - 0x00007ff967629000 	C:\windows\system32\SHELL32.dll
0x00007ff965ee0000 - 0x00007ff9660f1000 	C:\windows\SYSTEM32\combase.dll
0x00007ff965180000 - 0x00007ff9651d4000 	C:\windows\system32\SHLWAPI.dll
0x00007ff962e30000 - 0x00007ff962ee2000 	C:\windows\SYSTEM32\SHCORE.dll
0x00007ff964880000 - 0x00007ff964895000 	C:\windows\SYSTEM32\profapi.dll

VM Arguments:
jvm_args: -Djava.awt.headless=true -Xmx1024M -Dfile.encoding=GBK -Duser.country=CN -Duser.language=zh -Duser.variant 
java_command: com.android.dx.command.Main --dex --num-threads=4 --output D:\android_wokespace\Park1\app\build\intermediates\transforms\dex\debug\folders\1000\1f\main D:\android_wokespace\Park1\app\build\intermediates\pre-dexed\debug\internal_impl-24.2.1_a7dc85ca3d3c82334e733954ef83133bef5fff03.jar D:\android_wokespace\Park1\app\build\intermediates\pre-dexed\debug\constraint-layout-solver-1.0.2_7746369fa27cceb525736b4267461e18a05a6d43.jar D:\android_wokespace\Park1\app\build\intermediates\pre-dexed\debug\internal_impl-24.2.1_eb9718bbdeb878e25bfb0b721167383138d23f1f.jar D:\android_wokespace\Park1\app\build\intermediates\pre-dexed\debug\debug_fbb0f697c35f25aa22a53c8b0c1de775393e180f.jar D:\android_wokespace\Park1\app\build\intermediates\pre-dexed\debug\classes_7e5ef625de4e04ef08b40290c8bc02325c86d745.jar D:\android_wokespace\Park1\app\build\intermediates\pre-dexed\debug\classes_534707e679a3968e407e4485c84b1b2893c19fbd.jar D:\android_wokespace\Park1\app\build\intermediates\pre-dexed\debug\internal_impl-24.2.1_38d87371949002c9c4bc1317fbd313194fb2928b.jar D:\android_wokespace\Park1\app\build\intermediates\pre-dexed\debug\classes_8715722a9a060064323751d1d314b4a439302b45.jar D:\android_wokespace\Park1\app\build\intermediates\pre-dexed\debug\classes_04f312d7a769d2d5cde937027a7985152b122f09.jar D:\android_wokespace\Park1\app\build\intermediates\pre-dexed\debug\classes_6828bd7057b10d0ee7bf18fe3455db8a8b724b77.jar D:\android_wokespace\Park1\app\build\intermediates\pre-dexed\debug\gson-2.2.4_5e9a2da84161f342d279baaf9d7315c3c6c5923a.jar D:\android_wokespace\Park1\app\build\intermediates\pre-dexed\debug\classes_3306615238f69fa0cde6b8acd09a0fec91f44736.jar D:\android_wokespace\Park1\app\build\intermediates\pre-dexed\debug\glide-3.7.0_b2232424181b1bd8c9577fe52b99dbe18fdce581.jar D:\android_wokespace\Park1\app\build\intermediates\pre-dexed\debug\classes_94e80db183abc9cfd8de4af5afcd39d8ff1f753c.jar D:\android_wokespace\Park1\app\build\intermediates\pre-dexed\debug\classes_387b9e47f3
java_class_path (initial): D:\AndroidSDK\build-tools\25.0.0\lib\dx.jar
Launcher Type: SUN_STANDARD

Environment Variables:
JAVA_HOME=D:\Program Files\Java\jdk1.8.0_60
CLASSPATH=.
PATH=D:\Program Files\Java\jdk1.8.0_60\bin;C:\Program Files (x86)\Lenovo\FusionEngine;C:\Program Files (x86)\Intel\iCLS Client\;C:\Program Files\Intel\iCLS Client\;C:\windows\system32;C:\windows;C:\windows\System32\Wbem;C:\windows\System32\WindowsPowerShell\v1.0\;C:\Program Files (x86)\ATI Technologies\ATI.ACE\Core-Static;C:\Program Files\Intel\Intel(R) Management Engine Components\DAL;C:\Program Files (x86)\Intel\Intel(R) Management Engine Components\DAL;C:\Program Files\Intel\Intel(R) Management Engine Components\IPT;C:\Program Files (x86)\Intel\Intel(R) Management Engine Components\IPT;C:\Program Files (x86)\Common Files\lenovo\easyplussdk\bin;C:\Program Files (x86)\Microsoft SQL Server\100\Tools\Binn\;C:\Program Files\Microsoft SQL Server\100\Tools\Binn\;C:\Program Files\Microsoft SQL Server\100\DTS\Binn\;C:\Program Files (x86)\Microsoft SQL Server\100\Tools\Binn\VSShell\Common7\IDE\;C:\Program Files (x86)\Microsoft SQL Server\100\DTS\Binn\;C:\Program Files (x86)\Microsoft Visual Studio 9.0\Common7\IDE\PrivateAssemblies\;D:\mysql\mysql-5.7.18-winx64\bin;D:\Git\cmd;D:\Android_sdk\build-tools;D:\Android_sdk\tools;;C:\Program Files\Microsoft SQL Server\110\DTS\Binn\;C:\Program Files (x86)\Microsoft SQL Server\110\Tools\Binn\;C:\Program Files\Microsoft SQL Server\110\Tools\Binn\;C:\Program Files (x86)\Microsoft SQL Server\110\Tools\Binn\ManagementStudio\;C:\Program Files (x86)\Microsoft Visual Studio 10.0\Common7\IDE\PrivateAssemblies\;C:\Program Files (x86)\Microsoft SQL Server\110\DTS\Binn\;D:\apache-tomcat-8.0.24\lib;D:\apache-tomcat-8.0.24\bin
USERNAME=lenovo
OS=Windows_NT
PROCESSOR_IDENTIFIER=Intel64 Family 6 Model 61 Stepping 4, GenuineIntel



---------------  S Y S T E M  ---------------

OS: Windows 8.1 , 64 bit Build 9600 (6.3.9600.17415)

CPU:total 4 (2 cores per cpu, 2 threads per core) family 6 model 61 stepping 4, cmov, cx8, fxsr, mmx, sse, sse2, sse3, ssse3, sse4.1, sse4.2, popcnt, avx, avx2, aes, clmul, erms, 3dnowpref, lzcnt, ht, tsc, tscinvbit, bmi1, bmi2, adx

Memory: 4k page, physical 8301656k(1679008k free), swap 8301656k(5676k free)

vm_info: OpenJDK 64-Bit Server VM (25.112-b06) for windows-amd64 JRE (1.8.0_112-release-b06), built on Dec  8 2016 00:54:26 by "builder" with MS VC++ 10.0 (VS2010)

time: Thu Nov 09 11:17:15 2017
elapsed time: 2 seconds (0d 0h 0m 2s)

