#
# There is insufficient memory for the Java Runtime Environment to continue.
# Native memory allocation (malloc) failed to allocate 65552 bytes for Chunk::new
# Possible reasons:
#   The system is out of physical RAM or swap space
#   In 32 bit mode, the process size limit was hit
# Possible solutions:
#   Reduce memory load on the system
#   Increase physical memory or swap space
#   Check if swap backing store is full
#   Use 64 bit Java on a 64 bit OS
#   Decrease Java heap size (-Xmx/-Xms)
#   Decrease number of Java threads
#   Decrease Java thread stack sizes (-Xss)
#   Set larger code cache with -XX:ReservedCodeCacheSize=
# This output file may be truncated or incomplete.
#
#  Out of Memory Error (allocation.cpp:390), pid=11440, tid=0x0000000000002e90
#
# JRE version: OpenJDK Runtime Environment (8.0_112-b06) (build 1.8.0_112-release-b06)
# Java VM: OpenJDK 64-Bit Server VM (25.112-b06 mixed mode windows-amd64 compressed oops)
# Failed to write core dump. Minidumps are not enabled by default on client versions of Windows
#

---------------  T H R E A D  ---------------

Current thread (0x0000000014e4a000):  JavaThread "C2 CompilerThread0" daemon [_thread_in_native, id=11920, stack(0x00000000167b0000,0x00000000168b0000)]

Stack: [0x00000000167b0000,0x00000000168b0000]
[error occurred during error reporting (printing stack bounds), id 0xc0000005]

Native frames: (J=compiled Java code, j=interpreted, Vv=VM code, C=native code)


Current CompileTask:
C2:   4847 1052   !   4       com.android.dx.cf.code.BytecodeArray::parseInstruction (2764 bytes)


---------------  P R O C E S S  ---------------

Java Threads: ( => current thread )
  0x000000001631a000 JavaThread "pool-1-thread-4" [_thread_blocked, id=3288, stack(0x00000000170b0000,0x00000000171b0000)]
  0x0000000016319800 JavaThread "pool-1-thread-3" [_thread_in_Java, id=5504, stack(0x0000000016fb0000,0x00000000170b0000)]
  0x0000000016318800 JavaThread "pool-1-thread-2" [_thread_blocked, id=2628, stack(0x0000000016eb0000,0x0000000016fb0000)]
  0x0000000016315000 JavaThread "pool-2-thread-1" [_thread_blocked, id=12304, stack(0x0000000016db0000,0x0000000016eb0000)]
  0x0000000016314800 JavaThread "pool-1-thread-1" [_thread_blocked, id=8256, stack(0x0000000016cb0000,0x0000000016db0000)]
  0x0000000016211000 JavaThread "Service Thread" daemon [_thread_blocked, id=8988, stack(0x0000000016ab0000,0x0000000016bb0000)]
  0x000000001620b800 JavaThread "C1 CompilerThread2" daemon [_thread_blocked, id=12968, stack(0x00000000169b0000,0x0000000016ab0000)]
  0x0000000016201000 JavaThread "C2 CompilerThread1" daemon [_thread_in_native, id=11776, stack(0x00000000168b0000,0x00000000169b0000)]
=>0x0000000014e4a000 JavaThread "C2 CompilerThread0" daemon [_thread_in_native, id=11920, stack(0x00000000167b0000,0x00000000168b0000)]
  0x0000000014e49800 JavaThread "Attach Listener" daemon [_thread_blocked, id=4656, stack(0x00000000166b0000,0x00000000167b0000)]
  0x00000000161b8800 JavaThread "Signal Dispatcher" daemon [_thread_blocked, id=10188, stack(0x00000000165b0000,0x00000000166b0000)]
  0x000000000271a000 JavaThread "Finalizer" daemon [_thread_blocked, id=4132, stack(0x0000000016050000,0x0000000016150000)]
  0x0000000002711000 JavaThread "Reference Handler" daemon [_thread_blocked, id=8044, stack(0x0000000015f50000,0x0000000016050000)]
  0x0000000002622800 JavaThread "main" [_thread_in_native, id=12312, stack(0x00000000021e0000,0x00000000022e0000)]

Other Threads:
  0x0000000014db4800 VMThread [stack: 0x0000000015e50000,0x0000000015f50000] [id=13364]
  0x0000000016212000 WatcherThread [stack: 0x0000000016bb0000,0x0000000016cb0000] [id=9944]

VM state:not at safepoint (normal execution)

VM Mutex/Monitor currently owned by a thread: None

Heap:
 PSYoungGen      total 38400K, used 22647K [0x00000000eab00000, 0x00000000ed580000, 0x0000000100000000)
  eden space 33280K, 68% used [0x00000000eab00000,0x00000000ec11df58,0x00000000ecb80000)
  from space 5120K, 0% used [0x00000000ed080000,0x00000000ed080000,0x00000000ed580000)
  to   space 5120K, 0% used [0x00000000ecb80000,0x00000000ecb80000,0x00000000ed080000)
 ParOldGen       total 87552K, used 0K [0x00000000c0000000, 0x00000000c5580000, 0x00000000eab00000)
  object space 87552K, 0% used [0x00000000c0000000,0x00000000c0000000,0x00000000c5580000)
 Metaspace       used 5685K, capacity 6832K, committed 7040K, reserved 1056768K
  class space    used 558K, capacity 616K, committed 640K, reserved 1048576K

Card table byte_map: [0x0000000011ae0000,0x0000000011cf0000] byte_map_base: 0x00000000114e0000

Marking Bits: (ParMarkBitMap*) 0x000000005f5818f0
 Begin Bits: [0x0000000012250000, 0x0000000013250000)
 End Bits:   [0x0000000013250000, 0x0000000014250000)

Polling page: 0x00000000022e0000

CodeCache: size=245760Kb used=4384Kb max_used=4384Kb free=241375Kb
 bounds [0x0000000002720000, 0x0000000002b70000, 0x0000000011720000]
 total_blobs=1329 nmethods=1066 adapters=177
 compilation: enabled

Compilation events (10 events):
Event: 4.841 Thread 0x000000001620b800 nmethod 1064 0x0000000002b67a90 code [0x0000000002b67d20, 0x0000000002b690a8]
Event: 4.841 Thread 0x000000001620b800 1065       2       com.android.dx.dex.code.OutputFinisher::add (15 bytes)
Event: 4.842 Thread 0x000000001620b800 nmethod 1065 0x0000000002b69d90 code [0x0000000002b69f00, 0x0000000002b6a1b8]
Event: 4.843 Thread 0x000000001620b800 1066       3       com.android.dx.cf.code.LineNumberList$Item::<init> (43 bytes)
Event: 4.843 Thread 0x000000001620b800 nmethod 1066 0x0000000002b6a410 code [0x0000000002b6a5a0, 0x0000000002b6a938]
Event: 4.844 Thread 0x000000001620b800 1067       1       com.android.dx.cf.attrib.InnerClassList$Item::getInnerClass (5 bytes)
Event: 4.844 Thread 0x000000001620b800 nmethod 1067 0x0000000002b60750 code [0x0000000002b608a0, 0x0000000002b609b0]
Event: 4.844 Thread 0x000000001620b800 1068       3       java.util.HashMap::<init> (8 bytes)
Event: 4.845 Thread 0x000000001620b800 nmethod 1068 0x0000000002b6aa90 code [0x0000000002b6ac20, 0x0000000002b6ada8]
Event: 4.845 Thread 0x000000001620b800 1069       3       java.util.HashMap::<init> (98 bytes)

GC Heap History (0 events):
No events

Deoptimization events (8 events):
Event: 3.119 Thread 0x0000000016314800 Uncommon trap: reason=unstable_if action=reinterpret pc=0x00000000028e76e4 method=com.android.dx.rop.cst.CstFieldRef.compareTo0(Lcom/android/dx/rop/cst/Constant;)I @ 7
Event: 3.133 Thread 0x000000001631a000 Uncommon trap: reason=unstable_if action=reinterpret pc=0x000000000295f60c method=java.util.HashMap.getNode(ILjava/lang/Object;)Ljava/util/HashMap$Node; @ 62
Event: 3.420 Thread 0x0000000002622800 Uncommon trap: reason=unstable_if action=reinterpret pc=0x0000000002929bd0 method=java.lang.String.<init>([CII)V @ 18
Event: 4.037 Thread 0x0000000016314800 Uncommon trap: reason=class_check action=maybe_recompile pc=0x0000000002a2ee08 method=com.android.dx.ssa.SsaBasicBlock.forEachInsn(Lcom/android/dx/ssa/SsaInsn$Visitor;)V @ 23
Event: 4.037 Thread 0x0000000016314800 Uncommon trap: reason=class_check action=maybe_recompile pc=0x0000000002a2ee08 method=com.android.dx.ssa.SsaBasicBlock.forEachInsn(Lcom/android/dx/ssa/SsaInsn$Visitor;)V @ 23
Event: 4.038 Thread 0x0000000016314800 Uncommon trap: reason=class_check action=maybe_recompile pc=0x0000000002a2ee08 method=com.android.dx.ssa.SsaBasicBlock.forEachInsn(Lcom/android/dx/ssa/SsaInsn$Visitor;)V @ 23
Event: 4.038 Thread 0x0000000016314800 Uncommon trap: reason=class_check action=maybe_recompile pc=0x0000000002a2ee08 method=com.android.dx.ssa.SsaBasicBlock.forEachInsn(Lcom/android/dx/ssa/SsaInsn$Visitor;)V @ 23
Event: 4.231 Thread 0x0000000002622800 Uncommon trap: reason=unloaded action=reinterpret pc=0x0000000002ae5060 method=com.android.dx.cf.cst.ConstantPoolParser.parse0(ILjava/util/BitSet;)Lcom/android/dx/rop/cst/Constant; @ 475

Internal exceptions (2 events):
Event: 0.181 Thread 0x0000000002622800 Exception <a 'java/lang/NoSuchMethodError': Method sun.misc.Unsafe.defineClass(Ljava/lang/String;[BII)Ljava/lang/Class; name or signature does not match> (0x00000000eab07c78) thrown at [C:\src\android\AOSP-openjdk\external\jetbrains\jdk\hotspot\src\share\vP„ø×Á-Ç?
Event: 0.181 Thread 0x0000000002622800 Exception <a 'java/lang/NoSuchMethodError': Method sun.misc.Unsafe.prefetchRead(Ljava/lang/Object;J)V name or signature does not match> (0x00000000eab07f60) thrown at [C:\src\android\AOSP-openjdk\external\jetbrains\jdk\hotspot\src\share\vm\prims\jni.cpp, l

Events (10 events):
Event: 4.084 loading class com/android/dx/cf/attrib/AttLocalVariableTypeTable done
Event: 4.084 loading class com/android/dx/cf/attrib/AttSignature
Event: 4.084 loading class com/android/dx/cf/attrib/AttSignature done
Event: 4.094 loading class com/android/dx/dex/file/MethodAnnotationStruct
Event: 4.094 loading class com/android/dx/dex/file/MethodAnnotationStruct done
Event: 4.231 Thread 0x0000000002622800 Uncommon trap: trap_request=0x00000040 fr.pc=0x0000000002ae5060
Event: 4.231 Thread 0x0000000002622800 DEOPT PACKING pc=0x0000000002ae5060 sp=0x00000000022de310
Event: 4.231 Thread 0x0000000002622800 DEOPT UNPACKING pc=0x000000000276556a sp=0x00000000022de2e8 mode 2
Event: 4.706 Executing VM operation: EnableBiasedLocking
Event: 4.706 Executing VM operation: EnableBiasedLocking done


Dynamic libraries:
0x00007ff785640000 - 0x00007ff785671000 	D:\Android Studio\jre\bin\java.exe
0x00007ffcddc40000 - 0x00007ffcddded000 	C:\windows\SYSTEM32\ntdll.dll
0x00007ffcdd7c0000 - 0x00007ffcdd8fe000 	C:\windows\system32\KERNEL32.DLL
0x00007ffcdaeb0000 - 0x00007ffcdafc5000 	C:\windows\system32\KERNELBASE.dll
0x00007ffcdbc70000 - 0x00007ffcdbd1a000 	C:\windows\system32\ADVAPI32.dll
0x00007ffcdbaf0000 - 0x00007ffcdbc67000 	C:\windows\system32\USER32.dll
0x00007ffcd85d0000 - 0x00007ffcd884b000 	C:\windows\WinSxS\amd64_microsoft.windows.common-controls_6595b64144ccf1df_6.0.9600.18006_none_623f33d3ecbe86e8\COMCTL32.dll
0x00007ffcdc020000 - 0x00007ffcdc0ca000 	C:\windows\system32\msvcrt.dll
0x00007ffcdb330000 - 0x00007ffcdb389000 	C:\windows\SYSTEM32\sechost.dll
0x00007ffcdb390000 - 0x00007ffcdb4d0000 	C:\windows\system32\RPCRT4.dll
0x00007ffcddae0000 - 0x00007ffcddc2f000 	C:\windows\system32\GDI32.dll
0x00007ffcdadd0000 - 0x00007ffcdadfe000 	C:\windows\system32\SspiCli.dll
0x00007ffcdb970000 - 0x00007ffcdb9a6000 	C:\windows\system32\IMM32.DLL
0x00007ffcdbd20000 - 0x00007ffcdbe72000 	C:\windows\system32\MSCTF.dll
0x0000000060870000 - 0x0000000060942000 	D:\Android Studio\jre\jre\bin\msvcr100.dll
0x000000005edc0000 - 0x000000005f5fc000 	D:\Android Studio\jre\jre\bin\server\jvm.dll
0x00007ffcc0e90000 - 0x00007ffcc0e99000 	C:\windows\SYSTEM32\WSOCK32.dll
0x00007ffcdad40000 - 0x00007ffcdad62000 	C:\windows\system32\WINMM.dll
0x00007ffcd3210000 - 0x00007ffcd321a000 	C:\windows\SYSTEM32\VERSION.dll
0x00007ffcdb960000 - 0x00007ffcdb967000 	C:\windows\system32\PSAPI.DLL
0x00007ffcdb0d0000 - 0x00007ffcdb12a000 	C:\windows\system32\WS2_32.dll
0x00007ffcdaa60000 - 0x00007ffcdaa8a000 	C:\windows\system32\WINMMBASE.dll
0x00007ffcdc190000 - 0x00007ffcdc199000 	C:\windows\system32\NSI.dll
0x00007ffcdad70000 - 0x00007ffcdadbf000 	C:\windows\SYSTEM32\cfgmgr32.dll
0x00007ffcdaa30000 - 0x00007ffcdaa58000 	C:\windows\system32\DEVOBJ.dll
0x00007ffcd84e0000 - 0x00007ffcd84ef000 	D:\Android Studio\jre\jre\bin\verify.dll
0x00007ffcd78f0000 - 0x00007ffcd7919000 	D:\Android Studio\jre\jre\bin\java.dll
0x00007ffcd7a10000 - 0x00007ffcd7a26000 	D:\Android Studio\jre\jre\bin\zip.dll
0x00007ffcdc1c0000 - 0x00007ffcdd6e9000 	C:\windows\system32\SHELL32.dll
0x00007ffcdb740000 - 0x00007ffcdb951000 	C:\windows\SYSTEM32\combase.dll
0x00007ffcdb070000 - 0x00007ffcdb0c4000 	C:\windows\system32\SHLWAPI.dll
0x00007ffcd8d80000 - 0x00007ffcd8e32000 	C:\windows\SYSTEM32\SHCORE.dll
0x00007ffcda980000 - 0x00007ffcda995000 	C:\windows\SYSTEM32\profapi.dll

VM Arguments:
jvm_args: -Djava.awt.headless=true -Xmx1024M -Dfile.encoding=GBK -Duser.country=CN -Duser.language=zh -Duser.variant 
java_command: com.android.dx.command.Main --dex --num-threads=4 --output D:\android_wokespace\Park1\app\build\intermediates\pre-dexed\debug\debug_fbb0f697c35f25aa22a53c8b0c1de775393e180f.jar D:\android_wokespace\Park1\app\build\intermediates\classes\debug
java_class_path (initial): D:\AndroidSDK\build-tools\25.0.0\lib\dx.jar
Launcher Type: SUN_STANDARD

Environment Variables:
JAVA_HOME=D:\Program Files\Java\jdk1.8.0_60
CLASSPATH=.
PATH=D:\Program Files\Java\jdk1.8.0_60\bin;C:\Program Files (x86)\Lenovo\FusionEngine;C:\Program Files (x86)\Intel\iCLS Client\;C:\Program Files\Intel\iCLS Client\;C:\windows\system32;C:\windows;C:\windows\System32\Wbem;C:\windows\System32\WindowsPowerShell\v1.0\;C:\Program Files (x86)\ATI Technologies\ATI.ACE\Core-Static;C:\Program Files\Intel\Intel(R) Management Engine Components\DAL;C:\Program Files (x86)\Intel\Intel(R) Management Engine Components\DAL;C:\Program Files\Intel\Intel(R) Management Engine Components\IPT;C:\Program Files (x86)\Intel\Intel(R) Management Engine Components\IPT;C:\Program Files (x86)\Common Files\lenovo\easyplussdk\bin;C:\Program Files (x86)\Microsoft SQL Server\100\Tools\Binn\;C:\Program Files\Microsoft SQL Server\100\Tools\Binn\;C:\Program Files\Microsoft SQL Server\100\DTS\Binn\;C:\Program Files (x86)\Microsoft SQL Server\100\Tools\Binn\VSShell\Common7\IDE\;C:\Program Files (x86)\Microsoft SQL Server\100\DTS\Binn\;C:\Program Files (x86)\Microsoft Visual Studio 9.0\Common7\IDE\PrivateAssemblies\;D:\mysql\mysql-5.7.18-winx64\bin;D:\Git\cmd;D:\Android_sdk\build-tools;D:\Android_sdk\tools;;C:\Program Files\Microsoft SQL Server\110\DTS\Binn\;C:\Program Files (x86)\Microsoft SQL Server\110\Tools\Binn\;C:\Program Files\Microsoft SQL Server\110\Tools\Binn\;C:\Program Files (x86)\Microsoft SQL Server\110\Tools\Binn\ManagementStudio\;C:\Program Files (x86)\Microsoft Visual Studio 10.0\Common7\IDE\PrivateAssemblies\;C:\Program Files (x86)\Microsoft SQL Server\110\DTS\Binn\;D:\apache-tomcat-8.0.24\lib;D:\apache-tomcat-8.0.24\bin
USERNAME=lenovo
OS=Windows_NT
PROCESSOR_IDENTIFIER=Intel64 Family 6 Model 61 Stepping 4, GenuineIntel



---------------  S Y S T E M  ---------------

OS: Windows 8.1 , 64 bit Build 9600 (6.3.9600.17415)

CPU:total 4 (2 cores per cpu, 2 threads per core) family 6 model 61 stepping 4, cmov, cx8, fxsr, mmx, sse, sse2, sse3, ssse3, sse4.1, sse4.2, popcnt, avx, avx2, aes, clmul, erms, 3dnowpref, lzcnt, ht, tsc, tscinvbit, bmi1, bmi2, adx

Memory: 4k page, physical 8301656k(1832036k free), swap 8301656k(4292k free)

vm_info: OpenJDK 64-Bit Server VM (25.112-b06) for windows-amd64 JRE (1.8.0_112-release-b06), built on Dec  8 2016 00:54:26 by "builder" with MS VC++ 10.0 (VS2010)

time: Mon Nov 06 02:36:27 2017
elapsed time: 4 seconds (0d 0h 0m 4s)

