#
# There is insufficient memory for the Java Runtime Environment to continue.
# Native memory allocation (malloc) failed to allocate 563056 bytes for Chunk::new
# Possible reasons:
#   The system is out of physical RAM or swap space
#   In 32 bit mode, the process size limit was hit
# Possible solutions:
#   Reduce memory load on the system
#   Increase physical memory or swap space
#   Check if swap backing store is full
#   Use 64 bit Java on a 64 bit OS
#   Decrease Java heap size (-Xmx/-Xms)
#   Decrease number of Java threads
#   Decrease Java thread stack sizes (-Xss)
#   Set larger code cache with -XX:ReservedCodeCacheSize=
# This output file may be truncated or incomplete.
#
#  Out of Memory Error (allocation.cpp:390), pid=10340, tid=0x0000000000001cc8
#
# JRE version: OpenJDK Runtime Environment (8.0_112-b06) (build 1.8.0_112-release-b06)
# Java VM: OpenJDK 64-Bit Server VM (25.112-b06 mixed mode windows-amd64 compressed oops)
# Failed to write core dump. Minidumps are not enabled by default on client versions of Windows
#

---------------  T H R E A D  ---------------

Current thread (0x000000001516b000):  JavaThread "C2 CompilerThread0" daemon [_thread_in_native, id=7368, stack(0x0000000016a70000,0x0000000016b70000)]

Stack: [0x0000000016a70000,0x0000000016b70000]
[error occurred during error reporting (printing stack bounds), id 0xc0000005]

Native frames: (J=compiled Java code, j=interpreted, Vv=VM code, C=native code)


Current CompileTask:
C2:   4341 1456       4       com.android.dx.dex.code.OutputFinisher::addConstants (93 bytes)


---------------  P R O C E S S  ---------------

Java Threads: ( => current thread )
  0x00000000164e8000 JavaThread "Service Thread" daemon [_thread_blocked, id=8456, stack(0x0000000016d70000,0x0000000016e70000)]
  0x000000001647e800 JavaThread "C1 CompilerThread2" daemon [_thread_in_native, id=1632, stack(0x0000000016c70000,0x0000000016d70000)]
  0x000000001647b800 JavaThread "C2 CompilerThread1" daemon [_thread_in_native, id=6276, stack(0x0000000016b70000,0x0000000016c70000)]
=>0x000000001516b000 JavaThread "C2 CompilerThread0" daemon [_thread_in_native, id=7368, stack(0x0000000016a70000,0x0000000016b70000)]
  0x0000000015169000 JavaThread "Attach Listener" daemon [_thread_blocked, id=11240, stack(0x0000000016970000,0x0000000016a70000)]
  0x000000001511f000 JavaThread "Signal Dispatcher" daemon [_thread_blocked, id=8312, stack(0x0000000016870000,0x0000000016970000)]
  0x0000000002a3c000 JavaThread "Finalizer" daemon [_thread_blocked, id=8600, stack(0x0000000016370000,0x0000000016470000)]
  0x0000000002a33000 JavaThread "Reference Handler" daemon [_thread_blocked, id=5652, stack(0x0000000016270000,0x0000000016370000)]
  0x0000000002942800 JavaThread "main" [_thread_in_Java, id=5500, stack(0x0000000002780000,0x0000000002880000)]

Other Threads:
  0x00000000150d4800 VMThread [stack: 0x0000000016170000,0x0000000016270000] [id=7780]
  0x00000000164f9000 WatcherThread [stack: 0x0000000016e70000,0x0000000016f70000] [id=4668]

VM state:not at safepoint (normal execution)

VM Mutex/Monitor currently owned by a thread: None

Heap:
 PSYoungGen      total 38400K, used 18331K [0x00000000eab00000, 0x00000000ef600000, 0x0000000100000000)
  eden space 33280K, 39% used [0x00000000eab00000,0x00000000eb7edf00,0x00000000ecb80000)
  from space 5120K, 99% used [0x00000000ecb80000,0x00000000ed078e88,0x00000000ed080000)
  to   space 5120K, 0% used [0x00000000ef100000,0x00000000ef100000,0x00000000ef600000)
 ParOldGen       total 87552K, used 2888K [0x00000000c0000000, 0x00000000c5580000, 0x00000000eab00000)
  object space 87552K, 3% used [0x00000000c0000000,0x00000000c02d20e0,0x00000000c5580000)
 Metaspace       used 6177K, capacity 7216K, committed 7296K, reserved 1056768K
  class space    used 581K, capacity 616K, committed 640K, reserved 1048576K

Card table byte_map: [0x0000000011e00000,0x0000000012010000] byte_map_base: 0x0000000011800000

Marking Bits: (ParMarkBitMap*) 0x0000000075d218f0
 Begin Bits: [0x0000000012570000, 0x0000000013570000)
 End Bits:   [0x0000000013570000, 0x0000000014570000)

Polling page: 0x0000000000b50000

CodeCache: size=245760Kb used=6316Kb max_used=6316Kb free=239443Kb
 bounds [0x0000000002a40000, 0x0000000003070000, 0x0000000011a40000]
 total_blobs=1809 nmethods=1546 adapters=177
 compilation: enabled

Compilation events (10 events):
Event: 4.298 Thread 0x000000001647e800 nmethod 1558 0x0000000003053d90 code [0x0000000003053f40, 0x0000000003054338]
Event: 4.298 Thread 0x000000001647e800 1560       2       com.android.dx.dex.code.form.Form35c::wordCount (74 bytes)
Event: 4.299 Thread 0x000000001647e800 nmethod 1560 0x00000000030545d0 code [0x0000000003054780, 0x0000000003054ac8]
Event: 4.299 Thread 0x000000001647e800 1559       2       com.android.dx.dex.code.form.Form35c::isCompatible (72 bytes)
Event: 4.300 Thread 0x000000001647e800 nmethod 1559 0x0000000003054dd0 code [0x0000000003054f40, 0x0000000003055258]
Event: 4.300 Thread 0x000000001647e800 1561       2       com.android.dx.dex.code.PositionList$Entry::<init> (43 bytes)
Event: 4.300 Thread 0x000000001647e800 nmethod 1561 0x0000000003055390 code [0x0000000003055520, 0x00000000030557d8]
Event: 4.300 Thread 0x000000001647e800 1562       2       com.android.dx.dex.code.PositionList::set (7 bytes)
Event: 4.301 Thread 0x000000001647e800 nmethod 1562 0x0000000003055910 code [0x0000000003055ac0, 0x0000000003055f28]
Event: 4.302 Thread 0x000000001647e800 1563       2       com.android.dx.dex.code.OutputFinisher::align64bits (247 bytes)

GC Heap History (2 events):
Event: 3.453 GC heap before
{Heap before GC invocations=1 (full 0):
 PSYoungGen      total 38400K, used 33280K [0x00000000eab00000, 0x00000000ed580000, 0x0000000100000000)
  eden space 33280K, 100% used [0x00000000eab00000,0x00000000ecb80000,0x00000000ecb80000)
  from space 5120K, 0% used [0x00000000ed080000,0x00000000ed080000,0x00000000ed580000)
  to   space 5120K, 0% used [0x00000000ecb80000,0x00000000ecb80000,0x00000000ed080000)
 ParOldGen       total 87552K, used 0K [0x00000000c0000000, 0x00000000c5580000, 0x00000000eab00000)
  object space 87552K, 0% used [0x00000000c0000000,0x00000000c0000000,0x00000000c5580000)
 Metaspace       used 5815K, capacity 6960K, committed 7040K, reserved 1056768K
  class space    used 561K, capacity 616K, committed 640K, reserved 1048576K
Event: 3.500 GC heap after
Heap after GC invocations=1 (full 0):
 PSYoungGen      total 38400K, used 5091K [0x00000000eab00000, 0x00000000ef600000, 0x0000000100000000)
  eden space 33280K, 0% used [0x00000000eab00000,0x00000000eab00000,0x00000000ecb80000)
  from space 5120K, 99% used [0x00000000ecb80000,0x00000000ed078e88,0x00000000ed080000)
  to   space 5120K, 0% used [0x00000000ef100000,0x00000000ef100000,0x00000000ef600000)
 ParOldGen       total 87552K, used 2888K [0x00000000c0000000, 0x00000000c5580000, 0x00000000eab00000)
  object space 87552K, 3% used [0x00000000c0000000,0x00000000c02d20e0,0x00000000c5580000)
 Metaspace       used 5815K, capacity 6960K, committed 7040K, reserved 1056768K
  class space    used 561K, capacity 616K, committed 640K, reserved 1048576K
}

Deoptimization events (10 events):
Event: 3.977 Thread 0x0000000002942800 Uncommon trap: reason=class_check action=maybe_recompile pc=0x0000000002f58df8 method=java.util.Arrays.hashCode([Ljava/lang/Object;)I @ 43
Event: 3.998 Thread 0x0000000002942800 Uncommon trap: reason=bimorphic action=maybe_recompile pc=0x0000000002d07228 method=java.util.HashMap.getNode(ILjava/lang/Object;)Ljava/util/HashMap$Node; @ 126
Event: 3.998 Thread 0x0000000002942800 Uncommon trap: reason=bimorphic action=maybe_recompile pc=0x0000000002d07228 method=java.util.HashMap.getNode(ILjava/lang/Object;)Ljava/util/HashMap$Node; @ 126
Event: 3.998 Thread 0x0000000002942800 Uncommon trap: reason=bimorphic action=maybe_recompile pc=0x0000000002d07228 method=java.util.HashMap.getNode(ILjava/lang/Object;)Ljava/util/HashMap$Node; @ 126
Event: 4.087 Thread 0x0000000002942800 Uncommon trap: reason=bimorphic action=maybe_recompile pc=0x0000000002f11c74 method=java.util.HashMap.putVal(ILjava/lang/Object;Ljava/lang/Object;ZZ)Ljava/lang/Object; @ 91
Event: 4.087 Thread 0x0000000002942800 Uncommon trap: reason=bimorphic action=maybe_recompile pc=0x0000000002f11c74 method=java.util.HashMap.putVal(ILjava/lang/Object;Ljava/lang/Object;ZZ)Ljava/lang/Object; @ 91
Event: 4.087 Thread 0x0000000002942800 Uncommon trap: reason=bimorphic action=maybe_recompile pc=0x0000000002f11c74 method=java.util.HashMap.putVal(ILjava/lang/Object;Ljava/lang/Object;ZZ)Ljava/lang/Object; @ 91
Event: 4.087 Thread 0x0000000002942800 Uncommon trap: reason=bimorphic action=maybe_recompile pc=0x0000000002d900d8 method=java.util.HashMap.putVal(ILjava/lang/Object;Ljava/lang/Object;ZZ)Ljava/lang/Object; @ 91
Event: 4.090 Thread 0x0000000002942800 Uncommon trap: reason=bimorphic action=maybe_recompile pc=0x0000000002d07228 method=java.util.HashMap.getNode(ILjava/lang/Object;)Ljava/util/HashMap$Node; @ 126
Event: 4.090 Thread 0x0000000002942800 Uncommon trap: reason=bimorphic action=maybe_recompile pc=0x0000000002cfdb34 method=java.util.HashMap.getNode(ILjava/lang/Object;)Ljava/util/HashMap$Node; @ 126

Internal exceptions (3 events):
Event: 0.123 Thread 0x0000000002942800 Exception <a 'java/lang/NoSuchMethodError': Method sun.misc.Unsafe.defineClass(Ljava/lang/String;[BII)Ljava/lang/Class; name or signature does not match> (0x00000000eab07c78) thrown at [C:\src\android\AOSP-openjdk\external\jetbrains\jdk\hotspot\src\share\vÝ1¥ã£”¿?
Event: 0.123 Thread 0x0000000002942800 Exception <a 'java/lang/NoSuchMethodError': Method sun.misc.Unsafe.prefetchRead(Ljava/lang/Object;J)V name or signature does not match> (0x00000000eab07f60) thrown at [C:\src\android\AOSP-openjdk\external\jetbrains\jdk\hotspot\src\share\vm\prims\jni.cpp, l=ß>v„
@
Event: 3.315 Thread 0x00000000165f9000 Implicit null exception at 0x0000000002e69d62 to 0x0000000002e69e5a

Events (10 events):
Event: 4.245 loading class com/android/dx/dex/code/CatchHandlerList
Event: 4.245 loading class com/android/dx/dex/code/CatchHandlerList done
Event: 4.246 loading class com/android/dx/dex/code/CatchTable
Event: 4.246 loading class com/android/dx/dex/code/CatchTable done
Event: 4.292 loading class com/android/dx/dex/code/CatchHandlerList$Entry
Event: 4.292 loading class com/android/dx/dex/code/CatchHandlerList$Entry done
Event: 4.293 loading class com/android/dx/dex/code/CatchTable$Entry
Event: 4.293 loading class com/android/dx/dex/code/CatchTable$Entry done
Event: 4.294 loading class com/android/dx/util/ByteArrayAnnotatedOutput
Event: 4.294 loading class com/android/dx/util/ByteArrayAnnotatedOutput done


Dynamic libraries:
0x00007ff603d10000 - 0x00007ff603d41000 	D:\Android Studio\jre\bin\java.exe
0x00007ffe650b0000 - 0x00007ffe6525d000 	C:\windows\SYSTEM32\ntdll.dll
0x00007ffe624a0000 - 0x00007ffe625de000 	C:\windows\system32\KERNEL32.DLL
0x00007ffe61f80000 - 0x00007ffe62095000 	C:\windows\system32\KERNELBASE.dll
0x00007ffe62d50000 - 0x00007ffe62dfa000 	C:\windows\system32\ADVAPI32.dll
0x00007ffe63400000 - 0x00007ffe63577000 	C:\windows\system32\USER32.dll
0x00007ffe5fda0000 - 0x00007ffe6001b000 	C:\windows\WinSxS\amd64_microsoft.windows.common-controls_6595b64144ccf1df_6.0.9600.18006_none_623f33d3ecbe86e8\COMCTL32.dll
0x00007ffe627f0000 - 0x00007ffe6289a000 	C:\windows\system32\msvcrt.dll
0x00007ffe62440000 - 0x00007ffe62499000 	C:\windows\SYSTEM32\sechost.dll
0x00007ffe62a90000 - 0x00007ffe62bd0000 	C:\windows\system32\RPCRT4.dll
0x00007ffe64f60000 - 0x00007ffe650af000 	C:\windows\system32\GDI32.dll
0x00007ffe623e0000 - 0x00007ffe6240e000 	C:\windows\system32\SspiCli.dll
0x00007ffe62e00000 - 0x00007ffe62e36000 	C:\windows\system32\IMM32.DLL
0x00007ffe62bf0000 - 0x00007ffe62d42000 	C:\windows\system32\MSCTF.dll
0x0000000074e40000 - 0x0000000074f12000 	D:\Android Studio\jre\jre\bin\msvcr100.dll
0x0000000075560000 - 0x0000000075d9c000 	D:\Android Studio\jre\jre\bin\server\jvm.dll
0x00007ffe47960000 - 0x00007ffe47969000 	C:\windows\SYSTEM32\WSOCK32.dll
0x00007ffe62410000 - 0x00007ffe62432000 	C:\windows\system32\WINMM.dll
0x00007ffe5a790000 - 0x00007ffe5a79a000 	C:\windows\SYSTEM32\VERSION.dll
0x00007ffe62be0000 - 0x00007ffe62be7000 	C:\windows\system32\PSAPI.DLL
0x00007ffe64f00000 - 0x00007ffe64f5a000 	C:\windows\system32\WS2_32.dll
0x00007ffe61ef0000 - 0x00007ffe61f1a000 	C:\windows\system32\WINMMBASE.dll
0x00007ffe625e0000 - 0x00007ffe625e9000 	C:\windows\system32\NSI.dll
0x00007ffe620a0000 - 0x00007ffe620ef000 	C:\windows\SYSTEM32\cfgmgr32.dll
0x00007ffe61ea0000 - 0x00007ffe61ec8000 	C:\windows\system32\DEVOBJ.dll
0x00007ffe46a30000 - 0x00007ffe46a3f000 	D:\Android Studio\jre\jre\bin\verify.dll
0x00007ffe39720000 - 0x00007ffe39749000 	D:\Android Studio\jre\jre\bin\java.dll
0x00007ffe43d60000 - 0x00007ffe43d76000 	D:\Android Studio\jre\jre\bin\zip.dll
0x00007ffe63650000 - 0x00007ffe64b79000 	C:\windows\system32\SHELL32.dll
0x00007ffe62ff0000 - 0x00007ffe63201000 	C:\windows\SYSTEM32\combase.dll
0x00007ffe626d0000 - 0x00007ffe62724000 	C:\windows\system32\SHLWAPI.dll
0x00007ffe601f0000 - 0x00007ffe602a2000 	C:\windows\SYSTEM32\SHCORE.dll
0x00007ffe61df0000 - 0x00007ffe61e05000 	C:\windows\SYSTEM32\profapi.dll

VM Arguments:
jvm_args: -Djava.awt.headless=true -Xmx1024M -Dfile.encoding=GBK -Duser.country=CN -Duser.language=zh -Duser.variant 
java_command: com.android.dx.command.Main --dex --num-threads=4 --output D:\android_wokespace\Park1\app\build\intermediates\pre-dexed\debug\debug_fbb0f697c35f25aa22a53c8b0c1de775393e180f.jar D:\android_wokespace\Park1\app\build\intermediates\classes\debug
java_class_path (initial): D:\AndroidSDK\build-tools\25.0.0\lib\dx.jar
Launcher Type: SUN_STANDARD

Environment Variables:
JAVA_HOME=D:\Program Files\Java\jdk1.8.0_60
CLASSPATH=.
PATH=D:\Program Files\Java\jdk1.8.0_60\bin;C:\Program Files (x86)\Lenovo\FusionEngine;C:\Program Files (x86)\Intel\iCLS Client\;C:\Program Files\Intel\iCLS Client\;C:\windows\system32;C:\windows;C:\windows\System32\Wbem;C:\windows\System32\WindowsPowerShell\v1.0\;C:\Program Files (x86)\ATI Technologies\ATI.ACE\Core-Static;C:\Program Files\Intel\Intel(R) Management Engine Components\DAL;C:\Program Files (x86)\Intel\Intel(R) Management Engine Components\DAL;C:\Program Files\Intel\Intel(R) Management Engine Components\IPT;C:\Program Files (x86)\Intel\Intel(R) Management Engine Components\IPT;C:\Program Files (x86)\Common Files\lenovo\easyplussdk\bin;C:\Program Files (x86)\Microsoft SQL Server\100\Tools\Binn\;C:\Program Files\Microsoft SQL Server\100\Tools\Binn\;C:\Program Files\Microsoft SQL Server\100\DTS\Binn\;C:\Program Files (x86)\Microsoft SQL Server\100\Tools\Binn\VSShell\Common7\IDE\;C:\Program Files (x86)\Microsoft SQL Server\100\DTS\Binn\;C:\Program Files (x86)\Microsoft Visual Studio 9.0\Common7\IDE\PrivateAssemblies\;D:\mysql\mysql-5.7.18-winx64\bin;D:\Git\cmd;D:\Android_sdk\build-tools;D:\Android_sdk\tools;;C:\Program Files\Microsoft SQL Server\110\DTS\Binn\;C:\Program Files (x86)\Microsoft SQL Server\110\Tools\Binn\;C:\Program Files\Microsoft SQL Server\110\Tools\Binn\;C:\Program Files (x86)\Microsoft SQL Server\110\Tools\Binn\ManagementStudio\;C:\Program Files (x86)\Microsoft Visual Studio 10.0\Common7\IDE\PrivateAssemblies\;C:\Program Files (x86)\Microsoft SQL Server\110\DTS\Binn\;D:\apache-tomcat-8.0.24\lib;D:\apache-tomcat-8.0.24\bin
USERNAME=lenovo
OS=Windows_NT
PROCESSOR_IDENTIFIER=Intel64 Family 6 Model 61 Stepping 4, GenuineIntel



---------------  S Y S T E M  ---------------

OS: Windows 8.1 , 64 bit Build 9600 (6.3.9600.17415)

CPU:total 4 (2 cores per cpu, 2 threads per core) family 6 model 61 stepping 4, cmov, cx8, fxsr, mmx, sse, sse2, sse3, ssse3, sse4.1, sse4.2, popcnt, avx, avx2, aes, clmul, erms, 3dnowpref, lzcnt, ht, tsc, tscinvbit, bmi1, bmi2, adx

Memory: 4k page, physical 8301656k(1231464k free), swap 8301656k(5928k free)

vm_info: OpenJDK 64-Bit Server VM (25.112-b06) for windows-amd64 JRE (1.8.0_112-release-b06), built on Dec  8 2016 00:54:26 by "builder" with MS VC++ 10.0 (VS2010)

time: Sun Nov 12 22:33:25 2017
elapsed time: 4 seconds (0d 0h 0m 4s)

