#
# There is insufficient memory for the Java Runtime Environment to continue.
# Native memory allocation (malloc) failed to allocate 1272 bytes for AllocateHeap
# Possible reasons:
#   The system is out of physical RAM or swap space
#   In 32 bit mode, the process size limit was hit
# Possible solutions:
#   Reduce memory load on the system
#   Increase physical memory or swap space
#   Check if swap backing store is full
#   Use 64 bit Java on a 64 bit OS
#   Decrease Java heap size (-Xmx/-Xms)
#   Decrease number of Java threads
#   Decrease Java thread stack sizes (-Xss)
#   Set larger code cache with -XX:ReservedCodeCacheSize=
# This output file may be truncated or incomplete.
#
#  Out of Memory Error (memory/allocation.inline.hpp:61), pid=11652, tid=0x0000000000002e08
#
# JRE version: OpenJDK Runtime Environment (8.0_112-b06) (build 1.8.0_112-release-b06)
# Java VM: OpenJDK 64-Bit Server VM (25.112-b06 mixed mode windows-amd64 compressed oops)
# Failed to write core dump. Minidumps are not enabled by default on client versions of Windows
#

---------------  T H R E A D  ---------------

Current thread (0x0000000016a18800):  JavaThread "C1 CompilerThread2" daemon [_thread_in_vm, id=11784, stack(0x00000000171c0000,0x00000000172c0000)]

Stack: [0x00000000171c0000,0x00000000172c0000]
[error occurred during error reporting (printing stack bounds), id 0xc0000005]

Native frames: (J=compiled Java code, j=interpreted, Vv=VM code, C=native code)


Current CompileTask:
C1:   4658 1192  s    3       com.android.dx.dex.file.TypeIdsSection::intern (62 bytes)


---------------  P R O C E S S  ---------------

Java Threads: ( => current thread )
  0x0000000016a21000 JavaThread "Service Thread" daemon [_thread_blocked, id=11416, stack(0x00000000172c0000,0x00000000173c0000)]
=>0x0000000016a18800 JavaThread "C1 CompilerThread2" daemon [_thread_in_vm, id=11784, stack(0x00000000171c0000,0x00000000172c0000)]
  0x0000000016a0d800 JavaThread "C2 CompilerThread1" daemon [_thread_in_vm, id=12476, stack(0x00000000170c0000,0x00000000171c0000)]
  0x000000001565a000 JavaThread "C2 CompilerThread0" daemon [_thread_blocked, id=8168, stack(0x0000000016fc0000,0x00000000170c0000)]
  0x0000000015659800 JavaThread "Attach Listener" daemon [_thread_blocked, id=9448, stack(0x0000000016ec0000,0x0000000016fc0000)]
  0x00000000169c8800 JavaThread "Signal Dispatcher" daemon [_thread_blocked, id=6856, stack(0x0000000016dc0000,0x0000000016ec0000)]
  0x0000000002f0a000 JavaThread "Finalizer" daemon [_thread_blocked, id=7828, stack(0x0000000016870000,0x0000000016970000)]
  0x0000000002f01000 JavaThread "Reference Handler" daemon [_thread_blocked, id=6408, stack(0x0000000016770000,0x0000000016870000)]
  0x0000000002e12800 JavaThread "main" [_thread_blocked, id=13480, stack(0x0000000002d10000,0x0000000002e10000)]

Other Threads:
  0x00000000155c4800 VMThread [stack: 0x0000000016670000,0x0000000016770000] [id=12220]
  0x0000000016a22000 WatcherThread [stack: 0x00000000173c0000,0x00000000174c0000] [id=4604]

VM state:not at safepoint (normal execution)

VM Mutex/Monitor currently owned by a thread:  ([mutex/lock_event])
[0x00000000012bbc50] CodeCache_lock - owner thread: 0x0000000016a18800
[0x0000000002e103d0] Compile_lock - owner thread: 0x0000000016a18800
[0x0000000002e11350] MethodCompileQueue_lock - owner thread: 0x0000000016a18800

Heap:
 PSYoungGen      total 38400K, used 25987K [0x00000000eab00000, 0x00000000ed580000, 0x0000000100000000)
  eden space 33280K, 78% used [0x00000000eab00000,0x00000000ec460c18,0x00000000ecb80000)
  from space 5120K, 0% used [0x00000000ed080000,0x00000000ed080000,0x00000000ed580000)
  to   space 5120K, 0% used [0x00000000ecb80000,0x00000000ecb80000,0x00000000ed080000)
 ParOldGen       total 87552K, used 0K [0x00000000c0000000, 0x00000000c5580000, 0x00000000eab00000)
  object space 87552K, 0% used [0x00000000c0000000,0x00000000c0000000,0x00000000c5580000)
 Metaspace       used 5827K, capacity 6896K, committed 7040K, reserved 1056768K
  class space    used 569K, capacity 616K, committed 640K, reserved 1048576K

Card table byte_map: [0x00000000122d0000,0x00000000124e0000] byte_map_base: 0x0000000011cd0000

Marking Bits: (ParMarkBitMap*) 0x000000005f5818f0
 Begin Bits: [0x0000000012a40000, 0x0000000013a40000)
 End Bits:   [0x0000000013a40000, 0x0000000014a40000)

Polling page: 0x00000000012a0000

CodeCache: size=245760Kb used=4818Kb max_used=4821Kb free=240941Kb
 bounds [0x0000000002f10000, 0x00000000033d0000, 0x0000000011f10000]
 total_blobs=1452 nmethods=1188 adapters=177
 compilation: enabled

Compilation events (10 events):
Event: 4.648 Thread 0x0000000016a18800 1187       1       com.android.dx.dex.file.DexFile::getProtoIds (5 bytes)
Event: 4.648 Thread 0x0000000016a18800 nmethod 1187 0x00000000033b8e50 code [0x00000000033b8fa0, 0x00000000033b90b0]
Event: 4.649 Thread 0x0000000016a0d800 1188       4       java.util.TreeMap$PrivateEntryIterator::hasNext (13 bytes)
Event: 4.650 Thread 0x0000000016a0d800 nmethod 1188 0x0000000003339990 code [0x0000000003339ac0, 0x0000000003339b38]
Event: 4.650 Thread 0x0000000016a0d800 1189       4       java.util.TreeMap::successor (66 bytes)
Event: 4.652 Thread 0x0000000016a18800 1191       3       com.android.dx.dex.file.MemberIdItem::addContents (26 bytes)
Event: 4.653 Thread 0x0000000016a0d800 nmethod 1189 0x00000000033c6250 code [0x00000000033c6380, 0x00000000033c6438]
Event: 4.653 Thread 0x0000000016a0d800 1190       4       java.util.TreeMap$PrivateEntryIterator::nextEntry (54 bytes)
Event: 4.653 Thread 0x0000000016a18800 nmethod 1191 0x00000000033c9ad0 code [0x00000000033c9ca0, 0x00000000033ca6c8]
Event: 4.654 Thread 0x0000000016a18800 1192  s    3       com.android.dx.dex.file.TypeIdsSection::intern (62 bytes)

GC Heap History (0 events):
No events

Deoptimization events (10 events):
Event: 4.597 Thread 0x0000000002e12800 Uncommon trap: reason=class_check action=maybe_recompile pc=0x0000000003315c4c method=java.util.HashMap.putVal(ILjava/lang/Object;Ljava/lang/Object;ZZ)Ljava/lang/Object; @ 203
Event: 4.597 Thread 0x0000000002e12800 Uncommon trap: reason=bimorphic action=maybe_recompile pc=0x00000000031cf1f8 method=java.util.HashMap.getNode(ILjava/lang/Object;)Ljava/util/HashMap$Node; @ 126
Event: 4.597 Thread 0x0000000002e12800 Uncommon trap: reason=class_check action=maybe_recompile pc=0x0000000003315c4c method=java.util.HashMap.putVal(ILjava/lang/Object;Ljava/lang/Object;ZZ)Ljava/lang/Object; @ 203
Event: 4.597 Thread 0x0000000002e12800 Uncommon trap: reason=bimorphic action=maybe_recompile pc=0x00000000031cf1f8 method=java.util.HashMap.getNode(ILjava/lang/Object;)Ljava/util/HashMap$Node; @ 126
Event: 4.597 Thread 0x0000000002e12800 Uncommon trap: reason=class_check action=maybe_recompile pc=0x0000000003315c4c method=java.util.HashMap.putVal(ILjava/lang/Object;Ljava/lang/Object;ZZ)Ljava/lang/Object; @ 203
Event: 4.597 Thread 0x0000000002e12800 Uncommon trap: reason=bimorphic action=maybe_recompile pc=0x000000000332a5ac method=java.util.HashMap.getNode(ILjava/lang/Object;)Ljava/util/HashMap$Node; @ 126
Event: 4.630 Thread 0x0000000002e12800 Uncommon trap: reason=bimorphic action=maybe_recompile pc=0x00000000033bc8dc method=java.util.HashMap.putVal(ILjava/lang/Object;Ljava/lang/Object;ZZ)Ljava/lang/Object; @ 203
Event: 4.630 Thread 0x0000000002e12800 Uncommon trap: reason=bimorphic action=maybe_recompile pc=0x00000000033bc8dc method=java.util.HashMap.putVal(ILjava/lang/Object;Ljava/lang/Object;ZZ)Ljava/lang/Object; @ 203
Event: 4.630 Thread 0x0000000002e12800 Uncommon trap: reason=bimorphic action=maybe_recompile pc=0x00000000033bc8dc method=java.util.HashMap.putVal(ILjava/lang/Object;Ljava/lang/Object;ZZ)Ljava/lang/Object; @ 203
Event: 4.630 Thread 0x0000000002e12800 Uncommon trap: reason=bimorphic action=maybe_recompile pc=0x00000000033bc8dc method=java.util.HashMap.putVal(ILjava/lang/Object;Ljava/lang/Object;ZZ)Ljava/lang/Object; @ 203

Internal exceptions (3 events):
Event: 0.125 Thread 0x0000000002e12800 Exception <a 'java/lang/NoSuchMethodError': Method sun.misc.Unsafe.defineClass(Ljava/lang/String;[BII)Ljava/lang/Class; name or signature does not match> (0x00000000eab07c78) thrown at [C:\src\android\AOSP-openjdk\external\jetbrains\jdk\hotspot\src\share\v
ÇÜ¥À?
Event: 0.126 Thread 0x0000000002e12800 Exception <a 'java/lang/NoSuchMethodError': Method sun.misc.Unsafe.prefetchRead(Ljava/lang/Object;J)V name or signature does not match> (0x00000000eab07f60) thrown at [C:\src\android\AOSP-openjdk\external\jetbrains\jdk\hotspot\src\share\vm\prims\jni.cpp, lêÔ:W @
Event: 4.281 Thread 0x0000000016b29000 Implicit null exception at 0x00000000032530a2 to 0x000000000325319a

Events (10 events):
Event: 4.630 Thread 0x0000000002e12800 DEOPT PACKING pc=0x00000000033bc8dc sp=0x0000000002e0eda0
Event: 4.630 Thread 0x0000000002e12800 DEOPT UNPACKING pc=0x0000000002f5556a sp=0x0000000002e0ed28 mode 2
Event: 4.630 Thread 0x0000000002e12800 Uncommon trap: trap_request=0xffffffc6 fr.pc=0x00000000033bc8dc
Event: 4.630 Thread 0x0000000002e12800 DEOPT PACKING pc=0x00000000033bc8dc sp=0x0000000002e0eda0
Event: 4.630 Thread 0x0000000002e12800 DEOPT UNPACKING pc=0x0000000002f5556a sp=0x0000000002e0ed28 mode 2
Event: 4.630 Thread 0x0000000002e12800 Uncommon trap: trap_request=0xffffffc6 fr.pc=0x00000000033bc8dc
Event: 4.630 Thread 0x0000000002e12800 DEOPT PACKING pc=0x00000000033bc8dc sp=0x0000000002e0eda0
Event: 4.630 Thread 0x0000000002e12800 DEOPT UNPACKING pc=0x0000000002f5556a sp=0x0000000002e0ed28 mode 2
Event: 4.644 loading class com/android/dx/dex/file/ProtoIdItem
Event: 4.644 loading class com/android/dx/dex/file/ProtoIdItem done


Dynamic libraries:
0x00007ff785640000 - 0x00007ff785671000 	D:\Android Studio\jre\bin\java.exe
0x00007ffcddc40000 - 0x00007ffcddded000 	C:\windows\SYSTEM32\ntdll.dll
0x00007ffcdd7c0000 - 0x00007ffcdd8fe000 	C:\windows\system32\KERNEL32.DLL
0x00007ffcdaeb0000 - 0x00007ffcdafc5000 	C:\windows\system32\KERNELBASE.dll
0x00007ffcdbc70000 - 0x00007ffcdbd1a000 	C:\windows\system32\ADVAPI32.dll
0x00007ffcdbaf0000 - 0x00007ffcdbc67000 	C:\windows\system32\USER32.dll
0x00007ffcd85d0000 - 0x00007ffcd884b000 	C:\windows\WinSxS\amd64_microsoft.windows.common-controls_6595b64144ccf1df_6.0.9600.18006_none_623f33d3ecbe86e8\COMCTL32.dll
0x00007ffcdc020000 - 0x00007ffcdc0ca000 	C:\windows\system32\msvcrt.dll
0x00007ffcdb330000 - 0x00007ffcdb389000 	C:\windows\SYSTEM32\sechost.dll
0x00007ffcdb390000 - 0x00007ffcdb4d0000 	C:\windows\system32\RPCRT4.dll
0x00007ffcddae0000 - 0x00007ffcddc2f000 	C:\windows\system32\GDI32.dll
0x00007ffcdadd0000 - 0x00007ffcdadfe000 	C:\windows\system32\SspiCli.dll
0x00007ffcdb970000 - 0x00007ffcdb9a6000 	C:\windows\system32\IMM32.DLL
0x00007ffcdbd20000 - 0x00007ffcdbe72000 	C:\windows\system32\MSCTF.dll
0x0000000060870000 - 0x0000000060942000 	D:\Android Studio\jre\jre\bin\msvcr100.dll
0x000000005edc0000 - 0x000000005f5fc000 	D:\Android Studio\jre\jre\bin\server\jvm.dll
0x00007ffcc0e90000 - 0x00007ffcc0e99000 	C:\windows\SYSTEM32\WSOCK32.dll
0x00007ffcdad40000 - 0x00007ffcdad62000 	C:\windows\system32\WINMM.dll
0x00007ffcd3210000 - 0x00007ffcd321a000 	C:\windows\SYSTEM32\VERSION.dll
0x00007ffcdb960000 - 0x00007ffcdb967000 	C:\windows\system32\PSAPI.DLL
0x00007ffcdb0d0000 - 0x00007ffcdb12a000 	C:\windows\system32\WS2_32.dll
0x00007ffcdaa60000 - 0x00007ffcdaa8a000 	C:\windows\system32\WINMMBASE.dll
0x00007ffcdc190000 - 0x00007ffcdc199000 	C:\windows\system32\NSI.dll
0x00007ffcdad70000 - 0x00007ffcdadbf000 	C:\windows\SYSTEM32\cfgmgr32.dll
0x00007ffcdaa30000 - 0x00007ffcdaa58000 	C:\windows\system32\DEVOBJ.dll
0x00007ffcd84e0000 - 0x00007ffcd84ef000 	D:\Android Studio\jre\jre\bin\verify.dll
0x00007ffcd78f0000 - 0x00007ffcd7919000 	D:\Android Studio\jre\jre\bin\java.dll
0x00007ffcd7a10000 - 0x00007ffcd7a26000 	D:\Android Studio\jre\jre\bin\zip.dll
0x00007ffcdc1c0000 - 0x00007ffcdd6e9000 	C:\windows\system32\SHELL32.dll
0x00007ffcdb740000 - 0x00007ffcdb951000 	C:\windows\SYSTEM32\combase.dll
0x00007ffcdb070000 - 0x00007ffcdb0c4000 	C:\windows\system32\SHLWAPI.dll
0x00007ffcd8d80000 - 0x00007ffcd8e32000 	C:\windows\SYSTEM32\SHCORE.dll
0x00007ffcda980000 - 0x00007ffcda995000 	C:\windows\SYSTEM32\profapi.dll

VM Arguments:
jvm_args: -Djava.awt.headless=true -Xmx1024M -Dfile.encoding=GBK -Duser.country=CN -Duser.language=zh -Duser.variant 
java_command: com.android.dx.command.Main --dex --num-threads=4 --output D:\android_wokespace\Park1\app\build\intermediates\pre-dexed\debug\debug_fbb0f697c35f25aa22a53c8b0c1de775393e180f.jar D:\android_wokespace\Park1\app\build\intermediates\classes\debug
java_class_path (initial): D:\AndroidSDK\build-tools\25.0.0\lib\dx.jar
Launcher Type: SUN_STANDARD

Environment Variables:
JAVA_HOME=D:\Program Files\Java\jdk1.8.0_60
CLASSPATH=.
PATH=D:\Program Files\Java\jdk1.8.0_60\bin;C:\Program Files (x86)\Lenovo\FusionEngine;C:\Program Files (x86)\Intel\iCLS Client\;C:\Program Files\Intel\iCLS Client\;C:\windows\system32;C:\windows;C:\windows\System32\Wbem;C:\windows\System32\WindowsPowerShell\v1.0\;C:\Program Files (x86)\ATI Technologies\ATI.ACE\Core-Static;C:\Program Files\Intel\Intel(R) Management Engine Components\DAL;C:\Program Files (x86)\Intel\Intel(R) Management Engine Components\DAL;C:\Program Files\Intel\Intel(R) Management Engine Components\IPT;C:\Program Files (x86)\Intel\Intel(R) Management Engine Components\IPT;C:\Program Files (x86)\Common Files\lenovo\easyplussdk\bin;C:\Program Files (x86)\Microsoft SQL Server\100\Tools\Binn\;C:\Program Files\Microsoft SQL Server\100\Tools\Binn\;C:\Program Files\Microsoft SQL Server\100\DTS\Binn\;C:\Program Files (x86)\Microsoft SQL Server\100\Tools\Binn\VSShell\Common7\IDE\;C:\Program Files (x86)\Microsoft SQL Server\100\DTS\Binn\;C:\Program Files (x86)\Microsoft Visual Studio 9.0\Common7\IDE\PrivateAssemblies\;D:\mysql\mysql-5.7.18-winx64\bin;D:\Git\cmd;D:\Android_sdk\build-tools;D:\Android_sdk\tools;;C:\Program Files\Microsoft SQL Server\110\DTS\Binn\;C:\Program Files (x86)\Microsoft SQL Server\110\Tools\Binn\;C:\Program Files\Microsoft SQL Server\110\Tools\Binn\;C:\Program Files (x86)\Microsoft SQL Server\110\Tools\Binn\ManagementStudio\;C:\Program Files (x86)\Microsoft Visual Studio 10.0\Common7\IDE\PrivateAssemblies\;C:\Program Files (x86)\Microsoft SQL Server\110\DTS\Binn\;D:\apache-tomcat-8.0.24\lib;D:\apache-tomcat-8.0.24\bin
USERNAME=lenovo
OS=Windows_NT
PROCESSOR_IDENTIFIER=Intel64 Family 6 Model 61 Stepping 4, GenuineIntel



---------------  S Y S T E M  ---------------

OS: Windows 8.1 , 64 bit Build 9600 (6.3.9600.17415)

CPU:total 4 (2 cores per cpu, 2 threads per core) family 6 model 61 stepping 4, cmov, cx8, fxsr, mmx, sse, sse2, sse3, ssse3, sse4.1, sse4.2, popcnt, avx, avx2, aes, clmul, erms, 3dnowpref, lzcnt, ht, tsc, tscinvbit, bmi1, bmi2, adx

Memory: 4k page, physical 8301656k(1790156k free), swap 8301656k(3088k free)

vm_info: OpenJDK 64-Bit Server VM (25.112-b06) for windows-amd64 JRE (1.8.0_112-release-b06), built on Dec  8 2016 00:54:26 by "builder" with MS VC++ 10.0 (VS2010)

time: Mon Nov 06 02:39:38 2017
elapsed time: 4 seconds (0d 0h 0m 4s)

