#
# There is insufficient memory for the Java Runtime Environment to continue.
# Native memory allocation (malloc) failed to allocate 673584 bytes for Chunk::new
# Possible reasons:
#   The system is out of physical RAM or swap space
#   In 32 bit mode, the process size limit was hit
# Possible solutions:
#   Reduce memory load on the system
#   Increase physical memory or swap space
#   Check if swap backing store is full
#   Use 64 bit Java on a 64 bit OS
#   Decrease Java heap size (-Xmx/-Xms)
#   Decrease number of Java threads
#   Decrease Java thread stack sizes (-Xss)
#   Set larger code cache with -XX:ReservedCodeCacheSize=
# This output file may be truncated or incomplete.
#
#  Out of Memory Error (allocation.cpp:390), pid=9944, tid=0x0000000000002ae4
#
# JRE version: OpenJDK Runtime Environment (8.0_112-b06) (build 1.8.0_112-release-b06)
# Java VM: OpenJDK 64-Bit Server VM (25.112-b06 mixed mode windows-amd64 compressed oops)
# Failed to write core dump. Minidumps are not enabled by default on client versions of Windows
#

---------------  T H R E A D  ---------------

Current thread (0x000000001633a000):  JavaThread "C2 CompilerThread1" daemon [_thread_in_native, id=10980, stack(0x0000000016a20000,0x0000000016b20000)]

Stack: [0x0000000016a20000,0x0000000016b20000]
[error occurred during error reporting (printing stack bounds), id 0xc0000005]

Native frames: (J=compiled Java code, j=interpreted, Vv=VM code, C=native code)


Current CompileTask:
C2:   4469 1462   !   4       com.android.dx.cf.code.BytecodeArray::parseInstruction (2764 bytes)


---------------  P R O C E S S  ---------------

Java Threads: ( => current thread )
  0x00000000163b3000 JavaThread "Service Thread" daemon [_thread_blocked, id=9372, stack(0x0000000016c20000,0x0000000016d20000)]
  0x0000000016347800 JavaThread "C1 CompilerThread2" daemon [_thread_in_native, id=10204, stack(0x0000000016b20000,0x0000000016c20000)]
=>0x000000001633a000 JavaThread "C2 CompilerThread1" daemon [_thread_in_native, id=10980, stack(0x0000000016a20000,0x0000000016b20000)]
  0x000000001501b800 JavaThread "C2 CompilerThread0" daemon [_thread_in_native, id=10844, stack(0x0000000016920000,0x0000000016a20000)]
  0x0000000014fcf800 JavaThread "Attach Listener" daemon [_thread_blocked, id=7552, stack(0x0000000016820000,0x0000000016920000)]
  0x0000000016328800 JavaThread "Signal Dispatcher" daemon [_thread_blocked, id=10724, stack(0x0000000016720000,0x0000000016820000)]
  0x00000000028ed000 JavaThread "Finalizer" daemon [_thread_blocked, id=8456, stack(0x0000000016220000,0x0000000016320000)]
  0x00000000028e2000 JavaThread "Reference Handler" daemon [_thread_blocked, id=9340, stack(0x0000000016120000,0x0000000016220000)]
  0x00000000027f2800 JavaThread "main" [_thread_in_Java, id=10580, stack(0x0000000002630000,0x0000000002730000)]

Other Threads:
  0x0000000014f84000 VMThread [stack: 0x0000000016020000,0x0000000016120000] [id=10148]
  0x00000000163b4000 WatcherThread [stack: 0x0000000016d20000,0x0000000016e20000] [id=9344]

VM state:not at safepoint (normal execution)

VM Mutex/Monitor currently owned by a thread: None

Heap:
 PSYoungGen      total 38400K, used 26437K [0x00000000eab00000, 0x00000000ed580000, 0x0000000100000000)
  eden space 33280K, 64% used [0x00000000eab00000,0x00000000ebfd51a8,0x00000000ecb80000)
  from space 5120K, 99% used [0x00000000ecb80000,0x00000000ed07c578,0x00000000ed080000)
  to   space 5120K, 0% used [0x00000000ed080000,0x00000000ed080000,0x00000000ed580000)
 ParOldGen       total 87552K, used 2191K [0x00000000c0000000, 0x00000000c5580000, 0x00000000eab00000)
  object space 87552K, 2% used [0x00000000c0000000,0x00000000c0223c60,0x00000000c5580000)
 Metaspace       used 6369K, capacity 7344K, committed 7552K, reserved 1056768K
  class space    used 586K, capacity 616K, committed 640K, reserved 1048576K

Card table byte_map: [0x0000000011cb0000,0x0000000011ec0000] byte_map_base: 0x00000000116b0000

Marking Bits: (ParMarkBitMap*) 0x000000006c8318f0
 Begin Bits: [0x0000000012420000, 0x0000000013420000)
 End Bits:   [0x0000000013420000, 0x0000000014420000)

Polling page: 0x00000000022e0000

CodeCache: size=245760Kb used=7026Kb max_used=7026Kb free=238733Kb
 bounds [0x00000000028f0000, 0x0000000002fe0000, 0x00000000118f0000]
 total_blobs=2051 nmethods=1786 adapters=178
 compilation: enabled

Compilation events (10 events):
Event: 4.464 Thread 0x0000000016347800 nmethod 1805 0x0000000002fcd1d0 code [0x0000000002fcd340, 0x0000000002fcd538]
Event: 4.464 Thread 0x0000000016347800 1806       2       com.android.dx.dex.code.InsnFormat::makeByte (42 bytes)
Event: 4.465 Thread 0x0000000016347800 nmethod 1806 0x0000000002fcd690 code [0x0000000002fcd800, 0x0000000002fcda98]
Event: 4.465 Thread 0x0000000016347800 1807       1       com.android.dx.dex.code.Dop::getFamily (5 bytes)
Event: 4.465 Thread 0x0000000016347800 nmethod 1807 0x0000000002fcdbd0 code [0x0000000002fcdd20, 0x0000000002fcde30]
Event: 4.465 Thread 0x0000000016347800 1808       2       com.android.dx.dex.code.InsnFormat::write (22 bytes)
Event: 4.465 Thread 0x0000000016347800 nmethod 1808 0x0000000002fcde90 code [0x0000000002fce020, 0x0000000002fce268]
Event: 4.465 Thread 0x0000000016347800 1809       2       com.android.dx.dex.code.InsnFormat::write (8 bytes)
Event: 4.466 Thread 0x0000000016347800 nmethod 1809 0x0000000002fce410 code [0x0000000002fce580, 0x0000000002fce708]
Event: 4.466 Thread 0x0000000016347800 1810       2       com.android.dx.dex.code.form.Form35c::writeTo (157 bytes)

GC Heap History (2 events):
Event: 3.457 GC heap before
{Heap before GC invocations=1 (full 0):
 PSYoungGen      total 38400K, used 33280K [0x00000000eab00000, 0x00000000ed580000, 0x0000000100000000)
  eden space 33280K, 100% used [0x00000000eab00000,0x00000000ecb80000,0x00000000ecb80000)
  from space 5120K, 0% used [0x00000000ed080000,0x00000000ed080000,0x00000000ed580000)
  to   space 5120K, 0% used [0x00000000ecb80000,0x00000000ecb80000,0x00000000ed080000)
 ParOldGen       total 87552K, used 0K [0x00000000c0000000, 0x00000000c5580000, 0x00000000eab00000)
  object space 87552K, 0% used [0x00000000c0000000,0x00000000c0000000,0x00000000c5580000)
 Metaspace       used 5854K, capacity 6960K, committed 7040K, reserved 1056768K
  class space    used 564K, capacity 616K, committed 640K, reserved 1048576K
Event: 3.482 GC heap after
Heap after GC invocations=1 (full 0):
 PSYoungGen      total 38400K, used 5105K [0x00000000eab00000, 0x00000000ed580000, 0x0000000100000000)
  eden space 33280K, 0% used [0x00000000eab00000,0x00000000eab00000,0x00000000ecb80000)
  from space 5120K, 99% used [0x00000000ecb80000,0x00000000ed07c578,0x00000000ed080000)
  to   space 5120K, 0% used [0x00000000ed080000,0x00000000ed080000,0x00000000ed580000)
 ParOldGen       total 87552K, used 2191K [0x00000000c0000000, 0x00000000c5580000, 0x00000000eab00000)
  object space 87552K, 2% used [0x00000000c0000000,0x00000000c0223c60,0x00000000c5580000)
 Metaspace       used 5854K, capacity 6960K, committed 7040K, reserved 1056768K
  class space    used 564K, capacity 616K, committed 640K, reserved 1048576K
}

Deoptimization events (10 events):
Event: 4.173 Thread 0x00000000027f2800 Uncommon trap: reason=bimorphic action=maybe_recompile pc=0x0000000002c549dc method=java.util.HashMap.putVal(ILjava/lang/Object;Ljava/lang/Object;ZZ)Ljava/lang/Object; @ 91
Event: 4.315 Thread 0x00000000027f2800 Uncommon trap: reason=speculate_class_check action=maybe_recompile pc=0x0000000002dd47fc method=com.android.dx.util.FixedSizeList.equals(Ljava/lang/Object;)Z @ 25
Event: 4.315 Thread 0x00000000027f2800 Uncommon trap: reason=class_check action=maybe_recompile pc=0x0000000002d67450 method=java.util.Arrays.equals([Ljava/lang/Object;[Ljava/lang/Object;)Z @ 62
Event: 4.315 Thread 0x00000000027f2800 Uncommon trap: reason=speculate_class_check action=maybe_recompile pc=0x0000000002dd47fc method=com.android.dx.util.FixedSizeList.equals(Ljava/lang/Object;)Z @ 25
Event: 4.315 Thread 0x00000000027f2800 Uncommon trap: reason=class_check action=maybe_recompile pc=0x0000000002d67450 method=java.util.Arrays.equals([Ljava/lang/Object;[Ljava/lang/Object;)Z @ 62
Event: 4.315 Thread 0x00000000027f2800 Uncommon trap: reason=speculate_class_check action=maybe_recompile pc=0x0000000002dd47fc method=com.android.dx.util.FixedSizeList.equals(Ljava/lang/Object;)Z @ 25
Event: 4.315 Thread 0x00000000027f2800 Uncommon trap: reason=class_check action=maybe_recompile pc=0x0000000002d67450 method=java.util.Arrays.equals([Ljava/lang/Object;[Ljava/lang/Object;)Z @ 62
Event: 4.315 Thread 0x00000000027f2800 Uncommon trap: reason=speculate_class_check action=maybe_recompile pc=0x0000000002dd47fc method=com.android.dx.util.FixedSizeList.equals(Ljava/lang/Object;)Z @ 25
Event: 4.315 Thread 0x00000000027f2800 Uncommon trap: reason=class_check action=maybe_recompile pc=0x0000000002d67450 method=java.util.Arrays.equals([Ljava/lang/Object;[Ljava/lang/Object;)Z @ 62
Event: 4.358 Thread 0x00000000027f2800 Uncommon trap: reason=unstable_if action=reinterpret pc=0x0000000002b1c05c method=java.util.TreeMap.put(Ljava/lang/Object;Ljava/lang/Object;)Ljava/lang/Object; @ 163

Internal exceptions (3 events):
Event: 0.130 Thread 0x00000000027f2800 Exception <a 'java/lang/NoSuchMethodError': Method sun.misc.Unsafe.defineClass(Ljava/lang/String;[BII)Ljava/lang/Class; name or signature does not match> (0x00000000eab07c78) thrown at [C:\src\android\AOSP-openjdk\external\jetbrains\jdk\hotspot\src\share\v{Å.ü¿?
Event: 0.130 Thread 0x00000000027f2800 Exception <a 'java/lang/NoSuchMethodError': Method sun.misc.Unsafe.prefetchRead(Ljava/lang/Object;J)V name or signature does not match> (0x00000000eab07f60) thrown at [C:\src\android\AOSP-openjdk\external\jetbrains\jdk\hotspot\src\share\vm\prims\jni.cpp, l˘∏zæî$@
Event: 3.518 Thread 0x00000000164b2800 Implicit null exception at 0x0000000002d63422 to 0x0000000002d6351a

Events (10 events):
Event: 4.389 loading class com/android/dx/dex/file/DebugInfoEncoder$2
Event: 4.389 loading class com/android/dx/dex/file/DebugInfoEncoder$2 done
Event: 4.401 Executing VM operation: ForceSafepoint
Event: 4.401 Executing VM operation: ForceSafepoint done
Event: 4.408 loading class com/android/dex/EncodedValueCodec
Event: 4.408 loading class com/android/dex/EncodedValueCodec done
Event: 4.430 loading class com/android/dx/dex/file/MapItem
Event: 4.430 loading class com/android/dx/dex/file/MapItem done
Event: 4.437 loading class com/android/dex/DexFormat
Event: 4.437 loading class com/android/dex/DexFormat done


Dynamic libraries:
0x00007ff61d400000 - 0x00007ff61d431000 	D:\Android Studio\jre\bin\java.exe
0x00007ffd36550000 - 0x00007ffd366fd000 	C:\windows\SYSTEM32\ntdll.dll
0x00007ffd33c20000 - 0x00007ffd33d5e000 	C:\windows\system32\KERNEL32.DLL
0x00007ffd33740000 - 0x00007ffd33855000 	C:\windows\system32\KERNELBASE.dll
0x00007ffd338e0000 - 0x00007ffd3398a000 	C:\windows\system32\ADVAPI32.dll
0x00007ffd33f10000 - 0x00007ffd34087000 	C:\windows\system32\USER32.dll
0x00007ffd30e20000 - 0x00007ffd3109b000 	C:\windows\WinSxS\amd64_microsoft.windows.common-controls_6595b64144ccf1df_6.0.9600.18006_none_623f33d3ecbe86e8\COMCTL32.dll
0x00007ffd35f10000 - 0x00007ffd35fba000 	C:\windows\system32\msvcrt.dll
0x00007ffd34230000 - 0x00007ffd34289000 	C:\windows\SYSTEM32\sechost.dll
0x00007ffd35dd0000 - 0x00007ffd35f10000 	C:\windows\system32\RPCRT4.dll
0x00007ffd33d60000 - 0x00007ffd33eaf000 	C:\windows\system32\GDI32.dll
0x00007ffd33860000 - 0x00007ffd3388e000 	C:\windows\system32\SspiCli.dll
0x00007ffd34320000 - 0x00007ffd34356000 	C:\windows\system32\IMM32.DLL
0x00007ffd34380000 - 0x00007ffd344d2000 	C:\windows\system32\MSCTF.dll
0x000000006bce0000 - 0x000000006bdb2000 	D:\Android Studio\jre\jre\bin\msvcr100.dll
0x000000006c070000 - 0x000000006c8ac000 	D:\Android Studio\jre\jre\bin\server\jvm.dll
0x00007ffd0c350000 - 0x00007ffd0c359000 	C:\windows\SYSTEM32\WSOCK32.dll
0x00007ffd33660000 - 0x00007ffd33682000 	C:\windows\system32\WINMM.dll
0x00007ffd2c0d0000 - 0x00007ffd2c0da000 	C:\windows\SYSTEM32\VERSION.dll
0x00007ffd35a10000 - 0x00007ffd35a17000 	C:\windows\system32\PSAPI.DLL
0x00007ffd342c0000 - 0x00007ffd3431a000 	C:\windows\system32\WS2_32.dll
0x00007ffd33390000 - 0x00007ffd333ba000 	C:\windows\system32\WINMMBASE.dll
0x00007ffd33b70000 - 0x00007ffd33b79000 	C:\windows\system32\NSI.dll
0x00007ffd33890000 - 0x00007ffd338df000 	C:\windows\SYSTEM32\cfgmgr32.dll
0x00007ffd33340000 - 0x00007ffd33368000 	C:\windows\system32\DEVOBJ.dll
0x00007ffd30160000 - 0x00007ffd3016f000 	D:\Android Studio\jre\jre\bin\verify.dll
0x00007ffd2fc90000 - 0x00007ffd2fcb9000 	D:\Android Studio\jre\jre\bin\java.dll
0x00007ffd30140000 - 0x00007ffd30156000 	D:\Android Studio\jre\jre\bin\zip.dll
0x00007ffd344e0000 - 0x00007ffd35a09000 	C:\windows\system32\SHELL32.dll
0x00007ffd35af0000 - 0x00007ffd35d01000 	C:\windows\SYSTEM32\combase.dll
0x00007ffd364f0000 - 0x00007ffd36544000 	C:\windows\system32\SHLWAPI.dll
0x00007ffd31b20000 - 0x00007ffd31bd2000 	C:\windows\SYSTEM32\SHCORE.dll
0x00007ffd33290000 - 0x00007ffd332a5000 	C:\windows\SYSTEM32\profapi.dll

VM Arguments:
jvm_args: -Djava.awt.headless=true -Xmx1024M -Dfile.encoding=GBK -Duser.country=CN -Duser.language=zh -Duser.variant 
java_command: com.android.dx.command.Main --dex --num-threads=4 --output D:\android_wokespace\Park1\app\build\intermediates\pre-dexed\debug\debug_fbb0f697c35f25aa22a53c8b0c1de775393e180f.jar D:\android_wokespace\Park1\app\build\intermediates\classes\debug
java_class_path (initial): D:\AndroidSDK\build-tools\25.0.0\lib\dx.jar
Launcher Type: SUN_STANDARD

Environment Variables:
JAVA_HOME=D:\Program Files\Java\jdk1.8.0_60
CLASSPATH=.
PATH=D:\Program Files\Java\jdk1.8.0_60\bin;C:\Program Files (x86)\Lenovo\FusionEngine;C:\Program Files (x86)\Intel\iCLS Client\;C:\Program Files\Intel\iCLS Client\;C:\windows\system32;C:\windows;C:\windows\System32\Wbem;C:\windows\System32\WindowsPowerShell\v1.0\;C:\Program Files (x86)\ATI Technologies\ATI.ACE\Core-Static;C:\Program Files\Intel\Intel(R) Management Engine Components\DAL;C:\Program Files (x86)\Intel\Intel(R) Management Engine Components\DAL;C:\Program Files\Intel\Intel(R) Management Engine Components\IPT;C:\Program Files (x86)\Intel\Intel(R) Management Engine Components\IPT;C:\Program Files (x86)\Common Files\lenovo\easyplussdk\bin;C:\Program Files (x86)\Microsoft SQL Server\100\Tools\Binn\;C:\Program Files\Microsoft SQL Server\100\Tools\Binn\;C:\Program Files\Microsoft SQL Server\100\DTS\Binn\;C:\Program Files (x86)\Microsoft SQL Server\100\Tools\Binn\VSShell\Common7\IDE\;C:\Program Files (x86)\Microsoft SQL Server\100\DTS\Binn\;C:\Program Files (x86)\Microsoft Visual Studio 9.0\Common7\IDE\PrivateAssemblies\;D:\mysql\mysql-5.7.18-winx64\bin;D:\Git\cmd;D:\Android_sdk\build-tools;D:\Android_sdk\tools;;C:\Program Files\Microsoft SQL Server\110\DTS\Binn\;C:\Program Files (x86)\Microsoft SQL Server\110\Tools\Binn\;C:\Program Files\Microsoft SQL Server\110\Tools\Binn\;C:\Program Files (x86)\Microsoft SQL Server\110\Tools\Binn\ManagementStudio\;C:\Program Files (x86)\Microsoft Visual Studio 10.0\Common7\IDE\PrivateAssemblies\;C:\Program Files (x86)\Microsoft SQL Server\110\DTS\Binn\;D:\apache-tomcat-8.0.24\lib;D:\apache-tomcat-8.0.24\bin
USERNAME=lenovo
OS=Windows_NT
PROCESSOR_IDENTIFIER=Intel64 Family 6 Model 61 Stepping 4, GenuineIntel



---------------  S Y S T E M  ---------------

OS: Windows 8.1 , 64 bit Build 9600 (6.3.9600.17415)

CPU:total 4 (2 cores per cpu, 2 threads per core) family 6 model 61 stepping 4, cmov, cx8, fxsr, mmx, sse, sse2, sse3, ssse3, sse4.1, sse4.2, popcnt, avx, avx2, aes, clmul, erms, 3dnowpref, lzcnt, ht, tsc, tscinvbit, bmi1, bmi2, adx

Memory: 4k page, physical 8301656k(1795768k free), swap 8301656k(4776k free)

vm_info: OpenJDK 64-Bit Server VM (25.112-b06) for windows-amd64 JRE (1.8.0_112-release-b06), built on Dec  8 2016 00:54:26 by "builder" with MS VC++ 10.0 (VS2010)

time: Wed Nov 15 10:56:29 2017
elapsed time: 4 seconds (0d 0h 0m 4s)

