#
# There is insufficient memory for the Java Runtime Environment to continue.
# Native memory allocation (malloc) failed to allocate 237296 bytes for Chunk::new
# Possible reasons:
#   The system is out of physical RAM or swap space
#   In 32 bit mode, the process size limit was hit
# Possible solutions:
#   Reduce memory load on the system
#   Increase physical memory or swap space
#   Check if swap backing store is full
#   Use 64 bit Java on a 64 bit OS
#   Decrease Java heap size (-Xmx/-Xms)
#   Decrease number of Java threads
#   Decrease Java thread stack sizes (-Xss)
#   Set larger code cache with -XX:ReservedCodeCacheSize=
# This output file may be truncated or incomplete.
#
#  Out of Memory Error (allocation.cpp:390), pid=9896, tid=0x00000000000017f0
#
# JRE version: OpenJDK Runtime Environment (8.0_112-b06) (build 1.8.0_112-release-b06)
# Java VM: OpenJDK 64-Bit Server VM (25.112-b06 mixed mode windows-amd64 compressed oops)
# Failed to write core dump. Minidumps are not enabled by default on client versions of Windows
#

---------------  T H R E A D  ---------------

Current thread (0x0000000014f2a000):  JavaThread "C2 CompilerThread0" daemon [_thread_in_native, id=6128, stack(0x0000000016870000,0x0000000016970000)]

Stack: [0x0000000016870000,0x0000000016970000]
[error occurred during error reporting (printing stack bounds), id 0xc0000005]

Native frames: (J=compiled Java code, j=interpreted, Vv=VM code, C=native code)


Current CompileTask:
C2:   3196 1043   !   4       com.android.dx.cf.code.BytecodeArray::parseInstruction (2764 bytes)


---------------  P R O C E S S  ---------------

Java Threads: ( => current thread )
  0x00000000163eb000 JavaThread "pool-1-thread-4" [_thread_in_Java, id=3864, stack(0x0000000017170000,0x0000000017270000)]
  0x00000000163ea000 JavaThread "pool-1-thread-3" [_thread_in_vm, id=6748, stack(0x0000000017070000,0x0000000017170000)]
  0x00000000163e8800 JavaThread "pool-1-thread-2" [_thread_in_Java, id=4928, stack(0x0000000016f70000,0x0000000017070000)]
  0x00000000163dc000 JavaThread "pool-2-thread-1" [_thread_blocked, id=7968, stack(0x0000000016e70000,0x0000000016f70000)]
  0x00000000163db800 JavaThread "pool-1-thread-1" [_thread_in_Java, id=6372, stack(0x0000000016d70000,0x0000000016e70000)]
  0x00000000162f1800 JavaThread "Service Thread" daemon [_thread_blocked, id=8652, stack(0x0000000016b70000,0x0000000016c70000)]
  0x00000000162cd000 JavaThread "C1 CompilerThread2" daemon [_thread_in_native, id=9400, stack(0x0000000016a70000,0x0000000016b70000)]
  0x000000001627b000 JavaThread "C2 CompilerThread1" daemon [_thread_in_native, id=9552, stack(0x0000000016970000,0x0000000016a70000)]
=>0x0000000014f2a000 JavaThread "C2 CompilerThread0" daemon [_thread_in_native, id=6128, stack(0x0000000016870000,0x0000000016970000)]
  0x0000000014f29800 JavaThread "Attach Listener" daemon [_thread_blocked, id=4504, stack(0x0000000016770000,0x0000000016870000)]
  0x0000000016278800 JavaThread "Signal Dispatcher" daemon [_thread_blocked, id=1408, stack(0x0000000016670000,0x0000000016770000)]
  0x00000000027fa000 JavaThread "Finalizer" daemon [_thread_blocked, id=9256, stack(0x0000000016120000,0x0000000016220000)]
  0x00000000027f1000 JavaThread "Reference Handler" daemon [_thread_blocked, id=2700, stack(0x0000000016020000,0x0000000016120000)]
  0x0000000002702800 JavaThread "main" [_thread_in_Java, id=1136, stack(0x00000000025d0000,0x00000000026d0000)]

Other Threads:
  0x0000000014e94800 VMThread [stack: 0x0000000015f20000,0x0000000016020000] [id=8808]
  0x00000000162d8800 WatcherThread [stack: 0x0000000016c70000,0x0000000016d70000] [id=4116]

VM state:not at safepoint (normal execution)

VM Mutex/Monitor currently owned by a thread: None

Heap:
 PSYoungGen      total 38400K, used 27304K [0x00000000eab00000, 0x00000000ed580000, 0x0000000100000000)
  eden space 33280K, 82% used [0x00000000eab00000,0x00000000ec5aa1e0,0x00000000ecb80000)
  from space 5120K, 0% used [0x00000000ed080000,0x00000000ed080000,0x00000000ed580000)
  to   space 5120K, 0% used [0x00000000ecb80000,0x00000000ecb80000,0x00000000ed080000)
 ParOldGen       total 87552K, used 0K [0x00000000c0000000, 0x00000000c5580000, 0x00000000eab00000)
  object space 87552K, 0% used [0x00000000c0000000,0x00000000c0000000,0x00000000c5580000)
 Metaspace       used 5709K, capacity 6832K, committed 7040K, reserved 1056768K
  class space    used 560K, capacity 616K, committed 640K, reserved 1048576K

Card table byte_map: [0x0000000011bc0000,0x0000000011dd0000] byte_map_base: 0x00000000115c0000

Marking Bits: (ParMarkBitMap*) 0x000000005b8e18f0
 Begin Bits: [0x0000000012330000, 0x0000000013330000)
 End Bits:   [0x0000000013330000, 0x0000000014330000)

Polling page: 0x0000000000a60000

CodeCache: size=245760Kb used=4512Kb max_used=4512Kb free=241247Kb
 bounds [0x0000000002800000, 0x0000000002c70000, 0x0000000011800000]
 total_blobs=1385 nmethods=1120 adapters=177
 compilation: enabled

Compilation events (10 events):
Event: 3.100 Thread 0x00000000162cd000 nmethod 1115 0x0000000002c54390 code [0x0000000002c545c0, 0x0000000002c552e8]
Event: 3.100 Thread 0x00000000162cd000 1118       3       com.android.dx.rop.cst.StdConstantPool::get0Ok (12 bytes)
Event: 3.103 Thread 0x00000000162cd000 nmethod 1118 0x0000000002c55a10 code [0x0000000002c55cc0, 0x0000000002c56e58]
Event: 3.103 Thread 0x00000000162cd000 1113       3       com.android.dx.dex.code.RopTranslator$TranslationVisitor::visitPlainCstInsn (161 bytes)
Event: 3.108 Thread 0x00000000162cd000 nmethod 1113 0x0000000002c57c10 code [0x0000000002c57fc0, 0x0000000002c5a478]
Event: 3.108 Thread 0x00000000162cd000 1114       3       com.android.dx.dex.cf.AttributeTranslator::getExceptions (32 bytes)
Event: 3.109 Thread 0x00000000162cd000 nmethod 1114 0x0000000002c5c0d0 code [0x0000000002c5c280, 0x0000000002c5c748]
Event: 3.116 Thread 0x00000000162cd000 1119       3       com.android.dx.dex.file.OffsettedItem::<init> (44 bytes)
Event: 3.117 Thread 0x00000000162cd000 nmethod 1119 0x0000000002c5c910 code [0x0000000002c5cac0, 0x0000000002c5cf98]
Event: 3.181 Thread 0x00000000162cd000 1120       3       com.android.dx.ssa.SCCP::run (298 bytes)

GC Heap History (0 events):
No events

Deoptimization events (10 events):
Event: 2.834 Thread 0x00000000163e8800 Uncommon trap: reason=class_check action=maybe_recompile pc=0x0000000002b28714 method=com.android.dx.ssa.NormalSsaInsn.accept(Lcom/android/dx/ssa/SsaInsn$Visitor;)V @ 9
Event: 2.980 Thread 0x00000000163ea000 Uncommon trap: reason=class_check action=maybe_recompile pc=0x0000000002b4d4a8 method=com.android.dx.rop.type.Type.equals(Ljava/lang/Object;)Z @ 8
Event: 2.984 Thread 0x00000000163ea000 Uncommon trap: reason=class_check action=maybe_recompile pc=0x0000000002b4d4a8 method=com.android.dx.rop.type.Type.equals(Ljava/lang/Object;)Z @ 8
Event: 2.985 Thread 0x00000000163db800 Uncommon trap: reason=class_check action=maybe_recompile pc=0x0000000002b28714 method=com.android.dx.ssa.NormalSsaInsn.accept(Lcom/android/dx/ssa/SsaInsn$Visitor;)V @ 9
Event: 2.985 Thread 0x00000000163db800 Uncommon trap: reason=class_check action=maybe_recompile pc=0x0000000002b28714 method=com.android.dx.ssa.NormalSsaInsn.accept(Lcom/android/dx/ssa/SsaInsn$Visitor;)V @ 9
Event: 2.985 Thread 0x00000000163db800 Uncommon trap: reason=class_check action=maybe_recompile pc=0x0000000002b28714 method=com.android.dx.ssa.NormalSsaInsn.accept(Lcom/android/dx/ssa/SsaInsn$Visitor;)V @ 9
Event: 2.985 Thread 0x00000000163db800 Uncommon trap: reason=class_check action=maybe_recompile pc=0x0000000002a6a2f0 method=com.android.dx.ssa.NormalSsaInsn.accept(Lcom/android/dx/ssa/SsaInsn$Visitor;)V @ 9
Event: 2.994 Thread 0x00000000163ea000 Uncommon trap: reason=class_check action=maybe_recompile pc=0x0000000002b4d4a8 method=com.android.dx.rop.type.Type.equals(Ljava/lang/Object;)Z @ 8
Event: 2.999 Thread 0x00000000163ea000 Uncommon trap: reason=class_check action=maybe_recompile pc=0x0000000002b4d4a8 method=com.android.dx.rop.type.Type.equals(Ljava/lang/Object;)Z @ 8
Event: 3.032 Thread 0x00000000163db800 Uncommon trap: reason=unstable_if action=reinterpret pc=0x0000000002c15e40 method=com.android.dx.rop.code.RegisterSpecSet.put(Lcom/android/dx/rop/code/RegisterSpec;)V @ 77

Internal exceptions (2 events):
Event: 0.183 Thread 0x0000000002702800 Exception <a 'java/lang/NoSuchMethodError': Method sun.misc.Unsafe.defineClass(Ljava/lang/String;[BII)Ljava/lang/Class; name or signature does not match> (0x00000000eab07c78) thrown at [C:\src\android\AOSP-openjdk\external\jetbrains\jdk\hotspot\src\share\v0Ç`ƒî‚Ç?
Event: 0.184 Thread 0x0000000002702800 Exception <a 'java/lang/NoSuchMethodError': Method sun.misc.Unsafe.prefetchRead(Ljava/lang/Object;J)V name or signature does not match> (0x00000000eab07f60) thrown at [C:\src\android\AOSP-openjdk\external\jetbrains\jdk\hotspot\src\share\vm\prims\jni.cpp, l

Events (10 events):
Event: 2.986 loading class com/android/dx/ssa/back/FirstFitLocalCombiningAllocator$Multiset done
Event: 2.994 Thread 0x00000000163ea000 Uncommon trap: trap_request=0xffffffde fr.pc=0x0000000002b4d4a8
Event: 2.994 Thread 0x00000000163ea000 DEOPT PACKING pc=0x0000000002b4d4a8 sp=0x000000001716e3e0
Event: 2.994 Thread 0x00000000163ea000 DEOPT UNPACKING pc=0x000000000284556a sp=0x000000001716e378 mode 2
Event: 2.999 Thread 0x00000000163ea000 Uncommon trap: trap_request=0xffffffde fr.pc=0x0000000002b4d4a8
Event: 2.999 Thread 0x00000000163ea000 DEOPT PACKING pc=0x0000000002b4d4a8 sp=0x000000001716eb20
Event: 2.999 Thread 0x00000000163ea000 DEOPT UNPACKING pc=0x000000000284556a sp=0x000000001716eab8 mode 2
Event: 3.032 Thread 0x00000000163db800 Uncommon trap: trap_request=0xffffff65 fr.pc=0x0000000002c15e40
Event: 3.032 Thread 0x00000000163db800 DEOPT PACKING pc=0x0000000002c15e40 sp=0x0000000016e6e670
Event: 3.032 Thread 0x00000000163db800 DEOPT UNPACKING pc=0x000000000284556a sp=0x0000000016e6e590 mode 2


Dynamic libraries:
0x00007ff7cd120000 - 0x00007ff7cd151000 	D:\Android Studio\jre\bin\java.exe
0x00007ff8772e0000 - 0x00007ff87748d000 	C:\windows\SYSTEM32\ntdll.dll
0x00007ff876aa0000 - 0x00007ff876bde000 	C:\windows\system32\KERNEL32.DLL
0x00007ff8743e0000 - 0x00007ff8744f5000 	C:\windows\system32\KERNELBASE.dll
0x00007ff8769b0000 - 0x00007ff876a5a000 	C:\windows\system32\ADVAPI32.dll
0x00007ff8764d0000 - 0x00007ff876647000 	C:\windows\system32\USER32.dll
0x00007ff872440000 - 0x00007ff8726bb000 	C:\windows\WinSxS\amd64_microsoft.windows.common-controls_6595b64144ccf1df_6.0.9600.18006_none_623f33d3ecbe86e8\COMCTL32.dll
0x00007ff8749f0000 - 0x00007ff874a9a000 	C:\windows\system32\msvcrt.dll
0x00007ff876be0000 - 0x00007ff876c39000 	C:\windows\SYSTEM32\sechost.dll
0x00007ff8762a0000 - 0x00007ff8763e0000 	C:\windows\system32\RPCRT4.dll
0x00007ff874680000 - 0x00007ff8747cf000 	C:\windows\system32\GDI32.dll
0x00007ff8743b0000 - 0x00007ff8743de000 	C:\windows\system32\SspiCli.dll
0x00007ff876a60000 - 0x00007ff876a96000 	C:\windows\system32\IMM32.DLL
0x00007ff8766b0000 - 0x00007ff876802000 	C:\windows\system32\MSCTF.dll
0x000000005aa00000 - 0x000000005aad2000 	D:\Android Studio\jre\jre\bin\msvcr100.dll
0x000000005b120000 - 0x000000005b95c000 	D:\Android Studio\jre\jre\bin\server\jvm.dll
0x00007ff84a160000 - 0x00007ff84a169000 	C:\windows\SYSTEM32\WSOCK32.dll
0x00007ff874150000 - 0x00007ff874172000 	C:\windows\system32\WINMM.dll
0x00007ff86ca60000 - 0x00007ff86ca6a000 	C:\windows\SYSTEM32\VERSION.dll
0x00007ff876290000 - 0x00007ff876297000 	C:\windows\system32\PSAPI.DLL
0x00007ff874ce0000 - 0x00007ff874d3a000 	C:\windows\system32\WS2_32.dll
0x00007ff874120000 - 0x00007ff87414a000 	C:\windows\system32\WINMMBASE.dll
0x00007ff8764a0000 - 0x00007ff8764a9000 	C:\windows\system32\NSI.dll
0x00007ff874500000 - 0x00007ff87454f000 	C:\windows\SYSTEM32\cfgmgr32.dll
0x00007ff8740d0000 - 0x00007ff8740f8000 	C:\windows\system32\DEVOBJ.dll
0x00007ff859b60000 - 0x00007ff859b6f000 	D:\Android Studio\jre\jre\bin\verify.dll
0x00007ff858720000 - 0x00007ff858749000 	D:\Android Studio\jre\jre\bin\java.dll
0x00007ff851b90000 - 0x00007ff851ba6000 	D:\Android Studio\jre\jre\bin\zip.dll
0x00007ff874d60000 - 0x00007ff876289000 	C:\windows\system32\SHELL32.dll
0x00007ff8747d0000 - 0x00007ff8749e1000 	C:\windows\SYSTEM32\combase.dll
0x00007ff874aa0000 - 0x00007ff874af4000 	C:\windows\system32\SHLWAPI.dll
0x00007ff872890000 - 0x00007ff872942000 	C:\windows\SYSTEM32\SHCORE.dll
0x00007ff874020000 - 0x00007ff874035000 	C:\windows\SYSTEM32\profapi.dll

VM Arguments:
jvm_args: -Djava.awt.headless=true -Xmx1024M -Dfile.encoding=GBK -Duser.country=CN -Duser.language=zh -Duser.variant 
java_command: com.android.dx.command.Main --dex --num-threads=4 --output D:\android_wokespace\Park1\app\build\intermediates\pre-dexed\debug\debug_fbb0f697c35f25aa22a53c8b0c1de775393e180f.jar D:\android_wokespace\Park1\app\build\intermediates\classes\debug
java_class_path (initial): D:\AndroidSDK\build-tools\25.0.0\lib\dx.jar
Launcher Type: SUN_STANDARD

Environment Variables:
JAVA_HOME=D:\Program Files\Java\jdk1.8.0_60
CLASSPATH=.
PATH=D:\Program Files\Java\jdk1.8.0_60\bin;C:\Program Files (x86)\Lenovo\FusionEngine;C:\Program Files (x86)\Intel\iCLS Client\;C:\Program Files\Intel\iCLS Client\;C:\windows\system32;C:\windows;C:\windows\System32\Wbem;C:\windows\System32\WindowsPowerShell\v1.0\;C:\Program Files (x86)\ATI Technologies\ATI.ACE\Core-Static;C:\Program Files\Intel\Intel(R) Management Engine Components\DAL;C:\Program Files (x86)\Intel\Intel(R) Management Engine Components\DAL;C:\Program Files\Intel\Intel(R) Management Engine Components\IPT;C:\Program Files (x86)\Intel\Intel(R) Management Engine Components\IPT;C:\Program Files (x86)\Common Files\lenovo\easyplussdk\bin;C:\Program Files (x86)\Microsoft SQL Server\100\Tools\Binn\;C:\Program Files\Microsoft SQL Server\100\Tools\Binn\;C:\Program Files\Microsoft SQL Server\100\DTS\Binn\;C:\Program Files (x86)\Microsoft SQL Server\100\Tools\Binn\VSShell\Common7\IDE\;C:\Program Files (x86)\Microsoft SQL Server\100\DTS\Binn\;C:\Program Files (x86)\Microsoft Visual Studio 9.0\Common7\IDE\PrivateAssemblies\;D:\mysql\mysql-5.7.18-winx64\bin;D:\Git\cmd;D:\Android_sdk\build-tools;D:\Android_sdk\tools;;C:\Program Files\Microsoft SQL Server\110\DTS\Binn\;C:\Program Files (x86)\Microsoft SQL Server\110\Tools\Binn\;C:\Program Files\Microsoft SQL Server\110\Tools\Binn\;C:\Program Files (x86)\Microsoft SQL Server\110\Tools\Binn\ManagementStudio\;C:\Program Files (x86)\Microsoft Visual Studio 10.0\Common7\IDE\PrivateAssemblies\;C:\Program Files (x86)\Microsoft SQL Server\110\DTS\Binn\;D:\apache-tomcat-8.0.24\lib;D:\apache-tomcat-8.0.24\bin
USERNAME=lenovo
OS=Windows_NT
PROCESSOR_IDENTIFIER=Intel64 Family 6 Model 61 Stepping 4, GenuineIntel



---------------  S Y S T E M  ---------------

OS: Windows 8.1 , 64 bit Build 9600 (6.3.9600.17415)

CPU:total 4 (2 cores per cpu, 2 threads per core) family 6 model 61 stepping 4, cmov, cx8, fxsr, mmx, sse, sse2, sse3, ssse3, sse4.1, sse4.2, popcnt, avx, avx2, aes, clmul, erms, 3dnowpref, lzcnt, ht, tsc, tscinvbit, bmi1, bmi2, adx

Memory: 4k page, physical 8301656k(1548300k free), swap 8301656k(4212k free)

vm_info: OpenJDK 64-Bit Server VM (25.112-b06) for windows-amd64 JRE (1.8.0_112-release-b06), built on Dec  8 2016 00:54:26 by "builder" with MS VC++ 10.0 (VS2010)

time: Fri Nov 10 03:07:21 2017
elapsed time: 3 seconds (0d 0h 0m 3s)

