#
# There is insufficient memory for the Java Runtime Environment to continue.
# Native memory allocation (malloc) failed to allocate 250496 bytes for Chunk::new
# Possible reasons:
#   The system is out of physical RAM or swap space
#   In 32 bit mode, the process size limit was hit
# Possible solutions:
#   Reduce memory load on the system
#   Increase physical memory or swap space
#   Check if swap backing store is full
#   Use 64 bit Java on a 64 bit OS
#   Decrease Java heap size (-Xmx/-Xms)
#   Decrease number of Java threads
#   Decrease Java thread stack sizes (-Xss)
#   Set larger code cache with -XX:ReservedCodeCacheSize=
# This output file may be truncated or incomplete.
#
#  Out of Memory Error (allocation.cpp:390), pid=14304, tid=0x0000000000001cf4
#
# JRE version: OpenJDK Runtime Environment (8.0_112-b06) (build 1.8.0_112-release-b06)
# Java VM: OpenJDK 64-Bit Server VM (25.112-b06 mixed mode windows-amd64 compressed oops)
# Failed to write core dump. Minidumps are not enabled by default on client versions of Windows
#

---------------  T H R E A D  ---------------

Current thread (0x0000000014d3a000):  JavaThread "C2 CompilerThread0" daemon [_thread_in_native, id=7412, stack(0x0000000016690000,0x0000000016790000)]

Stack: [0x0000000016690000,0x0000000016790000]
[error occurred during error reporting (printing stack bounds), id 0xc0000005]

Native frames: (J=compiled Java code, j=interpreted, Vv=VM code, C=native code)


Current CompileTask:
C2:   4824 1247       4       com.android.dx.ssa.back.LivenessAnalyzer::handleTailRecursion (94 bytes)


---------------  P R O C E S S  ---------------

Java Threads: ( => current thread )
  0x00000000163fc000 JavaThread "pool-1-thread-4" [_thread_blocked, id=10092, stack(0x0000000016f90000,0x0000000017090000)]
  0x00000000163f9000 JavaThread "pool-1-thread-3" [_thread_blocked, id=9488, stack(0x0000000016e90000,0x0000000016f90000)]
  0x00000000163f8800 JavaThread "pool-1-thread-2" [_thread_blocked, id=13844, stack(0x0000000016d90000,0x0000000016e90000)]
  0x00000000163c4000 JavaThread "pool-2-thread-1" [_thread_blocked, id=10668, stack(0x0000000016c90000,0x0000000016d90000)]
  0x00000000163bc800 JavaThread "pool-1-thread-1" [_thread_blocked, id=11928, stack(0x0000000016b90000,0x0000000016c90000)]
  0x00000000160f8800 JavaThread "Service Thread" daemon [_thread_blocked, id=13936, stack(0x0000000016990000,0x0000000016a90000)]
  0x00000000160ea800 JavaThread "C1 CompilerThread2" daemon [_thread_in_vm, id=9128, stack(0x0000000016890000,0x0000000016990000)]
  0x0000000014d3d000 JavaThread "C2 CompilerThread1" daemon [_thread_in_native, id=6324, stack(0x0000000016790000,0x0000000016890000)]
=>0x0000000014d3a000 JavaThread "C2 CompilerThread0" daemon [_thread_in_native, id=7412, stack(0x0000000016690000,0x0000000016790000)]
  0x0000000014d39800 JavaThread "Attach Listener" daemon [_thread_blocked, id=12744, stack(0x0000000016590000,0x0000000016690000)]
  0x0000000016098800 JavaThread "Signal Dispatcher" daemon [_thread_blocked, id=11744, stack(0x0000000016490000,0x0000000016590000)]
  0x00000000025da000 JavaThread "Finalizer" daemon [_thread_blocked, id=2408, stack(0x0000000015f30000,0x0000000016030000)]
  0x00000000025d1000 JavaThread "Reference Handler" daemon [_thread_blocked, id=13136, stack(0x0000000015e30000,0x0000000015f30000)]
  0x00000000024dd800 JavaThread "main" [_thread_blocked, id=2032, stack(0x00000000023c0000,0x00000000024c0000)]

Other Threads:
  0x0000000014ca4800 VMThread [stack: 0x0000000015d30000,0x0000000015e30000] [id=14288]
  0x00000000160f9800 WatcherThread [stack: 0x0000000016a90000,0x0000000016b90000] [id=3812]

VM state:not at safepoint (normal execution)

VM Mutex/Monitor currently owned by a thread: None

Heap:
 PSYoungGen      total 38400K, used 15100K [0x00000000eab00000, 0x00000000ed580000, 0x0000000100000000)
  eden space 33280K, 30% used [0x00000000eab00000,0x00000000eb4c4ad8,0x00000000ecb80000)
  from space 5120K, 99% used [0x00000000ecb80000,0x00000000ed07a780,0x00000000ed080000)
  to   space 5120K, 0% used [0x00000000ed080000,0x00000000ed080000,0x00000000ed580000)
 ParOldGen       total 87552K, used 59K [0x00000000c0000000, 0x00000000c5580000, 0x00000000eab00000)
  object space 87552K, 0% used [0x00000000c0000000,0x00000000c000ec08,0x00000000c5580000)
 Metaspace       used 5933K, capacity 6960K, committed 7040K, reserved 1056768K
  class space    used 569K, capacity 616K, committed 640K, reserved 1048576K

Card table byte_map: [0x00000000119b0000,0x0000000011bc0000] byte_map_base: 0x00000000113b0000

Marking Bits: (ParMarkBitMap*) 0x000000005f5818f0
 Begin Bits: [0x0000000012120000, 0x0000000013120000)
 End Bits:   [0x0000000013120000, 0x0000000014120000)

Polling page: 0x0000000000890000

CodeCache: size=245760Kb used=5231Kb max_used=5231Kb free=240528Kb
 bounds [0x00000000025f0000, 0x0000000002b10000, 0x00000000115f0000]
 total_blobs=1514 nmethods=1250 adapters=178
 compilation: enabled

Compilation events (10 events):
Event: 4.807 Thread 0x00000000160ea800 nmethod 1256 0x0000000002af7490 code [0x0000000002af7620, 0x0000000002af7a18]
Event: 4.809 Thread 0x00000000160ea800 1258       3       com.android.dx.rop.type.Prototype::getParameterFrameTypes (96 bytes)
Event: 4.810 Thread 0x00000000160ea800 nmethod 1258 0x0000000002af7b50 code [0x0000000002af7da0, 0x0000000002af8db8]
Event: 4.811 Thread 0x00000000160ea800 1260       3       com.android.dx.rop.code.RegisterSpecList::getType (12 bytes)
Event: 4.812 Thread 0x00000000160ea800 nmethod 1260 0x0000000002af9850 code [0x0000000002af99e0, 0x0000000002afa038]
Event: 4.812 Thread 0x00000000160ea800 1261       3       com.android.dx.cf.direct.StdAttributeFactory::code (613 bytes)
Event: 4.820 Thread 0x00000000160ea800 nmethod 1261 0x0000000002afa210 code [0x0000000002afab80, 0x0000000002b01798]
Event: 4.820 Thread 0x00000000160ea800 1262       3       com.android.dx.cf.code.BytecodeArray::processWorkSet (50 bytes)
Event: 4.821 Thread 0x00000000160ea800 nmethod 1262 0x0000000002b08450 code [0x0000000002b08600, 0x0000000002b08b78]
Event: 4.821 Thread 0x00000000160ea800 1263       3       com.android.dx.cf.direct.StdAttributeFactory::lineNumberTable (204 bytes)

GC Heap History (2 events):
Event: 4.558 GC heap before
{Heap before GC invocations=1 (full 0):
 PSYoungGen      total 38400K, used 33280K [0x00000000eab00000, 0x00000000ed580000, 0x0000000100000000)
  eden space 33280K, 100% used [0x00000000eab00000,0x00000000ecb80000,0x00000000ecb80000)
  from space 5120K, 0% used [0x00000000ed080000,0x00000000ed080000,0x00000000ed580000)
  to   space 5120K, 0% used [0x00000000ecb80000,0x00000000ecb80000,0x00000000ed080000)
 ParOldGen       total 87552K, used 0K [0x00000000c0000000, 0x00000000c5580000, 0x00000000eab00000)
  object space 87552K, 0% used [0x00000000c0000000,0x00000000c0000000,0x00000000c5580000)
 Metaspace       used 5818K, capacity 6896K, committed 7040K, reserved 1056768K
  class space    used 564K, capacity 616K, committed 640K, reserved 1048576K
Event: 4.589 GC heap after
Heap after GC invocations=1 (full 0):
 PSYoungGen      total 38400K, used 5097K [0x00000000eab00000, 0x00000000ed580000, 0x0000000100000000)
  eden space 33280K, 0% used [0x00000000eab00000,0x00000000eab00000,0x00000000ecb80000)
  from space 5120K, 99% used [0x00000000ecb80000,0x00000000ed07a780,0x00000000ed080000)
  to   space 5120K, 0% used [0x00000000ed080000,0x00000000ed080000,0x00000000ed580000)
 ParOldGen       total 87552K, used 59K [0x00000000c0000000, 0x00000000c5580000, 0x00000000eab00000)
  object space 87552K, 0% used [0x00000000c0000000,0x00000000c000ec08,0x00000000c5580000)
 Metaspace       used 5818K, capacity 6896K, committed 7040K, reserved 1056768K
  class space    used 564K, capacity 616K, committed 640K, reserved 1048576K
}

Deoptimization events (10 events):
Event: 4.418 Thread 0x00000000163bc800 Uncommon trap: reason=class_check action=maybe_recompile pc=0x00000000028bfab0 method=com.android.dx.ssa.NormalSsaInsn.accept(Lcom/android/dx/ssa/SsaInsn$Visitor;)V @ 9
Event: 4.436 Thread 0x00000000163bc800 Uncommon trap: reason=unstable_if action=reinterpret pc=0x00000000028d5048 method=java.util.HashMap.getNode(ILjava/lang/Object;)Ljava/util/HashMap$Node; @ 129
Event: 4.623 Thread 0x00000000163bc800 Uncommon trap: reason=unstable_if action=reinterpret pc=0x00000000028337b0 method=java.util.BitSet.nextSetBit(I)I @ 87
Event: 4.661 Thread 0x00000000024dd800 Uncommon trap: reason=class_check action=maybe_recompile pc=0x00000000029c4568 method=com.android.dx.rop.type.Type.equals(Ljava/lang/Object;)Z @ 8
Event: 4.661 Thread 0x00000000024dd800 Uncommon trap: reason=class_check action=maybe_recompile pc=0x00000000029c4568 method=com.android.dx.rop.type.Type.equals(Ljava/lang/Object;)Z @ 8
Event: 4.662 Thread 0x00000000024dd800 Uncommon trap: reason=class_check action=maybe_recompile pc=0x00000000029c4568 method=com.android.dx.rop.type.Type.equals(Ljava/lang/Object;)Z @ 8
Event: 4.662 Thread 0x00000000024dd800 Uncommon trap: reason=class_check action=maybe_recompile pc=0x00000000029c4568 method=com.android.dx.rop.type.Type.equals(Ljava/lang/Object;)Z @ 8
Event: 4.664 Thread 0x00000000024dd800 Uncommon trap: reason=class_check action=maybe_recompile pc=0x00000000029b67a8 method=com.android.dx.rop.type.Type.equals(Ljava/lang/Object;)Z @ 8
Event: 4.687 Thread 0x00000000163f8800 Uncommon trap: reason=class_check action=maybe_recompile pc=0x0000000002a527a0 method=com.android.dx.rop.type.Type.equals(Ljava/lang/Object;)Z @ 8
Event: 4.693 Thread 0x00000000163f8800 Uncommon trap: reason=unstable_if action=reinterpret pc=0x0000000002a4f9dc method=com.android.dx.rop.cst.Constant.compareTo(Lcom/android/dx/rop/cst/Constant;)I @ 12

Internal exceptions (2 events):
Event: 0.184 Thread 0x00000000024dd800 Exception <a 'java/lang/NoSuchMethodError': Method sun.misc.Unsafe.defineClass(Ljava/lang/String;[BII)Ljava/lang/Class; name or signature does not match> (0x00000000eab07c78) thrown at [C:\src\android\AOSP-openjdk\external\jetbrains\jdk\hotspot\src\share\ve~2c5‰Ç?
Event: 0.184 Thread 0x00000000024dd800 Exception <a 'java/lang/NoSuchMethodError': Method sun.misc.Unsafe.prefetchRead(Ljava/lang/Object;J)V name or signature does not match> (0x00000000eab07f60) thrown at [C:\src\android\AOSP-openjdk\external\jetbrains\jdk\hotspot\src\share\vm\prims\jni.cpp, l

Events (10 events):
Event: 4.730 loading class com/android/dx/rop/code/RegOps
Event: 4.730 loading class com/android/dx/rop/code/RegOps done
Event: 4.760 loading class com/android/dx/cf/attrib/AttRuntimeVisibleAnnotations
Event: 4.760 loading class com/android/dx/cf/attrib/AttRuntimeVisibleAnnotations done
Event: 4.771 loading class java/util/TreeMap$EntrySet
Event: 4.771 loading class java/util/TreeMap$EntrySet done
Event: 4.771 loading class java/util/TreeMap$EntryIterator
Event: 4.771 loading class java/util/TreeMap$EntryIterator done
Event: 4.771 Executing VM operation: Deoptimize
Event: 4.771 Executing VM operation: Deoptimize done


Dynamic libraries:
0x00007ff785640000 - 0x00007ff785671000 	D:\Android Studio\jre\bin\java.exe
0x00007ffcddc40000 - 0x00007ffcddded000 	C:\windows\SYSTEM32\ntdll.dll
0x00007ffcdd7c0000 - 0x00007ffcdd8fe000 	C:\windows\system32\KERNEL32.DLL
0x00007ffcdaeb0000 - 0x00007ffcdafc5000 	C:\windows\system32\KERNELBASE.dll
0x00007ffcdbc70000 - 0x00007ffcdbd1a000 	C:\windows\system32\ADVAPI32.dll
0x00007ffcdbaf0000 - 0x00007ffcdbc67000 	C:\windows\system32\USER32.dll
0x00007ffcd85d0000 - 0x00007ffcd884b000 	C:\windows\WinSxS\amd64_microsoft.windows.common-controls_6595b64144ccf1df_6.0.9600.18006_none_623f33d3ecbe86e8\COMCTL32.dll
0x00007ffcdc020000 - 0x00007ffcdc0ca000 	C:\windows\system32\msvcrt.dll
0x00007ffcdb330000 - 0x00007ffcdb389000 	C:\windows\SYSTEM32\sechost.dll
0x00007ffcdb390000 - 0x00007ffcdb4d0000 	C:\windows\system32\RPCRT4.dll
0x00007ffcddae0000 - 0x00007ffcddc2f000 	C:\windows\system32\GDI32.dll
0x00007ffcdadd0000 - 0x00007ffcdadfe000 	C:\windows\system32\SspiCli.dll
0x00007ffcdb970000 - 0x00007ffcdb9a6000 	C:\windows\system32\IMM32.DLL
0x00007ffcdbd20000 - 0x00007ffcdbe72000 	C:\windows\system32\MSCTF.dll
0x0000000060870000 - 0x0000000060942000 	D:\Android Studio\jre\jre\bin\msvcr100.dll
0x000000005edc0000 - 0x000000005f5fc000 	D:\Android Studio\jre\jre\bin\server\jvm.dll
0x00007ffcc0e90000 - 0x00007ffcc0e99000 	C:\windows\SYSTEM32\WSOCK32.dll
0x00007ffcdad40000 - 0x00007ffcdad62000 	C:\windows\system32\WINMM.dll
0x00007ffcd3210000 - 0x00007ffcd321a000 	C:\windows\SYSTEM32\VERSION.dll
0x00007ffcdb960000 - 0x00007ffcdb967000 	C:\windows\system32\PSAPI.DLL
0x00007ffcdb0d0000 - 0x00007ffcdb12a000 	C:\windows\system32\WS2_32.dll
0x00007ffcdaa60000 - 0x00007ffcdaa8a000 	C:\windows\system32\WINMMBASE.dll
0x00007ffcdc190000 - 0x00007ffcdc199000 	C:\windows\system32\NSI.dll
0x00007ffcdad70000 - 0x00007ffcdadbf000 	C:\windows\SYSTEM32\cfgmgr32.dll
0x00007ffcdaa30000 - 0x00007ffcdaa58000 	C:\windows\system32\DEVOBJ.dll
0x00007ffcd84e0000 - 0x00007ffcd84ef000 	D:\Android Studio\jre\jre\bin\verify.dll
0x00007ffcd78f0000 - 0x00007ffcd7919000 	D:\Android Studio\jre\jre\bin\java.dll
0x00007ffcd7a10000 - 0x00007ffcd7a26000 	D:\Android Studio\jre\jre\bin\zip.dll
0x00007ffcdc1c0000 - 0x00007ffcdd6e9000 	C:\windows\system32\SHELL32.dll
0x00007ffcdb740000 - 0x00007ffcdb951000 	C:\windows\SYSTEM32\combase.dll
0x00007ffcdb070000 - 0x00007ffcdb0c4000 	C:\windows\system32\SHLWAPI.dll
0x00007ffcd8d80000 - 0x00007ffcd8e32000 	C:\windows\SYSTEM32\SHCORE.dll
0x00007ffcda980000 - 0x00007ffcda995000 	C:\windows\SYSTEM32\profapi.dll

VM Arguments:
jvm_args: -Djava.awt.headless=true -Xmx1024M -Dfile.encoding=GBK -Duser.country=CN -Duser.language=zh -Duser.variant 
java_command: com.android.dx.command.Main --dex --num-threads=4 --output D:\android_wokespace\Park1\app\build\intermediates\pre-dexed\debug\classes_3e5f06f7e4716c799ce6c9fa0bdef30b5beb46d8.jar C:\Users\lenovo\.android\build-cache\333f1a4933ea427881f3603ce5dd253ae93f158f\output\jars\classes.jar
java_class_path (initial): D:\AndroidSDK\build-tools\25.0.0\lib\dx.jar
Launcher Type: SUN_STANDARD

Environment Variables:
JAVA_HOME=D:\Program Files\Java\jdk1.8.0_60
CLASSPATH=.
PATH=D:\Program Files\Java\jdk1.8.0_60\bin;C:\Program Files (x86)\Lenovo\FusionEngine;C:\Program Files (x86)\Intel\iCLS Client\;C:\Program Files\Intel\iCLS Client\;C:\windows\system32;C:\windows;C:\windows\System32\Wbem;C:\windows\System32\WindowsPowerShell\v1.0\;C:\Program Files (x86)\ATI Technologies\ATI.ACE\Core-Static;C:\Program Files\Intel\Intel(R) Management Engine Components\DAL;C:\Program Files (x86)\Intel\Intel(R) Management Engine Components\DAL;C:\Program Files\Intel\Intel(R) Management Engine Components\IPT;C:\Program Files (x86)\Intel\Intel(R) Management Engine Components\IPT;C:\Program Files (x86)\Common Files\lenovo\easyplussdk\bin;C:\Program Files (x86)\Microsoft SQL Server\100\Tools\Binn\;C:\Program Files\Microsoft SQL Server\100\Tools\Binn\;C:\Program Files\Microsoft SQL Server\100\DTS\Binn\;C:\Program Files (x86)\Microsoft SQL Server\100\Tools\Binn\VSShell\Common7\IDE\;C:\Program Files (x86)\Microsoft SQL Server\100\DTS\Binn\;C:\Program Files (x86)\Microsoft Visual Studio 9.0\Common7\IDE\PrivateAssemblies\;D:\mysql\mysql-5.7.18-winx64\bin;D:\Git\cmd;D:\Android_sdk\build-tools;D:\Android_sdk\tools;;C:\Program Files\Microsoft SQL Server\110\DTS\Binn\;C:\Program Files (x86)\Microsoft SQL Server\110\Tools\Binn\;C:\Program Files\Microsoft SQL Server\110\Tools\Binn\;C:\Program Files (x86)\Microsoft SQL Server\110\Tools\Binn\ManagementStudio\;C:\Program Files (x86)\Microsoft Visual Studio 10.0\Common7\IDE\PrivateAssemblies\;C:\Program Files (x86)\Microsoft SQL Server\110\DTS\Binn\;D:\apache-tomcat-8.0.24\lib;D:\apache-tomcat-8.0.24\bin
USERNAME=lenovo
OS=Windows_NT
PROCESSOR_IDENTIFIER=Intel64 Family 6 Model 61 Stepping 4, GenuineIntel



---------------  S Y S T E M  ---------------

OS: Windows 8.1 , 64 bit Build 9600 (6.3.9600.17415)

CPU:total 4 (2 cores per cpu, 2 threads per core) family 6 model 61 stepping 4, cmov, cx8, fxsr, mmx, sse, sse2, sse3, ssse3, sse4.1, sse4.2, popcnt, avx, avx2, aes, clmul, erms, 3dnowpref, lzcnt, ht, tsc, tscinvbit, bmi1, bmi2, adx

Memory: 4k page, physical 8301656k(1834348k free), swap 8301656k(5328k free)

vm_info: OpenJDK 64-Bit Server VM (25.112-b06) for windows-amd64 JRE (1.8.0_112-release-b06), built on Dec  8 2016 00:54:26 by "builder" with MS VC++ 10.0 (VS2010)

time: Mon Nov 06 02:36:27 2017
elapsed time: 4 seconds (0d 0h 0m 4s)

