#
# There is insufficient memory for the Java Runtime Environment to continue.
# Native memory allocation (malloc) failed to allocate 571856 bytes for Chunk::new
# Possible reasons:
#   The system is out of physical RAM or swap space
#   In 32 bit mode, the process size limit was hit
# Possible solutions:
#   Reduce memory load on the system
#   Increase physical memory or swap space
#   Check if swap backing store is full
#   Use 64 bit Java on a 64 bit OS
#   Decrease Java heap size (-Xmx/-Xms)
#   Decrease number of Java threads
#   Decrease Java thread stack sizes (-Xss)
#   Set larger code cache with -XX:ReservedCodeCacheSize=
# This output file may be truncated or incomplete.
#
#  Out of Memory Error (allocation.cpp:390), pid=7316, tid=0x0000000000000910
#
# JRE version: OpenJDK Runtime Environment (8.0_112-b06) (build 1.8.0_112-release-b06)
# Java VM: OpenJDK 64-Bit Server VM (25.112-b06 mixed mode windows-amd64 compressed oops)
# Failed to write core dump. Minidumps are not enabled by default on client versions of Windows
#

---------------  T H R E A D  ---------------

Current thread (0x000000001cc02000):  JavaThread "C2 CompilerThread1" daemon [_thread_in_native, id=2320, stack(0x000000001d2f0000,0x000000001d3f0000)]

Stack: [0x000000001d2f0000,0x000000001d3f0000]
[error occurred during error reporting (printing stack bounds), id 0xc0000005]

Native frames: (J=compiled Java code, j=interpreted, Vv=VM code, C=native code)


Current CompileTask:
C2:   1626 1242       4       com.android.dx.ssa.SCCP::simulateStmt (481 bytes)


---------------  P R O C E S S  ---------------

Java Threads: ( => current thread )
  0x000000001cd83000 JavaThread "pool-2-thread-4" [_thread_blocked, id=8220, stack(0x000000001daf0000,0x000000001dbf0000)]
  0x000000001cd79800 JavaThread "pool-2-thread-3" [_thread_blocked, id=3480, stack(0x000000001d9f0000,0x000000001daf0000)]
  0x000000001cd77800 JavaThread "pool-2-thread-2" [_thread_blocked, id=9620, stack(0x000000001d8f0000,0x000000001d9f0000)]
  0x000000001cd65800 JavaThread "pool-3-thread-1" [_thread_blocked, id=8836, stack(0x000000001d7f0000,0x000000001d8f0000)]
  0x000000001cd69000 JavaThread "pool-2-thread-1" [_thread_blocked, id=4664, stack(0x000000001d6f0000,0x000000001d7f0000)]
  0x000000001cc78000 JavaThread "Service Thread" daemon [_thread_blocked, id=12068, stack(0x000000001d4f0000,0x000000001d5f0000)]
  0x000000001cc04800 JavaThread "C1 CompilerThread2" daemon [_thread_blocked, id=2432, stack(0x000000001d3f0000,0x000000001d4f0000)]
=>0x000000001cc02000 JavaThread "C2 CompilerThread1" daemon [_thread_in_native, id=2320, stack(0x000000001d2f0000,0x000000001d3f0000)]
  0x000000001b899000 JavaThread "C2 CompilerThread0" daemon [_thread_in_native, id=11040, stack(0x000000001d1f0000,0x000000001d2f0000)]
  0x000000001b84d800 JavaThread "Attach Listener" daemon [_thread_blocked, id=10360, stack(0x000000001d0f0000,0x000000001d1f0000)]
  0x000000001cbf8800 JavaThread "Signal Dispatcher" daemon [_thread_blocked, id=10572, stack(0x000000001cff0000,0x000000001d0f0000)]
  0x000000000211a000 JavaThread "Finalizer" daemon [_thread_blocked, id=10768, stack(0x000000001caa0000,0x000000001cba0000)]
  0x0000000002111000 JavaThread "Reference Handler" daemon [_thread_blocked, id=9460, stack(0x000000001c9a0000,0x000000001caa0000)]
  0x000000000216d800 JavaThread "main" [_thread_in_native, id=704, stack(0x0000000001c20000,0x0000000001d20000)]

Other Threads:
  0x000000001b804800 VMThread [stack: 0x000000001c8a0000,0x000000001c9a0000] [id=9664]
  0x000000001cc81800 WatcherThread [stack: 0x000000001d5f0000,0x000000001d6f0000] [id=10720]

VM state:not at safepoint (normal execution)

VM Mutex/Monitor currently owned by a thread: None

Heap:
 PSYoungGen      total 38400K, used 11342K [0x000000076ab00000, 0x000000076f600000, 0x00000007c0000000)
  eden space 33280K, 18% used [0x000000076ab00000,0x000000076b115d20,0x000000076cb80000)
  from space 5120K, 99% used [0x000000076cb80000,0x000000076d07ddb0,0x000000076d080000)
  to   space 5120K, 0% used [0x000000076f100000,0x000000076f100000,0x000000076f600000)
 ParOldGen       total 87552K, used 2428K [0x00000006c0000000, 0x00000006c5580000, 0x000000076ab00000)
  object space 87552K, 2% used [0x00000006c0000000,0x00000006c025f048,0x00000006c5580000)
 Metaspace       used 5889K, capacity 6960K, committed 7040K, reserved 1056768K
  class space    used 565K, capacity 616K, committed 640K, reserved 1048576K

Card table byte_map: [0x0000000011530000,0x0000000011d40000] byte_map_base: 0x000000000df30000

Marking Bits: (ParMarkBitMap*) 0x00000000658318f0
 Begin Bits: [0x00000000126a0000, 0x00000000166a0000)
 End Bits:   [0x00000000166a0000, 0x000000001a6a0000)

Polling page: 0x0000000000370000

CodeCache: size=245760Kb used=5170Kb max_used=5170Kb free=240589Kb
 bounds [0x0000000002170000, 0x0000000002690000, 0x0000000011170000]
 total_blobs=1555 nmethods=1292 adapters=177
 compilation: enabled

Compilation events (10 events):
Event: 1.612 Thread 0x000000001cc04800 1297       3       com.android.dx.cf.iface.StdMethodList::get (9 bytes)
Event: 1.612 Thread 0x000000001cc04800 nmethod 1297 0x000000000267d650 code [0x000000000267d7c0, 0x000000000267dac8]
Event: 1.612 Thread 0x000000001cc04800 1298       3       com.android.dx.ssa.SsaMethod::getCountReachableBlocks (44 bytes)
Event: 1.613 Thread 0x000000001cc04800 nmethod 1298 0x000000000267db90 code [0x000000000267dd60, 0x000000000267e638]
Event: 1.613 Thread 0x000000001cc04800 1299       3       com.android.dx.ssa.back.SsaToRop::convertBasicBlocks (151 bytes)
Event: 1.616 Thread 0x000000001cc04800 nmethod 1299 0x000000000267ea10 code [0x000000000267ed20, 0x0000000002680638]
Event: 1.616 Thread 0x000000001cc04800 1300       3       java.util.concurrent.ThreadPoolExecutor::isRunning (10 bytes)
Event: 1.616 Thread 0x000000001cc04800 nmethod 1300 0x0000000002681410 code [0x0000000002681560, 0x00000000026816f0]
Event: 1.616 Thread 0x000000001cc04800 1301       3       java.util.concurrent.locks.AbstractQueuedSynchronizer::compareAndSetWaitStatus (13 bytes)
Event: 1.616 Thread 0x000000001cc04800 nmethod 1301 0x0000000002681750 code [0x00000000026818a0, 0x00000000026819f0]

GC Heap History (2 events):
Event: 1.406 GC heap before
{Heap before GC invocations=1 (full 0):
 PSYoungGen      total 38400K, used 33280K [0x000000076ab00000, 0x000000076d580000, 0x00000007c0000000)
  eden space 33280K, 100% used [0x000000076ab00000,0x000000076cb80000,0x000000076cb80000)
  from space 5120K, 0% used [0x000000076d080000,0x000000076d080000,0x000000076d580000)
  to   space 5120K, 0% used [0x000000076cb80000,0x000000076cb80000,0x000000076d080000)
 ParOldGen       total 87552K, used 0K [0x00000006c0000000, 0x00000006c5580000, 0x000000076ab00000)
  object space 87552K, 0% used [0x00000006c0000000,0x00000006c0000000,0x00000006c5580000)
 Metaspace       used 5784K, capacity 6896K, committed 7040K, reserved 1056768K
  class space    used 565K, capacity 616K, committed 640K, reserved 1048576K
Event: 1.428 GC heap after
Heap after GC invocations=1 (full 0):
 PSYoungGen      total 38400K, used 5111K [0x000000076ab00000, 0x000000076f600000, 0x00000007c0000000)
  eden space 33280K, 0% used [0x000000076ab00000,0x000000076ab00000,0x000000076cb80000)
  from space 5120K, 99% used [0x000000076cb80000,0x000000076d07ddb0,0x000000076d080000)
  to   space 5120K, 0% used [0x000000076f100000,0x000000076f100000,0x000000076f600000)
 ParOldGen       total 87552K, used 2428K [0x00000006c0000000, 0x00000006c5580000, 0x000000076ab00000)
  object space 87552K, 2% used [0x00000006c0000000,0x00000006c025f048,0x00000006c5580000)
 Metaspace       used 5784K, capacity 6896K, committed 7040K, reserved 1056768K
  class space    used 565K, capacity 616K, committed 640K, reserved 1048576K
}

Deoptimization events (10 events):
Event: 1.106 Thread 0x000000000216d800 Uncommon trap: reason=unstable_if action=reinterpret pc=0x000000000234ec48 method=java.lang.String.<init>([CII)V @ 18
Event: 1.121 Thread 0x000000001cd79800 Uncommon trap: reason=class_check action=maybe_recompile pc=0x0000000002492824 method=com.android.dx.ssa.NormalSsaInsn.accept(Lcom/android/dx/ssa/SsaInsn$Visitor;)V @ 9
Event: 1.121 Thread 0x000000001cd79800 Uncommon trap: reason=class_check action=maybe_recompile pc=0x0000000002492824 method=com.android.dx.ssa.NormalSsaInsn.accept(Lcom/android/dx/ssa/SsaInsn$Visitor;)V @ 9
Event: 1.121 Thread 0x000000001cd79800 Uncommon trap: reason=class_check action=maybe_recompile pc=0x0000000002492824 method=com.android.dx.ssa.NormalSsaInsn.accept(Lcom/android/dx/ssa/SsaInsn$Visitor;)V @ 9
Event: 1.121 Thread 0x000000001cd79800 Uncommon trap: reason=class_check action=maybe_recompile pc=0x0000000002492824 method=com.android.dx.ssa.NormalSsaInsn.accept(Lcom/android/dx/ssa/SsaInsn$Visitor;)V @ 9
Event: 1.121 Thread 0x000000001cd79800 Uncommon trap: reason=class_check action=maybe_recompile pc=0x00000000023eddf0 method=com.android.dx.ssa.NormalSsaInsn.accept(Lcom/android/dx/ssa/SsaInsn$Visitor;)V @ 9
Event: 1.277 Thread 0x000000001cd79800 Uncommon trap: reason=class_check action=maybe_recompile pc=0x00000000024a3700 method=com.android.dx.rop.type.Type.equals(Ljava/lang/Object;)Z @ 8
Event: 1.315 Thread 0x000000001cd79800 Uncommon trap: reason=class_check action=maybe_recompile pc=0x00000000024a3700 method=com.android.dx.rop.type.Type.equals(Ljava/lang/Object;)Z @ 8
Event: 1.507 Thread 0x000000001cd79800 Uncommon trap: reason=unstable_if action=reinterpret pc=0x00000000025b1af4 method=com.android.dx.rop.code.RegisterSpecSet.put(Lcom/android/dx/rop/code/RegisterSpec;)V @ 77
Event: 1.507 Thread 0x000000001cd79800 Uncommon trap: reason=unstable_if action=reinterpret pc=0x00000000025ac0b0 method=com.android.dx.rop.code.RegisterSpecSet.put(Lcom/android/dx/rop/code/RegisterSpec;)V @ 77

Internal exceptions (3 events):
Event: 0.070 Thread 0x000000000216d800 Exception <a 'java/lang/NoSuchMethodError': Method sun.misc.Unsafe.defineClass(Ljava/lang/String;[BII)Ljava/lang/Class; name or signature does not match> (0x000000076ab07c78) thrown at [C:\src\android\AOSP-openjdk\external\jetbrains\jdk\hotspot\src\share\v“	íë±?
Event: 0.070 Thread 0x000000000216d800 Exception <a 'java/lang/NoSuchMethodError': Method sun.misc.Unsafe.prefetchRead(Ljava/lang/Object;J)V name or signature does not match> (0x000000076ab07f60) thrown at [C:\src\android\AOSP-openjdk\external\jetbrains\jdk\hotspot\src\share\vm\prims\jni.cpp, lJO½Qð?
Event: 1.020 Thread 0x000000001cd83000 Implicit null exception at 0x0000000002493d62 to 0x0000000002493e71

Events (10 events):
Event: 1.403 Executing VM operation: ParallelGCFailedAllocation
Event: 1.428 Executing VM operation: ParallelGCFailedAllocation done
Event: 1.443 loading class java/util/DualPivotQuicksort
Event: 1.445 loading class java/util/DualPivotQuicksort done
Event: 1.507 Thread 0x000000001cd79800 Uncommon trap: trap_request=0xffffff65 fr.pc=0x00000000025b1af4
Event: 1.507 Thread 0x000000001cd79800 DEOPT PACKING pc=0x00000000025b1af4 sp=0x000000001daee720
Event: 1.507 Thread 0x000000001cd79800 DEOPT UNPACKING pc=0x00000000021b556a sp=0x000000001daee6a8 mode 2
Event: 1.507 Thread 0x000000001cd79800 Uncommon trap: trap_request=0xffffff65 fr.pc=0x00000000025ac0b0
Event: 1.507 Thread 0x000000001cd79800 DEOPT PACKING pc=0x00000000025ac0b0 sp=0x000000001daee710
Event: 1.507 Thread 0x000000001cd79800 DEOPT UNPACKING pc=0x00000000021b556a sp=0x000000001daee630 mode 2


Dynamic libraries:
0x00007ff777ce0000 - 0x00007ff777d11000 	D:\Android Studio\jre\bin\java.exe
0x00007ffa678b0000 - 0x00007ffa67a5d000 	C:\windows\SYSTEM32\ntdll.dll
0x00007ffa65f70000 - 0x00007ffa660ae000 	C:\windows\system32\KERNEL32.DLL
0x00007ffa64720000 - 0x00007ffa64835000 	C:\windows\system32\KERNELBASE.dll
0x00007ffa65350000 - 0x00007ffa653fa000 	C:\windows\system32\ADVAPI32.dll
0x00007ffa64ec0000 - 0x00007ffa65037000 	C:\windows\system32\USER32.dll
0x00007ffa61c50000 - 0x00007ffa61ecb000 	C:\windows\WinSxS\amd64_microsoft.windows.common-controls_6595b64144ccf1df_6.0.9600.18006_none_623f33d3ecbe86e8\COMCTL32.dll
0x00007ffa65400000 - 0x00007ffa654aa000 	C:\windows\system32\msvcrt.dll
0x00007ffa65d00000 - 0x00007ffa65d59000 	C:\windows\SYSTEM32\sechost.dll
0x00007ffa65a40000 - 0x00007ffa65b80000 	C:\windows\system32\RPCRT4.dll
0x00007ffa65040000 - 0x00007ffa6518f000 	C:\windows\system32\GDI32.dll
0x00007ffa64a50000 - 0x00007ffa64a7e000 	C:\windows\system32\SspiCli.dll
0x00007ffa64e80000 - 0x00007ffa64eb6000 	C:\windows\system32\IMM32.DLL
0x00007ffa65b90000 - 0x00007ffa65ce2000 	C:\windows\system32\MSCTF.dll
0x0000000066a00000 - 0x0000000066ad2000 	D:\Android Studio\jre\jre\bin\msvcr100.dll
0x0000000065070000 - 0x00000000658ac000 	D:\Android Studio\jre\jre\bin\server\jvm.dll
0x00007ffa3cc70000 - 0x00007ffa3cc79000 	C:\windows\SYSTEM32\WSOCK32.dll
0x00007ffa64840000 - 0x00007ffa64862000 	C:\windows\system32\WINMM.dll
0x00007ffa60aa0000 - 0x00007ffa60aaa000 	C:\windows\SYSTEM32\VERSION.dll
0x00007ffa65f60000 - 0x00007ffa65f67000 	C:\windows\system32\PSAPI.DLL
0x00007ffa65f00000 - 0x00007ffa65f5a000 	C:\windows\system32\WS2_32.dll
0x00007ffa646f0000 - 0x00007ffa6471a000 	C:\windows\system32\WINMMBASE.dll
0x00007ffa65890000 - 0x00007ffa65899000 	C:\windows\system32\NSI.dll
0x00007ffa64ad0000 - 0x00007ffa64b1f000 	C:\windows\SYSTEM32\cfgmgr32.dll
0x00007ffa646a0000 - 0x00007ffa646c8000 	C:\windows\system32\DEVOBJ.dll
0x00007ffa61560000 - 0x00007ffa6156f000 	D:\Android Studio\jre\jre\bin\verify.dll
0x00007ffa61060000 - 0x00007ffa61089000 	D:\Android Studio\jre\jre\bin\java.dll
0x00007ffa4bdc0000 - 0x00007ffa4bdd6000 	D:\Android Studio\jre\jre\bin\zip.dll
0x00007ffa660b0000 - 0x00007ffa675d9000 	C:\windows\system32\SHELL32.dll
0x00007ffa64c60000 - 0x00007ffa64e71000 	C:\windows\SYSTEM32\combase.dll
0x00007ffa658a0000 - 0x00007ffa658f4000 	C:\windows\system32\SHLWAPI.dll
0x00007ffa620e0000 - 0x00007ffa62192000 	C:\windows\SYSTEM32\SHCORE.dll
0x00007ffa645f0000 - 0x00007ffa64605000 	C:\windows\SYSTEM32\profapi.dll

VM Arguments:
jvm_args: -Djava.awt.headless=true -Xmx4g -Dfile.encoding=GBK -Duser.country=CN -Duser.language=zh -Duser.variant 
java_command: com.android.dx.command.Main --dex --num-threads=4 --multi-dex --output D:\android_wokespace\Park1\app\build\intermediates\transforms\dex\debug\folders\1000\1\debug_fbb0f697c35f25aa22a53c8b0c1de775393e180f D:\android_wokespace\Park1\app\build\intermediates\classes\debug
java_class_path (initial): D:\AndroidSDK\build-tools\25.0.0\lib\dx.jar
Launcher Type: SUN_STANDARD

Environment Variables:
JAVA_HOME=D:\Program Files\Java\jdk1.8.0_60
CLASSPATH=.
PATH=D:\Program Files\Java\jdk1.8.0_60\bin;C:\Program Files (x86)\Lenovo\FusionEngine;C:\Program Files (x86)\Intel\iCLS Client\;C:\Program Files\Intel\iCLS Client\;C:\windows\system32;C:\windows;C:\windows\System32\Wbem;C:\windows\System32\WindowsPowerShell\v1.0\;C:\Program Files (x86)\ATI Technologies\ATI.ACE\Core-Static;C:\Program Files\Intel\Intel(R) Management Engine Components\DAL;C:\Program Files (x86)\Intel\Intel(R) Management Engine Components\DAL;C:\Program Files\Intel\Intel(R) Management Engine Components\IPT;C:\Program Files (x86)\Intel\Intel(R) Management Engine Components\IPT;C:\Program Files (x86)\Common Files\lenovo\easyplussdk\bin;C:\Program Files (x86)\Microsoft SQL Server\100\Tools\Binn\;C:\Program Files\Microsoft SQL Server\100\Tools\Binn\;C:\Program Files\Microsoft SQL Server\100\DTS\Binn\;C:\Program Files (x86)\Microsoft SQL Server\100\Tools\Binn\VSShell\Common7\IDE\;C:\Program Files (x86)\Microsoft SQL Server\100\DTS\Binn\;C:\Program Files (x86)\Microsoft Visual Studio 9.0\Common7\IDE\PrivateAssemblies\;D:\mysql\mysql-5.7.18-winx64\bin;D:\Git\cmd;D:\Android_sdk\build-tools;D:\Android_sdk\tools;;C:\Program Files\Microsoft SQL Server\110\DTS\Binn\;C:\Program Files (x86)\Microsoft SQL Server\110\Tools\Binn\;C:\Program Files\Microsoft SQL Server\110\Tools\Binn\;C:\Program Files (x86)\Microsoft SQL Server\110\Tools\Binn\ManagementStudio\;C:\Program Files (x86)\Microsoft Visual Studio 10.0\Common7\IDE\PrivateAssemblies\;C:\Program Files (x86)\Microsoft SQL Server\110\DTS\Binn\;D:\apache-tomcat-8.0.24\lib;D:\apache-tomcat-8.0.24\bin;D:\AndroidSDK\platform-tools
USERNAME=lenovo
OS=Windows_NT
PROCESSOR_IDENTIFIER=Intel64 Family 6 Model 61 Stepping 4, GenuineIntel



---------------  S Y S T E M  ---------------

OS: Windows 8.1 , 64 bit Build 9600 (6.3.9600.17415)

CPU:total 4 (2 cores per cpu, 2 threads per core) family 6 model 61 stepping 4, cmov, cx8, fxsr, mmx, sse, sse2, sse3, ssse3, sse4.1, sse4.2, popcnt, avx, avx2, aes, clmul, erms, 3dnowpref, lzcnt, ht, tsc, tscinvbit, bmi1, bmi2, adx

Memory: 4k page, physical 8301656k(1915696k free), swap 8301656k(5832k free)

vm_info: OpenJDK 64-Bit Server VM (25.112-b06) for windows-amd64 JRE (1.8.0_112-release-b06), built on Dec  8 2016 00:54:26 by "builder" with MS VC++ 10.0 (VS2010)

time: Mon Nov 20 00:58:31 2017
elapsed time: 1 seconds (0d 0h 0m 1s)

