#
# There is insufficient memory for the Java Runtime Environment to continue.
# Native memory allocation (malloc) failed to allocate 157376 bytes for Chunk::new
# Possible reasons:
#   The system is out of physical RAM or swap space
#   In 32 bit mode, the process size limit was hit
# Possible solutions:
#   Reduce memory load on the system
#   Increase physical memory or swap space
#   Check if swap backing store is full
#   Use 64 bit Java on a 64 bit OS
#   Decrease Java heap size (-Xmx/-Xms)
#   Decrease number of Java threads
#   Decrease Java thread stack sizes (-Xss)
#   Set larger code cache with -XX:ReservedCodeCacheSize=
# This output file may be truncated or incomplete.
#
#  Out of Memory Error (allocation.cpp:390), pid=13132, tid=0x000000000000247c
#
# JRE version: OpenJDK Runtime Environment (8.0_112-b06) (build 1.8.0_112-release-b06)
# Java VM: OpenJDK 64-Bit Server VM (25.112-b06 mixed mode windows-amd64 compressed oops)
# Failed to write core dump. Minidumps are not enabled by default on client versions of Windows
#

---------------  T H R E A D  ---------------

Current thread (0x000000001565a000):  JavaThread "C2 CompilerThread0" daemon [_thread_in_native, id=9340, stack(0x0000000016fa0000,0x00000000170a0000)]

Stack: [0x0000000016fa0000,0x00000000170a0000]
[error occurred during error reporting (printing stack bounds), id 0xc0000005]

Native frames: (J=compiled Java code, j=interpreted, Vv=VM code, C=native code)


Current CompileTask:
C2:   4701 1196       4       com.android.dx.ssa.SsaMethod::deleteInsns (239 bytes)


---------------  P R O C E S S  ---------------

Java Threads: ( => current thread )
  0x0000000016c67000 JavaThread "pool-1-thread-4" [_thread_blocked, id=13268, stack(0x00000000178a0000,0x00000000179a0000)]
  0x0000000016c51800 JavaThread "pool-1-thread-3" [_thread_blocked, id=13332, stack(0x00000000177a0000,0x00000000178a0000)]
  0x0000000016bc0000 JavaThread "pool-1-thread-2" [_thread_in_Java, id=14308, stack(0x00000000176a0000,0x00000000177a0000)]
  0x0000000016ba6800 JavaThread "pool-2-thread-1" [_thread_blocked, id=13892, stack(0x00000000175a0000,0x00000000176a0000)]
  0x0000000016ba5800 JavaThread "pool-1-thread-1" [_thread_blocked, id=3764, stack(0x00000000174a0000,0x00000000175a0000)]
  0x0000000016a00000 JavaThread "Service Thread" daemon [_thread_blocked, id=12708, stack(0x00000000172a0000,0x00000000173a0000)]
  0x00000000169fb800 JavaThread "C1 CompilerThread2" daemon [_thread_blocked, id=11340, stack(0x00000000171a0000,0x00000000172a0000)]
  0x000000001565d000 JavaThread "C2 CompilerThread1" daemon [_thread_blocked, id=13932, stack(0x00000000170a0000,0x00000000171a0000)]
=>0x000000001565a000 JavaThread "C2 CompilerThread0" daemon [_thread_in_native, id=9340, stack(0x0000000016fa0000,0x00000000170a0000)]
  0x0000000015659800 JavaThread "Attach Listener" daemon [_thread_blocked, id=9280, stack(0x0000000016ea0000,0x0000000016fa0000)]
  0x00000000169a8800 JavaThread "Signal Dispatcher" daemon [_thread_blocked, id=13864, stack(0x0000000016da0000,0x0000000016ea0000)]
  0x0000000002f2a000 JavaThread "Finalizer" daemon [_thread_blocked, id=3548, stack(0x0000000016850000,0x0000000016950000)]
  0x0000000002f21000 JavaThread "Reference Handler" daemon [_thread_blocked, id=13348, stack(0x0000000016750000,0x0000000016850000)]
  0x000000000127d800 JavaThread "main" [_thread_blocked, id=14096, stack(0x00000000029e0000,0x0000000002ae0000)]

Other Threads:
  0x00000000155c4800 VMThread [stack: 0x0000000016650000,0x0000000016750000] [id=4832]
  0x0000000016a01000 WatcherThread [stack: 0x00000000173a0000,0x00000000174a0000] [id=6556]

VM state:not at safepoint (normal execution)

VM Mutex/Monitor currently owned by a thread: None

Heap:
 PSYoungGen      total 38400K, used 27584K [0x00000000eab00000, 0x00000000ed580000, 0x0000000100000000)
  eden space 33280K, 82% used [0x00000000eab00000,0x00000000ec5f0278,0x00000000ecb80000)
  from space 5120K, 0% used [0x00000000ed080000,0x00000000ed080000,0x00000000ed580000)
  to   space 5120K, 0% used [0x00000000ecb80000,0x00000000ecb80000,0x00000000ed080000)
 ParOldGen       total 87552K, used 0K [0x00000000c0000000, 0x00000000c5580000, 0x00000000eab00000)
  object space 87552K, 0% used [0x00000000c0000000,0x00000000c0000000,0x00000000c5580000)
 Metaspace       used 5839K, capacity 6896K, committed 7040K, reserved 1056768K
  class space    used 565K, capacity 616K, committed 640K, reserved 1048576K

Card table byte_map: [0x00000000122f0000,0x0000000012500000] byte_map_base: 0x0000000011cf0000

Marking Bits: (ParMarkBitMap*) 0x000000005f5818f0
 Begin Bits: [0x0000000012a60000, 0x0000000013a60000)
 End Bits:   [0x0000000013a60000, 0x0000000014a60000)

Polling page: 0x0000000001260000

CodeCache: size=245760Kb used=4841Kb max_used=4841Kb free=240918Kb
 bounds [0x0000000002f30000, 0x00000000033f0000, 0x0000000011f30000]
 total_blobs=1445 nmethods=1181 adapters=178
 compilation: enabled

Compilation events (10 events):
Event: 4.696 Thread 0x00000000169fb800 nmethod 1198 0x00000000033e6f90 code [0x00000000033e7320, 0x00000000033e97d8]
Event: 4.696 Thread 0x00000000169fb800 1197       3       com.android.dx.rop.cst.CstKnownNull::equals (5 bytes)
Event: 4.696 Thread 0x00000000169fb800 nmethod 1197 0x00000000033e3410 code [0x00000000033e3560, 0x00000000033e37b0]
Event: 4.696 Thread 0x00000000169fb800 1189       3       com.android.dx.ssa.SsaBasicBlock::insertNewSuccessor (228 bytes)
Event: 4.698 Thread 0x00000000169fb800 nmethod 1189 0x00000000033eaa10 code [0x00000000033ead40, 0x00000000033ec268]
Event: 4.698 Thread 0x00000000169fb800 1193       3       com.android.dx.ssa.SsaRenamer$BlockRenamer::visitPhiInsn (6 bytes)
Event: 4.698 Thread 0x00000000169fb800 nmethod 1193 0x00000000033dc490 code [0x00000000033dc600, 0x00000000033dc788]
Event: 4.698 Thread 0x00000000169fb800 1194       3       com.android.dx.ssa.MoveParamCombiner$1::visitPhiInsn (1 bytes)
Event: 4.698 Thread 0x00000000169fb800 nmethod 1194 0x00000000033e30d0 code [0x00000000033e3220, 0x00000000033e3370]
Event: 4.698 Thread 0x00000000169fb800 1190       3       com.android.dx.ssa.SsaMethod::makeNewGotoBlock (52 bytes)

GC Heap History (0 events):
No events

Deoptimization events (10 events):
Event: 2.820 Thread 0x0000000016c67000 Uncommon trap: reason=unstable_if action=reinterpret pc=0x000000000313c43c method=java.util.HashMap.getNode(ILjava/lang/Object;)Ljava/util/HashMap$Node; @ 62
Event: 3.148 Thread 0x0000000016ba5800 Uncommon trap: reason=class_check action=maybe_recompile pc=0x00000000031dff7c method=com.android.dx.ssa.NormalSsaInsn.accept(Lcom/android/dx/ssa/SsaInsn$Visitor;)V @ 9
Event: 3.536 Thread 0x0000000016ba5800 Uncommon trap: reason=class_check action=maybe_recompile pc=0x00000000031dff7c method=com.android.dx.ssa.NormalSsaInsn.accept(Lcom/android/dx/ssa/SsaInsn$Visitor;)V @ 9
Event: 3.536 Thread 0x0000000016ba5800 Uncommon trap: reason=class_check action=maybe_recompile pc=0x0000000003165070 method=com.android.dx.ssa.NormalSsaInsn.accept(Lcom/android/dx/ssa/SsaInsn$Visitor;)V @ 9
Event: 3.536 Thread 0x0000000016ba5800 Uncommon trap: reason=class_check action=maybe_recompile pc=0x0000000003165070 method=com.android.dx.ssa.NormalSsaInsn.accept(Lcom/android/dx/ssa/SsaInsn$Visitor;)V @ 9
Event: 3.747 Thread 0x000000000127d800 Uncommon trap: reason=unstable_if action=reinterpret pc=0x000000000316cf9c method=java.util.HashMap.getNode(ILjava/lang/Object;)Ljava/util/HashMap$Node; @ 129
Event: 3.756 Thread 0x000000000127d800 Uncommon trap: reason=unstable_if action=reinterpret pc=0x000000000316b1f4 method=java.util.BitSet.ensureCapacity(I)V @ 6
Event: 3.756 Thread 0x000000000127d800 Uncommon trap: reason=unstable_if action=reinterpret pc=0x000000000314f5f0 method=java.util.BitSet.nextSetBit(I)I @ 87
Event: 4.079 Thread 0x0000000016c67000 Uncommon trap: reason=null_check action=make_not_entrant pc=0x00000000031e0b38 method=com.android.dx.ssa.SsaRenamer.getLocalForNewReg(I)Lcom/android/dx/rop/code/LocalItem; @ 19
Event: 4.429 Thread 0x0000000016c51800 Uncommon trap: reason=unstable_if action=reinterpret pc=0x000000000322695c method=com.android.dx.rop.cst.Constant.compareTo(Lcom/android/dx/rop/cst/Constant;)I @ 12

Internal exceptions (3 events):
Event: 0.137 Thread 0x000000000127d800 Exception <a 'java/lang/NoSuchMethodError': Method sun.misc.Unsafe.defineClass(Ljava/lang/String;[BII)Ljava/lang/Class; name or signature does not match> (0x00000000eab07c78) thrown at [C:\src\android\AOSP-openjdk\external\jetbrains\jdk\hotspot\src\share\v'Ô#]†ŸÁ?
Event: 0.138 Thread 0x000000000127d800 Exception <a 'java/lang/NoSuchMethodError': Method sun.misc.Unsafe.prefetchRead(Ljava/lang/Object;J)V name or signature does not match> (0x00000000eab07f60) thrown at [C:\src\android\AOSP-openjdk\external\jetbrains\jdk\hotspot\src\share\vm\prims\jni.cpp, làt=éP@
Event: 4.079 Thread 0x0000000016c67000 Implicit null exception at 0x00000000031de6c8 to 0x00000000031e0aed

Events (10 events):
Event: 4.089 loading class java/util/DualPivotQuicksort done
Event: 4.429 Thread 0x0000000016c51800 Uncommon trap: trap_request=0xffffff65 fr.pc=0x000000000322695c
Event: 4.429 Thread 0x0000000016c51800 DEOPT PACKING pc=0x000000000322695c sp=0x000000001789e490
Event: 4.429 Thread 0x0000000016c51800 DEOPT UNPACKING pc=0x0000000002f7556a sp=0x000000001789e430 mode 2
Event: 4.539 loading class com/android/dx/cf/attrib/AttEnclosingMethod
Event: 4.539 loading class com/android/dx/cf/attrib/AttEnclosingMethod done
Event: 4.544 loading class com/android/dx/cf/code/SwitchList
Event: 4.544 loading class com/android/dx/cf/code/SwitchList done
Event: 4.576 Executing VM operation: EnableBiasedLocking
Event: 4.674 Executing VM operation: EnableBiasedLocking done


Dynamic libraries:
0x00007ff785640000 - 0x00007ff785671000 	D:\Android Studio\jre\bin\java.exe
0x00007ffcddc40000 - 0x00007ffcddded000 	C:\windows\SYSTEM32\ntdll.dll
0x00007ffcdd7c0000 - 0x00007ffcdd8fe000 	C:\windows\system32\KERNEL32.DLL
0x00007ffcdaeb0000 - 0x00007ffcdafc5000 	C:\windows\system32\KERNELBASE.dll
0x00007ffcdbc70000 - 0x00007ffcdbd1a000 	C:\windows\system32\ADVAPI32.dll
0x00007ffcdbaf0000 - 0x00007ffcdbc67000 	C:\windows\system32\USER32.dll
0x00007ffcd85d0000 - 0x00007ffcd884b000 	C:\windows\WinSxS\amd64_microsoft.windows.common-controls_6595b64144ccf1df_6.0.9600.18006_none_623f33d3ecbe86e8\COMCTL32.dll
0x00007ffcdc020000 - 0x00007ffcdc0ca000 	C:\windows\system32\msvcrt.dll
0x00007ffcdb330000 - 0x00007ffcdb389000 	C:\windows\SYSTEM32\sechost.dll
0x00007ffcdb390000 - 0x00007ffcdb4d0000 	C:\windows\system32\RPCRT4.dll
0x00007ffcddae0000 - 0x00007ffcddc2f000 	C:\windows\system32\GDI32.dll
0x00007ffcdadd0000 - 0x00007ffcdadfe000 	C:\windows\system32\SspiCli.dll
0x00007ffcdb970000 - 0x00007ffcdb9a6000 	C:\windows\system32\IMM32.DLL
0x00007ffcdbd20000 - 0x00007ffcdbe72000 	C:\windows\system32\MSCTF.dll
0x0000000060870000 - 0x0000000060942000 	D:\Android Studio\jre\jre\bin\msvcr100.dll
0x000000005edc0000 - 0x000000005f5fc000 	D:\Android Studio\jre\jre\bin\server\jvm.dll
0x00007ffcc0e90000 - 0x00007ffcc0e99000 	C:\windows\SYSTEM32\WSOCK32.dll
0x00007ffcdad40000 - 0x00007ffcdad62000 	C:\windows\system32\WINMM.dll
0x00007ffcd3210000 - 0x00007ffcd321a000 	C:\windows\SYSTEM32\VERSION.dll
0x00007ffcdb960000 - 0x00007ffcdb967000 	C:\windows\system32\PSAPI.DLL
0x00007ffcdb0d0000 - 0x00007ffcdb12a000 	C:\windows\system32\WS2_32.dll
0x00007ffcdaa60000 - 0x00007ffcdaa8a000 	C:\windows\system32\WINMMBASE.dll
0x00007ffcdc190000 - 0x00007ffcdc199000 	C:\windows\system32\NSI.dll
0x00007ffcdad70000 - 0x00007ffcdadbf000 	C:\windows\SYSTEM32\cfgmgr32.dll
0x00007ffcdaa30000 - 0x00007ffcdaa58000 	C:\windows\system32\DEVOBJ.dll
0x00007ffcd84e0000 - 0x00007ffcd84ef000 	D:\Android Studio\jre\jre\bin\verify.dll
0x00007ffcd78f0000 - 0x00007ffcd7919000 	D:\Android Studio\jre\jre\bin\java.dll
0x00007ffcd7a10000 - 0x00007ffcd7a26000 	D:\Android Studio\jre\jre\bin\zip.dll
0x00007ffcdc1c0000 - 0x00007ffcdd6e9000 	C:\windows\system32\SHELL32.dll
0x00007ffcdb740000 - 0x00007ffcdb951000 	C:\windows\SYSTEM32\combase.dll
0x00007ffcdb070000 - 0x00007ffcdb0c4000 	C:\windows\system32\SHLWAPI.dll
0x00007ffcd8d80000 - 0x00007ffcd8e32000 	C:\windows\SYSTEM32\SHCORE.dll
0x00007ffcda980000 - 0x00007ffcda995000 	C:\windows\SYSTEM32\profapi.dll

VM Arguments:
jvm_args: -Djava.awt.headless=true -Xmx1024M -Dfile.encoding=GBK -Duser.country=CN -Duser.language=zh -Duser.variant 
java_command: com.android.dx.command.Main --dex --num-threads=4 --output D:\android_wokespace\Park1\app\build\intermediates\pre-dexed\debug\classes_fd5084eff7aa802da8083c53c51b7c2174a19751.jar C:\Users\lenovo\.android\build-cache\d7f432707c8ba36bd95c2c0c6439b8c43d690890\output\jars\classes.jar
java_class_path (initial): D:\AndroidSDK\build-tools\25.0.0\lib\dx.jar
Launcher Type: SUN_STANDARD

Environment Variables:
JAVA_HOME=D:\Program Files\Java\jdk1.8.0_60
CLASSPATH=.
PATH=D:\Program Files\Java\jdk1.8.0_60\bin;C:\Program Files (x86)\Lenovo\FusionEngine;C:\Program Files (x86)\Intel\iCLS Client\;C:\Program Files\Intel\iCLS Client\;C:\windows\system32;C:\windows;C:\windows\System32\Wbem;C:\windows\System32\WindowsPowerShell\v1.0\;C:\Program Files (x86)\ATI Technologies\ATI.ACE\Core-Static;C:\Program Files\Intel\Intel(R) Management Engine Components\DAL;C:\Program Files (x86)\Intel\Intel(R) Management Engine Components\DAL;C:\Program Files\Intel\Intel(R) Management Engine Components\IPT;C:\Program Files (x86)\Intel\Intel(R) Management Engine Components\IPT;C:\Program Files (x86)\Common Files\lenovo\easyplussdk\bin;C:\Program Files (x86)\Microsoft SQL Server\100\Tools\Binn\;C:\Program Files\Microsoft SQL Server\100\Tools\Binn\;C:\Program Files\Microsoft SQL Server\100\DTS\Binn\;C:\Program Files (x86)\Microsoft SQL Server\100\Tools\Binn\VSShell\Common7\IDE\;C:\Program Files (x86)\Microsoft SQL Server\100\DTS\Binn\;C:\Program Files (x86)\Microsoft Visual Studio 9.0\Common7\IDE\PrivateAssemblies\;D:\mysql\mysql-5.7.18-winx64\bin;D:\Git\cmd;D:\Android_sdk\build-tools;D:\Android_sdk\tools;;C:\Program Files\Microsoft SQL Server\110\DTS\Binn\;C:\Program Files (x86)\Microsoft SQL Server\110\Tools\Binn\;C:\Program Files\Microsoft SQL Server\110\Tools\Binn\;C:\Program Files (x86)\Microsoft SQL Server\110\Tools\Binn\ManagementStudio\;C:\Program Files (x86)\Microsoft Visual Studio 10.0\Common7\IDE\PrivateAssemblies\;C:\Program Files (x86)\Microsoft SQL Server\110\DTS\Binn\;D:\apache-tomcat-8.0.24\lib;D:\apache-tomcat-8.0.24\bin
USERNAME=lenovo
OS=Windows_NT
PROCESSOR_IDENTIFIER=Intel64 Family 6 Model 61 Stepping 4, GenuineIntel



---------------  S Y S T E M  ---------------

OS: Windows 8.1 , 64 bit Build 9600 (6.3.9600.17415)

CPU:total 4 (2 cores per cpu, 2 threads per core) family 6 model 61 stepping 4, cmov, cx8, fxsr, mmx, sse, sse2, sse3, ssse3, sse4.1, sse4.2, popcnt, avx, avx2, aes, clmul, erms, 3dnowpref, lzcnt, ht, tsc, tscinvbit, bmi1, bmi2, adx

Memory: 4k page, physical 8301656k(1788136k free), swap 8301656k(2024k free)

vm_info: OpenJDK 64-Bit Server VM (25.112-b06) for windows-amd64 JRE (1.8.0_112-release-b06), built on Dec  8 2016 00:54:26 by "builder" with MS VC++ 10.0 (VS2010)

time: Mon Nov 06 02:39:38 2017
elapsed time: 4 seconds (0d 0h 0m 4s)

