#
# There is insufficient memory for the Java Runtime Environment to continue.
# Native memory allocation (malloc) failed to allocate 545296 bytes for Chunk::new
# Possible reasons:
#   The system is out of physical RAM or swap space
#   In 32 bit mode, the process size limit was hit
# Possible solutions:
#   Reduce memory load on the system
#   Increase physical memory or swap space
#   Check if swap backing store is full
#   Use 64 bit Java on a 64 bit OS
#   Decrease Java heap size (-Xmx/-Xms)
#   Decrease number of Java threads
#   Decrease Java thread stack sizes (-Xss)
#   Set larger code cache with -XX:ReservedCodeCacheSize=
# This output file may be truncated or incomplete.
#
#  Out of Memory Error (allocation.cpp:390), pid=12964, tid=0x0000000000001808
#
# JRE version: OpenJDK Runtime Environment (8.0_112-b06) (build 1.8.0_112-release-b06)
# Java VM: OpenJDK 64-Bit Server VM (25.112-b06 mixed mode windows-amd64 compressed oops)
# Failed to write core dump. Minidumps are not enabled by default on client versions of Windows
#

---------------  T H R E A D  ---------------

Current thread (0x000000001499a000):  JavaThread "C2 CompilerThread0" daemon [_thread_in_native, id=6152, stack(0x00000000162a0000,0x00000000163a0000)]

Stack: [0x00000000162a0000,0x00000000163a0000]
[error occurred during error reporting (printing stack bounds), id 0xc0000005]

Native frames: (J=compiled Java code, j=interpreted, Vv=VM code, C=native code)


Current CompileTask:
C2:   4182 1330   !   4       com.android.dx.cf.code.BytecodeArray::parseInstruction (2764 bytes)


---------------  P R O C E S S  ---------------

Java Threads: ( => current thread )
  0x0000000015f09000 JavaThread "pool-1-thread-4" [_thread_blocked, id=8648, stack(0x0000000016ba0000,0x0000000016ca0000)]
  0x0000000015f02800 JavaThread "pool-1-thread-3" [_thread_blocked, id=12020, stack(0x0000000016aa0000,0x0000000016ba0000)]
  0x0000000016008000 JavaThread "pool-1-thread-2" [_thread_blocked, id=13356, stack(0x00000000169a0000,0x0000000016aa0000)]
  0x0000000016027000 JavaThread "pool-2-thread-1" [_thread_blocked, id=12444, stack(0x00000000168a0000,0x00000000169a0000)]
  0x0000000016026000 JavaThread "pool-1-thread-1" [_thread_blocked, id=11396, stack(0x00000000167a0000,0x00000000168a0000)]
  0x0000000015d02800 JavaThread "Service Thread" daemon [_thread_blocked, id=13984, stack(0x00000000165a0000,0x00000000166a0000)]
  0x0000000015cfb800 JavaThread "C1 CompilerThread2" daemon [_thread_blocked, id=4972, stack(0x00000000164a0000,0x00000000165a0000)]
  0x0000000015cf5800 JavaThread "C2 CompilerThread1" daemon [_thread_blocked, id=12332, stack(0x00000000163a0000,0x00000000164a0000)]
=>0x000000001499a000 JavaThread "C2 CompilerThread0" daemon [_thread_in_native, id=6152, stack(0x00000000162a0000,0x00000000163a0000)]
  0x0000000014999800 JavaThread "Attach Listener" daemon [_thread_blocked, id=14156, stack(0x00000000161a0000,0x00000000162a0000)]
  0x0000000015ca8800 JavaThread "Signal Dispatcher" daemon [_thread_blocked, id=12716, stack(0x00000000160a0000,0x00000000161a0000)]
  0x000000000226a000 JavaThread "Finalizer" daemon [_thread_blocked, id=13068, stack(0x0000000015ba0000,0x0000000015ca0000)]
  0x0000000002261000 JavaThread "Reference Handler" daemon [_thread_blocked, id=12988, stack(0x0000000015aa0000,0x0000000015ba0000)]
  0x0000000001e1d800 JavaThread "main" [_thread_in_vm, id=14240, stack(0x0000000001c90000,0x0000000001d90000)]

Other Threads:
  0x0000000014904800 VMThread [stack: 0x00000000159a0000,0x0000000015aa0000] [id=7244]
  0x0000000015d04000 WatcherThread [stack: 0x00000000166a0000,0x00000000167a0000] [id=7316]

VM state:not at safepoint (normal execution)

VM Mutex/Monitor currently owned by a thread: None

Heap:
 PSYoungGen      total 38400K, used 13787K [0x00000000eab00000, 0x00000000ef600000, 0x0000000100000000)
  eden space 33280K, 26% used [0x00000000eab00000,0x00000000eb379ae8,0x00000000ecb80000)
  from space 5120K, 99% used [0x00000000ecb80000,0x00000000ed07d300,0x00000000ed080000)
  to   space 5120K, 0% used [0x00000000ef100000,0x00000000ef100000,0x00000000ef600000)
 ParOldGen       total 87552K, used 1606K [0x00000000c0000000, 0x00000000c5580000, 0x00000000eab00000)
  object space 87552K, 1% used [0x00000000c0000000,0x00000000c01918b8,0x00000000c5580000)
 Metaspace       used 6100K, capacity 7024K, committed 7296K, reserved 1056768K
  class space    used 577K, capacity 616K, committed 640K, reserved 1048576K

Card table byte_map: [0x0000000011630000,0x0000000011840000] byte_map_base: 0x0000000011030000

Marking Bits: (ParMarkBitMap*) 0x000000005f5818f0
 Begin Bits: [0x0000000011da0000, 0x0000000012da0000)
 End Bits:   [0x0000000012da0000, 0x0000000013da0000)

Polling page: 0x00000000006a0000

CodeCache: size=245760Kb used=5747Kb max_used=5763Kb free=240012Kb
 bounds [0x0000000002270000, 0x0000000002820000, 0x0000000011270000]
 total_blobs=1653 nmethods=1383 adapters=184
 compilation: enabled

Compilation events (10 events):
Event: 3.966 Thread 0x0000000015cfb800 nmethod 1387 0x00000000028035d0 code [0x0000000002803740, 0x0000000002803a08]
Event: 3.966 Thread 0x0000000015cfb800 1388       3       com.android.dx.rop.code.Insn::contentEquals (84 bytes)
Event: 3.967 Thread 0x0000000015cfb800 nmethod 1388 0x0000000002803b50 code [0x0000000002803d40, 0x0000000002804978]
Event: 3.967 Thread 0x0000000015cfb800 1389       3       com.android.dx.dex.file.AnnotationUtils::makeSignature (251 bytes)
Event: 3.971 Thread 0x0000000015cfb800 nmethod 1389 0x0000000002804bd0 code [0x0000000002805020, 0x0000000002807aa8]
Event: 3.977 Thread 0x0000000015cf5800 nmethod 1318 0x000000000280e910 code [0x000000000280eba0, 0x0000000002810e88]
Event: 3.977 Thread 0x0000000015cf5800 1369       4       com.android.dx.ssa.SsaRenamer$BlockRenamer::process (191 bytes)
Event: 4.045 Thread 0x0000000015cf5800 nmethod 1369 0x0000000002813750 code [0x00000000028139a0, 0x0000000002814e80]
Event: 4.045 Thread 0x0000000015cf5800 1326       4       com.android.dx.ssa.SsaMethod$2::visitNonMoveInsn (6 bytes)
Event: 4.046 Thread 0x0000000015cf5800 nmethod 1326 0x00000000027d0cd0 code [0x00000000027d0e20, 0x00000000027d0ea8]

GC Heap History (2 events):
Event: 3.685 GC heap before
{Heap before GC invocations=1 (full 0):
 PSYoungGen      total 38400K, used 33280K [0x00000000eab00000, 0x00000000ed580000, 0x0000000100000000)
  eden space 33280K, 100% used [0x00000000eab00000,0x00000000ecb80000,0x00000000ecb80000)
  from space 5120K, 0% used [0x00000000ed080000,0x00000000ed080000,0x00000000ed580000)
  to   space 5120K, 0% used [0x00000000ecb80000,0x00000000ecb80000,0x00000000ed080000)
 ParOldGen       total 87552K, used 0K [0x00000000c0000000, 0x00000000c5580000, 0x00000000eab00000)
  object space 87552K, 0% used [0x00000000c0000000,0x00000000c0000000,0x00000000c5580000)
 Metaspace       used 6060K, capacity 6960K, committed 7040K, reserved 1056768K
  class space    used 577K, capacity 616K, committed 640K, reserved 1048576K
Event: 3.766 GC heap after
Heap after GC invocations=1 (full 0):
 PSYoungGen      total 38400K, used 5108K [0x00000000eab00000, 0x00000000ef600000, 0x0000000100000000)
  eden space 33280K, 0% used [0x00000000eab00000,0x00000000eab00000,0x00000000ecb80000)
  from space 5120K, 99% used [0x00000000ecb80000,0x00000000ed07d300,0x00000000ed080000)
  to   space 5120K, 0% used [0x00000000ef100000,0x00000000ef100000,0x00000000ef600000)
 ParOldGen       total 87552K, used 1606K [0x00000000c0000000, 0x00000000c5580000, 0x00000000eab00000)
  object space 87552K, 1% used [0x00000000c0000000,0x00000000c01918b8,0x00000000c5580000)
 Metaspace       used 6060K, capacity 6960K, committed 7040K, reserved 1056768K
  class space    used 577K, capacity 616K, committed 640K, reserved 1048576K
}

Deoptimization events (7 events):
Event: 1.190 Thread 0x0000000001e1d800 Uncommon trap: reason=unstable_if action=reinterpret pc=0x00000000023b14d4 method=java.lang.String.indexOf(II)I @ 49
Event: 2.249 Thread 0x0000000016026000 Uncommon trap: reason=unstable_if action=reinterpret pc=0x0000000002497aa4 method=java.util.HashMap.getNode(ILjava/lang/Object;)Ljava/util/HashMap$Node; @ 129
Event: 2.397 Thread 0x0000000016008000 Uncommon trap: reason=unstable_if action=reinterpret pc=0x00000000024a9670 method=java.util.BitSet.nextSetBit(I)I @ 87
Event: 2.654 Thread 0x0000000015f02800 Uncommon trap: reason=unstable_if action=reinterpret pc=0x000000000254d82c method=com.android.dx.rop.code.RegisterSpecSet.put(Lcom/android/dx/rop/code/RegisterSpec;)V @ 77
Event: 3.311 Thread 0x0000000016008000 Uncommon trap: reason=null_check action=make_not_entrant pc=0x00000000025584b4 method=com.android.dx.ssa.SsaRenamer.getLocalForNewReg(I)Lcom/android/dx/rop/code/LocalItem; @ 19
Event: 3.324 Thread 0x0000000015f02800 Uncommon trap: reason=null_check action=make_not_entrant pc=0x00000000025ff6a8 method=com.android.dx.rop.type.Type.equals(Ljava/lang/Object;)Z @ 8
Event: 3.771 Thread 0x0000000001e1d800 Uncommon trap: reason=unstable_if action=reinterpret pc=0x00000000026c7544 method=com.android.dx.ssa.SsaRenamer$BlockRenamer.addMapping(ILcom/android/dx/rop/code/RegisterSpec;)V @ 120

Internal exceptions (4 events):
Event: 0.385 Thread 0x0000000001e1d800 Exception <a 'java/lang/NoSuchMethodError': Method sun.misc.Unsafe.defineClass(Ljava/lang/String;[BII)Ljava/lang/Class; name or signature does not match> (0x00000000eab07c78) thrown at [C:\src\android\AOSP-openjdk\external\jetbrains\jdk\hotspot\src\share\vûºC<®Ø?
Event: 0.386 Thread 0x0000000001e1d800 Exception <a 'java/lang/NoSuchMethodError': Method sun.misc.Unsafe.prefetchRead(Ljava/lang/Object;J)V name or signature does not match> (0x00000000eab07f60) thrown at [C:\src\android\AOSP-openjdk\external\jetbrains\jdk\hotspot\src\share\vm\prims\jni.cpp, l‘¡5t}
@
Event: 3.311 Thread 0x0000000016008000 Implicit null exception at 0x0000000002555d95 to 0x000000000255846d
Event: 3.324 Thread 0x0000000015f02800 Implicit null exception at 0x00000000025ff5a2 to 0x00000000025ff69a

Events (10 events):
Event: 3.324 Thread 0x0000000015f02800 DEOPT UNPACKING pc=0x00000000022b556a sp=0x0000000016b9e808 mode 2
Event: 3.494 loading class com/android/dx/cf/attrib/AttAnnotationDefault
Event: 3.494 loading class com/android/dx/cf/attrib/AttAnnotationDefault done
Event: 3.514 Thread 0x0000000001e1d800 DEOPT PACKING pc=0x0000000002635a89 sp=0x0000000001d8e590
Event: 3.514 Thread 0x0000000001e1d800 DEOPT UNPACKING pc=0x00000000022b75bf sp=0x0000000001d8e358 mode 0
Event: 3.593 Executing VM operation: ParallelGCFailedAllocation
Event: 3.766 Executing VM operation: ParallelGCFailedAllocation done
Event: 3.771 Thread 0x0000000001e1d800 Uncommon trap: trap_request=0xffffff65 fr.pc=0x00000000026c7544
Event: 3.771 Thread 0x0000000001e1d800 DEOPT PACKING pc=0x00000000026c7544 sp=0x0000000001d8e3e0
Event: 3.771 Thread 0x0000000001e1d800 DEOPT UNPACKING pc=0x00000000022b556a sp=0x0000000001d8e370 mode 2


Dynamic libraries:
0x00007ff785640000 - 0x00007ff785671000 	D:\Android Studio\jre\bin\java.exe
0x00007ffcddc40000 - 0x00007ffcddded000 	C:\windows\SYSTEM32\ntdll.dll
0x00007ffcdd7c0000 - 0x00007ffcdd8fe000 	C:\windows\system32\KERNEL32.DLL
0x00007ffcdaeb0000 - 0x00007ffcdafc5000 	C:\windows\system32\KERNELBASE.dll
0x00007ffcdbc70000 - 0x00007ffcdbd1a000 	C:\windows\system32\ADVAPI32.dll
0x00007ffcdbaf0000 - 0x00007ffcdbc67000 	C:\windows\system32\USER32.dll
0x00007ffcd85d0000 - 0x00007ffcd884b000 	C:\windows\WinSxS\amd64_microsoft.windows.common-controls_6595b64144ccf1df_6.0.9600.18006_none_623f33d3ecbe86e8\COMCTL32.dll
0x00007ffcdc020000 - 0x00007ffcdc0ca000 	C:\windows\system32\msvcrt.dll
0x00007ffcdb330000 - 0x00007ffcdb389000 	C:\windows\SYSTEM32\sechost.dll
0x00007ffcdb390000 - 0x00007ffcdb4d0000 	C:\windows\system32\RPCRT4.dll
0x00007ffcddae0000 - 0x00007ffcddc2f000 	C:\windows\system32\GDI32.dll
0x00007ffcdadd0000 - 0x00007ffcdadfe000 	C:\windows\system32\SspiCli.dll
0x00007ffcdb970000 - 0x00007ffcdb9a6000 	C:\windows\system32\IMM32.DLL
0x00007ffcdbd20000 - 0x00007ffcdbe72000 	C:\windows\system32\MSCTF.dll
0x0000000060870000 - 0x0000000060942000 	D:\Android Studio\jre\jre\bin\msvcr100.dll
0x000000005edc0000 - 0x000000005f5fc000 	D:\Android Studio\jre\jre\bin\server\jvm.dll
0x00007ffcc0e90000 - 0x00007ffcc0e99000 	C:\windows\SYSTEM32\WSOCK32.dll
0x00007ffcdad40000 - 0x00007ffcdad62000 	C:\windows\system32\WINMM.dll
0x00007ffcd3210000 - 0x00007ffcd321a000 	C:\windows\SYSTEM32\VERSION.dll
0x00007ffcdb960000 - 0x00007ffcdb967000 	C:\windows\system32\PSAPI.DLL
0x00007ffcdb0d0000 - 0x00007ffcdb12a000 	C:\windows\system32\WS2_32.dll
0x00007ffcdaa60000 - 0x00007ffcdaa8a000 	C:\windows\system32\WINMMBASE.dll
0x00007ffcdc190000 - 0x00007ffcdc199000 	C:\windows\system32\NSI.dll
0x00007ffcdad70000 - 0x00007ffcdadbf000 	C:\windows\SYSTEM32\cfgmgr32.dll
0x00007ffcdaa30000 - 0x00007ffcdaa58000 	C:\windows\system32\DEVOBJ.dll
0x00007ffcd84e0000 - 0x00007ffcd84ef000 	D:\Android Studio\jre\jre\bin\verify.dll
0x00007ffcd78f0000 - 0x00007ffcd7919000 	D:\Android Studio\jre\jre\bin\java.dll
0x00007ffcd7a10000 - 0x00007ffcd7a26000 	D:\Android Studio\jre\jre\bin\zip.dll
0x00007ffcdc1c0000 - 0x00007ffcdd6e9000 	C:\windows\system32\SHELL32.dll
0x00007ffcdb740000 - 0x00007ffcdb951000 	C:\windows\SYSTEM32\combase.dll
0x00007ffcdb070000 - 0x00007ffcdb0c4000 	C:\windows\system32\SHLWAPI.dll
0x00007ffcd8d80000 - 0x00007ffcd8e32000 	C:\windows\SYSTEM32\SHCORE.dll
0x00007ffcda980000 - 0x00007ffcda995000 	C:\windows\SYSTEM32\profapi.dll

VM Arguments:
jvm_args: -Djava.awt.headless=true -Xmx1024M -Dfile.encoding=GBK -Duser.country=CN -Duser.language=zh -Duser.variant 
java_command: com.android.dx.command.Main --dex --num-threads=4 --output D:\android_wokespace\Park1\app\build\intermediates\pre-dexed\debug\gson-2.2.4_5e9a2da84161f342d279baaf9d7315c3c6c5923a.jar D:\Android Studio\gradle\m2repository\com\google\code\gson\gson\2.2.4\gson-2.2.4.jar
java_class_path (initial): D:\AndroidSDK\build-tools\25.0.0\lib\dx.jar
Launcher Type: SUN_STANDARD

Environment Variables:
JAVA_HOME=D:\Program Files\Java\jdk1.8.0_60
CLASSPATH=.
PATH=D:\Program Files\Java\jdk1.8.0_60\bin;C:\Program Files (x86)\Lenovo\FusionEngine;C:\Program Files (x86)\Intel\iCLS Client\;C:\Program Files\Intel\iCLS Client\;C:\windows\system32;C:\windows;C:\windows\System32\Wbem;C:\windows\System32\WindowsPowerShell\v1.0\;C:\Program Files (x86)\ATI Technologies\ATI.ACE\Core-Static;C:\Program Files\Intel\Intel(R) Management Engine Components\DAL;C:\Program Files (x86)\Intel\Intel(R) Management Engine Components\DAL;C:\Program Files\Intel\Intel(R) Management Engine Components\IPT;C:\Program Files (x86)\Intel\Intel(R) Management Engine Components\IPT;C:\Program Files (x86)\Common Files\lenovo\easyplussdk\bin;C:\Program Files (x86)\Microsoft SQL Server\100\Tools\Binn\;C:\Program Files\Microsoft SQL Server\100\Tools\Binn\;C:\Program Files\Microsoft SQL Server\100\DTS\Binn\;C:\Program Files (x86)\Microsoft SQL Server\100\Tools\Binn\VSShell\Common7\IDE\;C:\Program Files (x86)\Microsoft SQL Server\100\DTS\Binn\;C:\Program Files (x86)\Microsoft Visual Studio 9.0\Common7\IDE\PrivateAssemblies\;D:\mysql\mysql-5.7.18-winx64\bin;D:\Git\cmd;D:\Android_sdk\build-tools;D:\Android_sdk\tools;;C:\Program Files\Microsoft SQL Server\110\DTS\Binn\;C:\Program Files (x86)\Microsoft SQL Server\110\Tools\Binn\;C:\Program Files\Microsoft SQL Server\110\Tools\Binn\;C:\Program Files (x86)\Microsoft SQL Server\110\Tools\Binn\ManagementStudio\;C:\Program Files (x86)\Microsoft Visual Studio 10.0\Common7\IDE\PrivateAssemblies\;C:\Program Files (x86)\Microsoft SQL Server\110\DTS\Binn\;D:\apache-tomcat-8.0.24\lib;D:\apache-tomcat-8.0.24\bin
USERNAME=lenovo
OS=Windows_NT
PROCESSOR_IDENTIFIER=Intel64 Family 6 Model 61 Stepping 4, GenuineIntel



---------------  S Y S T E M  ---------------

OS: Windows 8.1 , 64 bit Build 9600 (6.3.9600.17415)

CPU:total 4 (2 cores per cpu, 2 threads per core) family 6 model 61 stepping 4, cmov, cx8, fxsr, mmx, sse, sse2, sse3, ssse3, sse4.1, sse4.2, popcnt, avx, avx2, aes, clmul, erms, 3dnowpref, lzcnt, ht, tsc, tscinvbit, bmi1, bmi2, adx

Memory: 4k page, physical 8301656k(1432512k free), swap 8301656k(9448k free)

vm_info: OpenJDK 64-Bit Server VM (25.112-b06) for windows-amd64 JRE (1.8.0_112-release-b06), built on Dec  8 2016 00:54:26 by "builder" with MS VC++ 10.0 (VS2010)

time: Mon Nov 06 02:34:30 2017
elapsed time: 4 seconds (0d 0h 0m 4s)

