#
# There is insufficient memory for the Java Runtime Environment to continue.
# Native memory allocation (malloc) failed to allocate 32744 bytes for ChunkPool::allocate
# Possible reasons:
#   The system is out of physical RAM or swap space
#   In 32 bit mode, the process size limit was hit
# Possible solutions:
#   Reduce memory load on the system
#   Increase physical memory or swap space
#   Check if swap backing store is full
#   Use 64 bit Java on a 64 bit OS
#   Decrease Java heap size (-Xmx/-Xms)
#   Decrease number of Java threads
#   Decrease Java thread stack sizes (-Xss)
#   Set larger code cache with -XX:ReservedCodeCacheSize=
# This output file may be truncated or incomplete.
#
#  Out of Memory Error (allocation.cpp:273), pid=11480, tid=0x00000000000014e8
#
# JRE version: OpenJDK Runtime Environment (8.0_112-b06) (build 1.8.0_112-release-b06)
# Java VM: OpenJDK 64-Bit Server VM (25.112-b06 mixed mode windows-amd64 compressed oops)
# Failed to write core dump. Minidumps are not enabled by default on client versions of Windows
#

---------------  T H R E A D  ---------------

Current thread (0x00000000163eb800):  JavaThread "C1 CompilerThread2" daemon [_thread_in_native, id=5352, stack(0x0000000016b90000,0x0000000016c90000)]

Stack: [0x0000000016b90000,0x0000000016c90000]
[error occurred during error reporting (printing stack bounds), id 0xc0000005]

Native frames: (J=compiled Java code, j=interpreted, Vv=VM code, C=native code)


Current CompileTask:
C1:   4644  468   !   3       com.android.dx.cf.code.BytecodeArray::parseInstruction (2764 bytes)


---------------  P R O C E S S  ---------------

Java Threads: ( => current thread )
  0x000000001665d000 JavaThread "pool-1-thread-4" [_thread_blocked, id=13384, stack(0x0000000017290000,0x0000000017390000)]
  0x000000001665c000 JavaThread "pool-1-thread-3" [_thread_blocked, id=8248, stack(0x0000000017190000,0x0000000017290000)]
  0x000000001665b800 JavaThread "pool-1-thread-2" [_thread_blocked, id=13876, stack(0x0000000017090000,0x0000000017190000)]
  0x000000001669d800 JavaThread "pool-2-thread-1" [_thread_blocked, id=13996, stack(0x0000000016f90000,0x0000000017090000)]
  0x000000001669c800 JavaThread "pool-1-thread-1" [_thread_blocked, id=12796, stack(0x0000000016e90000,0x0000000016f90000)]
  0x00000000163f1000 JavaThread "Service Thread" daemon [_thread_blocked, id=13540, stack(0x0000000016c90000,0x0000000016d90000)]
=>0x00000000163eb800 JavaThread "C1 CompilerThread2" daemon [_thread_in_native, id=5352, stack(0x0000000016b90000,0x0000000016c90000)]
  0x00000000163e1000 JavaThread "C2 CompilerThread1" daemon [_thread_blocked, id=13144, stack(0x0000000016a90000,0x0000000016b90000)]
  0x000000001505a000 JavaThread "C2 CompilerThread0" daemon [_thread_blocked, id=11516, stack(0x0000000016990000,0x0000000016a90000)]
  0x0000000015059800 JavaThread "Attach Listener" daemon [_thread_blocked, id=3104, stack(0x0000000016890000,0x0000000016990000)]
  0x0000000016398800 JavaThread "Signal Dispatcher" daemon [_thread_blocked, id=14328, stack(0x0000000016790000,0x0000000016890000)]
  0x000000000292a000 JavaThread "Finalizer" daemon [_thread_blocked, id=1664, stack(0x0000000016290000,0x0000000016390000)]
  0x0000000002921000 JavaThread "Reference Handler" daemon [_thread_blocked, id=10672, stack(0x0000000016190000,0x0000000016290000)]
  0x000000000249d800 JavaThread "main" [_thread_blocked, id=12380, stack(0x0000000002380000,0x0000000002480000)]

Other Threads:
  0x0000000014fc4800 VMThread [stack: 0x0000000016090000,0x0000000016190000] [id=1764]
  0x00000000163f2000 WatcherThread [stack: 0x0000000016d90000,0x0000000016e90000] [id=12428]

VM state:not at safepoint (normal execution)

VM Mutex/Monitor currently owned by a thread: None

Heap:
 PSYoungGen      total 38400K, used 16670K [0x00000000eab00000, 0x00000000ed580000, 0x0000000100000000)
  eden space 33280K, 50% used [0x00000000eab00000,0x00000000ebb47a60,0x00000000ecb80000)
  from space 5120K, 0% used [0x00000000ed080000,0x00000000ed080000,0x00000000ed580000)
  to   space 5120K, 0% used [0x00000000ecb80000,0x00000000ecb80000,0x00000000ed080000)
 ParOldGen       total 87552K, used 0K [0x00000000c0000000, 0x00000000c5580000, 0x00000000eab00000)
  object space 87552K, 0% used [0x00000000c0000000,0x00000000c0000000,0x00000000c5580000)
 Metaspace       used 5332K, capacity 6448K, committed 6528K, reserved 1058816K
  class space    used 562K, capacity 616K, committed 640K, reserved 1048576K

Card table byte_map: [0x0000000011cf0000,0x0000000011f00000] byte_map_base: 0x00000000116f0000

Marking Bits: (ParMarkBitMap*) 0x000000005f5818f0
 Begin Bits: [0x0000000012460000, 0x0000000013460000)
 End Bits:   [0x0000000013460000, 0x0000000014460000)

Polling page: 0x0000000000ae0000

CodeCache: size=245760Kb used=2130Kb max_used=2130Kb free=243629Kb
 bounds [0x0000000002930000, 0x0000000002ba0000, 0x0000000011930000]
 total_blobs=733 nmethods=469 adapters=178
 compilation: enabled

Compilation events (10 events):
Event: 4.626 Thread 0x00000000163eb800 nmethod 466 0x0000000002b43a10 code [0x0000000002b43ba0, 0x0000000002b44028]
Event: 4.626 Thread 0x00000000163eb800  465       1       com.android.dx.cf.code.ByteBlock::getLabel (5 bytes)
Event: 4.627 Thread 0x00000000163eb800 nmethod 465 0x0000000002b40b50 code [0x0000000002b40ca0, 0x0000000002b40db0]
Event: 4.627 Thread 0x00000000163eb800  467       3       com.android.dx.rop.code.RegisterSpecList::set (7 bytes)
Event: 4.627 Thread 0x00000000163eb800 nmethod 467 0x0000000002b44150 code [0x0000000002b44320, 0x0000000002b44b08]
Event: 4.627 Thread 0x00000000163eb800  470       3       com.android.dx.util.MutabilityControl::throwIfMutable (18 bytes)
Event: 4.627 Thread 0x00000000163eb800 nmethod 470 0x0000000002b450d0 code [0x0000000002b45240, 0x0000000002b454a8]
Event: 4.628 Thread 0x00000000163eb800  471       1       com.android.dx.rop.type.Type::getType (2 bytes)
Event: 4.628 Thread 0x00000000163eb800 nmethod 471 0x0000000002b45590 code [0x0000000002b456e0, 0x0000000002b457f0]
Event: 4.628 Thread 0x00000000163eb800  468   !   3       com.android.dx.cf.code.BytecodeArray::parseInstruction (2764 bytes)

GC Heap History (0 events):
No events

Deoptimization events (1 events):
Event: 1.894 Thread 0x000000000249d800 Uncommon trap: reason=unstable_if action=reinterpret pc=0x0000000002a93914 method=java.lang.String.compareTo(Ljava/lang/String;)I @ 38

Internal exceptions (2 events):
Event: 0.121 Thread 0x000000000249d800 Exception <a 'java/lang/NoSuchMethodError': Method sun.misc.Unsafe.defineClass(Ljava/lang/String;[BII)Ljava/lang/Class; name or signature does not match> (0x00000000eab07c78) thrown at [C:\src\android\AOSP-openjdk\external\jetbrains\jdk\hotspot\src\share\v∑fâåù%ø?
Event: 0.122 Thread 0x000000000249d800 Exception <a 'java/lang/NoSuchMethodError': Method sun.misc.Unsafe.prefetchRead(Ljava/lang/Object;J)V name or signature does not match> (0x00000000eab07f60) thrown at [C:\src\android\AOSP-openjdk\external\jetbrains\jdk\hotspot\src\share\vm\prims\jni.cpp, l

Events (10 events):
Event: 4.602 loading class com/android/dx/dex/file/ParameterAnnotationStruct
Event: 4.602 loading class com/android/dx/dex/file/ParameterAnnotationStruct done
Event: 4.607 loading class com/android/dx/dex/file/UniformListItem
Event: 4.607 loading class com/android/dx/dex/file/UniformListItem done
Event: 4.608 loading class com/android/dx/dex/file/AnnotationSetRefItem
Event: 4.608 loading class com/android/dx/dex/file/AnnotationSetRefItem done
Event: 4.617 loading class java/util/TreeMap$EntrySet
Event: 4.617 loading class java/util/TreeMap$EntrySet done
Event: 4.617 loading class java/util/TreeMap$EntryIterator
Event: 4.618 loading class java/util/TreeMap$EntryIterator done


Dynamic libraries:
0x00007ff785640000 - 0x00007ff785671000 	D:\Android Studio\jre\bin\java.exe
0x00007ffcddc40000 - 0x00007ffcddded000 	C:\windows\SYSTEM32\ntdll.dll
0x00007ffcdd7c0000 - 0x00007ffcdd8fe000 	C:\windows\system32\KERNEL32.DLL
0x00007ffcdaeb0000 - 0x00007ffcdafc5000 	C:\windows\system32\KERNELBASE.dll
0x00007ffcdbc70000 - 0x00007ffcdbd1a000 	C:\windows\system32\ADVAPI32.dll
0x00007ffcdbaf0000 - 0x00007ffcdbc67000 	C:\windows\system32\USER32.dll
0x00007ffcd85d0000 - 0x00007ffcd884b000 	C:\windows\WinSxS\amd64_microsoft.windows.common-controls_6595b64144ccf1df_6.0.9600.18006_none_623f33d3ecbe86e8\COMCTL32.dll
0x00007ffcdc020000 - 0x00007ffcdc0ca000 	C:\windows\system32\msvcrt.dll
0x00007ffcdb330000 - 0x00007ffcdb389000 	C:\windows\SYSTEM32\sechost.dll
0x00007ffcdb390000 - 0x00007ffcdb4d0000 	C:\windows\system32\RPCRT4.dll
0x00007ffcddae0000 - 0x00007ffcddc2f000 	C:\windows\system32\GDI32.dll
0x00007ffcdadd0000 - 0x00007ffcdadfe000 	C:\windows\system32\SspiCli.dll
0x00007ffcdb970000 - 0x00007ffcdb9a6000 	C:\windows\system32\IMM32.DLL
0x00007ffcdbd20000 - 0x00007ffcdbe72000 	C:\windows\system32\MSCTF.dll
0x0000000060870000 - 0x0000000060942000 	D:\Android Studio\jre\jre\bin\msvcr100.dll
0x000000005edc0000 - 0x000000005f5fc000 	D:\Android Studio\jre\jre\bin\server\jvm.dll
0x00007ffcc0e90000 - 0x00007ffcc0e99000 	C:\windows\SYSTEM32\WSOCK32.dll
0x00007ffcdad40000 - 0x00007ffcdad62000 	C:\windows\system32\WINMM.dll
0x00007ffcd3210000 - 0x00007ffcd321a000 	C:\windows\SYSTEM32\VERSION.dll
0x00007ffcdb960000 - 0x00007ffcdb967000 	C:\windows\system32\PSAPI.DLL
0x00007ffcdb0d0000 - 0x00007ffcdb12a000 	C:\windows\system32\WS2_32.dll
0x00007ffcdaa60000 - 0x00007ffcdaa8a000 	C:\windows\system32\WINMMBASE.dll
0x00007ffcdc190000 - 0x00007ffcdc199000 	C:\windows\system32\NSI.dll
0x00007ffcdad70000 - 0x00007ffcdadbf000 	C:\windows\SYSTEM32\cfgmgr32.dll
0x00007ffcdaa30000 - 0x00007ffcdaa58000 	C:\windows\system32\DEVOBJ.dll
0x00007ffcd84e0000 - 0x00007ffcd84ef000 	D:\Android Studio\jre\jre\bin\verify.dll
0x00007ffcd78f0000 - 0x00007ffcd7919000 	D:\Android Studio\jre\jre\bin\java.dll
0x00007ffcd7a10000 - 0x00007ffcd7a26000 	D:\Android Studio\jre\jre\bin\zip.dll
0x00007ffcdc1c0000 - 0x00007ffcdd6e9000 	C:\windows\system32\SHELL32.dll
0x00007ffcdb740000 - 0x00007ffcdb951000 	C:\windows\SYSTEM32\combase.dll
0x00007ffcdb070000 - 0x00007ffcdb0c4000 	C:\windows\system32\SHLWAPI.dll
0x00007ffcd8d80000 - 0x00007ffcd8e32000 	C:\windows\SYSTEM32\SHCORE.dll
0x00007ffcda980000 - 0x00007ffcda995000 	C:\windows\SYSTEM32\profapi.dll

VM Arguments:
jvm_args: -Djava.awt.headless=true -Xmx1024M -Dfile.encoding=GBK -Duser.country=CN -Duser.language=zh -Duser.variant 
java_command: com.android.dx.command.Main --dex --num-threads=4 --output D:\android_wokespace\Park1\app\build\intermediates\pre-dexed\debug\classes_e7612d93fa54f62e7899fe0e867145ffbbf78018.jar C:\Users\lenovo\.android\build-cache\5775ab582bcf23684219abed97f1f02c82aca925\output\jars\classes.jar
java_class_path (initial): D:\AndroidSDK\build-tools\25.0.0\lib\dx.jar
Launcher Type: SUN_STANDARD

Environment Variables:
JAVA_HOME=D:\Program Files\Java\jdk1.8.0_60
CLASSPATH=.
PATH=D:\Program Files\Java\jdk1.8.0_60\bin;C:\Program Files (x86)\Lenovo\FusionEngine;C:\Program Files (x86)\Intel\iCLS Client\;C:\Program Files\Intel\iCLS Client\;C:\windows\system32;C:\windows;C:\windows\System32\Wbem;C:\windows\System32\WindowsPowerShell\v1.0\;C:\Program Files (x86)\ATI Technologies\ATI.ACE\Core-Static;C:\Program Files\Intel\Intel(R) Management Engine Components\DAL;C:\Program Files (x86)\Intel\Intel(R) Management Engine Components\DAL;C:\Program Files\Intel\Intel(R) Management Engine Components\IPT;C:\Program Files (x86)\Intel\Intel(R) Management Engine Components\IPT;C:\Program Files (x86)\Common Files\lenovo\easyplussdk\bin;C:\Program Files (x86)\Microsoft SQL Server\100\Tools\Binn\;C:\Program Files\Microsoft SQL Server\100\Tools\Binn\;C:\Program Files\Microsoft SQL Server\100\DTS\Binn\;C:\Program Files (x86)\Microsoft SQL Server\100\Tools\Binn\VSShell\Common7\IDE\;C:\Program Files (x86)\Microsoft SQL Server\100\DTS\Binn\;C:\Program Files (x86)\Microsoft Visual Studio 9.0\Common7\IDE\PrivateAssemblies\;D:\mysql\mysql-5.7.18-winx64\bin;D:\Git\cmd;D:\Android_sdk\build-tools;D:\Android_sdk\tools;;C:\Program Files\Microsoft SQL Server\110\DTS\Binn\;C:\Program Files (x86)\Microsoft SQL Server\110\Tools\Binn\;C:\Program Files\Microsoft SQL Server\110\Tools\Binn\;C:\Program Files (x86)\Microsoft SQL Server\110\Tools\Binn\ManagementStudio\;C:\Program Files (x86)\Microsoft Visual Studio 10.0\Common7\IDE\PrivateAssemblies\;C:\Program Files (x86)\Microsoft SQL Server\110\DTS\Binn\;D:\apache-tomcat-8.0.24\lib;D:\apache-tomcat-8.0.24\bin
USERNAME=lenovo
OS=Windows_NT
PROCESSOR_IDENTIFIER=Intel64 Family 6 Model 61 Stepping 4, GenuineIntel



---------------  S Y S T E M  ---------------

OS: Windows 8.1 , 64 bit Build 9600 (6.3.9600.17415)

CPU:total 4 (2 cores per cpu, 2 threads per core) family 6 model 61 stepping 4, cmov, cx8, fxsr, mmx, sse, sse2, sse3, ssse3, sse4.1, sse4.2, popcnt, avx, avx2, aes, clmul, erms, 3dnowpref, lzcnt, ht, tsc, tscinvbit, bmi1, bmi2, adx

Memory: 4k page, physical 8301656k(1790164k free), swap 8301656k(4112k free)

vm_info: OpenJDK 64-Bit Server VM (25.112-b06) for windows-amd64 JRE (1.8.0_112-release-b06), built on Dec  8 2016 00:54:26 by "builder" with MS VC++ 10.0 (VS2010)

time: Mon Nov 06 02:39:37 2017
elapsed time: 4 seconds (0d 0h 0m 4s)

