#
# There is insufficient memory for the Java Runtime Environment to continue.
# Native memory allocation (malloc) failed to allocate 402880 bytes for Chunk::new
# Possible reasons:
#   The system is out of physical RAM or swap space
#   In 32 bit mode, the process size limit was hit
# Possible solutions:
#   Reduce memory load on the system
#   Increase physical memory or swap space
#   Check if swap backing store is full
#   Use 64 bit Java on a 64 bit OS
#   Decrease Java heap size (-Xmx/-Xms)
#   Decrease number of Java threads
#   Decrease Java thread stack sizes (-Xss)
#   Set larger code cache with -XX:ReservedCodeCacheSize=
# This output file may be truncated or incomplete.
#
#  Out of Memory Error (allocation.cpp:390), pid=2880, tid=0x0000000000000eac
#
# JRE version: OpenJDK Runtime Environment (8.0_112-b06) (build 1.8.0_112-release-b06)
# Java VM: OpenJDK 64-Bit Server VM (25.112-b06 mixed mode windows-amd64 compressed oops)
# Failed to write core dump. Minidumps are not enabled by default on client versions of Windows
#

---------------  T H R E A D  ---------------

Current thread (0x000000001d5e2000):  JavaThread "C2 CompilerThread1" daemon [_thread_in_native, id=3756, stack(0x000000001dcd0000,0x000000001ddd0000)]

Stack: [0x000000001dcd0000,0x000000001ddd0000]
[error occurred during error reporting (printing stack bounds), id 0xc0000005]

Native frames: (J=compiled Java code, j=interpreted, Vv=VM code, C=native code)


Current CompileTask:
C2:   4625 1434   !   4       com.android.dx.cf.code.RopperMachine::run (1550 bytes)


---------------  P R O C E S S  ---------------

Java Threads: ( => current thread )
  0x000000001d756000 JavaThread "pool-1-thread-1" [_thread_in_Java, id=2912, stack(0x000000001e0d0000,0x000000001e1d0000)]
  0x000000001d656800 JavaThread "Service Thread" daemon [_thread_blocked, id=2908, stack(0x000000001ded0000,0x000000001dfd0000)]
  0x000000001d5e5000 JavaThread "C1 CompilerThread2" daemon [_thread_blocked, id=276, stack(0x000000001ddd0000,0x000000001ded0000)]
=>0x000000001d5e2000 JavaThread "C2 CompilerThread1" daemon [_thread_in_native, id=3756, stack(0x000000001dcd0000,0x000000001ddd0000)]
  0x000000001c21d000 JavaThread "C2 CompilerThread0" daemon [_thread_in_native, id=2464, stack(0x000000001dbd0000,0x000000001dcd0000)]
  0x000000001c269800 JavaThread "Attach Listener" daemon [_thread_blocked, id=3940, stack(0x000000001dad0000,0x000000001dbd0000)]
  0x000000001d5d8800 JavaThread "Signal Dispatcher" daemon [_thread_blocked, id=2936, stack(0x000000001d9d0000,0x000000001dad0000)]
  0x0000000002b3a000 JavaThread "Finalizer" daemon [_thread_blocked, id=3188, stack(0x000000001d480000,0x000000001d580000)]
  0x0000000002b31000 JavaThread "Reference Handler" daemon [_thread_blocked, id=2884, stack(0x000000001d380000,0x000000001d480000)]
  0x0000000002a3d800 JavaThread "main" [_thread_blocked, id=2980, stack(0x0000000002930000,0x0000000002a30000)]

Other Threads:
  0x000000001c1d4800 VMThread [stack: 0x000000001d280000,0x000000001d380000] [id=2896]
  0x000000001d612800 WatcherThread [stack: 0x000000001dfd0000,0x000000001e0d0000] [id=3944]

VM state:not at safepoint (normal execution)

VM Mutex/Monitor currently owned by a thread: None

Heap:
 PSYoungGen      total 38400K, used 33359K [0x000000076ab00000, 0x000000076d580000, 0x00000007c0000000)
  eden space 33280K, 84% used [0x000000076ab00000,0x000000076c699ca8,0x000000076cb80000)
  from space 5120K, 99% used [0x000000076cb80000,0x000000076d07a098,0x000000076d080000)
  to   space 5120K, 0% used [0x000000076d080000,0x000000076d080000,0x000000076d580000)
 ParOldGen       total 87552K, used 2544K [0x00000006c0000000, 0x00000006c5580000, 0x000000076ab00000)
  object space 87552K, 2% used [0x00000006c0000000,0x00000006c027c150,0x00000006c5580000)
 Metaspace       used 6138K, capacity 7152K, committed 7296K, reserved 1056768K
  class space    used 573K, capacity 616K, committed 640K, reserved 1048576K

Card table byte_map: [0x0000000011f00000,0x0000000012710000] byte_map_base: 0x000000000e900000

Marking Bits: (ParMarkBitMap*) 0x00000000658318f0
 Begin Bits: [0x0000000013070000, 0x0000000017070000)
 End Bits:   [0x0000000017070000, 0x000000001b070000)

Polling page: 0x0000000000e40000

CodeCache: size=245760Kb used=6913Kb max_used=6924Kb free=238846Kb
 bounds [0x0000000002b40000, 0x0000000003210000, 0x0000000011b40000]
 total_blobs=1905 nmethods=1641 adapters=177
 compilation: enabled

Compilation events (10 events):
Event: 4.584 Thread 0x000000001c21d000 nmethod 1612 0x0000000003201e50 code [0x0000000003202020, 0x0000000003202890]
Event: 4.584 Thread 0x000000001c21d000 1624       4       com.android.dx.rop.code.RegisterSpecSet::size (49 bytes)
Event: 4.588 Thread 0x000000001c21d000 nmethod 1624 0x00000000031fedd0 code [0x00000000031fef00, 0x00000000031ff058]
Event: 4.588 Thread 0x000000001c21d000 1610       4       com.android.dx.rop.type.Type::compareTo (9 bytes)
Event: 4.590 Thread 0x000000001c21d000 nmethod 1610 0x00000000031fe990 code [0x00000000031feae0, 0x00000000031fecb8]
Event: 4.590 Thread 0x000000001c21d000 1646       4       java.util.TreeMap$PrivateEntryIterator::hasNext (13 bytes)
Event: 4.591 Thread 0x000000001c21d000 nmethod 1646 0x0000000002fdd090 code [0x0000000002fdd1c0, 0x0000000002fdd238]
Event: 4.591 Thread 0x000000001c21d000 1637       4       com.android.dx.dex.file.Section::throwIfPrepared (18 bytes)
Event: 4.591 Thread 0x000000001c21d000 nmethod 1637 0x000000000307c110 code [0x000000000307c240, 0x000000000307c2b8]
Event: 4.591 Thread 0x000000001c21d000 1642       4       java.util.TreeMap::get (19 bytes)

GC Heap History (2 events):
Event: 3.500 GC heap before
{Heap before GC invocations=1 (full 0):
 PSYoungGen      total 38400K, used 33280K [0x000000076ab00000, 0x000000076d580000, 0x00000007c0000000)
  eden space 33280K, 100% used [0x000000076ab00000,0x000000076cb80000,0x000000076cb80000)
  from space 5120K, 0% used [0x000000076d080000,0x000000076d080000,0x000000076d580000)
  to   space 5120K, 0% used [0x000000076cb80000,0x000000076cb80000,0x000000076d080000)
 ParOldGen       total 87552K, used 0K [0x00000006c0000000, 0x00000006c5580000, 0x000000076ab00000)
  object space 87552K, 0% used [0x00000006c0000000,0x00000006c0000000,0x00000006c5580000)
 Metaspace       used 5896K, capacity 6960K, committed 7040K, reserved 1056768K
  class space    used 565K, capacity 616K, committed 640K, reserved 1048576K
Event: 3.540 GC heap after
Heap after GC invocations=1 (full 0):
 PSYoungGen      total 38400K, used 5096K [0x000000076ab00000, 0x000000076d580000, 0x00000007c0000000)
  eden space 33280K, 0% used [0x000000076ab00000,0x000000076ab00000,0x000000076cb80000)
  from space 5120K, 99% used [0x000000076cb80000,0x000000076d07a098,0x000000076d080000)
  to   space 5120K, 0% used [0x000000076d080000,0x000000076d080000,0x000000076d580000)
 ParOldGen       total 87552K, used 2544K [0x00000006c0000000, 0x00000006c5580000, 0x000000076ab00000)
  object space 87552K, 2% used [0x00000006c0000000,0x00000006c027c150,0x00000006c5580000)
 Metaspace       used 5896K, capacity 6960K, committed 7040K, reserved 1056768K
  class space    used 565K, capacity 616K, committed 640K, reserved 1048576K
}

Deoptimization events (10 events):
Event: 4.232 Thread 0x000000001d72d000 Uncommon trap: reason=bimorphic action=maybe_recompile pc=0x0000000002e7024c method=java.util.HashMap.getNode(ILjava/lang/Object;)Ljava/util/HashMap$Node; @ 126
Event: 4.232 Thread 0x000000001d72d000 Uncommon trap: reason=bimorphic action=maybe_recompile pc=0x0000000002e7024c method=java.util.HashMap.getNode(ILjava/lang/Object;)Ljava/util/HashMap$Node; @ 126
Event: 4.442 Thread 0x000000001d756000 Uncommon trap: reason=class_check action=maybe_recompile pc=0x0000000003027aac method=java.util.Arrays.hashCode([Ljava/lang/Object;)I @ 43
Event: 4.442 Thread 0x000000001d756000 Uncommon trap: reason=class_check action=maybe_recompile pc=0x0000000003027aac method=java.util.Arrays.hashCode([Ljava/lang/Object;)I @ 43
Event: 4.442 Thread 0x000000001d756000 Uncommon trap: reason=class_check action=maybe_recompile pc=0x0000000003027aac method=java.util.Arrays.hashCode([Ljava/lang/Object;)I @ 43
Event: 4.442 Thread 0x000000001d756000 Uncommon trap: reason=class_check action=maybe_recompile pc=0x0000000003027aac method=java.util.Arrays.hashCode([Ljava/lang/Object;)I @ 43
Event: 4.445 Thread 0x000000001d756000 Uncommon trap: reason=class_check action=maybe_recompile pc=0x0000000003008250 method=java.util.Arrays.hashCode([Ljava/lang/Object;)I @ 43
Event: 4.483 Thread 0x000000001d756000 Uncommon trap: reason=bimorphic action=maybe_recompile pc=0x0000000002eb4b4c method=java.util.HashMap.putVal(ILjava/lang/Object;Ljava/lang/Object;ZZ)Ljava/lang/Object; @ 91
Event: 4.483 Thread 0x000000001d756000 Uncommon trap: reason=bimorphic action=maybe_recompile pc=0x0000000002eb4b4c method=java.util.HashMap.putVal(ILjava/lang/Object;Ljava/lang/Object;ZZ)Ljava/lang/Object; @ 91
Event: 4.483 Thread 0x000000001d756000 Uncommon trap: reason=bimorphic action=maybe_recompile pc=0x0000000002eb4b4c method=java.util.HashMap.putVal(ILjava/lang/Object;Ljava/lang/Object;ZZ)Ljava/lang/Object; @ 91

Internal exceptions (3 events):
Event: 0.157 Thread 0x0000000002a3d800 Exception <a 'java/lang/NoSuchMethodError': Method sun.misc.Unsafe.defineClass(Ljava/lang/String;[BII)Ljava/lang/Class; name or signature does not match> (0x000000076ab07c78) thrown at [C:\src\android\AOSP-openjdk\external\jetbrains\jdk\hotspot\src\share\v°*W?`Ä?
Event: 0.157 Thread 0x0000000002a3d800 Exception <a 'java/lang/NoSuchMethodError': Method sun.misc.Unsafe.prefetchRead(Ljava/lang/Object;J)V name or signature does not match> (0x000000076ab07f60) thrown at [C:\src\android\AOSP-openjdk\external\jetbrains\jdk\hotspot\src\share\vm\prims\jni.cpp, lØE Dª×@
Event: 2.355 Thread 0x000000001d744800 Implicit null exception at 0x0000000002e9ae62 to 0x0000000002e9af71

Events (10 events):
Event: 4.483 Thread 0x000000001d756000 DEOPT UNPACKING pc=0x0000000002b8556a sp=0x000000001e1ceb18 mode 2
Event: 4.483 Thread 0x000000001d756000 Uncommon trap: trap_request=0xffffffc6 fr.pc=0x0000000002eb4b4c
Event: 4.483 Thread 0x000000001d756000 DEOPT PACKING pc=0x0000000002eb4b4c sp=0x000000001e1ceb90
Event: 4.483 Thread 0x000000001d756000 DEOPT UNPACKING pc=0x0000000002b8556a sp=0x000000001e1ceb18 mode 2
Event: 4.493 loading class com/android/dx/dex/file/CatchStructs
Event: 4.493 loading class com/android/dx/dex/file/CatchStructs done
Event: 4.554 Thread 0x000000001d756000 DEOPT PACKING pc=0x00000000031e6f76 sp=0x000000001e1cec30
Event: 4.554 Thread 0x000000001d756000 DEOPT UNPACKING pc=0x0000000002b875bf sp=0x000000001e1ce9c0 mode 0
Event: 4.562 loading class com/android/dx/dex/file/ProtoIdItem
Event: 4.562 loading class com/android/dx/dex/file/ProtoIdItem done


Dynamic libraries:
0x00007ff777ce0000 - 0x00007ff777d11000 	D:\Android Studio\jre\bin\java.exe
0x00007ffa678b0000 - 0x00007ffa67a5d000 	C:\windows\SYSTEM32\ntdll.dll
0x00007ffa65f70000 - 0x00007ffa660ae000 	C:\windows\system32\KERNEL32.DLL
0x00007ffa64720000 - 0x00007ffa64835000 	C:\windows\system32\KERNELBASE.dll
0x00007ffa65350000 - 0x00007ffa653fa000 	C:\windows\system32\ADVAPI32.dll
0x00007ffa64ec0000 - 0x00007ffa65037000 	C:\windows\system32\USER32.dll
0x00007ffa61c50000 - 0x00007ffa61ecb000 	C:\windows\WinSxS\amd64_microsoft.windows.common-controls_6595b64144ccf1df_6.0.9600.18006_none_623f33d3ecbe86e8\COMCTL32.dll
0x00007ffa65400000 - 0x00007ffa654aa000 	C:\windows\system32\msvcrt.dll
0x00007ffa65d00000 - 0x00007ffa65d59000 	C:\windows\SYSTEM32\sechost.dll
0x00007ffa65a40000 - 0x00007ffa65b80000 	C:\windows\system32\RPCRT4.dll
0x00007ffa65040000 - 0x00007ffa6518f000 	C:\windows\system32\GDI32.dll
0x00007ffa64a50000 - 0x00007ffa64a7e000 	C:\windows\system32\SspiCli.dll
0x00007ffa64e80000 - 0x00007ffa64eb6000 	C:\windows\system32\IMM32.DLL
0x00007ffa65b90000 - 0x00007ffa65ce2000 	C:\windows\system32\MSCTF.dll
0x0000000066a00000 - 0x0000000066ad2000 	D:\Android Studio\jre\jre\bin\msvcr100.dll
0x0000000065070000 - 0x00000000658ac000 	D:\Android Studio\jre\jre\bin\server\jvm.dll
0x00007ffa3cc70000 - 0x00007ffa3cc79000 	C:\windows\SYSTEM32\WSOCK32.dll
0x00007ffa64840000 - 0x00007ffa64862000 	C:\windows\system32\WINMM.dll
0x00007ffa60aa0000 - 0x00007ffa60aaa000 	C:\windows\SYSTEM32\VERSION.dll
0x00007ffa65f60000 - 0x00007ffa65f67000 	C:\windows\system32\PSAPI.DLL
0x00007ffa65f00000 - 0x00007ffa65f5a000 	C:\windows\system32\WS2_32.dll
0x00007ffa646f0000 - 0x00007ffa6471a000 	C:\windows\system32\WINMMBASE.dll
0x00007ffa65890000 - 0x00007ffa65899000 	C:\windows\system32\NSI.dll
0x00007ffa64ad0000 - 0x00007ffa64b1f000 	C:\windows\SYSTEM32\cfgmgr32.dll
0x00007ffa646a0000 - 0x00007ffa646c8000 	C:\windows\system32\DEVOBJ.dll
0x00007ffa61560000 - 0x00007ffa6156f000 	D:\Android Studio\jre\jre\bin\verify.dll
0x00007ffa61060000 - 0x00007ffa61089000 	D:\Android Studio\jre\jre\bin\java.dll
0x00007ffa4bdc0000 - 0x00007ffa4bdd6000 	D:\Android Studio\jre\jre\bin\zip.dll
0x00007ffa660b0000 - 0x00007ffa675d9000 	C:\windows\system32\SHELL32.dll
0x00007ffa64c60000 - 0x00007ffa64e71000 	C:\windows\SYSTEM32\combase.dll
0x00007ffa658a0000 - 0x00007ffa658f4000 	C:\windows\system32\SHLWAPI.dll
0x00007ffa620e0000 - 0x00007ffa62192000 	C:\windows\SYSTEM32\SHCORE.dll
0x00007ffa645f0000 - 0x00007ffa64605000 	C:\windows\SYSTEM32\profapi.dll

VM Arguments:
jvm_args: -Djava.awt.headless=true -Xmx4g -Dfile.encoding=GBK -Duser.country=CN -Duser.language=zh -Duser.variant 
java_command: com.android.dx.command.Main --dex --num-threads=4 --multi-dex --output D:\android_wokespace\Park1\app\build\intermediates\transforms\dex\debug\folders\1000\1\debug_fbb0f697c35f25aa22a53c8b0c1de775393e180f D:\android_wokespace\Park1\app\build\intermediates\classes\debug
java_class_path (initial): D:\AndroidSDK\build-tools\25.0.0\lib\dx.jar
Launcher Type: SUN_STANDARD

Environment Variables:
JAVA_HOME=D:\Program Files\Java\jdk1.8.0_60
CLASSPATH=.
PATH=D:\Program Files\Java\jdk1.8.0_60\bin;C:\Program Files (x86)\Lenovo\FusionEngine;C:\Program Files (x86)\Intel\iCLS Client\;C:\Program Files\Intel\iCLS Client\;C:\windows\system32;C:\windows;C:\windows\System32\Wbem;C:\windows\System32\WindowsPowerShell\v1.0\;C:\Program Files (x86)\ATI Technologies\ATI.ACE\Core-Static;C:\Program Files\Intel\Intel(R) Management Engine Components\DAL;C:\Program Files (x86)\Intel\Intel(R) Management Engine Components\DAL;C:\Program Files\Intel\Intel(R) Management Engine Components\IPT;C:\Program Files (x86)\Intel\Intel(R) Management Engine Components\IPT;C:\Program Files (x86)\Common Files\lenovo\easyplussdk\bin;C:\Program Files (x86)\Microsoft SQL Server\100\Tools\Binn\;C:\Program Files\Microsoft SQL Server\100\Tools\Binn\;C:\Program Files\Microsoft SQL Server\100\DTS\Binn\;C:\Program Files (x86)\Microsoft SQL Server\100\Tools\Binn\VSShell\Common7\IDE\;C:\Program Files (x86)\Microsoft SQL Server\100\DTS\Binn\;C:\Program Files (x86)\Microsoft Visual Studio 9.0\Common7\IDE\PrivateAssemblies\;D:\mysql\mysql-5.7.18-winx64\bin;D:\Git\cmd;D:\Android_sdk\build-tools;D:\Android_sdk\tools;;C:\Program Files\Microsoft SQL Server\110\DTS\Binn\;C:\Program Files (x86)\Microsoft SQL Server\110\Tools\Binn\;C:\Program Files\Microsoft SQL Server\110\Tools\Binn\;C:\Program Files (x86)\Microsoft SQL Server\110\Tools\Binn\ManagementStudio\;C:\Program Files (x86)\Microsoft Visual Studio 10.0\Common7\IDE\PrivateAssemblies\;C:\Program Files (x86)\Microsoft SQL Server\110\DTS\Binn\;D:\apache-tomcat-8.0.24\lib;D:\apache-tomcat-8.0.24\bin;D:\AndroidSDK\platform-tools
USERNAME=lenovo
OS=Windows_NT
PROCESSOR_IDENTIFIER=Intel64 Family 6 Model 61 Stepping 4, GenuineIntel



---------------  S Y S T E M  ---------------

OS: Windows 8.1 , 64 bit Build 9600 (6.3.9600.17415)

CPU:total 4 (2 cores per cpu, 2 threads per core) family 6 model 61 stepping 4, cmov, cx8, fxsr, mmx, sse, sse2, sse3, ssse3, sse4.1, sse4.2, popcnt, avx, avx2, aes, clmul, erms, 3dnowpref, lzcnt, ht, tsc, tscinvbit, bmi1, bmi2, adx

Memory: 4k page, physical 8301656k(1813352k free), swap 8301656k(9216k free)

vm_info: OpenJDK 64-Bit Server VM (25.112-b06) for windows-amd64 JRE (1.8.0_112-release-b06), built on Dec  8 2016 00:54:26 by "builder" with MS VC++ 10.0 (VS2010)

time: Mon Nov 20 01:55:31 2017
elapsed time: 4 seconds (0d 0h 0m 4s)

