#
# There is insufficient memory for the Java Runtime Environment to continue.
# Native memory allocation (malloc) failed to allocate 1080976 bytes for Chunk::new
# Possible reasons:
#   The system is out of physical RAM or swap space
#   In 32 bit mode, the process size limit was hit
# Possible solutions:
#   Reduce memory load on the system
#   Increase physical memory or swap space
#   Check if swap backing store is full
#   Use 64 bit Java on a 64 bit OS
#   Decrease Java heap size (-Xmx/-Xms)
#   Decrease number of Java threads
#   Decrease Java thread stack sizes (-Xss)
#   Set larger code cache with -XX:ReservedCodeCacheSize=
# This output file may be truncated or incomplete.
#
#  Out of Memory Error (allocation.cpp:390), pid=13392, tid=0x0000000000002e18
#
# JRE version: OpenJDK Runtime Environment (8.0_112-b06) (build 1.8.0_112-release-b06)
# Java VM: OpenJDK 64-Bit Server VM (25.112-b06 mixed mode windows-amd64 compressed oops)
# Failed to write core dump. Minidumps are not enabled by default on client versions of Windows
#

---------------  T H R E A D  ---------------

Current thread (0x0000000014adb000):  JavaThread "C2 CompilerThread0" daemon [_thread_in_native, id=11800, stack(0x00000000163e0000,0x00000000164e0000)]

Stack: [0x00000000163e0000,0x00000000164e0000]
[error occurred during error reporting (printing stack bounds), id 0xc0000005]

Native frames: (J=compiled Java code, j=interpreted, Vv=VM code, C=native code)


Current CompileTask:
C2:  12126 1759       4       com.android.dx.dex.code.OutputFinisher::addConstants (93 bytes)


---------------  P R O C E S S  ---------------

Java Threads: ( => current thread )
  0x0000000015e58800 JavaThread "Service Thread" daemon [_thread_blocked, id=6168, stack(0x00000000166e0000,0x00000000167e0000)]
  0x0000000015e3c000 JavaThread "C1 CompilerThread2" daemon [_thread_blocked, id=7140, stack(0x00000000165e0000,0x00000000166e0000)]
  0x0000000015e2d800 JavaThread "C2 CompilerThread1" daemon [_thread_in_native, id=6992, stack(0x00000000164e0000,0x00000000165e0000)]
=>0x0000000014adb000 JavaThread "C2 CompilerThread0" daemon [_thread_in_native, id=11800, stack(0x00000000163e0000,0x00000000164e0000)]
  0x0000000014ad9000 JavaThread "Attach Listener" daemon [_thread_blocked, id=13548, stack(0x00000000162e0000,0x00000000163e0000)]
  0x0000000014a8f000 JavaThread "Signal Dispatcher" daemon [_thread_blocked, id=8092, stack(0x00000000161e0000,0x00000000162e0000)]
  0x00000000023ac000 JavaThread "Finalizer" daemon [_thread_blocked, id=4752, stack(0x0000000015ce0000,0x0000000015de0000)]
  0x00000000023a3000 JavaThread "Reference Handler" daemon [_thread_blocked, id=11292, stack(0x0000000015be0000,0x0000000015ce0000)]
  0x00000000006ed800 JavaThread "main" [_thread_in_vm, id=11996, stack(0x00000000021b0000,0x00000000022b0000)]

Other Threads:
  0x0000000014a44800 VMThread [stack: 0x0000000015ae0000,0x0000000015be0000] [id=13040]
  0x0000000015e5a000 WatcherThread [stack: 0x00000000167e0000,0x00000000168e0000] [id=3404]

VM state:not at safepoint (normal execution)

VM Mutex/Monitor currently owned by a thread: None

Heap:
 PSYoungGen      total 38400K, used 7765K [0x00000000eab00000, 0x00000000ef600000, 0x0000000100000000)
  eden space 33280K, 8% used [0x00000000eab00000,0x00000000ead9ae08,0x00000000ecb80000)
  from space 5120K, 99% used [0x00000000ecb80000,0x00000000ed07a628,0x00000000ed080000)
  to   space 5120K, 0% used [0x00000000ef100000,0x00000000ef100000,0x00000000ef600000)
 ParOldGen       total 87552K, used 11241K [0x00000000c0000000, 0x00000000c5580000, 0x00000000eab00000)
  object space 87552K, 12% used [0x00000000c0000000,0x00000000c0afa748,0x00000000c5580000)
 Metaspace       used 6194K, capacity 7152K, committed 7296K, reserved 1056768K
  class space    used 574K, capacity 616K, committed 640K, reserved 1048576K

Card table byte_map: [0x0000000011770000,0x0000000011980000] byte_map_base: 0x0000000011170000

Marking Bits: (ParMarkBitMap*) 0x000000005f5818f0
 Begin Bits: [0x0000000011ee0000, 0x0000000012ee0000)
 End Bits:   [0x0000000012ee0000, 0x0000000013ee0000)

Polling page: 0x0000000000580000

CodeCache: size=245760Kb used=7771Kb max_used=7784Kb free=237988Kb
 bounds [0x00000000023b0000, 0x0000000002b60000, 0x00000000113b0000]
 total_blobs=2020 nmethods=1755 adapters=178
 compilation: enabled

Compilation events (10 events):
Event: 11.732 Thread 0x0000000015e3c000 nmethod 1773 0x0000000002b28fd0 code [0x0000000002b29180, 0x0000000002b299a8]
Event: 11.735 Thread 0x0000000015e3c000 1774       3       com.android.dx.dex.file.DebugInfoItem::<init> (36 bytes)
Event: 11.736 Thread 0x0000000015e3c000 nmethod 1774 0x0000000002b0f990 code [0x0000000002b0fb00, 0x0000000002b0fdf8]
Event: 11.746 Thread 0x0000000015e2d800 nmethod 1765 0x0000000002b4ae50 code [0x0000000002b4b1e0, 0x0000000002b4df70]
Event: 11.746 Thread 0x0000000015e2d800 1767       4       java.util.HashMap::putVal (300 bytes)
Event: 11.767 Thread 0x0000000015e2d800 nmethod 1767 0x0000000002b46ad0 code [0x0000000002b46ca0, 0x0000000002b47b78]
Event: 11.767 Thread 0x0000000015e2d800 1768       4       java.util.TreeMap::put (247 bytes)
Event: 11.796 Thread 0x0000000015e2d800 nmethod 1768 0x0000000002b510d0 code [0x0000000002b51260, 0x0000000002b52118]
Event: 11.796 Thread 0x0000000015e2d800 1770       4       java.util.AbstractSet::<init> (5 bytes)
Event: 11.796 Thread 0x0000000015e2d800 nmethod 1770 0x000000000280acd0 code [0x000000000280ae00, 0x000000000280ae58]

GC Heap History (6 events):
Event: 7.811 GC heap before
{Heap before GC invocations=1 (full 0):
 PSYoungGen      total 38400K, used 33280K [0x00000000eab00000, 0x00000000ed580000, 0x0000000100000000)
  eden space 33280K, 100% used [0x00000000eab00000,0x00000000ecb80000,0x00000000ecb80000)
  from space 5120K, 0% used [0x00000000ed080000,0x00000000ed080000,0x00000000ed580000)
  to   space 5120K, 0% used [0x00000000ecb80000,0x00000000ecb80000,0x00000000ed080000)
 ParOldGen       total 87552K, used 0K [0x00000000c0000000, 0x00000000c5580000, 0x00000000eab00000)
  object space 87552K, 0% used [0x00000000c0000000,0x00000000c0000000,0x00000000c5580000)
 Metaspace       used 5906K, capacity 6960K, committed 7040K, reserved 1056768K
  class space    used 566K, capacity 616K, committed 640K, reserved 1048576K
Event: 7.864 GC heap after
Heap after GC invocations=1 (full 0):
 PSYoungGen      total 38400K, used 5103K [0x00000000eab00000, 0x00000000ed580000, 0x0000000100000000)
  eden space 33280K, 0% used [0x00000000eab00000,0x00000000eab00000,0x00000000ecb80000)
  from space 5120K, 99% used [0x00000000ecb80000,0x00000000ed07bc98,0x00000000ed080000)
  to   space 5120K, 0% used [0x00000000ed080000,0x00000000ed080000,0x00000000ed580000)
 ParOldGen       total 87552K, used 1745K [0x00000000c0000000, 0x00000000c5580000, 0x00000000eab00000)
  object space 87552K, 1% used [0x00000000c0000000,0x00000000c01b45d8,0x00000000c5580000)
 Metaspace       used 5906K, capacity 6960K, committed 7040K, reserved 1056768K
  class space    used 566K, capacity 616K, committed 640K, reserved 1048576K
}
Event: 10.122 GC heap before
{Heap before GC invocations=2 (full 0):
 PSYoungGen      total 38400K, used 38383K [0x00000000eab00000, 0x00000000ed580000, 0x0000000100000000)
  eden space 33280K, 100% used [0x00000000eab00000,0x00000000ecb80000,0x00000000ecb80000)
  from space 5120K, 99% used [0x00000000ecb80000,0x00000000ed07bc98,0x00000000ed080000)
  to   space 5120K, 0% used [0x00000000ed080000,0x00000000ed080000,0x00000000ed580000)
 ParOldGen       total 87552K, used 1745K [0x00000000c0000000, 0x00000000c5580000, 0x00000000eab00000)
  object space 87552K, 1% used [0x00000000c0000000,0x00000000c01b45d8,0x00000000c5580000)
 Metaspace       used 6074K, capacity 7088K, committed 7296K, reserved 1056768K
  class space    used 568K, capacity 616K, committed 640K, reserved 1048576K
Event: 10.253 GC heap after
Heap after GC invocations=2 (full 0):
 PSYoungGen      total 38400K, used 5103K [0x00000000eab00000, 0x00000000ef600000, 0x0000000100000000)
  eden space 33280K, 0% used [0x00000000eab00000,0x00000000eab00000,0x00000000ecb80000)
  from space 5120K, 99% used [0x00000000ed080000,0x00000000ed57bc98,0x00000000ed580000)
  to   space 5120K, 0% used [0x00000000ecb80000,0x00000000ecb80000,0x00000000ed080000)
 ParOldGen       total 87552K, used 6639K [0x00000000c0000000, 0x00000000c5580000, 0x00000000eab00000)
  object space 87552K, 7% used [0x00000000c0000000,0x00000000c067be30,0x00000000c5580000)
 Metaspace       used 6074K, capacity 7088K, committed 7296K, reserved 1056768K
  class space    used 568K, capacity 616K, committed 640K, reserved 1048576K
}
Event: 10.842 GC heap before
{Heap before GC invocations=3 (full 0):
 PSYoungGen      total 38400K, used 38383K [0x00000000eab00000, 0x00000000ef600000, 0x0000000100000000)
  eden space 33280K, 100% used [0x00000000eab00000,0x00000000ecb80000,0x00000000ecb80000)
  from space 5120K, 99% used [0x00000000ed080000,0x00000000ed57bc98,0x00000000ed580000)
  to   space 5120K, 0% used [0x00000000ecb80000,0x00000000ecb80000,0x00000000ed080000)
 ParOldGen       total 87552K, used 6639K [0x00000000c0000000, 0x00000000c5580000, 0x00000000eab00000)
  object space 87552K, 7% used [0x00000000c0000000,0x00000000c067be30,0x00000000c5580000)
 Metaspace       used 6118K, capacity 7152K, committed 7296K, reserved 1056768K
  class space    used 569K, capacity 616K, committed 640K, reserved 1048576K
Event: 11.236 GC heap after
Heap after GC invocations=3 (full 0):
 PSYoungGen      total 38400K, used 5097K [0x00000000eab00000, 0x00000000ef600000, 0x0000000100000000)
  eden space 33280K, 0% used [0x00000000eab00000,0x00000000eab00000,0x00000000ecb80000)
  from space 5120K, 99% used [0x00000000ecb80000,0x00000000ed07a628,0x00000000ed080000)
  to   space 5120K, 0% used [0x00000000ef100000,0x00000000ef100000,0x00000000ef600000)
 ParOldGen       total 87552K, used 11241K [0x00000000c0000000, 0x00000000c5580000, 0x00000000eab00000)
  object space 87552K, 12% used [0x00000000c0000000,0x00000000c0afa748,0x00000000c5580000)
 Metaspace       used 6118K, capacity 7152K, committed 7296K, reserved 1056768K
  class space    used 569K, capacity 616K, committed 640K, reserved 1048576K
}

Deoptimization events (10 events):
Event: 11.284 Thread 0x00000000006ed800 Uncommon trap: reason=class_check action=maybe_recompile pc=0x000000000283af98 method=java.util.Arrays.hashCode([Ljava/lang/Object;)I @ 43
Event: 11.284 Thread 0x00000000006ed800 Uncommon trap: reason=class_check action=maybe_recompile pc=0x000000000283af98 method=java.util.Arrays.hashCode([Ljava/lang/Object;)I @ 43
Event: 11.284 Thread 0x00000000006ed800 Uncommon trap: reason=class_check action=maybe_recompile pc=0x000000000283af98 method=java.util.Arrays.hashCode([Ljava/lang/Object;)I @ 43
Event: 11.284 Thread 0x00000000006ed800 Uncommon trap: reason=class_check action=maybe_recompile pc=0x000000000283af98 method=java.util.Arrays.hashCode([Ljava/lang/Object;)I @ 43
Event: 11.286 Thread 0x00000000006ed800 Uncommon trap: reason=bimorphic action=maybe_recompile pc=0x000000000269eb30 method=java.util.HashMap.getNode(ILjava/lang/Object;)Ljava/util/HashMap$Node; @ 126
Event: 11.305 Thread 0x00000000006ed800 Uncommon trap: reason=class_check action=maybe_recompile pc=0x000000000283fd78 method=java.util.Arrays.hashCode([Ljava/lang/Object;)I @ 43
Event: 11.309 Thread 0x00000000006ed800 Uncommon trap: reason=bimorphic action=maybe_recompile pc=0x000000000269eb30 method=java.util.HashMap.getNode(ILjava/lang/Object;)Ljava/util/HashMap$Node; @ 126
Event: 11.319 Thread 0x00000000006ed800 Uncommon trap: reason=bimorphic action=maybe_recompile pc=0x000000000288c970 method=java.util.HashMap.putVal(ILjava/lang/Object;Ljava/lang/Object;ZZ)Ljava/lang/Object; @ 91
Event: 11.319 Thread 0x00000000006ed800 Uncommon trap: reason=bimorphic action=maybe_recompile pc=0x000000000269eb30 method=java.util.HashMap.getNode(ILjava/lang/Object;)Ljava/util/HashMap$Node; @ 126
Event: 11.319 Thread 0x00000000006ed800 Uncommon trap: reason=bimorphic action=maybe_recompile pc=0x000000000269eb30 method=java.util.HashMap.getNode(ILjava/lang/Object;)Ljava/util/HashMap$Node; @ 126

Internal exceptions (3 events):
Event: 0.249 Thread 0x00000000006ed800 Exception <a 'java/lang/NoSuchMethodError': Method sun.misc.Unsafe.defineClass(Ljava/lang/String;[BII)Ljava/lang/Class; name or signature does not match> (0x00000000eab07c78) thrown at [C:\src\android\AOSP-openjdk\external\jetbrains\jdk\hotspot\src\share\v›Ì-_àÏ?
Event: 0.249 Thread 0x00000000006ed800 Exception <a 'java/lang/NoSuchMethodError': Method sun.misc.Unsafe.prefetchRead(Ljava/lang/Object;J)V name or signature does not match> (0x00000000eab07f60) thrown at [C:\src\android\AOSP-openjdk\external\jetbrains\jdk\hotspot\src\share\vm\prims\jni.cpp, l5{ Ö1#@
Event: 9.597 Thread 0x0000000016079000 Implicit null exception at 0x00000000029867f2 to 0x0000000002988155

Events (10 events):
Event: 11.319 Thread 0x00000000006ed800 DEOPT PACKING pc=0x000000000288c970 sp=0x00000000022aef20
Event: 11.319 Thread 0x00000000006ed800 DEOPT UNPACKING pc=0x00000000023f556a sp=0x00000000022aee58 mode 2
Event: 11.319 Thread 0x00000000006ed800 Uncommon trap: trap_request=0xffffffc6 fr.pc=0x000000000269eb30
Event: 11.319 Thread 0x00000000006ed800 DEOPT PACKING pc=0x000000000269eb30 sp=0x00000000022aee80
Event: 11.319 Thread 0x00000000006ed800 DEOPT UNPACKING pc=0x00000000023f556a sp=0x00000000022aee00 mode 2
Event: 11.319 Thread 0x00000000006ed800 Uncommon trap: trap_request=0xffffffc6 fr.pc=0x000000000269eb30
Event: 11.319 Thread 0x00000000006ed800 DEOPT PACKING pc=0x000000000269eb30 sp=0x00000000022aee80
Event: 11.319 Thread 0x00000000006ed800 DEOPT UNPACKING pc=0x00000000023f556a sp=0x00000000022aee00 mode 2
Event: 11.577 loading class com/android/dx/dex/file/CatchStructs
Event: 11.577 loading class com/android/dx/dex/file/CatchStructs done


Dynamic libraries:
0x00007ff785640000 - 0x00007ff785671000 	D:\Android Studio\jre\bin\java.exe
0x00007ffcddc40000 - 0x00007ffcddded000 	C:\windows\SYSTEM32\ntdll.dll
0x00007ffcdd7c0000 - 0x00007ffcdd8fe000 	C:\windows\system32\KERNEL32.DLL
0x00007ffcdaeb0000 - 0x00007ffcdafc5000 	C:\windows\system32\KERNELBASE.dll
0x00007ffcdbc70000 - 0x00007ffcdbd1a000 	C:\windows\system32\ADVAPI32.dll
0x00007ffcdbaf0000 - 0x00007ffcdbc67000 	C:\windows\system32\USER32.dll
0x00007ffcd85d0000 - 0x00007ffcd884b000 	C:\windows\WinSxS\amd64_microsoft.windows.common-controls_6595b64144ccf1df_6.0.9600.18006_none_623f33d3ecbe86e8\COMCTL32.dll
0x00007ffcdc020000 - 0x00007ffcdc0ca000 	C:\windows\system32\msvcrt.dll
0x00007ffcdb330000 - 0x00007ffcdb389000 	C:\windows\SYSTEM32\sechost.dll
0x00007ffcdb390000 - 0x00007ffcdb4d0000 	C:\windows\system32\RPCRT4.dll
0x00007ffcddae0000 - 0x00007ffcddc2f000 	C:\windows\system32\GDI32.dll
0x00007ffcdadd0000 - 0x00007ffcdadfe000 	C:\windows\system32\SspiCli.dll
0x00007ffcdb970000 - 0x00007ffcdb9a6000 	C:\windows\system32\IMM32.DLL
0x00007ffcdbd20000 - 0x00007ffcdbe72000 	C:\windows\system32\MSCTF.dll
0x0000000060870000 - 0x0000000060942000 	D:\Android Studio\jre\jre\bin\msvcr100.dll
0x000000005edc0000 - 0x000000005f5fc000 	D:\Android Studio\jre\jre\bin\server\jvm.dll
0x00007ffcc0e90000 - 0x00007ffcc0e99000 	C:\windows\SYSTEM32\WSOCK32.dll
0x00007ffcdad40000 - 0x00007ffcdad62000 	C:\windows\system32\WINMM.dll
0x00007ffcd3210000 - 0x00007ffcd321a000 	C:\windows\SYSTEM32\VERSION.dll
0x00007ffcdb960000 - 0x00007ffcdb967000 	C:\windows\system32\PSAPI.DLL
0x00007ffcdb0d0000 - 0x00007ffcdb12a000 	C:\windows\system32\WS2_32.dll
0x00007ffcdaa60000 - 0x00007ffcdaa8a000 	C:\windows\system32\WINMMBASE.dll
0x00007ffcdc190000 - 0x00007ffcdc199000 	C:\windows\system32\NSI.dll
0x00007ffcdad70000 - 0x00007ffcdadbf000 	C:\windows\SYSTEM32\cfgmgr32.dll
0x00007ffcdaa30000 - 0x00007ffcdaa58000 	C:\windows\system32\DEVOBJ.dll
0x00007ffcd84e0000 - 0x00007ffcd84ef000 	D:\Android Studio\jre\jre\bin\verify.dll
0x00007ffcd78f0000 - 0x00007ffcd7919000 	D:\Android Studio\jre\jre\bin\java.dll
0x00007ffcd7a10000 - 0x00007ffcd7a26000 	D:\Android Studio\jre\jre\bin\zip.dll
0x00007ffcdc1c0000 - 0x00007ffcdd6e9000 	C:\windows\system32\SHELL32.dll
0x00007ffcdb740000 - 0x00007ffcdb951000 	C:\windows\SYSTEM32\combase.dll
0x00007ffcdb070000 - 0x00007ffcdb0c4000 	C:\windows\system32\SHLWAPI.dll
0x00007ffcd8d80000 - 0x00007ffcd8e32000 	C:\windows\SYSTEM32\SHCORE.dll
0x00007ffcda980000 - 0x00007ffcda995000 	C:\windows\SYSTEM32\profapi.dll

VM Arguments:
jvm_args: -Djava.awt.headless=true -Xmx1024M -Dfile.encoding=GBK -Duser.country=CN -Duser.language=zh -Duser.variant 
java_command: com.android.dx.command.Main --dex --num-threads=4 --output D:\android_wokespace\Park1\app\build\intermediates\pre-dexed\debug\classes_04f312d7a769d2d5cde937027a7985152b122f09.jar C:\Users\lenovo\.android\build-cache\4b2a24b5d138ce0434f571c418acd03111c0e20d\output\jars\classes.jar
java_class_path (initial): D:\AndroidSDK\build-tools\25.0.0\lib\dx.jar
Launcher Type: SUN_STANDARD

Environment Variables:
JAVA_HOME=D:\Program Files\Java\jdk1.8.0_60
CLASSPATH=.
PATH=D:\Program Files\Java\jdk1.8.0_60\bin;C:\Program Files (x86)\Lenovo\FusionEngine;C:\Program Files (x86)\Intel\iCLS Client\;C:\Program Files\Intel\iCLS Client\;C:\windows\system32;C:\windows;C:\windows\System32\Wbem;C:\windows\System32\WindowsPowerShell\v1.0\;C:\Program Files (x86)\ATI Technologies\ATI.ACE\Core-Static;C:\Program Files\Intel\Intel(R) Management Engine Components\DAL;C:\Program Files (x86)\Intel\Intel(R) Management Engine Components\DAL;C:\Program Files\Intel\Intel(R) Management Engine Components\IPT;C:\Program Files (x86)\Intel\Intel(R) Management Engine Components\IPT;C:\Program Files (x86)\Common Files\lenovo\easyplussdk\bin;C:\Program Files (x86)\Microsoft SQL Server\100\Tools\Binn\;C:\Program Files\Microsoft SQL Server\100\Tools\Binn\;C:\Program Files\Microsoft SQL Server\100\DTS\Binn\;C:\Program Files (x86)\Microsoft SQL Server\100\Tools\Binn\VSShell\Common7\IDE\;C:\Program Files (x86)\Microsoft SQL Server\100\DTS\Binn\;C:\Program Files (x86)\Microsoft Visual Studio 9.0\Common7\IDE\PrivateAssemblies\;D:\mysql\mysql-5.7.18-winx64\bin;D:\Git\cmd;D:\Android_sdk\build-tools;D:\Android_sdk\tools;;C:\Program Files\Microsoft SQL Server\110\DTS\Binn\;C:\Program Files (x86)\Microsoft SQL Server\110\Tools\Binn\;C:\Program Files\Microsoft SQL Server\110\Tools\Binn\;C:\Program Files (x86)\Microsoft SQL Server\110\Tools\Binn\ManagementStudio\;C:\Program Files (x86)\Microsoft Visual Studio 10.0\Common7\IDE\PrivateAssemblies\;C:\Program Files (x86)\Microsoft SQL Server\110\DTS\Binn\;D:\apache-tomcat-8.0.24\lib;D:\apache-tomcat-8.0.24\bin
USERNAME=lenovo
OS=Windows_NT
PROCESSOR_IDENTIFIER=Intel64 Family 6 Model 61 Stepping 4, GenuineIntel



---------------  S Y S T E M  ---------------

OS: Windows 8.1 , 64 bit Build 9600 (6.3.9600.17415)

CPU:total 4 (2 cores per cpu, 2 threads per core) family 6 model 61 stepping 4, cmov, cx8, fxsr, mmx, sse, sse2, sse3, ssse3, sse4.1, sse4.2, popcnt, avx, avx2, aes, clmul, erms, 3dnowpref, lzcnt, ht, tsc, tscinvbit, bmi1, bmi2, adx

Memory: 4k page, physical 8301656k(1446312k free), swap 8301656k(5112k free)

vm_info: OpenJDK 64-Bit Server VM (25.112-b06) for windows-amd64 JRE (1.8.0_112-release-b06), built on Dec  8 2016 00:54:26 by "builder" with MS VC++ 10.0 (VS2010)

time: Mon Nov 06 02:36:01 2017
elapsed time: 12 seconds (0d 0h 0m 12s)

