#
# There is insufficient memory for the Java Runtime Environment to continue.
# Native memory allocation (malloc) failed to allocate 65552 bytes for Chunk::new
# Possible reasons:
#   The system is out of physical RAM or swap space
#   In 32 bit mode, the process size limit was hit
# Possible solutions:
#   Reduce memory load on the system
#   Increase physical memory or swap space
#   Check if swap backing store is full
#   Use 64 bit Java on a 64 bit OS
#   Decrease Java heap size (-Xmx/-Xms)
#   Decrease number of Java threads
#   Decrease Java thread stack sizes (-Xss)
#   Set larger code cache with -XX:ReservedCodeCacheSize=
# This output file may be truncated or incomplete.
#
#  Out of Memory Error (allocation.cpp:390), pid=4844, tid=0x000000000000353c
#
# JRE version: OpenJDK Runtime Environment (8.0_112-b06) (build 1.8.0_112-release-b06)
# Java VM: OpenJDK 64-Bit Server VM (25.112-b06 mixed mode windows-amd64 compressed oops)
# Failed to write core dump. Minidumps are not enabled by default on client versions of Windows
#

---------------  T H R E A D  ---------------

Current thread (0x00000000149fa000):  JavaThread "C2 CompilerThread0" daemon [_thread_in_native, id=13628, stack(0x0000000016330000,0x0000000016430000)]

Stack: [0x0000000016330000,0x0000000016430000]
[error occurred during error reporting (printing stack bounds), id 0xc0000005]

Native frames: (J=compiled Java code, j=interpreted, Vv=VM code, C=native code)


Current CompileTask:
C2:  12075 1650   !   4       com.android.dx.cf.code.BytecodeArray::parseInstruction (2764 bytes)


---------------  P R O C E S S  ---------------

Java Threads: ( => current thread )
  0x0000000015feb000 JavaThread "pool-1-thread-4" [_thread_blocked, id=12936, stack(0x0000000016c30000,0x0000000016d30000)]
  0x0000000015fea800 JavaThread "pool-1-thread-3" [_thread_in_vm, id=13916, stack(0x0000000016b30000,0x0000000016c30000)]
  0x0000000015fe9800 JavaThread "pool-1-thread-2" [_thread_blocked, id=11652, stack(0x0000000016a30000,0x0000000016b30000)]
  0x0000000015eae800 JavaThread "pool-2-thread-1" [_thread_blocked, id=3556, stack(0x0000000016930000,0x0000000016a30000)]
  0x0000000015ea9000 JavaThread "pool-1-thread-1" [_thread_blocked, id=9704, stack(0x0000000016830000,0x0000000016930000)]
  0x0000000015d91000 JavaThread "Service Thread" daemon [_thread_blocked, id=13492, stack(0x0000000016630000,0x0000000016730000)]
  0x0000000015d8b800 JavaThread "C1 CompilerThread2" daemon [_thread_blocked, id=2248, stack(0x0000000016530000,0x0000000016630000)]
  0x0000000015d85800 JavaThread "C2 CompilerThread1" daemon [_thread_in_native, id=13700, stack(0x0000000016430000,0x0000000016530000)]
=>0x00000000149fa000 JavaThread "C2 CompilerThread0" daemon [_thread_in_native, id=13628, stack(0x0000000016330000,0x0000000016430000)]
  0x00000000149f9800 JavaThread "Attach Listener" daemon [_thread_blocked, id=13156, stack(0x0000000016230000,0x0000000016330000)]
  0x0000000015d38800 JavaThread "Signal Dispatcher" daemon [_thread_blocked, id=12500, stack(0x0000000016130000,0x0000000016230000)]
  0x00000000022ca000 JavaThread "Finalizer" daemon [_thread_blocked, id=14076, stack(0x0000000015c30000,0x0000000015d30000)]
  0x00000000022c1000 JavaThread "Reference Handler" daemon [_thread_blocked, id=7780, stack(0x0000000015b30000,0x0000000015c30000)]
  0x00000000020cd800 JavaThread "main" [_thread_in_vm, id=13528, stack(0x00000000020d0000,0x00000000021d0000)]

Other Threads:
  0x0000000014964800 VMThread [stack: 0x0000000015a30000,0x0000000015b30000] [id=6640]
  0x0000000015d92000 WatcherThread [stack: 0x0000000016730000,0x0000000016830000] [id=1852]

VM state:not at safepoint (normal execution)

VM Mutex/Monitor currently owned by a thread: None

Heap:
 PSYoungGen      total 38400K, used 25882K [0x00000000eab00000, 0x00000000ed580000, 0x0000000100000000)
  eden space 33280K, 62% used [0x00000000eab00000,0x00000000ebf4ab78,0x00000000ecb80000)
  from space 5120K, 99% used [0x00000000ed080000,0x00000000ed57be68,0x00000000ed580000)
  to   space 5120K, 0% used [0x00000000ecb80000,0x00000000ecb80000,0x00000000ed080000)
 ParOldGen       total 87552K, used 6104K [0x00000000c0000000, 0x00000000c5580000, 0x00000000eab00000)
  object space 87552K, 6% used [0x00000000c0000000,0x00000000c05f62e0,0x00000000c5580000)
 Metaspace       used 6040K, capacity 7088K, committed 7296K, reserved 1056768K
  class space    used 569K, capacity 616K, committed 640K, reserved 1048576K

Card table byte_map: [0x0000000011690000,0x00000000118a0000] byte_map_base: 0x0000000011090000

Marking Bits: (ParMarkBitMap*) 0x000000005f5818f0
 Begin Bits: [0x0000000011e00000, 0x0000000012e00000)
 End Bits:   [0x0000000012e00000, 0x0000000013e00000)

Polling page: 0x0000000001ce0000

CodeCache: size=245760Kb used=7241Kb max_used=7252Kb free=238518Kb
 bounds [0x00000000022d0000, 0x00000000029f0000, 0x00000000112d0000]
 total_blobs=1883 nmethods=1619 adapters=178
 compilation: enabled

Compilation events (10 events):
Event: 12.007 Thread 0x00000000149fa000 nmethod 1644 0x00000000029e5a50 code [0x00000000029e5b80, 0x00000000029e5c58]
Event: 12.007 Thread 0x00000000149fa000 1646       4       com.android.dx.cf.code.ByteCatchList::toRopCatchList (57 bytes)
Event: 12.015 Thread 0x00000000149fa000 nmethod 1646 0x00000000029e5390 code [0x00000000029e5500, 0x00000000029e57d8]
Event: 12.015 Thread 0x00000000149fa000 1647       4       com.android.dx.cf.code.RopperMachine::startBlock (48 bytes)
Event: 12.019 Thread 0x00000000149fa000 nmethod 1647 0x00000000029e5010 code [0x00000000029e5140, 0x00000000029e5278]
Event: 12.019 Thread 0x00000000149fa000 1648   !   4       com.android.dx.cf.code.Simulator::simulate (74 bytes)
Event: 12.025 Thread 0x00000000149fa000 nmethod 1648 0x00000000029e9090 code [0x00000000029e9200, 0x00000000029e93b8]
Event: 12.027 Thread 0x00000000149fa000 1649       4       com.android.dx.cf.iface.StdAttributeList::findFirst (44 bytes)
Event: 12.031 Thread 0x00000000149fa000 nmethod 1649 0x00000000029e8a10 code [0x00000000029e8b60, 0x00000000029e8e38]
Event: 12.032 Thread 0x00000000149fa000 1650   !   4       com.android.dx.cf.code.BytecodeArray::parseInstruction (2764 bytes)

GC Heap History (4 events):
Event: 7.839 GC heap before
{Heap before GC invocations=1 (full 0):
 PSYoungGen      total 38400K, used 33280K [0x00000000eab00000, 0x00000000ed580000, 0x0000000100000000)
  eden space 33280K, 100% used [0x00000000eab00000,0x00000000ecb80000,0x00000000ecb80000)
  from space 5120K, 0% used [0x00000000ed080000,0x00000000ed080000,0x00000000ed580000)
  to   space 5120K, 0% used [0x00000000ecb80000,0x00000000ecb80000,0x00000000ed080000)
 ParOldGen       total 87552K, used 0K [0x00000000c0000000, 0x00000000c5580000, 0x00000000eab00000)
  object space 87552K, 0% used [0x00000000c0000000,0x00000000c0000000,0x00000000c5580000)
 Metaspace       used 5883K, capacity 6960K, committed 7040K, reserved 1056768K
  class space    used 568K, capacity 616K, committed 640K, reserved 1048576K
Event: 7.864 GC heap after
Heap after GC invocations=1 (full 0):
 PSYoungGen      total 38400K, used 5099K [0x00000000eab00000, 0x00000000ed580000, 0x0000000100000000)
  eden space 33280K, 0% used [0x00000000eab00000,0x00000000eab00000,0x00000000ecb80000)
  from space 5120K, 99% used [0x00000000ecb80000,0x00000000ed07ad80,0x00000000ed080000)
  to   space 5120K, 0% used [0x00000000ed080000,0x00000000ed080000,0x00000000ed580000)
 ParOldGen       total 87552K, used 2561K [0x00000000c0000000, 0x00000000c5580000, 0x00000000eab00000)
  object space 87552K, 2% used [0x00000000c0000000,0x00000000c02806c0,0x00000000c5580000)
 Metaspace       used 5883K, capacity 6960K, committed 7040K, reserved 1056768K
  class space    used 568K, capacity 616K, committed 640K, reserved 1048576K
}
Event: 10.215 GC heap before
{Heap before GC invocations=2 (full 0):
 PSYoungGen      total 38400K, used 38379K [0x00000000eab00000, 0x00000000ed580000, 0x0000000100000000)
  eden space 33280K, 100% used [0x00000000eab00000,0x00000000ecb80000,0x00000000ecb80000)
  from space 5120K, 99% used [0x00000000ecb80000,0x00000000ed07ad80,0x00000000ed080000)
  to   space 5120K, 0% used [0x00000000ed080000,0x00000000ed080000,0x00000000ed580000)
 ParOldGen       total 87552K, used 2561K [0x00000000c0000000, 0x00000000c5580000, 0x00000000eab00000)
  object space 87552K, 2% used [0x00000000c0000000,0x00000000c02806c0,0x00000000c5580000)
 Metaspace       used 6016K, capacity 7088K, committed 7296K, reserved 1056768K
  class space    used 569K, capacity 616K, committed 640K, reserved 1048576K
Event: 10.251 GC heap after
Heap after GC invocations=2 (full 0):
 PSYoungGen      total 38400K, used 5103K [0x00000000eab00000, 0x00000000ed580000, 0x0000000100000000)
  eden space 33280K, 0% used [0x00000000eab00000,0x00000000eab00000,0x00000000ecb80000)
  from space 5120K, 99% used [0x00000000ed080000,0x00000000ed57be68,0x00000000ed580000)
  to   space 5120K, 0% used [0x00000000ecb80000,0x00000000ecb80000,0x00000000ed080000)
 ParOldGen       total 87552K, used 6104K [0x00000000c0000000, 0x00000000c5580000, 0x00000000eab00000)
  object space 87552K, 6% used [0x00000000c0000000,0x00000000c05f62e0,0x00000000c5580000)
 Metaspace       used 6016K, capacity 7088K, committed 7296K, reserved 1056768K
  class space    used 569K, capacity 616K, committed 640K, reserved 1048576K
}

Deoptimization events (10 events):
Event: 10.278 Thread 0x00000000020cd800 Uncommon trap: reason=unstable_if action=reinterpret pc=0x0000000002700e3c method=com.android.dx.util.IntList.binarysearch(I)I @ 105
Event: 10.282 Thread 0x00000000020cd800 Uncommon trap: reason=unstable_if action=reinterpret pc=0x00000000028b64ac method=com.android.dx.ssa.SsaMethod.blockIndexToRopLabel(I)I @ 1
Event: 10.608 Thread 0x00000000020cd800 Uncommon trap: reason=bimorphic action=maybe_recompile pc=0x00000000027aec20 method=com.android.dx.cf.code.BytecodeArray.parseInstruction(ILcom/android/dx/cf/code/BytecodeArray$Visitor;)I @ 1501
Event: 10.610 Thread 0x00000000020cd800 Uncommon trap: reason=bimorphic action=maybe_recompile pc=0x00000000027aec20 method=com.android.dx.cf.code.BytecodeArray.parseInstruction(ILcom/android/dx/cf/code/BytecodeArray$Visitor;)I @ 1501
Event: 12.003 Thread 0x0000000015fe9800 Uncommon trap: reason=bimorphic action=maybe_recompile pc=0x00000000029d3330 method=com.android.dx.cf.code.BytecodeArray.parseInstruction(ILcom/android/dx/cf/code/BytecodeArray$Visitor;)I @ 955
Event: 12.003 Thread 0x0000000015fe9800 Uncommon trap: reason=bimorphic action=maybe_recompile pc=0x00000000029d31b0 method=com.android.dx.cf.code.BytecodeArray.parseInstruction(ILcom/android/dx/cf/code/BytecodeArray$Visitor;)I @ 907
Event: 12.003 Thread 0x0000000015fe9800 Uncommon trap: reason=bimorphic action=maybe_recompile pc=0x00000000029d37c4 method=com.android.dx.cf.code.BytecodeArray.parseInstruction(ILcom/android/dx/cf/code/BytecodeArray$Visitor;)I @ 1224
Event: 12.003 Thread 0x0000000015fe9800 Uncommon trap: reason=bimorphic action=maybe_recompile pc=0x00000000029d3230 method=com.android.dx.cf.code.BytecodeArray.parseInstruction(ILcom/android/dx/cf/code/BytecodeArray$Visitor;)I @ 923
Event: 12.003 Thread 0x0000000015fe9800 Uncommon trap: reason=bimorphic action=maybe_recompile pc=0x00000000029d37c4 method=com.android.dx.cf.code.BytecodeArray.parseInstruction(ILcom/android/dx/cf/code/BytecodeArray$Visitor;)I @ 1224
Event: 12.003 Thread 0x0000000015fe9800 Uncommon trap: reason=unstable_if action=reinterpret pc=0x0000000002923df0 method=com.android.dx.cf.code.RopperMachine.run(Lcom/android/dx/cf/code/Frame;II)V @ 1500

Internal exceptions (3 events):
Event: 0.241 Thread 0x00000000020cd800 Exception <a 'java/lang/NoSuchMethodError': Method sun.misc.Unsafe.defineClass(Ljava/lang/String;[BII)Ljava/lang/Class; name or signature does not match> (0x00000000eab07c78) thrown at [C:\src\android\AOSP-openjdk\external\jetbrains\jdk\hotspot\src\share\vŠoÂtÐÎ?
Event: 0.241 Thread 0x00000000020cd800 Exception <a 'java/lang/NoSuchMethodError': Method sun.misc.Unsafe.prefetchRead(Ljava/lang/Object;J)V name or signature does not match> (0x00000000eab07f60) thrown at [C:\src\android\AOSP-openjdk\external\jetbrains\jdk\hotspot\src\share\vm\prims\jni.cpp, lFEs‰ž;$@
Event: 10.116 Thread 0x0000000015fe9800 Implicit null exception at 0x000000000265c4b4 to 0x000000000265e885

Events (10 events):
Event: 12.003 Thread 0x0000000015fe9800 DEOPT UNPACKING pc=0x000000000231556a sp=0x0000000016b2e408 mode 2
Event: 12.003 Thread 0x0000000015fe9800 Uncommon trap: trap_request=0xffffffc6 fr.pc=0x00000000029d3230
Event: 12.003 Thread 0x0000000015fe9800 DEOPT PACKING pc=0x00000000029d3230 sp=0x0000000016b2e480
Event: 12.003 Thread 0x0000000015fe9800 DEOPT UNPACKING pc=0x000000000231556a sp=0x0000000016b2e408 mode 2
Event: 12.003 Thread 0x0000000015fe9800 Uncommon trap: trap_request=0xffffffc6 fr.pc=0x00000000029d37c4
Event: 12.003 Thread 0x0000000015fe9800 DEOPT PACKING pc=0x00000000029d37c4 sp=0x0000000016b2e480
Event: 12.003 Thread 0x0000000015fe9800 DEOPT UNPACKING pc=0x000000000231556a sp=0x0000000016b2e408 mode 2
Event: 12.003 Thread 0x0000000015fe9800 Uncommon trap: trap_request=0xffffff65 fr.pc=0x0000000002923df0
Event: 12.003 Thread 0x0000000015fe9800 DEOPT PACKING pc=0x0000000002923df0 sp=0x0000000016b2e1c0
Event: 12.003 Thread 0x0000000015fe9800 DEOPT UNPACKING pc=0x000000000231556a sp=0x0000000016b2e188 mode 2


Dynamic libraries:
0x00007ff785640000 - 0x00007ff785671000 	D:\Android Studio\jre\bin\java.exe
0x00007ffcddc40000 - 0x00007ffcddded000 	C:\windows\SYSTEM32\ntdll.dll
0x00007ffcdd7c0000 - 0x00007ffcdd8fe000 	C:\windows\system32\KERNEL32.DLL
0x00007ffcdaeb0000 - 0x00007ffcdafc5000 	C:\windows\system32\KERNELBASE.dll
0x00007ffcdbc70000 - 0x00007ffcdbd1a000 	C:\windows\system32\ADVAPI32.dll
0x00007ffcdbaf0000 - 0x00007ffcdbc67000 	C:\windows\system32\USER32.dll
0x00007ffcd85d0000 - 0x00007ffcd884b000 	C:\windows\WinSxS\amd64_microsoft.windows.common-controls_6595b64144ccf1df_6.0.9600.18006_none_623f33d3ecbe86e8\COMCTL32.dll
0x00007ffcdc020000 - 0x00007ffcdc0ca000 	C:\windows\system32\msvcrt.dll
0x00007ffcdb330000 - 0x00007ffcdb389000 	C:\windows\SYSTEM32\sechost.dll
0x00007ffcdb390000 - 0x00007ffcdb4d0000 	C:\windows\system32\RPCRT4.dll
0x00007ffcddae0000 - 0x00007ffcddc2f000 	C:\windows\system32\GDI32.dll
0x00007ffcdadd0000 - 0x00007ffcdadfe000 	C:\windows\system32\SspiCli.dll
0x00007ffcdb970000 - 0x00007ffcdb9a6000 	C:\windows\system32\IMM32.DLL
0x00007ffcdbd20000 - 0x00007ffcdbe72000 	C:\windows\system32\MSCTF.dll
0x0000000060870000 - 0x0000000060942000 	D:\Android Studio\jre\jre\bin\msvcr100.dll
0x000000005edc0000 - 0x000000005f5fc000 	D:\Android Studio\jre\jre\bin\server\jvm.dll
0x00007ffcc0e90000 - 0x00007ffcc0e99000 	C:\windows\SYSTEM32\WSOCK32.dll
0x00007ffcdad40000 - 0x00007ffcdad62000 	C:\windows\system32\WINMM.dll
0x00007ffcd3210000 - 0x00007ffcd321a000 	C:\windows\SYSTEM32\VERSION.dll
0x00007ffcdb960000 - 0x00007ffcdb967000 	C:\windows\system32\PSAPI.DLL
0x00007ffcdb0d0000 - 0x00007ffcdb12a000 	C:\windows\system32\WS2_32.dll
0x00007ffcdaa60000 - 0x00007ffcdaa8a000 	C:\windows\system32\WINMMBASE.dll
0x00007ffcdc190000 - 0x00007ffcdc199000 	C:\windows\system32\NSI.dll
0x00007ffcdad70000 - 0x00007ffcdadbf000 	C:\windows\SYSTEM32\cfgmgr32.dll
0x00007ffcdaa30000 - 0x00007ffcdaa58000 	C:\windows\system32\DEVOBJ.dll
0x00007ffcd84e0000 - 0x00007ffcd84ef000 	D:\Android Studio\jre\jre\bin\verify.dll
0x00007ffcd78f0000 - 0x00007ffcd7919000 	D:\Android Studio\jre\jre\bin\java.dll
0x00007ffcd7a10000 - 0x00007ffcd7a26000 	D:\Android Studio\jre\jre\bin\zip.dll
0x00007ffcdc1c0000 - 0x00007ffcdd6e9000 	C:\windows\system32\SHELL32.dll
0x00007ffcdb740000 - 0x00007ffcdb951000 	C:\windows\SYSTEM32\combase.dll
0x00007ffcdb070000 - 0x00007ffcdb0c4000 	C:\windows\system32\SHLWAPI.dll
0x00007ffcd8d80000 - 0x00007ffcd8e32000 	C:\windows\SYSTEM32\SHCORE.dll
0x00007ffcda980000 - 0x00007ffcda995000 	C:\windows\SYSTEM32\profapi.dll

VM Arguments:
jvm_args: -Djava.awt.headless=true -Xmx1024M -Dfile.encoding=GBK -Duser.country=CN -Duser.language=zh -Duser.variant 
java_command: com.android.dx.command.Main --dex --num-threads=4 --output D:\android_wokespace\Park1\app\build\intermediates\pre-dexed\debug\classes_3306615238f69fa0cde6b8acd09a0fec91f44736.jar C:\Users\lenovo\.android\build-cache\e31b34528820955da9d484ec581faba792d9661c\output\jars\classes.jar
java_class_path (initial): D:\AndroidSDK\build-tools\25.0.0\lib\dx.jar
Launcher Type: SUN_STANDARD

Environment Variables:
JAVA_HOME=D:\Program Files\Java\jdk1.8.0_60
CLASSPATH=.
PATH=D:\Program Files\Java\jdk1.8.0_60\bin;C:\Program Files (x86)\Lenovo\FusionEngine;C:\Program Files (x86)\Intel\iCLS Client\;C:\Program Files\Intel\iCLS Client\;C:\windows\system32;C:\windows;C:\windows\System32\Wbem;C:\windows\System32\WindowsPowerShell\v1.0\;C:\Program Files (x86)\ATI Technologies\ATI.ACE\Core-Static;C:\Program Files\Intel\Intel(R) Management Engine Components\DAL;C:\Program Files (x86)\Intel\Intel(R) Management Engine Components\DAL;C:\Program Files\Intel\Intel(R) Management Engine Components\IPT;C:\Program Files (x86)\Intel\Intel(R) Management Engine Components\IPT;C:\Program Files (x86)\Common Files\lenovo\easyplussdk\bin;C:\Program Files (x86)\Microsoft SQL Server\100\Tools\Binn\;C:\Program Files\Microsoft SQL Server\100\Tools\Binn\;C:\Program Files\Microsoft SQL Server\100\DTS\Binn\;C:\Program Files (x86)\Microsoft SQL Server\100\Tools\Binn\VSShell\Common7\IDE\;C:\Program Files (x86)\Microsoft SQL Server\100\DTS\Binn\;C:\Program Files (x86)\Microsoft Visual Studio 9.0\Common7\IDE\PrivateAssemblies\;D:\mysql\mysql-5.7.18-winx64\bin;D:\Git\cmd;D:\Android_sdk\build-tools;D:\Android_sdk\tools;;C:\Program Files\Microsoft SQL Server\110\DTS\Binn\;C:\Program Files (x86)\Microsoft SQL Server\110\Tools\Binn\;C:\Program Files\Microsoft SQL Server\110\Tools\Binn\;C:\Program Files (x86)\Microsoft SQL Server\110\Tools\Binn\ManagementStudio\;C:\Program Files (x86)\Microsoft Visual Studio 10.0\Common7\IDE\PrivateAssemblies\;C:\Program Files (x86)\Microsoft SQL Server\110\DTS\Binn\;D:\apache-tomcat-8.0.24\lib;D:\apache-tomcat-8.0.24\bin
USERNAME=lenovo
OS=Windows_NT
PROCESSOR_IDENTIFIER=Intel64 Family 6 Model 61 Stepping 4, GenuineIntel



---------------  S Y S T E M  ---------------

OS: Windows 8.1 , 64 bit Build 9600 (6.3.9600.17415)

CPU:total 4 (2 cores per cpu, 2 threads per core) family 6 model 61 stepping 4, cmov, cx8, fxsr, mmx, sse, sse2, sse3, ssse3, sse4.1, sse4.2, popcnt, avx, avx2, aes, clmul, erms, 3dnowpref, lzcnt, ht, tsc, tscinvbit, bmi1, bmi2, adx

Memory: 4k page, physical 8301656k(1447772k free), swap 8301656k(4168k free)

vm_info: OpenJDK 64-Bit Server VM (25.112-b06) for windows-amd64 JRE (1.8.0_112-release-b06), built on Dec  8 2016 00:54:26 by "builder" with MS VC++ 10.0 (VS2010)

time: Mon Nov 06 02:36:01 2017
elapsed time: 12 seconds (0d 0h 0m 12s)

