#
# There is insufficient memory for the Java Runtime Environment to continue.
# Native memory allocation (malloc) failed to allocate 392464 bytes for Chunk::new
# Possible reasons:
#   The system is out of physical RAM or swap space
#   In 32 bit mode, the process size limit was hit
# Possible solutions:
#   Reduce memory load on the system
#   Increase physical memory or swap space
#   Check if swap backing store is full
#   Use 64 bit Java on a 64 bit OS
#   Decrease Java heap size (-Xmx/-Xms)
#   Decrease number of Java threads
#   Decrease Java thread stack sizes (-Xss)
#   Set larger code cache with -XX:ReservedCodeCacheSize=
# This output file may be truncated or incomplete.
#
#  Out of Memory Error (allocation.cpp:390), pid=4496, tid=0x0000000000000ef8
#
# JRE version: OpenJDK Runtime Environment (8.0_112-b06) (build 1.8.0_112-release-b06)
# Java VM: OpenJDK 64-Bit Server VM (25.112-b06 mixed mode windows-amd64 compressed oops)
# Failed to write core dump. Minidumps are not enabled by default on client versions of Windows
#

---------------  T H R E A D  ---------------

Current thread (0x0000000014d9a000):  JavaThread "C2 CompilerThread0" daemon [_thread_in_native, id=3832, stack(0x00000000166a0000,0x00000000167a0000)]

Stack: [0x00000000166a0000,0x00000000167a0000]
[error occurred during error reporting (printing stack bounds), id 0xc0000005]

Native frames: (J=compiled Java code, j=interpreted, Vv=VM code, C=native code)


Current CompileTask:
C2:   3043  864   !   4       com.android.dx.cf.code.BytecodeArray::parseInstruction (2764 bytes)


---------------  P R O C E S S  ---------------

Java Threads: ( => current thread )
  0x0000000016223000 JavaThread "pool-1-thread-4" [_thread_in_Java, id=8864, stack(0x0000000016fa0000,0x00000000170a0000)]
  0x0000000016222000 JavaThread "pool-1-thread-3" [_thread_blocked, id=6252, stack(0x0000000016ea0000,0x0000000016fa0000)]
  0x0000000016225000 JavaThread "pool-1-thread-2" [_thread_in_vm, id=5944, stack(0x0000000016da0000,0x0000000016ea0000)]
  0x00000000161fe000 JavaThread "pool-2-thread-1" [_thread_blocked, id=8328, stack(0x0000000016ca0000,0x0000000016da0000)]
  0x00000000161fd000 JavaThread "pool-1-thread-1" [_thread_in_Java, id=4720, stack(0x0000000016ba0000,0x0000000016ca0000)]
  0x0000000016119800 JavaThread "Service Thread" daemon [_thread_blocked, id=6256, stack(0x00000000169a0000,0x0000000016aa0000)]
  0x00000000160af800 JavaThread "C1 CompilerThread2" daemon [_thread_in_native, id=8860, stack(0x00000000168a0000,0x00000000169a0000)]
  0x0000000014d9e800 JavaThread "C2 CompilerThread1" daemon [_thread_in_native, id=1004, stack(0x00000000167a0000,0x00000000168a0000)]
=>0x0000000014d9a000 JavaThread "C2 CompilerThread0" daemon [_thread_in_native, id=3832, stack(0x00000000166a0000,0x00000000167a0000)]
  0x0000000014d99800 JavaThread "Attach Listener" daemon [_thread_blocked, id=4536, stack(0x00000000165a0000,0x00000000166a0000)]
  0x00000000160a8800 JavaThread "Signal Dispatcher" daemon [_thread_blocked, id=4836, stack(0x00000000164a0000,0x00000000165a0000)]
  0x000000000256a000 JavaThread "Finalizer" daemon [_thread_blocked, id=4712, stack(0x0000000015fa0000,0x00000000160a0000)]
  0x0000000002561000 JavaThread "Reference Handler" daemon [_thread_blocked, id=4300, stack(0x0000000015ea0000,0x0000000015fa0000)]
  0x0000000002472800 JavaThread "main" [_thread_in_vm, id=8284, stack(0x0000000002030000,0x0000000002130000)]

Other Threads:
  0x0000000014d04800 VMThread [stack: 0x0000000015da0000,0x0000000015ea0000] [id=8200]
  0x0000000016123000 WatcherThread [stack: 0x0000000016aa0000,0x0000000016ba0000] [id=5276]

VM state:not at safepoint (normal execution)

VM Mutex/Monitor currently owned by a thread: None

Heap:
 PSYoungGen      total 38400K, used 21558K [0x00000000eab00000, 0x00000000ed580000, 0x0000000100000000)
  eden space 33280K, 64% used [0x00000000eab00000,0x00000000ec00d9c8,0x00000000ecb80000)
  from space 5120K, 0% used [0x00000000ed080000,0x00000000ed080000,0x00000000ed580000)
  to   space 5120K, 0% used [0x00000000ecb80000,0x00000000ecb80000,0x00000000ed080000)
 ParOldGen       total 87552K, used 0K [0x00000000c0000000, 0x00000000c5580000, 0x00000000eab00000)
  object space 87552K, 0% used [0x00000000c0000000,0x00000000c0000000,0x00000000c5580000)
 Metaspace       used 5615K, capacity 6768K, committed 7040K, reserved 1056768K
  class space    used 556K, capacity 616K, committed 640K, reserved 1048576K

Card table byte_map: [0x0000000011a30000,0x0000000011c40000] byte_map_base: 0x0000000011430000

Marking Bits: (ParMarkBitMap*) 0x000000006a5a18f0
 Begin Bits: [0x00000000121a0000, 0x00000000131a0000)
 End Bits:   [0x00000000131a0000, 0x00000000141a0000)

Polling page: 0x0000000002130000

CodeCache: size=245760Kb used=3818Kb max_used=3818Kb free=241941Kb
 bounds [0x0000000002670000, 0x0000000002a30000, 0x0000000011670000]
 total_blobs=1191 nmethods=925 adapters=177
 compilation: enabled

Compilation events (10 events):
Event: 3.034 Thread 0x00000000160af800 nmethod 941 0x0000000002a12450 code [0x0000000002a12fe0, 0x0000000002a1cb78]
Event: 3.034 Thread 0x00000000160af800  949   !   3       com.android.dx.rop.code.RegisterSpec::intern (70 bytes)
Event: 3.037 Thread 0x00000000160af800 nmethod 949 0x0000000002a257d0 code [0x0000000002a25a00, 0x0000000002a266c8]
Event: 3.037 Thread 0x00000000160af800  950       3       com.android.dx.rop.code.RegisterSpec::equals (51 bytes)
Event: 3.038 Thread 0x00000000160af800 nmethod 950 0x0000000002a0cc50 code [0x0000000002a0cde0, 0x0000000002a0d378]
Event: 3.038 Thread 0x00000000160af800  955       1       com.android.dx.rop.code.PlainInsn::getCatches (4 bytes)
Event: 3.039 Thread 0x00000000160af800 nmethod 955 0x00000000029ff110 code [0x00000000029ff260, 0x00000000029ff370]
Event: 3.039 Thread 0x00000000160af800  947       2       com.android.dx.rop.code.RegisterSpec$ForComparison::hashCode (16 bytes)
Event: 3.040 Thread 0x00000000160af800 nmethod 947 0x0000000002a0c7d0 code [0x0000000002a0c940, 0x0000000002a0cb18]
Event: 3.040 Thread 0x00000000160af800  948       2       com.android.dx.rop.code.RegisterSpec::access$600 (7 bytes)

GC Heap History (0 events):
No events

Deoptimization events (10 events):
Event: 2.676 Thread 0x0000000016225000 Uncommon trap: reason=class_check action=maybe_recompile pc=0x0000000002927348 method=com.android.dx.ssa.SsaBasicBlock.forEachInsn(Lcom/android/dx/ssa/SsaInsn$Visitor;)V @ 23
Event: 2.848 Thread 0x0000000002472800 Uncommon trap: reason=unstable_if action=reinterpret pc=0x00000000027f5ad0 method=java.lang.String.<init>([CII)V @ 18
Event: 2.922 Thread 0x0000000016225000 Uncommon trap: reason=class_check action=maybe_recompile pc=0x000000000297481c method=com.android.dx.ssa.NormalSsaInsn.accept(Lcom/android/dx/ssa/SsaInsn$Visitor;)V @ 9
Event: 2.922 Thread 0x0000000016225000 Uncommon trap: reason=class_check action=maybe_recompile pc=0x000000000297481c method=com.android.dx.ssa.NormalSsaInsn.accept(Lcom/android/dx/ssa/SsaInsn$Visitor;)V @ 9
Event: 2.922 Thread 0x0000000016225000 Uncommon trap: reason=class_check action=maybe_recompile pc=0x000000000297481c method=com.android.dx.ssa.NormalSsaInsn.accept(Lcom/android/dx/ssa/SsaInsn$Visitor;)V @ 9
Event: 2.922 Thread 0x0000000016225000 Uncommon trap: reason=class_check action=maybe_recompile pc=0x000000000297481c method=com.android.dx.ssa.NormalSsaInsn.accept(Lcom/android/dx/ssa/SsaInsn$Visitor;)V @ 9
Event: 2.922 Thread 0x0000000016225000 Uncommon trap: reason=class_check action=maybe_recompile pc=0x00000000028ccff0 method=com.android.dx.ssa.NormalSsaInsn.accept(Lcom/android/dx/ssa/SsaInsn$Visitor;)V @ 9
Event: 3.004 Thread 0x0000000016223000 Uncommon trap: reason=unstable_if action=reinterpret pc=0x00000000029f4618 method=com.android.dx.rop.code.RegisterSpec.equals(ILcom/android/dx/rop/type/TypeBearer;Lcom/android/dx/rop/code/LocalItem;)Z @ 16
Event: 3.004 Thread 0x0000000016223000 Uncommon trap: reason=unstable_if action=reinterpret pc=0x00000000029a24a8 method=com.android.dx.rop.code.RegisterSpec.equals(ILcom/android/dx/rop/type/TypeBearer;Lcom/android/dx/rop/code/LocalItem;)Z @ 16
Event: 3.038 Thread 0x0000000002472800 Uncommon trap: reason=unstable_if action=reinterpret pc=0x000000000295def8 method=java.lang.String.<init>([CII)V @ 18

Internal exceptions (2 events):
Event: 0.179 Thread 0x0000000002472800 Exception <a 'java/lang/NoSuchMethodError': Method sun.misc.Unsafe.defineClass(Ljava/lang/String;[BII)Ljava/lang/Class; name or signature does not match> (0x00000000eab07c78) thrown at [C:\src\android\AOSP-openjdk\external\jetbrains\jdk\hotspot\src\share\v•R¬œ¿úÆ?
Event: 0.180 Thread 0x0000000002472800 Exception <a 'java/lang/NoSuchMethodError': Method sun.misc.Unsafe.prefetchRead(Ljava/lang/Object;J)V name or signature does not match> (0x00000000eab07f60) thrown at [C:\src\android\AOSP-openjdk\external\jetbrains\jdk\hotspot\src\share\vm\prims\jni.cpp, l

Events (10 events):
Event: 2.922 Thread 0x0000000016225000 DEOPT UNPACKING pc=0x00000000026b556a sp=0x0000000016e9e860 mode 2
Event: 3.004 Thread 0x0000000016223000 Uncommon trap: trap_request=0xffffff65 fr.pc=0x00000000029f4618
Event: 3.004 Thread 0x0000000016223000 DEOPT PACKING pc=0x00000000029f4618 sp=0x000000001709e460
Event: 3.004 Thread 0x0000000016223000 DEOPT UNPACKING pc=0x00000000026b556a sp=0x000000001709e1e8 mode 2
Event: 3.004 Thread 0x0000000016223000 Uncommon trap: trap_request=0xffffff65 fr.pc=0x00000000029a24a8
Event: 3.004 Thread 0x0000000016223000 DEOPT PACKING pc=0x00000000029a24a8 sp=0x000000001709e2b0
Event: 3.004 Thread 0x0000000016223000 DEOPT UNPACKING pc=0x00000000026b556a sp=0x000000001709e238 mode 2
Event: 3.038 Thread 0x0000000002472800 Uncommon trap: trap_request=0xffffff65 fr.pc=0x000000000295def8
Event: 3.038 Thread 0x0000000002472800 DEOPT PACKING pc=0x000000000295def8 sp=0x000000000212dce0
Event: 3.038 Thread 0x0000000002472800 DEOPT UNPACKING pc=0x00000000026b556a sp=0x000000000212dca8 mode 2


Dynamic libraries:
0x00007ff6ae820000 - 0x00007ff6ae851000 	D:\Android Studio\jre\bin\java.exe
0x00007ff8e6230000 - 0x00007ff8e63dd000 	C:\windows\SYSTEM32\ntdll.dll
0x00007ff8e5b30000 - 0x00007ff8e5c6e000 	C:\windows\system32\KERNEL32.DLL
0x00007ff8e30a0000 - 0x00007ff8e31b5000 	C:\windows\system32\KERNELBASE.dll
0x00007ff8e3f70000 - 0x00007ff8e401a000 	C:\windows\system32\ADVAPI32.dll
0x00007ff8e60b0000 - 0x00007ff8e6227000 	C:\windows\system32\USER32.dll
0x00007ff8e0930000 - 0x00007ff8e0bab000 	C:\windows\WinSxS\amd64_microsoft.windows.common-controls_6595b64144ccf1df_6.0.9600.18006_none_623f33d3ecbe86e8\COMCTL32.dll
0x00007ff8e3690000 - 0x00007ff8e373a000 	C:\windows\system32\msvcrt.dll
0x00007ff8e5ad0000 - 0x00007ff8e5b29000 	C:\windows\SYSTEM32\sechost.dll
0x00007ff8e39a0000 - 0x00007ff8e3ae0000 	C:\windows\system32\RPCRT4.dll
0x00007ff8e37a0000 - 0x00007ff8e38ef000 	C:\windows\system32\GDI32.dll
0x00007ff8e31c0000 - 0x00007ff8e31ee000 	C:\windows\system32\SspiCli.dll
0x00007ff8e4020000 - 0x00007ff8e4056000 	C:\windows\system32\IMM32.DLL
0x00007ff8e5840000 - 0x00007ff8e5992000 	C:\windows\system32\MSCTF.dll
0x00000000696c0000 - 0x0000000069792000 	D:\Android Studio\jre\jre\bin\msvcr100.dll
0x0000000069de0000 - 0x000000006a61c000 	D:\Android Studio\jre\jre\bin\server\jvm.dll
0x00007ff8c3c90000 - 0x00007ff8c3c99000 	C:\windows\SYSTEM32\WSOCK32.dll
0x00007ff8e3580000 - 0x00007ff8e35a2000 	C:\windows\system32\WINMM.dll
0x00007ff8db950000 - 0x00007ff8db95a000 	C:\windows\SYSTEM32\VERSION.dll
0x00007ff8e6080000 - 0x00007ff8e6087000 	C:\windows\system32\PSAPI.DLL
0x00007ff8e59a0000 - 0x00007ff8e59fa000 	C:\windows\system32\WS2_32.dll
0x00007ff8e3070000 - 0x00007ff8e309a000 	C:\windows\system32\WINMMBASE.dll
0x00007ff8e5f70000 - 0x00007ff8e5f79000 	C:\windows\system32\NSI.dll
0x00007ff8e3350000 - 0x00007ff8e339f000 	C:\windows\SYSTEM32\cfgmgr32.dll
0x00007ff8e3020000 - 0x00007ff8e3048000 	C:\windows\system32\DEVOBJ.dll
0x00007ff8bb1c0000 - 0x00007ff8bb1cf000 	D:\Android Studio\jre\jre\bin\verify.dll
0x00007ff8bb190000 - 0x00007ff8bb1b9000 	D:\Android Studio\jre\jre\bin\java.dll
0x00007ff8bb140000 - 0x00007ff8bb156000 	D:\Android Studio\jre\jre\bin\zip.dll
0x00007ff8e4060000 - 0x00007ff8e5589000 	C:\windows\system32\SHELL32.dll
0x00007ff8e3ba0000 - 0x00007ff8e3db1000 	C:\windows\SYSTEM32\combase.dll
0x00007ff8e3740000 - 0x00007ff8e3794000 	C:\windows\system32\SHLWAPI.dll
0x00007ff8e1830000 - 0x00007ff8e18e2000 	C:\windows\SYSTEM32\SHCORE.dll
0x00007ff8e2f70000 - 0x00007ff8e2f85000 	C:\windows\SYSTEM32\profapi.dll

VM Arguments:
jvm_args: -Djava.awt.headless=true -Xmx1024M -Dfile.encoding=GBK -Duser.country=CN -Duser.language=zh -Duser.variant 
java_command: com.android.dx.command.Main --dex --num-threads=4 --output D:\android_wokespace\Park1\app\build\intermediates\pre-dexed\debug\debug_fbb0f697c35f25aa22a53c8b0c1de775393e180f.jar D:\android_wokespace\Park1\app\build\intermediates\classes\debug
java_class_path (initial): D:\AndroidSDK\build-tools\25.0.0\lib\dx.jar
Launcher Type: SUN_STANDARD

Environment Variables:
JAVA_HOME=D:\Program Files\Java\jdk1.8.0_60
CLASSPATH=.
PATH=D:\Program Files\Java\jdk1.8.0_60\bin;C:\Program Files (x86)\Lenovo\FusionEngine;C:\Program Files (x86)\Intel\iCLS Client\;C:\Program Files\Intel\iCLS Client\;C:\windows\system32;C:\windows;C:\windows\System32\Wbem;C:\windows\System32\WindowsPowerShell\v1.0\;C:\Program Files (x86)\ATI Technologies\ATI.ACE\Core-Static;C:\Program Files\Intel\Intel(R) Management Engine Components\DAL;C:\Program Files (x86)\Intel\Intel(R) Management Engine Components\DAL;C:\Program Files\Intel\Intel(R) Management Engine Components\IPT;C:\Program Files (x86)\Intel\Intel(R) Management Engine Components\IPT;C:\Program Files (x86)\Common Files\lenovo\easyplussdk\bin;C:\Program Files (x86)\Microsoft SQL Server\100\Tools\Binn\;C:\Program Files\Microsoft SQL Server\100\Tools\Binn\;C:\Program Files\Microsoft SQL Server\100\DTS\Binn\;C:\Program Files (x86)\Microsoft SQL Server\100\Tools\Binn\VSShell\Common7\IDE\;C:\Program Files (x86)\Microsoft SQL Server\100\DTS\Binn\;C:\Program Files (x86)\Microsoft Visual Studio 9.0\Common7\IDE\PrivateAssemblies\;D:\mysql\mysql-5.7.18-winx64\bin;D:\Git\cmd;D:\Android_sdk\build-tools;D:\Android_sdk\tools;;C:\Program Files\Microsoft SQL Server\110\DTS\Binn\;C:\Program Files (x86)\Microsoft SQL Server\110\Tools\Binn\;C:\Program Files\Microsoft SQL Server\110\Tools\Binn\;C:\Program Files (x86)\Microsoft SQL Server\110\Tools\Binn\ManagementStudio\;C:\Program Files (x86)\Microsoft Visual Studio 10.0\Common7\IDE\PrivateAssemblies\;C:\Program Files (x86)\Microsoft SQL Server\110\DTS\Binn\;D:\apache-tomcat-8.0.24\lib;D:\apache-tomcat-8.0.24\bin
USERNAME=lenovo
OS=Windows_NT
PROCESSOR_IDENTIFIER=Intel64 Family 6 Model 61 Stepping 4, GenuineIntel



---------------  S Y S T E M  ---------------

OS: Windows 8.1 , 64 bit Build 9600 (6.3.9600.17415)

CPU:total 4 (2 cores per cpu, 2 threads per core) family 6 model 61 stepping 4, cmov, cx8, fxsr, mmx, sse, sse2, sse3, ssse3, sse4.1, sse4.2, popcnt, avx, avx2, aes, clmul, erms, 3dnowpref, lzcnt, ht, tsc, tscinvbit, bmi1, bmi2, adx

Memory: 4k page, physical 8301656k(1716896k free), swap 8301656k(5364k free)

vm_info: OpenJDK 64-Bit Server VM (25.112-b06) for windows-amd64 JRE (1.8.0_112-release-b06), built on Dec  8 2016 00:54:26 by "builder" with MS VC++ 10.0 (VS2010)

time: Mon Nov 13 23:30:08 2017
elapsed time: 3 seconds (0d 0h 0m 3s)

