#
# There is insufficient memory for the Java Runtime Environment to continue.
# Native memory allocation (malloc) failed to allocate 180016 bytes for Chunk::new
# Possible reasons:
#   The system is out of physical RAM or swap space
#   In 32 bit mode, the process size limit was hit
# Possible solutions:
#   Reduce memory load on the system
#   Increase physical memory or swap space
#   Check if swap backing store is full
#   Use 64 bit Java on a 64 bit OS
#   Decrease Java heap size (-Xmx/-Xms)
#   Decrease number of Java threads
#   Decrease Java thread stack sizes (-Xss)
#   Set larger code cache with -XX:ReservedCodeCacheSize=
# This output file may be truncated or incomplete.
#
#  Out of Memory Error (allocation.cpp:390), pid=6368, tid=0x0000000000003590
#
# JRE version: OpenJDK Runtime Environment (8.0_112-b06) (build 1.8.0_112-release-b06)
# Java VM: OpenJDK 64-Bit Server VM (25.112-b06 mixed mode windows-amd64 compressed oops)
# Failed to write core dump. Minidumps are not enabled by default on client versions of Windows
#

---------------  T H R E A D  ---------------

Current thread (0x0000000015fc5800):  JavaThread "C2 CompilerThread1" daemon [_thread_in_native, id=13712, stack(0x0000000016670000,0x0000000016770000)]

Stack: [0x0000000016670000,0x0000000016770000]
[error occurred during error reporting (printing stack bounds), id 0xc0000005]

Native frames: (J=compiled Java code, j=interpreted, Vv=VM code, C=native code)


Current CompileTask:
C2:   3229  699   !   4       com.android.dx.rop.code.RegisterSpec::intern (70 bytes)


---------------  P R O C E S S  ---------------

Java Threads: ( => current thread )
  0x00000000161d5000 JavaThread "pool-1-thread-4" [_thread_in_Java, id=7116, stack(0x0000000016e70000,0x0000000016f70000)]
  0x00000000160f2000 JavaThread "pool-2-thread-1" [_thread_blocked, id=13428, stack(0x0000000016b70000,0x0000000016c70000)]
  0x0000000015fd0800 JavaThread "Service Thread" daemon [_thread_blocked, id=13868, stack(0x0000000016870000,0x0000000016970000)]
  0x0000000015fcb800 JavaThread "C1 CompilerThread2" daemon [_thread_in_native, id=7012, stack(0x0000000016770000,0x0000000016870000)]
=>0x0000000015fc5800 JavaThread "C2 CompilerThread1" daemon [_thread_in_native, id=13712, stack(0x0000000016670000,0x0000000016770000)]
  0x0000000014c7a000 JavaThread "C2 CompilerThread0" daemon [_thread_in_native, id=11756, stack(0x0000000016570000,0x0000000016670000)]
  0x0000000014c79000 JavaThread "Attach Listener" daemon [_thread_blocked, id=7032, stack(0x0000000016470000,0x0000000016570000)]
  0x0000000015f78800 JavaThread "Signal Dispatcher" daemon [_thread_blocked, id=14112, stack(0x0000000016370000,0x0000000016470000)]
  0x000000000254a000 JavaThread "Finalizer" daemon [_thread_blocked, id=6544, stack(0x0000000015e70000,0x0000000015f70000)]
  0x0000000002541000 JavaThread "Reference Handler" daemon [_thread_blocked, id=12524, stack(0x0000000015d70000,0x0000000015e70000)]
  0x0000000001fed800 JavaThread "main" [_thread_blocked, id=11172, stack(0x0000000002350000,0x0000000002450000)]

Other Threads:
  0x0000000014be4800 VMThread [stack: 0x0000000015c70000,0x0000000015d70000] [id=12800]
  0x0000000015fd2000 WatcherThread [stack: 0x0000000016970000,0x0000000016a70000] [id=4076]

VM state:not at safepoint (normal execution)

VM Mutex/Monitor currently owned by a thread:  ([mutex/lock_event])
[0x0000000001fecca0] CompiledIC_lock - owner thread: 0x0000000000000000

Heap:
 PSYoungGen      total 38400K, used 13991K [0x00000000eab00000, 0x00000000ed580000, 0x0000000100000000)
  eden space 33280K, 42% used [0x00000000eab00000,0x00000000eb8a9ff8,0x00000000ecb80000)
  from space 5120K, 0% used [0x00000000ed080000,0x00000000ed080000,0x00000000ed580000)
  to   space 5120K, 0% used [0x00000000ecb80000,0x00000000ecb80000,0x00000000ed080000)
 ParOldGen       total 87552K, used 0K [0x00000000c0000000, 0x00000000c5580000, 0x00000000eab00000)
  object space 87552K, 0% used [0x00000000c0000000,0x00000000c0000000,0x00000000c5580000)
 Metaspace       used 5513K, capacity 6640K, committed 6784K, reserved 1056768K
  class space    used 564K, capacity 616K, committed 640K, reserved 1048576K

Card table byte_map: [0x0000000011910000,0x0000000011b20000] byte_map_base: 0x0000000011310000

Marking Bits: (ParMarkBitMap*) 0x000000005f5818f0
 Begin Bits: [0x0000000012080000, 0x0000000013080000)
 End Bits:   [0x0000000013080000, 0x0000000014080000)

Polling page: 0x00000000006a0000

CodeCache: size=245760Kb used=2665Kb max_used=2676Kb free=243094Kb
 bounds [0x0000000002550000, 0x00000000027f0000, 0x0000000011550000]
 total_blobs=947 nmethods=683 adapters=178
 compilation: enabled

Compilation events (10 events):
Event: 3.200 Thread 0x0000000015fcb800  686       3       com.android.dx.rop.code.Insn::hashCode (5 bytes)
Event: 3.200 Thread 0x0000000015fcb800 nmethod 686 0x00000000027daf10 code [0x00000000027db080, 0x00000000027db208]
Event: 3.200 Thread 0x0000000015fcb800  683       3       com.android.dx.rop.code.RegisterSpec::intersect (169 bytes)
Event: 3.200 Thread 0x0000000015fc5800  698   !   4       com.android.dx.rop.code.RegisterSpecSet::put (104 bytes)
Event: 3.201 Thread 0x0000000015fcb800 nmethod 683 0x00000000027e1410 code [0x00000000027e1660, 0x00000000027e2628]
Event: 3.201 Thread 0x0000000015fcb800  697       3       com.android.dx.cf.code.RopperMachine::getSources (264 bytes)
Event: 3.206 Thread 0x0000000015fcb800 nmethod 697 0x00000000027e5990 code [0x00000000027e5fa0, 0x00000000027ea938]
Event: 3.206 Thread 0x0000000015fc5800 nmethod 698 0x00000000027edf50 code [0x00000000027ee0c0, 0x00000000027ee358]
Event: 3.206 Thread 0x0000000015fcb800  696   !   3       com.android.dx.cf.code.RopperMachine::run (1550 bytes)
Event: 3.206 Thread 0x0000000015fc5800  699   !   4       com.android.dx.rop.code.RegisterSpec::intern (70 bytes)

GC Heap History (0 events):
No events

Deoptimization events (3 events):
Event: 3.007 Thread 0x00000000160f6800 Uncommon trap: reason=unstable_if action=reinterpret pc=0x000000000272f470 method=java.util.BitSet.nextSetBit(I)I @ 87
Event: 3.104 Thread 0x00000000160ef000 Uncommon trap: reason=unstable_if action=reinterpret pc=0x00000000027211c4 method=java.util.HashMap.getNode(ILjava/lang/Object;)Ljava/util/HashMap$Node; @ 62
Event: 3.159 Thread 0x00000000161d5000 Uncommon trap: reason=unstable_if action=reinterpret pc=0x0000000002746cb4 method=java.util.BitSet.ensureCapacity(I)V @ 6

Internal exceptions (2 events):
Event: 0.838 Thread 0x0000000001fed800 Exception <a 'java/lang/NoSuchMethodError': Method sun.misc.Unsafe.defineClass(Ljava/lang/String;[BII)Ljava/lang/Class; name or signature does not match> (0x00000000eab07c78) thrown at [C:\src\android\AOSP-openjdk\external\jetbrains\jdk\hotspot\src\share\vè°úã%”Í?
Event: 0.838 Thread 0x0000000001fed800 Exception <a 'java/lang/NoSuchMethodError': Method sun.misc.Unsafe.prefetchRead(Ljava/lang/Object;J)V name or signature does not match> (0x00000000eab07f60) thrown at [C:\src\android\AOSP-openjdk\external\jetbrains\jdk\hotspot\src\share\vm\prims\jni.cpp, l

Events (10 events):
Event: 3.117 Thread 0x00000000160ef000 Thread exited: 0x00000000160ef000
Event: 3.136 loading class java/util/ArrayList$1
Event: 3.136 loading class java/util/ArrayList$1 done
Event: 3.139 loading class java/util/TreeMap$EntrySet
Event: 3.139 loading class java/util/TreeMap$EntrySet done
Event: 3.139 loading class java/util/TreeMap$EntryIterator
Event: 3.139 loading class java/util/TreeMap$EntryIterator done
Event: 3.159 Thread 0x00000000161d5000 Uncommon trap: trap_request=0xffffff65 fr.pc=0x0000000002746cb4
Event: 3.159 Thread 0x00000000161d5000 DEOPT PACKING pc=0x0000000002746cb4 sp=0x0000000016f6e910
Event: 3.159 Thread 0x00000000161d5000 DEOPT UNPACKING pc=0x000000000259556a sp=0x0000000016f6e7f8 mode 2


Dynamic libraries:
0x00007ff785640000 - 0x00007ff785671000 	D:\Android Studio\jre\bin\java.exe
0x00007ffcddc40000 - 0x00007ffcddded000 	C:\windows\SYSTEM32\ntdll.dll
0x00007ffcdd7c0000 - 0x00007ffcdd8fe000 	C:\windows\system32\KERNEL32.DLL
0x00007ffcdaeb0000 - 0x00007ffcdafc5000 	C:\windows\system32\KERNELBASE.dll
0x00007ffcdbc70000 - 0x00007ffcdbd1a000 	C:\windows\system32\ADVAPI32.dll
0x00007ffcdbaf0000 - 0x00007ffcdbc67000 	C:\windows\system32\USER32.dll
0x00007ffcd85d0000 - 0x00007ffcd884b000 	C:\windows\WinSxS\amd64_microsoft.windows.common-controls_6595b64144ccf1df_6.0.9600.18006_none_623f33d3ecbe86e8\COMCTL32.dll
0x00007ffcdc020000 - 0x00007ffcdc0ca000 	C:\windows\system32\msvcrt.dll
0x00007ffcdb330000 - 0x00007ffcdb389000 	C:\windows\SYSTEM32\sechost.dll
0x00007ffcdb390000 - 0x00007ffcdb4d0000 	C:\windows\system32\RPCRT4.dll
0x00007ffcddae0000 - 0x00007ffcddc2f000 	C:\windows\system32\GDI32.dll
0x00007ffcdadd0000 - 0x00007ffcdadfe000 	C:\windows\system32\SspiCli.dll
0x00007ffcdb970000 - 0x00007ffcdb9a6000 	C:\windows\system32\IMM32.DLL
0x00007ffcdbd20000 - 0x00007ffcdbe72000 	C:\windows\system32\MSCTF.dll
0x0000000060870000 - 0x0000000060942000 	D:\Android Studio\jre\jre\bin\msvcr100.dll
0x000000005edc0000 - 0x000000005f5fc000 	D:\Android Studio\jre\jre\bin\server\jvm.dll
0x00007ffcc0e90000 - 0x00007ffcc0e99000 	C:\windows\SYSTEM32\WSOCK32.dll
0x00007ffcdad40000 - 0x00007ffcdad62000 	C:\windows\system32\WINMM.dll
0x00007ffcd3210000 - 0x00007ffcd321a000 	C:\windows\SYSTEM32\VERSION.dll
0x00007ffcdb960000 - 0x00007ffcdb967000 	C:\windows\system32\PSAPI.DLL
0x00007ffcdb0d0000 - 0x00007ffcdb12a000 	C:\windows\system32\WS2_32.dll
0x00007ffcdaa60000 - 0x00007ffcdaa8a000 	C:\windows\system32\WINMMBASE.dll
0x00007ffcdc190000 - 0x00007ffcdc199000 	C:\windows\system32\NSI.dll
0x00007ffcdad70000 - 0x00007ffcdadbf000 	C:\windows\SYSTEM32\cfgmgr32.dll
0x00007ffcdaa30000 - 0x00007ffcdaa58000 	C:\windows\system32\DEVOBJ.dll
0x00007ffcd84e0000 - 0x00007ffcd84ef000 	D:\Android Studio\jre\jre\bin\verify.dll
0x00007ffcd78f0000 - 0x00007ffcd7919000 	D:\Android Studio\jre\jre\bin\java.dll
0x00007ffcd7a10000 - 0x00007ffcd7a26000 	D:\Android Studio\jre\jre\bin\zip.dll
0x00007ffcdc1c0000 - 0x00007ffcdd6e9000 	C:\windows\system32\SHELL32.dll
0x00007ffcdb740000 - 0x00007ffcdb951000 	C:\windows\SYSTEM32\combase.dll
0x00007ffcdb070000 - 0x00007ffcdb0c4000 	C:\windows\system32\SHLWAPI.dll
0x00007ffcd8d80000 - 0x00007ffcd8e32000 	C:\windows\SYSTEM32\SHCORE.dll
0x00007ffcda980000 - 0x00007ffcda995000 	C:\windows\SYSTEM32\profapi.dll

VM Arguments:
jvm_args: -Djava.awt.headless=true -Xmx1024M -Dfile.encoding=GBK -Duser.country=CN -Duser.language=zh -Duser.variant 
java_command: com.android.dx.command.Main --dex --num-threads=4 --output D:\android_wokespace\Park1\app\build\intermediates\pre-dexed\debug\internal_impl-24.2.1_98232eaf5d3ff655c80e280b58c23f269b39e304.jar C:\Users\lenovo\.android\build-cache\e31b34528820955da9d484ec581faba792d9661c\output\jars\libs\internal_impl-24.2.1.jar
java_class_path (initial): D:\AndroidSDK\build-tools\25.0.0\lib\dx.jar
Launcher Type: SUN_STANDARD

Environment Variables:
JAVA_HOME=D:\Program Files\Java\jdk1.8.0_60
CLASSPATH=.
PATH=D:\Program Files\Java\jdk1.8.0_60\bin;C:\Program Files (x86)\Lenovo\FusionEngine;C:\Program Files (x86)\Intel\iCLS Client\;C:\Program Files\Intel\iCLS Client\;C:\windows\system32;C:\windows;C:\windows\System32\Wbem;C:\windows\System32\WindowsPowerShell\v1.0\;C:\Program Files (x86)\ATI Technologies\ATI.ACE\Core-Static;C:\Program Files\Intel\Intel(R) Management Engine Components\DAL;C:\Program Files (x86)\Intel\Intel(R) Management Engine Components\DAL;C:\Program Files\Intel\Intel(R) Management Engine Components\IPT;C:\Program Files (x86)\Intel\Intel(R) Management Engine Components\IPT;C:\Program Files (x86)\Common Files\lenovo\easyplussdk\bin;C:\Program Files (x86)\Microsoft SQL Server\100\Tools\Binn\;C:\Program Files\Microsoft SQL Server\100\Tools\Binn\;C:\Program Files\Microsoft SQL Server\100\DTS\Binn\;C:\Program Files (x86)\Microsoft SQL Server\100\Tools\Binn\VSShell\Common7\IDE\;C:\Program Files (x86)\Microsoft SQL Server\100\DTS\Binn\;C:\Program Files (x86)\Microsoft Visual Studio 9.0\Common7\IDE\PrivateAssemblies\;D:\mysql\mysql-5.7.18-winx64\bin;D:\Git\cmd;D:\Android_sdk\build-tools;D:\Android_sdk\tools;;C:\Program Files\Microsoft SQL Server\110\DTS\Binn\;C:\Program Files (x86)\Microsoft SQL Server\110\Tools\Binn\;C:\Program Files\Microsoft SQL Server\110\Tools\Binn\;C:\Program Files (x86)\Microsoft SQL Server\110\Tools\Binn\ManagementStudio\;C:\Program Files (x86)\Microsoft Visual Studio 10.0\Common7\IDE\PrivateAssemblies\;C:\Program Files (x86)\Microsoft SQL Server\110\DTS\Binn\;D:\apache-tomcat-8.0.24\lib;D:\apache-tomcat-8.0.24\bin
USERNAME=lenovo
OS=Windows_NT
PROCESSOR_IDENTIFIER=Intel64 Family 6 Model 61 Stepping 4, GenuineIntel



---------------  S Y S T E M  ---------------

OS: Windows 8.1 , 64 bit Build 9600 (6.3.9600.17415)

CPU:total 4 (2 cores per cpu, 2 threads per core) family 6 model 61 stepping 4, cmov, cx8, fxsr, mmx, sse, sse2, sse3, ssse3, sse4.1, sse4.2, popcnt, avx, avx2, aes, clmul, erms, 3dnowpref, lzcnt, ht, tsc, tscinvbit, bmi1, bmi2, adx

Memory: 4k page, physical 8301656k(1416828k free), swap 8301656k(5120k free)

vm_info: OpenJDK 64-Bit Server VM (25.112-b06) for windows-amd64 JRE (1.8.0_112-release-b06), built on Dec  8 2016 00:54:26 by "builder" with MS VC++ 10.0 (VS2010)

time: Mon Nov 06 02:34:48 2017
elapsed time: 3 seconds (0d 0h 0m 3s)

