JvmtiExport can_access_local_variables 0
JvmtiExport can_hotswap_or_post_breakpoint 0
JvmtiExport can_post_on_exceptions 0
# 115 ciObject found
ciMethod com/android/dx/util/FixedSizeList size ()I 3073 1 7057 0 -1
ciMethod com/android/dx/util/FixedSizeList get0 (I)Ljava/lang/Object; 3081 1 13635 0 128
ciMethod com/android/dx/util/FixedSizeList throwIndex (I)Ljava/lang/Object; 0 0 1 0 -1
ciMethod com/android/dx/cf/code/LineNumberList get (I)Lcom/android/dx/cf/code/LineNumberList$Item; 3209 1 30606 0 160
ciMethod com/android/dx/cf/code/LineNumberList pcToLine (I)I 1617 98305 868 0 -1
ciMethod com/android/dx/cf/code/LineNumberList$Item getStartPc ()I 1153 1 144 0 0
ciMethod com/android/dx/cf/code/LineNumberList$Item getLineNumber ()I 2001 1 250 0 0
ciMethodData com/android/dx/util/FixedSizeList get0 (I)Ljava/lang/Object; 2 13635 orig 264 8 110 54 95 0 0 0 0 0 41 205 20 0 0 0 0 48 2 0 0 192 0 0 0 0 0 0 0 0 0 0 0 0 0 0 0 0 0 0 0 0 0 0 0 0 0 0 0 0 0 0 0 0 0 0 0 0 0 0 0 0 0 0 0 0 0 0 0 0 0 0 0 0 0 0 0 0 0 0 0 77 68 79 32 101 120 116 114 97 32 100 97 116 97 32 108 111 99 107 0 0 0 0 0 0 0 0 0 0 0 0 0 0 0 0 0 0 0 0 0 0 0 0 0 0 0 0 0 0 0 0 0 0 0 0 0 0 0 0 0 0 0 0 0 0 0 0 0 0 0 0 0 0 0 0 0 0 0 0 0 0 0 0 0 0 0 0 0 0 0 0 0 0 0 0 0 0 0 0 0 0 0 0 0 0 0 0 0 0 0 0 0 0 0 0 0 0 0 0 0 0 0 0 0 0 0 0 0 0 0 0 0 0 0 0 0 129 1 0 0 17 158 1 0 1 0 0 0 0 0 0 0 0 0 0 0 2 0 0 0 0 0 9 0 2 0 0 0 224 0 0 0 255 255 255 255 7 0 8 0 0 0 0 0 data 28 0x80007 0x33c4 0xd0 0x0 0x130002 0x0 0x180005 0x0 0x0 0x0 0x0 0x0 0x1c0005 0x0 0x0 0x0 0x0 0x0 0x1f0005 0x0 0x0 0x0 0x0 0x0 0x220002 0x0 0x2b0002 0x0 oops 0
ciMethodData com/android/dx/cf/code/LineNumberList get (I)Lcom/android/dx/cf/code/LineNumberList$Item; 2 31002 orig 264 8 110 54 95 0 0 0 0 0 58 206 20 0 0 0 0 176 1 0 0 0 0 0 0 0 0 0 0 0 0 0 0 0 0 0 0 0 0 0 0 0 0 0 0 0 0 0 0 0 0 0 0 0 0 0 0 0 0 0 0 0 0 0 0 0 0 0 0 0 0 0 0 0 0 0 0 0 0 0 0 77 68 79 32 101 120 116 114 97 32 100 97 116 97 32 108 111 99 107 0 0 0 0 0 0 0 0 0 0 0 0 0 0 0 0 0 0 0 0 0 0 0 0 0 0 0 0 0 0 0 0 0 0 0 0 0 0 0 0 0 0 0 0 0 0 0 0 0 0 0 0 0 0 0 0 0 0 0 0 0 0 0 0 0 0 0 0 0 0 0 0 0 0 0 0 0 0 0 0 0 0 0 0 0 0 0 0 0 0 0 0 0 0 0 0 0 0 0 0 0 0 0 0 0 0 0 0 0 0 0 0 0 0 0 0 0 145 1 0 0 73 188 3 0 1 0 0 0 0 0 0 0 0 0 0 0 2 0 0 0 0 0 3 0 2 0 0 0 96 0 0 0 255 255 255 255 5 0 2 0 0 0 0 0 data 12 0x20005 0x2b 0x178ac610 0x775e 0x0 0x0 0x50004 0x0 0x178acb30 0x7789 0x0 0x0 oops 2 2 com/android/dx/cf/code/LineNumberList 8 com/android/dx/cf/code/LineNumberList$Item
ciMethodData com/android/dx/cf/code/LineNumberList pcToLine (I)I 2 53282 orig 264 8 110 54 95 0 0 0 0 0 61 206 20 0 0 0 0 192 2 0 0 0 0 0 0 0 0 0 0 0 0 0 0 0 0 0 0 0 0 0 0 0 0 0 0 0 0 0 0 0 0 0 0 0 0 0 0 0 0 0 0 0 0 0 0 0 0 0 0 0 0 0 0 0 0 0 0 0 0 0 0 77 68 79 32 101 120 116 114 97 32 100 97 116 97 32 108 111 99 107 0 0 0 0 0 0 0 0 0 0 0 0 0 0 0 0 0 0 0 0 0 0 0 0 0 0 0 0 0 0 0 0 0 0 0 0 0 0 0 0 0 0 0 0 0 0 0 0 0 0 0 0 0 0 0 0 0 0 0 0 0 0 0 0 0 0 0 0 0 0 0 0 0 0 0 0 0 0 0 0 0 0 0 0 0 0 0 0 0 0 0 0 0 0 0 0 0 0 0 0 0 0 0 0 0 0 0 0 0 0 0 0 0 0 0 0 0 0 48 0 0 209 20 0 0 17 1 5 0 0 0 0 0 0 0 0 0 2 0 0 0 1 0 14 0 2 0 0 0 112 1 0 0 255 255 255 255 5 0 1 0 0 0 0 0 data 46 0x10005 0x111 0x178ac610 0x189 0x0 0x0 0x100007 0x1d9 0x140 0xa0ce 0x160005 0x5724 0x178ac610 0x49aa 0x0 0x0 0x1d0005 0x0 0x178acb30 0xa0ce 0x0 0x0 0x250007 0x3f0d 0xa8 0x61c4 0x2b0007 0x0 0x88 0x61c4 0x330005 0x0 0x178acb30 0x61c4 0x0 0x0 0x3a0007 0x6103 0x38 0xc1 0x3d0003 0xc1 0x30 0x430003 0xa00f 0xfffffffffffffed8 oops 4 2 com/android/dx/cf/code/LineNumberList 12 com/android/dx/cf/code/LineNumberList 18 com/android/dx/cf/code/LineNumberList$Item 32 com/android/dx/cf/code/LineNumberList$Item
instanceKlass com/android/dx/dex/code/DalvCode
instanceKlass com/android/dx/dex/code/StdCatchBuilder
instanceKlass com/android/dx/dex/code/RopToDop
instanceKlass com/android/dx/dex/code/OutputFinisher
instanceKlass com/android/dx/dex/code/OutputCollector
instanceKlass com/android/dx/rop/code/Insn$BaseVisitor
instanceKlass com/android/dx/io/Opcodes
instanceKlass com/android/dx/dex/code/InsnFormat
instanceKlass com/android/dx/dex/code/Dop
instanceKlass com/android/dx/dex/code/Dops
instanceKlass com/android/dx/dex/code/BlockAddresses
instanceKlass com/android/dx/dex/code/DalvInsn
instanceKlass com/android/dx/dex/code/CatchBuilder
instanceKlass com/android/dx/dex/code/RopTranslator$TranslationVisitor
instanceKlass com/android/dx/dex/code/RopTranslator
instanceKlass com/android/dx/rop/code/LocalVariableExtractor
instanceKlass com/android/dx/ssa/back/IdenticalBlockCombiner
instanceKlass com/android/dx/ssa/back/SsaToRop$1
instanceKlass com/android/dx/ssa/back/SsaToRop$PhiVisitor
instanceKlass com/android/dx/ssa/back/FirstFitLocalCombiningAllocator$1
instanceKlass com/android/dx/ssa/back/LivenessAnalyzer$1
instanceKlass com/android/dx/ssa/back/InterferenceGraph
instanceKlass com/android/dx/ssa/back/LivenessAnalyzer
instanceKlass com/android/dx/ssa/back/RegisterAllocator
instanceKlass com/android/dx/ssa/back/SsaToRop
instanceKlass com/android/dx/ssa/PhiTypeResolver
instanceKlass com/android/dx/ssa/ConstCollector$1
instanceKlass com/android/dx/ssa/ConstCollector
instanceKlass com/android/dx/ssa/SsaMethod$1
instanceKlass com/android/dx/ssa/LiteralOpUpgrader$1
instanceKlass com/android/dx/ssa/LiteralOpUpgrader
instanceKlass com/android/dx/ssa/DeadCodeRemover$NoSideEffectVisitor
instanceKlass com/android/dx/ssa/DeadCodeRemover
instanceKlass com/android/dx/ssa/SsaMethod$2
